[ 2018-03-18T13:46:47+08:00 ] 127.0.0.1 /
INFO: [ app_init ] --START--
INFO: Run Behavior\BuildLiteBehavior [ RunTime:0.000020s ]
INFO: [ app_init ] --END-- [ RunTime:0.000518s ]
INFO: [ app_begin ] --START--
INFO: Run Behavior\ReadHtmlCacheBehavior [ RunTime:0.000766s ]
INFO: [ app_begin ] --END-- [ RunTime:0.000831s ]
INFO: [ view_parse ] --START--
INFO: [ template_filter ] --START--
INFO: Run Behavior\ContentReplaceBehavior [ RunTime:0.000143s ]
INFO: [ template_filter ] --END-- [ RunTime:0.000239s ]
INFO: Run Behavior\ParseTemplateBehavior [ RunTime:0.017702s ]
INFO: [ view_parse ] --END-- [ RunTime:0.017800s ]
INFO: [ view_filter ] --START--
INFO: Run Behavior\WriteHtmlCacheBehavior [ RunTime:0.000479s ]
INFO: [ view_filter ] --END-- [ RunTime:0.000552s ]

[ 2018-03-18T13:46:49+08:00 ] 127.0.0.1 HTTP://ryt.com/
INFO: [ app_init ] --START--
INFO: Run Behavior\BuildLiteBehavior [ RunTime:0.000021s ]
INFO: [ app_init ] --END-- [ RunTime:0.000530s ]
INFO: [ app_begin ] --START--
INFO: Run Behavior\ReadHtmlCacheBehavior [ RunTime:0.000838s ]
INFO: [ app_begin ] --END-- [ RunTime:0.000913s ]
INFO: [ view_parse ] --START--
INFO: [ template_filter ] --START--
INFO: Run Behavior\ContentReplaceBehavior [ RunTime:0.000085s ]
INFO: [ template_filter ] --END-- [ RunTime:0.000158s ]
INFO: Run Behavior\ParseTemplateBehavior [ RunTime:0.009723s ]
INFO: [ view_parse ] --END-- [ RunTime:0.009782s ]
INFO: [ view_filter ] --START--
INFO: Run Behavior\WriteHtmlCacheBehavior [ RunTime:0.000265s ]
INFO: [ view_filter ] --END-- [ RunTime:0.000304s ]

[ 2018-03-18T13:46:52+08:00 ] 127.0.0.1 /index.php
INFO: [ app_init ] --START--
INFO: Run Behavior\BuildLiteBehavior [ RunTime:0.000051s ]
INFO: [ app_init ] --END-- [ RunTime:0.001261s ]
INFO: [ app_begin ] --START--
INFO: Run Behavior\ReadHtmlCacheBehavior [ RunTime:0.001503s ]
INFO: [ app_begin ] --END-- [ RunTime:0.001639s ]
INFO: [ view_parse ] --START--
INFO: [ template_filter ] --START--
INFO: Run Behavior\ContentReplaceBehavior [ RunTime:0.000334s ]
INFO: [ template_filter ] --END-- [ RunTime:0.000580s ]
INFO: Run Behavior\ParseTemplateBehavior [ RunTime:0.034427s ]
INFO: [ view_parse ] --END-- [ RunTime:0.034712s ]
INFO: [ view_filter ] --START--
INFO: Run Behavior\WriteHtmlCacheBehavior [ RunTime:0.001219s ]
INFO: [ view_filter ] --END-- [ RunTime:0.001396s ]

[ 2018-03-18T15:08:43+08:00 ] 127.0.0.1 /index.php
INFO: [ app_init ] --START--
INFO: Run Behavior\BuildLiteBehavior [ RunTime:0.000072s ]
INFO: [ app_init ] --END-- [ RunTime:0.002208s ]
INFO: [ app_begin ] --START--
INFO: Run Behavior\ReadHtmlCacheBehavior [ RunTime:0.004597s ]
INFO: [ app_begin ] --END-- [ RunTime:0.004977s ]
INFO: [ view_parse ] --START--
INFO: [ template_filter ] --START--
INFO: Run Behavior\ContentReplaceBehavior [ RunTime:0.000750s ]
INFO: [ template_filter ] --END-- [ RunTime:0.001073s ]
INFO: Run Behavior\ParseTemplateBehavior [ RunTime:0.116048s ]
INFO: [ view_parse ] --END-- [ RunTime:0.116321s ]
INFO: [ view_filter ] --START--
INFO: Run Behavior\WriteHtmlCacheBehavior [ RunTime:0.002054s ]
INFO: [ view_filter ] --END-- [ RunTime:0.002295s ]

[ 2018-03-18T15:55:53+08:00 ] 127.0.0.1 /
INFO: [ app_init ] --START--
INFO: Run Behavior\BuildLiteBehavior [ RunTime:0.000042s ]
INFO: [ app_init ] --END-- [ RunTime:0.002096s ]
INFO: [ app_begin ] --START--
INFO: Run Behavior\ReadHtmlCacheBehavior [ RunTime:0.001748s ]
INFO: [ app_begin ] --END-- [ RunTime:0.001850s ]
INFO: [ view_parse ] --START--
INFO: [ template_filter ] --START--
INFO: Run Behavior\ContentReplaceBehavior [ RunTime:0.000085s ]
INFO: [ template_filter ] --END-- [ RunTime:0.000144s ]
INFO: Run Behavior\ParseTemplateBehavior [ RunTime:0.012320s ]
INFO: [ view_parse ] --END-- [ RunTime:0.012389s ]
INFO: [ view_filter ] --START--
INFO: Run Behavior\WriteHtmlCacheBehavior [ RunTime:0.001963s ]
INFO: [ view_filter ] --END-- [ RunTime:0.002098s ]

[ 2018-03-18T15:55:55+08:00 ] 127.0.0.1 /User/Center/builder_verify_img/MUTEINQWYOIIKOLO
INFO: [ app_init ] --START--
INFO: Run Behavior\BuildLiteBehavior [ RunTime:0.000024s ]
INFO: [ app_init ] --END-- [ RunTime:0.000598s ]
INFO: [ app_begin ] --START--
INFO: Run Behavior\ReadHtmlCacheBehavior [ RunTime:0.001284s ]
INFO: [ app_begin ] --END-- [ RunTime:0.001362s ]

[ 2018-03-18T16:29:57+08:00 ] 127.0.0.1 /index.php
INFO: [ app_init ] --START--
INFO: Run Behavior\BuildLiteBehavior [ RunTime:0.000038s ]
INFO: [ app_init ] --END-- [ RunTime:0.001171s ]
INFO: [ app_begin ] --START--
INFO: Run Behavior\ReadHtmlCacheBehavior [ RunTime:0.002502s ]
INFO: [ app_begin ] --END-- [ RunTime:0.002662s ]
INFO: [ view_parse ] --START--
INFO: [ template_filter ] --START--
INFO: Run Behavior\ContentReplaceBehavior [ RunTime:0.000219s ]
INFO: [ template_filter ] --END-- [ RunTime:0.000349s ]
INFO: Run Behavior\ParseTemplateBehavior [ RunTime:0.023095s ]
INFO: [ view_parse ] --END-- [ RunTime:0.023392s ]
INFO: [ view_filter ] --START--
INFO: Run Behavior\WriteHtmlCacheBehavior [ RunTime:0.000917s ]
INFO: [ view_filter ] --END-- [ RunTime:0.001015s ]

[ 2018-03-18T16:36:09+08:00 ] 127.0.0.1 /User/User/memberlevel
INFO: [ app_init ] --START--
INFO: Run Behavior\BuildLiteBehavior [ RunTime:0.000022s ]
INFO: [ app_init ] --END-- [ RunTime:0.000559s ]
INFO: [ app_begin ] --START--
INFO: Run Behavior\ReadHtmlCacheBehavior [ RunTime:0.000719s ]
INFO: [ app_begin ] --END-- [ RunTime:0.000779s ]
SQL: SHOW COLUMNS FROM `wx_memberlevel` [ RunTime:0.0243s ]
SQL: SELECT * FROM `wx_memberlevel`  [ RunTime:0.0022s ]
INFO: [ app_end ] --START--
INFO: Run Behavior\ShowPageTraceBehavior [ RunTime:0.003352s ]
INFO: [ app_end ] --END-- [ RunTime:0.003632s ]

[ 2018-03-18T16:36:09+08:00 ] 127.0.0.1 /User/User/memberarea
INFO: [ app_init ] --START--
INFO: Run Behavior\BuildLiteBehavior [ RunTime:0.000034s ]
INFO: [ app_init ] --END-- [ RunTime:0.001532s ]
INFO: [ app_begin ] --START--
INFO: Run Behavior\ReadHtmlCacheBehavior [ RunTime:0.001163s ]
INFO: [ app_begin ] --END-- [ RunTime:0.001251s ]
NOTIC: [8] Undefined index: register_area_default D:\phpstudy\WWW\slh\Application\User\Controller\UserController.class.php 第 286 行.
INFO: [ app_end ] --START--
INFO: Run Behavior\ShowPageTraceBehavior [ RunTime:0.002173s ]
INFO: [ app_end ] --END-- [ RunTime:0.002260s ]

[ 2018-03-18T16:36:10+08:00 ] 127.0.0.1 /User/User/bank
INFO: [ app_init ] --START--
INFO: Run Behavior\BuildLiteBehavior [ RunTime:0.000034s ]
INFO: [ app_init ] --END-- [ RunTime:0.000790s ]
INFO: [ app_begin ] --START--
INFO: Run Behavior\ReadHtmlCacheBehavior [ RunTime:0.001371s ]
INFO: [ app_begin ] --END-- [ RunTime:0.001462s ]
SQL: SHOW COLUMNS FROM `wx_bank` [ RunTime:0.0221s ]
SQL: SELECT * FROM `wx_bank`  [ RunTime:0.0014s ]
INFO: [ app_end ] --START--
INFO: Run Behavior\ShowPageTraceBehavior [ RunTime:0.002888s ]
INFO: [ app_end ] --END-- [ RunTime:0.003112s ]

[ 2018-03-18T16:36:11+08:00 ] 127.0.0.1 /User/User/place
INFO: [ app_init ] --START--
INFO: Run Behavior\BuildLiteBehavior [ RunTime:0.000027s ]
INFO: [ app_init ] --END-- [ RunTime:0.000730s ]
INFO: [ app_begin ] --START--
INFO: Run Behavior\ReadHtmlCacheBehavior [ RunTime:0.001018s ]
INFO: [ app_begin ] --END-- [ RunTime:0.001115s ]
SQL: SHOW COLUMNS FROM `wx_region` [ RunTime:0.0197s ]
SQL: SELECT * FROM `wx_region` WHERE (  PARENT_ID = '1' )  [ RunTime:0.0239s ]
INFO: [ app_end ] --START--
INFO: Run Behavior\ShowPageTraceBehavior [ RunTime:0.004151s ]
INFO: [ app_end ] --END-- [ RunTime:0.004424s ]

[ 2018-03-18T16:36:48+08:00 ] 127.0.0.1 /User/User/place
INFO: [ app_init ] --START--
INFO: Run Behavior\BuildLiteBehavior [ RunTime:0.000026s ]
INFO: [ app_init ] --END-- [ RunTime:0.000838s ]
INFO: [ app_begin ] --START--
INFO: Run Behavior\ReadHtmlCacheBehavior [ RunTime:0.001057s ]
INFO: [ app_begin ] --END-- [ RunTime:0.001145s ]
SQL: SHOW COLUMNS FROM `wx_region` [ RunTime:0.0198s ]
SQL: SELECT * FROM `wx_region` WHERE (  PARENT_ID = '2' )  [ RunTime:0.0169s ]
INFO: [ app_end ] --START--
INFO: Run Behavior\ShowPageTraceBehavior [ RunTime:0.003895s ]
INFO: [ app_end ] --END-- [ RunTime:0.004229s ]

[ 2018-03-18T16:36:50+08:00 ] 127.0.0.1 /User/User/place
INFO: [ app_init ] --START--
INFO: Run Behavior\BuildLiteBehavior [ RunTime:0.000167s ]
INFO: [ app_init ] --END-- [ RunTime:0.002169s ]
INFO: [ app_begin ] --START--
INFO: Run Behavior\ReadHtmlCacheBehavior [ RunTime:0.002807s ]
INFO: [ app_begin ] --END-- [ RunTime:0.003053s ]
SQL: SHOW COLUMNS FROM `wx_region` [ RunTime:0.0237s ]
SQL: SELECT * FROM `wx_region` WHERE (  PARENT_ID = '' )  [ RunTime:0.0160s ]
INFO: [ app_end ] --START--
INFO: Run Behavior\ShowPageTraceBehavior [ RunTime:0.002874s ]
INFO: [ app_end ] --END-- [ RunTime:0.003087s ]

[ 2018-03-18T16:36:53+08:00 ] 127.0.0.1 /User/User/place
INFO: [ app_init ] --START--
INFO: Run Behavior\BuildLiteBehavior [ RunTime:0.000065s ]
INFO: [ app_init ] --END-- [ RunTime:0.001808s ]
INFO: [ app_begin ] --START--
INFO: Run Behavior\ReadHtmlCacheBehavior [ RunTime:0.002873s ]
INFO: [ app_begin ] --END-- [ RunTime:0.003171s ]
SQL: SHOW COLUMNS FROM `wx_region` [ RunTime:0.0582s ]
SQL: SELECT * FROM `wx_region` WHERE (  PARENT_ID = '33' )  [ RunTime:0.0147s ]
INFO: [ app_end ] --START--
INFO: Run Behavior\ShowPageTraceBehavior [ RunTime:0.003375s ]
INFO: [ app_end ] --END-- [ RunTime:0.003614s ]

[ 2018-03-18T16:37:01+08:00 ] 127.0.0.1 /User/User/api_register_submit.html
INFO: [ app_init ] --START--
INFO: Run Behavior\BuildLiteBehavior [ RunTime:0.000027s ]
INFO: [ app_init ] --END-- [ RunTime:0.000578s ]
INFO: [ app_begin ] --START--
INFO: Run Behavior\ReadHtmlCacheBehavior [ RunTime:0.001225s ]
INFO: [ app_begin ] --END-- [ RunTime:0.001325s ]
SQL: SHOW COLUMNS FROM `wx_users` [ RunTime:0.0422s ]
SQL: SELECT * FROM `wx_users` WHERE (  user_name = 'M00001024' ) LIMIT 1   [ RunTime:0.0273s ]
SQL: SELECT * FROM `wx_users` WHERE (  user_name = 'M00000001' ) LIMIT 1   [ RunTime:0.0038s ]
NOTIC: [8] Undefined index: single D:\phpstudy\WWW\slh\Application\User\Controller\UserController.class.php 第 85 行.
SQL: SHOW COLUMNS FROM `wx_memberlevel` [ RunTime:0.0220s ]
SQL: SELECT * FROM `wx_memberlevel` WHERE (  id = '1'  ) LIMIT 1   [ RunTime:0.0014s ]
SQL: SELECT * FROM `wx_users` WHERE (  moblie = '13911318417' ) LIMIT 1   [ RunTime:0.0250s ]
SQL: SELECT * FROM `wx_users` WHERE (  user_name = 'M00001023' ) LIMIT 1   [ RunTime:0.0234s ]
SQL: SELECT * FROM `wx_users` WHERE (  user_name = 'M00000001' ) LIMIT 1   [ RunTime:0.0020s ]

[ 2018-03-18T16:37:13+08:00 ] 127.0.0.1 /User/User/api_register_submit.html
INFO: [ app_init ] --START--
INFO: Run Behavior\BuildLiteBehavior [ RunTime:0.000019s ]
INFO: [ app_init ] --END-- [ RunTime:0.000647s ]
INFO: [ app_begin ] --START--
INFO: Run Behavior\ReadHtmlCacheBehavior [ RunTime:0.000851s ]
INFO: [ app_begin ] --END-- [ RunTime:0.000963s ]
SQL: SHOW COLUMNS FROM `wx_users` [ RunTime:0.0283s ]
SQL: SELECT * FROM `wx_users` WHERE (  user_name = 'M00001024' ) LIMIT 1   [ RunTime:0.0234s ]
SQL: SELECT * FROM `wx_users` WHERE (  user_name = 'M00000001' ) LIMIT 1   [ RunTime:0.0027s ]
NOTIC: [8] Undefined index: single D:\phpstudy\WWW\slh\Application\User\Controller\UserController.class.php 第 85 行.
SQL: SHOW COLUMNS FROM `wx_memberlevel` [ RunTime:0.0194s ]
SQL: SELECT * FROM `wx_memberlevel` WHERE (  id = '1'  ) LIMIT 1   [ RunTime:0.0012s ]
SQL: SELECT * FROM `wx_users` WHERE (  moblie = '13911318417' ) LIMIT 1   [ RunTime:0.0209s ]
SQL: SELECT * FROM `wx_users` WHERE (  user_name = 'M00001023' ) LIMIT 1   [ RunTime:0.0204s ]
SQL: SELECT * FROM `wx_users` WHERE (  user_name = 'M00001023' ) LIMIT 1   [ RunTime:0.0213s ]
SQL: INSERT INTO `wx_users` (`user_name`,`centerid`,`centername`,`level`,`single`,`lsk`,`password`,`second_password`,`truename`,`idcard`,`bankid`,`bankno`,`bankuser`,`bankname`,`moblie`,`email`,`zipcode`,`address`,`place`,`reg_time`,`after_time`,`pid`,`rusername`,`repath`,`rlevel`,`area`,`parentid`,`pusername`,`ppath`,`plevel`) VALUES ('M00001024','1','M00000001','1','1','1980','e10adc3949ba59abbe56e057f20f883e','e10adc3949ba59abbe56e057f20f883e','子轩','370123199303031012','1','1238980480480','你还','北京朝阳区','13911318417','','','','388','1521362233','1521362233','1023','M00001023','1,3,7,15,31,63,127,255,511,1023,','10','2','1023','M00001023','1,3,7,15,31,63,127,255,511,1023,','10') [ RunTime:0.0762s ]
SQL: UPDATE `wx_users` SET `chr`='1024' WHERE (  user_name = 'M00001023'  ) [ RunTime:0.0638s ]

[ 2018-03-18T16:37:37+08:00 ] 127.0.0.1 /User/Center/api_login_submit
INFO: [ app_init ] --START--
INFO: Run Behavior\BuildLiteBehavior [ RunTime:0.000020s ]
INFO: [ app_init ] --END-- [ RunTime:0.000736s ]
INFO: [ app_begin ] --START--
INFO: Run Behavior\ReadHtmlCacheBehavior [ RunTime:0.001038s ]
INFO: [ app_begin ] --END-- [ RunTime:0.001098s ]
SQL: SHOW COLUMNS FROM `wx_users` [ RunTime:0.0366s ]

[ 2018-03-18T16:37:38+08:00 ] 127.0.0.1 /User/Center/builder_verify_img/YBDNGXTAQBYSHNKI
INFO: [ app_init ] --START--
INFO: Run Behavior\BuildLiteBehavior [ RunTime:0.000027s ]
INFO: [ app_init ] --END-- [ RunTime:0.000812s ]
INFO: [ app_begin ] --START--
INFO: Run Behavior\ReadHtmlCacheBehavior [ RunTime:0.001662s ]
INFO: [ app_begin ] --END-- [ RunTime:0.001750s ]

[ 2018-03-18T16:37:54+08:00 ] 127.0.0.1 /User/Center/api_login_submit
INFO: [ app_init ] --START--
INFO: Run Behavior\BuildLiteBehavior [ RunTime:0.000016s ]
INFO: [ app_init ] --END-- [ RunTime:0.000457s ]
INFO: [ app_begin ] --START--
INFO: Run Behavior\ReadHtmlCacheBehavior [ RunTime:0.000863s ]
INFO: [ app_begin ] --END-- [ RunTime:0.000915s ]
SQL: SHOW COLUMNS FROM `wx_users` [ RunTime:0.0334s ]
SQL: SELECT * FROM `wx_users` WHERE ( moblie= 'M00001024' or user_name = 'M00001024'  )  [ RunTime:0.0292s ]
SQL: UPDATE `wx_users` SET `last_time`='1521362274' WHERE (  user_id = '1024'  ) [ RunTime:0.1006s ]

[ 2018-03-18T16:37:54+08:00 ] 127.0.0.1 /User/Center/builder_verify_img/QJOMGAIBGAGORQXB
INFO: [ app_init ] --START--
INFO: Run Behavior\BuildLiteBehavior [ RunTime:0.000027s ]
INFO: [ app_init ] --END-- [ RunTime:0.000835s ]
INFO: [ app_begin ] --START--
INFO: Run Behavior\ReadHtmlCacheBehavior [ RunTime:0.001312s ]
INFO: [ app_begin ] --END-- [ RunTime:0.001399s ]

[ 2018-03-18T16:37:55+08:00 ] 127.0.0.1 /User/Center/index
INFO: [ app_init ] --START--
INFO: Run Behavior\BuildLiteBehavior [ RunTime:0.000088s ]
INFO: [ app_init ] --END-- [ RunTime:0.001260s ]
INFO: [ app_begin ] --START--
INFO: Run Behavior\ReadHtmlCacheBehavior [ RunTime:0.001217s ]
INFO: [ app_begin ] --END-- [ RunTime:0.001321s ]
SQL: SHOW COLUMNS FROM `wx_users` [ RunTime:0.0363s ]
SQL: SHOW COLUMNS FROM `wx_hbrecord` [ RunTime:0.0222s ]
SQL: SHOW COLUMNS FROM `wx_ztrecord` [ RunTime:0.0245s ]
SQL: SELECT * FROM `wx_users` WHERE `user_id` = 1024 LIMIT 1   [ RunTime:0.0021s ]
SQL: SELECT `nickname` FROM `wx_users` WHERE `user_id` = 1023 LIMIT 1   [ RunTime:0.0009s ]
SQL: SHOW COLUMNS FROM `wx_daili_info` [ RunTime:0.0091s ]
SQL: SELECT * FROM `wx_daili_info`  [ RunTime:0.0009s ]
SQL: SHOW COLUMNS FROM `wx_memberlevel` [ RunTime:0.0110s ]
SQL: SELECT * FROM `wx_memberlevel` WHERE (  id = '1'  ) LIMIT 1   [ RunTime:0.0006s ]
INFO: [ view_parse ] --START--
INFO: [ template_filter ] --START--
INFO: Run Behavior\ContentReplaceBehavior [ RunTime:0.000105s ]
INFO: [ template_filter ] --END-- [ RunTime:0.000162s ]
INFO: Run Behavior\ParseTemplateBehavior [ RunTime:0.055455s ]
INFO: [ view_parse ] --END-- [ RunTime:0.055625s ]
INFO: [ view_filter ] --START--
INFO: Run Behavior\WriteHtmlCacheBehavior [ RunTime:0.000693s ]
INFO: [ view_filter ] --END-- [ RunTime:0.000770s ]
INFO: [ app_end ] --START--
INFO: Run Behavior\ShowPageTraceBehavior [ RunTime:0.001428s ]
INFO: [ app_end ] --END-- [ RunTime:0.001524s ]

[ 2018-03-18T16:38:02+08:00 ] 127.0.0.1 /User/User/register
INFO: [ app_init ] --START--
INFO: Run Behavior\BuildLiteBehavior [ RunTime:0.000126s ]
INFO: [ app_init ] --END-- [ RunTime:0.002081s ]
INFO: [ app_begin ] --START--
INFO: Run Behavior\ReadHtmlCacheBehavior [ RunTime:0.007921s ]
INFO: [ app_begin ] --END-- [ RunTime:0.008146s ]
SQL: SHOW COLUMNS FROM `wx_users` [ RunTime:0.0331s ]
NOTIC: [8] Undefined index: two_Verify D:\phpstudy\WWW\slh\Application\User\Controller\UserController.class.php 第 15 行.
INFO: [ view_parse ] --START--
INFO: [ template_filter ] --START--
INFO: Run Behavior\ContentReplaceBehavior [ RunTime:0.000507s ]
INFO: [ template_filter ] --END-- [ RunTime:0.000819s ]
NOTIC: [8] Undefined variable: user_id D:\phpstudy\WWW\slh\Application\Runtime\Cache\User\c7b13deeb32a9602b1e2d0f4c29ea0f4.php 第 59 行.
INFO: Run Behavior\ParseTemplateBehavior [ RunTime:0.068820s ]
INFO: [ view_parse ] --END-- [ RunTime:0.069136s ]
INFO: [ view_filter ] --START--
INFO: Run Behavior\WriteHtmlCacheBehavior [ RunTime:0.001573s ]
INFO: [ view_filter ] --END-- [ RunTime:0.001829s ]

[ 2018-03-18T16:38:07+08:00 ] 127.0.0.1 /User/User/register
INFO: [ app_init ] --START--
INFO: Run Behavior\BuildLiteBehavior [ RunTime:0.000042s ]
INFO: [ app_init ] --END-- [ RunTime:0.001706s ]
INFO: [ app_begin ] --START--
INFO: Run Behavior\ReadHtmlCacheBehavior [ RunTime:0.001541s ]
INFO: [ app_begin ] --END-- [ RunTime:0.001665s ]
SQL: SHOW COLUMNS FROM `wx_users` [ RunTime:0.0347s ]
NOTIC: [8] Undefined index: two_Verify D:\phpstudy\WWW\slh\Application\User\Controller\UserController.class.php 第 15 行.
INFO: [ view_parse ] --START--
INFO: [ template_filter ] --START--
INFO: Run Behavior\ContentReplaceBehavior [ RunTime:0.000977s ]
INFO: [ template_filter ] --END-- [ RunTime:0.001324s ]
NOTIC: [8] Undefined variable: user_id D:\phpstudy\WWW\slh\Application\Runtime\Cache\User\c7b13deeb32a9602b1e2d0f4c29ea0f4.php 第 59 行.
INFO: Run Behavior\ParseTemplateBehavior [ RunTime:0.038157s ]
INFO: [ view_parse ] --END-- [ RunTime:0.038399s ]
INFO: [ view_filter ] --START--
INFO: Run Behavior\WriteHtmlCacheBehavior [ RunTime:0.001229s ]
INFO: [ view_filter ] --END-- [ RunTime:0.001412s ]

[ 2018-03-18T16:38:11+08:00 ] 127.0.0.1 /User/Product/order
INFO: [ app_init ] --START--
INFO: Run Behavior\BuildLiteBehavior [ RunTime:0.000098s ]
INFO: [ app_init ] --END-- [ RunTime:0.002537s ]
INFO: [ app_begin ] --START--
INFO: Run Behavior\ReadHtmlCacheBehavior [ RunTime:0.003681s ]
INFO: [ app_begin ] --END-- [ RunTime:0.004049s ]
SQL: SHOW COLUMNS FROM `wx_users` [ RunTime:0.0374s ]
SQL: SELECT `user_id` FROM `wx_users` WHERE ( user_name='M00001024' ) LIMIT 1   [ RunTime:0.0089s ]
SQL: SHOW COLUMNS FROM `wx_shop_order` [ RunTime:0.0197s ]
SQL: SELECT COUNT(*) AS tp_count FROM `wx_shop_order` WHERE ( user_id = '1024'  ) LIMIT 1   [ RunTime:0.0006s ]
SQL: SELECT * FROM `wx_shop_order` WHERE ( user_id = '1024'  ) ORDER BY order_id desc LIMIT 0,10   [ RunTime:0.0009s ]
INFO: [ view_parse ] --START--
INFO: [ template_filter ] --START--
INFO: Run Behavior\ContentReplaceBehavior [ RunTime:0.000241s ]
INFO: [ template_filter ] --END-- [ RunTime:0.000352s ]
INFO: Run Behavior\ParseTemplateBehavior [ RunTime:0.046390s ]
INFO: [ view_parse ] --END-- [ RunTime:0.046601s ]
INFO: [ view_filter ] --START--
INFO: Run Behavior\WriteHtmlCacheBehavior [ RunTime:0.000823s ]
INFO: [ view_filter ] --END-- [ RunTime:0.000999s ]
INFO: [ app_end ] --START--
INFO: Run Behavior\ShowPageTraceBehavior [ RunTime:0.003065s ]
INFO: [ app_end ] --END-- [ RunTime:0.003529s ]

[ 2018-03-18T16:38:16+08:00 ] 127.0.0.1 /User/Deal/convert
INFO: [ app_init ] --START--
INFO: Run Behavior\BuildLiteBehavior [ RunTime:0.000037s ]
INFO: [ app_init ] --END-- [ RunTime:0.001110s ]
INFO: [ app_begin ] --START--
INFO: Run Behavior\ReadHtmlCacheBehavior [ RunTime:0.001943s ]
INFO: [ app_begin ] --END-- [ RunTime:0.002124s ]
INFO: [ view_parse ] --START--
INFO: [ template_filter ] --START--
INFO: Run Behavior\ContentReplaceBehavior [ RunTime:0.000283s ]
INFO: [ template_filter ] --END-- [ RunTime:0.000491s ]
INFO: Run Behavior\ParseTemplateBehavior [ RunTime:0.053515s ]
INFO: [ view_parse ] --END-- [ RunTime:0.053836s ]
INFO: [ view_filter ] --START--
INFO: Run Behavior\WriteHtmlCacheBehavior [ RunTime:0.001259s ]
INFO: [ view_filter ] --END-- [ RunTime:0.001475s ]
INFO: [ app_end ] --START--
INFO: Run Behavior\ShowPageTraceBehavior [ RunTime:0.005031s ]
INFO: [ app_end ] --END-- [ RunTime:0.005278s ]

[ 2018-03-18T16:38:20+08:00 ] 127.0.0.1 /User/User/basicinfo
INFO: [ app_init ] --START--
INFO: Run Behavior\BuildLiteBehavior [ RunTime:0.000327s ]
INFO: [ app_init ] --END-- [ RunTime:0.004300s ]
INFO: [ app_begin ] --START--
INFO: Run Behavior\ReadHtmlCacheBehavior [ RunTime:0.002008s ]
INFO: [ app_begin ] --END-- [ RunTime:0.002175s ]
SQL: SHOW COLUMNS FROM `wx_users` [ RunTime:0.0337s ]
SQL: SELECT * FROM `wx_users` WHERE (  user_name = 'M00001024' ) LIMIT 1   [ RunTime:0.0270s ]
SQL: SHOW COLUMNS FROM `wx_bank` [ RunTime:0.0210s ]
SQL: SELECT * FROM `wx_bank` WHERE (  id = '1' ) LIMIT 1   [ RunTime:0.0012s ]
SQL: SHOW COLUMNS FROM `wx_memberlevel` [ RunTime:0.0205s ]
SQL: SELECT * FROM `wx_memberlevel` WHERE (  id = '1'  ) LIMIT 1   [ RunTime:0.0014s ]
INFO: [ view_parse ] --START--
INFO: [ template_filter ] --START--
INFO: Run Behavior\ContentReplaceBehavior [ RunTime:0.000431s ]
INFO: [ template_filter ] --END-- [ RunTime:0.000697s ]
INFO: Run Behavior\ParseTemplateBehavior [ RunTime:0.090851s ]
INFO: [ view_parse ] --END-- [ RunTime:0.091184s ]
INFO: [ view_filter ] --START--
INFO: Run Behavior\WriteHtmlCacheBehavior [ RunTime:0.002108s ]
INFO: [ view_filter ] --END-- [ RunTime:0.002639s ]
INFO: [ app_end ] --START--
INFO: Run Behavior\ShowPageTraceBehavior [ RunTime:0.005849s ]
INFO: [ app_end ] --END-- [ RunTime:0.006142s ]

[ 2018-03-18T16:38:26+08:00 ] 127.0.0.1 /User/User/register
INFO: [ app_init ] --START--
INFO: Run Behavior\BuildLiteBehavior [ RunTime:0.000064s ]
INFO: [ app_init ] --END-- [ RunTime:0.001790s ]
INFO: [ app_begin ] --START--
INFO: Run Behavior\ReadHtmlCacheBehavior [ RunTime:0.003958s ]
INFO: [ app_begin ] --END-- [ RunTime:0.004738s ]
SQL: SHOW COLUMNS FROM `wx_users` [ RunTime:0.0342s ]
NOTIC: [8] Undefined index: two_Verify D:\phpstudy\WWW\slh\Application\User\Controller\UserController.class.php 第 15 行.
INFO: [ view_parse ] --START--
INFO: [ template_filter ] --START--
INFO: Run Behavior\ContentReplaceBehavior [ RunTime:0.000525s ]
INFO: [ template_filter ] --END-- [ RunTime:0.000782s ]
NOTIC: [8] Undefined variable: user_id D:\phpstudy\WWW\slh\Application\Runtime\Cache\User\c7b13deeb32a9602b1e2d0f4c29ea0f4.php 第 59 行.
INFO: Run Behavior\ParseTemplateBehavior [ RunTime:0.037343s ]
INFO: [ view_parse ] --END-- [ RunTime:0.037548s ]
INFO: [ view_filter ] --START--
INFO: Run Behavior\WriteHtmlCacheBehavior [ RunTime:0.001162s ]
INFO: [ view_filter ] --END-- [ RunTime:0.001324s ]

[ 2018-03-18T16:38:36+08:00 ] 127.0.0.1 /User/Center/api_authentication_submit
INFO: [ app_init ] --START--
INFO: Run Behavior\BuildLiteBehavior [ RunTime:0.000020s ]
INFO: [ app_init ] --END-- [ RunTime:0.000646s ]
INFO: [ app_begin ] --START--
INFO: Run Behavior\ReadHtmlCacheBehavior [ RunTime:0.001091s ]
INFO: [ app_begin ] --END-- [ RunTime:0.001184s ]
SQL: SHOW COLUMNS FROM `wx_users` [ RunTime:0.0372s ]
SQL: SELECT * FROM `wx_users` WHERE ( user_name= 'M00001024'  )  [ RunTime:0.0292s ]

[ 2018-03-18T16:38:38+08:00 ] 127.0.0.1 /User/Center/index
INFO: [ app_init ] --START--
INFO: Run Behavior\BuildLiteBehavior [ RunTime:0.000028s ]
INFO: [ app_init ] --END-- [ RunTime:0.000961s ]
INFO: [ app_begin ] --START--
INFO: Run Behavior\ReadHtmlCacheBehavior [ RunTime:0.000902s ]
INFO: [ app_begin ] --END-- [ RunTime:0.000999s ]
SQL: SHOW COLUMNS FROM `wx_users` [ RunTime:0.0621s ]
SQL: SHOW COLUMNS FROM `wx_hbrecord` [ RunTime:0.0595s ]
SQL: SHOW COLUMNS FROM `wx_ztrecord` [ RunTime:0.0229s ]
SQL: SELECT * FROM `wx_users` WHERE `user_id` = 1024 LIMIT 1   [ RunTime:0.0031s ]
SQL: SELECT `nickname` FROM `wx_users` WHERE `user_id` = 1023 LIMIT 1   [ RunTime:0.0009s ]
SQL: SHOW COLUMNS FROM `wx_daili_info` [ RunTime:0.0235s ]
SQL: SELECT * FROM `wx_daili_info`  [ RunTime:0.0011s ]
SQL: SHOW COLUMNS FROM `wx_memberlevel` [ RunTime:0.0254s ]
SQL: SELECT * FROM `wx_memberlevel` WHERE (  id = '1'  ) LIMIT 1   [ RunTime:0.0014s ]
INFO: [ view_parse ] --START--
INFO: [ template_filter ] --START--
INFO: Run Behavior\ContentReplaceBehavior [ RunTime:0.000273s ]
INFO: [ template_filter ] --END-- [ RunTime:0.000440s ]
INFO: Run Behavior\ParseTemplateBehavior [ RunTime:0.025248s ]
INFO: [ view_parse ] --END-- [ RunTime:0.025493s ]
INFO: [ view_filter ] --START--
INFO: Run Behavior\WriteHtmlCacheBehavior [ RunTime:0.000656s ]
INFO: [ view_filter ] --END-- [ RunTime:0.000753s ]
INFO: [ app_end ] --START--
INFO: Run Behavior\ShowPageTraceBehavior [ RunTime:0.002343s ]
INFO: [ app_end ] --END-- [ RunTime:0.002514s ]

[ 2018-03-18T16:38:41+08:00 ] 127.0.0.1 /User/User/register
INFO: [ app_init ] --START--
INFO: Run Behavior\BuildLiteBehavior [ RunTime:0.000064s ]
INFO: [ app_init ] --END-- [ RunTime:0.001800s ]
INFO: [ app_begin ] --START--
INFO: Run Behavior\ReadHtmlCacheBehavior [ RunTime:0.003996s ]
INFO: [ app_begin ] --END-- [ RunTime:0.004276s ]
SQL: SHOW COLUMNS FROM `wx_users` [ RunTime:0.0290s ]
NOTIC: [8] Undefined index: area D:\phpstudy\WWW\slh\Application\User\Controller\UserController.class.php 第 21 行.
NOTIC: [8] Undefined index: rootid D:\phpstudy\WWW\slh\Application\User\Controller\UserController.class.php 第 24 行.
SQL: SELECT max(user_name) as newno FROM `wx_users` LIMIT 1   [ RunTime:0.0093s ]
SQL: SELECT * FROM `wx_users` WHERE (  user_name = 'M00001024' ) LIMIT 1   [ RunTime:0.0240s ]
INFO: [ view_parse ] --START--
INFO: [ template_filter ] --START--
INFO: Run Behavior\ContentReplaceBehavior [ RunTime:0.000778s ]
INFO: [ template_filter ] --END-- [ RunTime:0.001156s ]
INFO: Run Behavior\ParseTemplateBehavior [ RunTime:0.054523s ]
INFO: [ view_parse ] --END-- [ RunTime:0.054779s ]
INFO: [ view_filter ] --START--
INFO: Run Behavior\WriteHtmlCacheBehavior [ RunTime:0.001174s ]
INFO: [ view_filter ] --END-- [ RunTime:0.001332s ]
INFO: [ app_end ] --START--
INFO: Run Behavior\ShowPageTraceBehavior [ RunTime:0.004532s ]
INFO: [ app_end ] --END-- [ RunTime:0.004788s ]

[ 2018-03-18T16:38:41+08:00 ] 127.0.0.1 /User/User/membersingle
INFO: [ app_init ] --START--
INFO: Run Behavior\BuildLiteBehavior [ RunTime:0.000042s ]
INFO: [ app_init ] --END-- [ RunTime:0.001440s ]
INFO: [ app_begin ] --START--
INFO: Run Behavior\ReadHtmlCacheBehavior [ RunTime:0.001080s ]
INFO: [ app_begin ] --END-- [ RunTime:0.001173s ]
INFO: [ app_end ] --START--
INFO: Run Behavior\ShowPageTraceBehavior [ RunTime:0.001369s ]
INFO: [ app_end ] --END-- [ RunTime:0.001526s ]

[ 2018-03-18T16:38:42+08:00 ] 127.0.0.1 /User/User/memberlevel
INFO: [ app_init ] --START--
INFO: Run Behavior\BuildLiteBehavior [ RunTime:0.000076s ]
INFO: [ app_init ] --END-- [ RunTime:0.003355s ]
INFO: [ app_begin ] --START--
INFO: Run Behavior\ReadHtmlCacheBehavior [ RunTime:0.005966s ]
INFO: [ app_begin ] --END-- [ RunTime:0.006192s ]
SQL: SHOW COLUMNS FROM `wx_memberlevel` [ RunTime:0.0082s ]
SQL: SELECT * FROM `wx_memberlevel`  [ RunTime:0.0006s ]
INFO: [ app_end ] --START--
INFO: Run Behavior\ShowPageTraceBehavior [ RunTime:0.001185s ]
INFO: [ app_end ] --END-- [ RunTime:0.001291s ]

[ 2018-03-18T16:38:42+08:00 ] 127.0.0.1 /User/User/memberarea
INFO: [ app_init ] --START--
INFO: Run Behavior\BuildLiteBehavior [ RunTime:0.000021s ]
INFO: [ app_init ] --END-- [ RunTime:0.000553s ]
INFO: [ app_begin ] --START--
INFO: Run Behavior\ReadHtmlCacheBehavior [ RunTime:0.000862s ]
INFO: [ app_begin ] --END-- [ RunTime:0.000963s ]
NOTIC: [8] Undefined index: register_area_default D:\phpstudy\WWW\slh\Application\User\Controller\UserController.class.php 第 286 行.
INFO: [ app_end ] --START--
INFO: Run Behavior\ShowPageTraceBehavior [ RunTime:0.000935s ]
INFO: [ app_end ] --END-- [ RunTime:0.001066s ]

[ 2018-03-18T16:38:44+08:00 ] 127.0.0.1 /User/User/bank
INFO: [ app_init ] --START--
INFO: Run Behavior\BuildLiteBehavior [ RunTime:0.000025s ]
INFO: [ app_init ] --END-- [ RunTime:0.000691s ]
INFO: [ app_begin ] --START--
INFO: Run Behavior\ReadHtmlCacheBehavior [ RunTime:0.000883s ]
INFO: [ app_begin ] --END-- [ RunTime:0.000966s ]
SQL: SHOW COLUMNS FROM `wx_bank` [ RunTime:0.0185s ]
SQL: SELECT * FROM `wx_bank`  [ RunTime:0.0012s ]
INFO: [ app_end ] --START--
INFO: Run Behavior\ShowPageTraceBehavior [ RunTime:0.002953s ]
INFO: [ app_end ] --END-- [ RunTime:0.003204s ]

[ 2018-03-18T16:38:45+08:00 ] 127.0.0.1 /User/User/place
INFO: [ app_init ] --START--
INFO: Run Behavior\BuildLiteBehavior [ RunTime:0.000064s ]
INFO: [ app_init ] --END-- [ RunTime:0.002187s ]
INFO: [ app_begin ] --START--
INFO: Run Behavior\ReadHtmlCacheBehavior [ RunTime:0.002935s ]
INFO: [ app_begin ] --END-- [ RunTime:0.003207s ]
SQL: SHOW COLUMNS FROM `wx_region` [ RunTime:0.0196s ]
SQL: SELECT * FROM `wx_region` WHERE (  PARENT_ID = '1' )  [ RunTime:0.0159s ]
INFO: [ app_end ] --START--
INFO: Run Behavior\ShowPageTraceBehavior [ RunTime:0.004076s ]
INFO: [ app_end ] --END-- [ RunTime:0.004423s ]

[ 2018-03-18T16:38:46+08:00 ] 127.0.0.1 /User/User/register
INFO: [ app_init ] --START--
INFO: Run Behavior\BuildLiteBehavior [ RunTime:0.000099s ]
INFO: [ app_init ] --END-- [ RunTime:0.006393s ]
INFO: [ app_begin ] --START--
INFO: Run Behavior\ReadHtmlCacheBehavior [ RunTime:0.002766s ]
INFO: [ app_begin ] --END-- [ RunTime:0.002966s ]
SQL: SHOW COLUMNS FROM `wx_users` [ RunTime:0.0322s ]
NOTIC: [8] Undefined index: area D:\phpstudy\WWW\slh\Application\User\Controller\UserController.class.php 第 21 行.
NOTIC: [8] Undefined index: rootid D:\phpstudy\WWW\slh\Application\User\Controller\UserController.class.php 第 24 行.
SQL: SELECT max(user_name) as newno FROM `wx_users` LIMIT 1   [ RunTime:0.0068s ]
SQL: SELECT * FROM `wx_users` WHERE (  user_name = 'M00001024' ) LIMIT 1   [ RunTime:0.0259s ]
INFO: [ view_parse ] --START--
INFO: [ template_filter ] --START--
INFO: Run Behavior\ContentReplaceBehavior [ RunTime:0.000495s ]
INFO: [ template_filter ] --END-- [ RunTime:0.000673s ]
INFO: Run Behavior\ParseTemplateBehavior [ RunTime:0.031426s ]
INFO: [ view_parse ] --END-- [ RunTime:0.031572s ]
INFO: [ view_filter ] --START--
INFO: Run Behavior\WriteHtmlCacheBehavior [ RunTime:0.000463s ]
INFO: [ view_filter ] --END-- [ RunTime:0.000524s ]
INFO: [ app_end ] --START--
INFO: Run Behavior\ShowPageTraceBehavior [ RunTime:0.001238s ]
INFO: [ app_end ] --END-- [ RunTime:0.001353s ]

[ 2018-03-18T16:38:46+08:00 ] 127.0.0.1 /User/User/membersingle
INFO: [ app_init ] --START--
INFO: Run Behavior\BuildLiteBehavior [ RunTime:0.000027s ]
INFO: [ app_init ] --END-- [ RunTime:0.000513s ]
INFO: [ app_begin ] --START--
INFO: Run Behavior\ReadHtmlCacheBehavior [ RunTime:0.000821s ]
INFO: [ app_begin ] --END-- [ RunTime:0.000890s ]
INFO: [ app_end ] --START--
INFO: Run Behavior\ShowPageTraceBehavior [ RunTime:0.001073s ]
INFO: [ app_end ] --END-- [ RunTime:0.001171s ]

[ 2018-03-18T16:38:47+08:00 ] 127.0.0.1 /User/User/memberlevel
INFO: [ app_init ] --START--
INFO: Run Behavior\BuildLiteBehavior [ RunTime:0.000028s ]
INFO: [ app_init ] --END-- [ RunTime:0.000684s ]
INFO: [ app_begin ] --START--
INFO: Run Behavior\ReadHtmlCacheBehavior [ RunTime:0.000988s ]
INFO: [ app_begin ] --END-- [ RunTime:0.001197s ]
SQL: SHOW COLUMNS FROM `wx_memberlevel` [ RunTime:0.0099s ]
SQL: SELECT * FROM `wx_memberlevel`  [ RunTime:0.0006s ]
INFO: [ app_end ] --START--
INFO: Run Behavior\ShowPageTraceBehavior [ RunTime:0.001090s ]
INFO: [ app_end ] --END-- [ RunTime:0.001182s ]

[ 2018-03-18T16:38:47+08:00 ] 127.0.0.1 /User/User/memberarea
INFO: [ app_init ] --START--
INFO: Run Behavior\BuildLiteBehavior [ RunTime:0.000032s ]
INFO: [ app_init ] --END-- [ RunTime:0.000676s ]
INFO: [ app_begin ] --START--
INFO: Run Behavior\ReadHtmlCacheBehavior [ RunTime:0.000894s ]
INFO: [ app_begin ] --END-- [ RunTime:0.000985s ]
NOTIC: [8] Undefined index: register_area_default D:\phpstudy\WWW\slh\Application\User\Controller\UserController.class.php 第 286 行.
INFO: [ app_end ] --START--
INFO: Run Behavior\ShowPageTraceBehavior [ RunTime:0.000932s ]
INFO: [ app_end ] --END-- [ RunTime:0.001006s ]

[ 2018-03-18T16:38:49+08:00 ] 127.0.0.1 /User/User/bank
INFO: [ app_init ] --START--
INFO: Run Behavior\BuildLiteBehavior [ RunTime:0.000015s ]
INFO: [ app_init ] --END-- [ RunTime:0.000392s ]
INFO: [ app_begin ] --START--
INFO: Run Behavior\ReadHtmlCacheBehavior [ RunTime:0.000829s ]
INFO: [ app_begin ] --END-- [ RunTime:0.000890s ]
SQL: SHOW COLUMNS FROM `wx_bank` [ RunTime:0.0242s ]
SQL: SELECT * FROM `wx_bank`  [ RunTime:0.0015s ]
INFO: [ app_end ] --START--
INFO: Run Behavior\ShowPageTraceBehavior [ RunTime:0.003661s ]
INFO: [ app_end ] --END-- [ RunTime:0.003973s ]

[ 2018-03-18T16:38:50+08:00 ] 127.0.0.1 /User/User/place
INFO: [ app_init ] --START--
INFO: Run Behavior\BuildLiteBehavior [ RunTime:0.000055s ]
INFO: [ app_init ] --END-- [ RunTime:0.001565s ]
INFO: [ app_begin ] --START--
INFO: Run Behavior\ReadHtmlCacheBehavior [ RunTime:0.005181s ]
INFO: [ app_begin ] --END-- [ RunTime:0.005363s ]
SQL: SHOW COLUMNS FROM `wx_region` [ RunTime:0.0206s ]
SQL: SELECT * FROM `wx_region` WHERE (  PARENT_ID = '1' )  [ RunTime:0.0166s ]
INFO: [ app_end ] --START--
INFO: Run Behavior\ShowPageTraceBehavior [ RunTime:0.003845s ]
INFO: [ app_end ] --END-- [ RunTime:0.004211s ]

[ 2018-03-18T16:38:52+08:00 ] 127.0.0.1 /User/User/register
INFO: [ app_init ] --START--
INFO: Run Behavior\BuildLiteBehavior [ RunTime:0.000076s ]
INFO: [ app_init ] --END-- [ RunTime:0.002044s ]
INFO: [ app_begin ] --START--
INFO: Run Behavior\ReadHtmlCacheBehavior [ RunTime:0.004256s ]
INFO: [ app_begin ] --END-- [ RunTime:0.004536s ]
SQL: SHOW COLUMNS FROM `wx_users` [ RunTime:0.0297s ]
NOTIC: [8] Undefined index: area D:\phpstudy\WWW\slh\Application\User\Controller\UserController.class.php 第 21 行.
NOTIC: [8] Undefined index: rootid D:\phpstudy\WWW\slh\Application\User\Controller\UserController.class.php 第 24 行.
SQL: SELECT max(user_name) as newno FROM `wx_users` LIMIT 1   [ RunTime:0.0084s ]
SQL: SELECT * FROM `wx_users` WHERE (  user_name = 'M00001024' ) LIMIT 1   [ RunTime:0.0259s ]
INFO: [ view_parse ] --START--
INFO: [ template_filter ] --START--
INFO: Run Behavior\ContentReplaceBehavior [ RunTime:0.000703s ]
INFO: [ template_filter ] --END-- [ RunTime:0.000913s ]
INFO: Run Behavior\ParseTemplateBehavior [ RunTime:0.041345s ]
INFO: [ view_parse ] --END-- [ RunTime:0.041650s ]
INFO: [ view_filter ] --START--
INFO: Run Behavior\WriteHtmlCacheBehavior [ RunTime:0.002724s ]
INFO: [ view_filter ] --END-- [ RunTime:0.003008s ]
INFO: [ app_end ] --START--
INFO: Run Behavior\ShowPageTraceBehavior [ RunTime:0.004127s ]
INFO: [ app_end ] --END-- [ RunTime:0.004597s ]

[ 2018-03-18T16:38:52+08:00 ] 127.0.0.1 /User/User/membersingle
INFO: [ app_init ] --START--
INFO: Run Behavior\BuildLiteBehavior [ RunTime:0.000027s ]
INFO: [ app_init ] --END-- [ RunTime:0.000836s ]
INFO: [ app_begin ] --START--
INFO: Run Behavior\ReadHtmlCacheBehavior [ RunTime:0.001263s ]
INFO: [ app_begin ] --END-- [ RunTime:0.001358s ]
INFO: [ app_end ] --START--
INFO: Run Behavior\ShowPageTraceBehavior [ RunTime:0.001127s ]
INFO: [ app_end ] --END-- [ RunTime:0.001294s ]

[ 2018-03-18T16:38:53+08:00 ] 127.0.0.1 /User/User/memberlevel
INFO: [ app_init ] --START--
INFO: Run Behavior\BuildLiteBehavior [ RunTime:0.000025s ]
INFO: [ app_init ] --END-- [ RunTime:0.000471s ]
INFO: [ app_begin ] --START--
INFO: Run Behavior\ReadHtmlCacheBehavior [ RunTime:0.002049s ]
INFO: [ app_begin ] --END-- [ RunTime:0.002160s ]
SQL: SHOW COLUMNS FROM `wx_memberlevel` [ RunTime:0.0110s ]
SQL: SELECT * FROM `wx_memberlevel`  [ RunTime:0.0012s ]
INFO: [ app_end ] --START--
INFO: Run Behavior\ShowPageTraceBehavior [ RunTime:0.001076s ]
INFO: [ app_end ] --END-- [ RunTime:0.001216s ]

[ 2018-03-18T16:38:53+08:00 ] 127.0.0.1 /User/User/memberarea
INFO: [ app_init ] --START--
INFO: Run Behavior\BuildLiteBehavior [ RunTime:0.000026s ]
INFO: [ app_init ] --END-- [ RunTime:0.000789s ]
INFO: [ app_begin ] --START--
INFO: Run Behavior\ReadHtmlCacheBehavior [ RunTime:0.001120s ]
INFO: [ app_begin ] --END-- [ RunTime:0.001277s ]
NOTIC: [8] Undefined index: register_area_default D:\phpstudy\WWW\slh\Application\User\Controller\UserController.class.php 第 286 行.
INFO: [ app_end ] --START--
INFO: Run Behavior\ShowPageTraceBehavior [ RunTime:0.002234s ]
INFO: [ app_end ] --END-- [ RunTime:0.002460s ]

[ 2018-03-18T16:38:54+08:00 ] 127.0.0.1 /User/User/bank
INFO: [ app_init ] --START--
INFO: Run Behavior\BuildLiteBehavior [ RunTime:0.000049s ]
INFO: [ app_init ] --END-- [ RunTime:0.000771s ]
INFO: [ app_begin ] --START--
INFO: Run Behavior\ReadHtmlCacheBehavior [ RunTime:0.001078s ]
INFO: [ app_begin ] --END-- [ RunTime:0.001167s ]
SQL: SHOW COLUMNS FROM `wx_bank` [ RunTime:0.0261s ]
SQL: SELECT * FROM `wx_bank`  [ RunTime:0.0015s ]
INFO: [ app_end ] --START--
INFO: Run Behavior\ShowPageTraceBehavior [ RunTime:0.004768s ]
INFO: [ app_end ] --END-- [ RunTime:0.005102s ]

[ 2018-03-18T16:38:55+08:00 ] 127.0.0.1 /User/User/place
INFO: [ app_init ] --START--
INFO: Run Behavior\BuildLiteBehavior [ RunTime:0.000021s ]
INFO: [ app_init ] --END-- [ RunTime:0.000563s ]
INFO: [ app_begin ] --START--
INFO: Run Behavior\ReadHtmlCacheBehavior [ RunTime:0.001825s ]
INFO: [ app_begin ] --END-- [ RunTime:0.002039s ]
SQL: SHOW COLUMNS FROM `wx_region` [ RunTime:0.0222s ]
SQL: SELECT * FROM `wx_region` WHERE (  PARENT_ID = '1' )  [ RunTime:0.0152s ]
INFO: [ app_end ] --START--
INFO: Run Behavior\ShowPageTraceBehavior [ RunTime:0.003265s ]
INFO: [ app_end ] --END-- [ RunTime:0.003569s ]

[ 2018-03-18T16:38:57+08:00 ] 127.0.0.1 /User/User/register
INFO: [ app_init ] --START--
INFO: Run Behavior\BuildLiteBehavior [ RunTime:0.000035s ]
INFO: [ app_init ] --END-- [ RunTime:0.001190s ]
INFO: [ app_begin ] --START--
INFO: Run Behavior\ReadHtmlCacheBehavior [ RunTime:0.001076s ]
INFO: [ app_begin ] --END-- [ RunTime:0.001200s ]
SQL: SHOW COLUMNS FROM `wx_users` [ RunTime:0.0293s ]
NOTIC: [8] Undefined index: area D:\phpstudy\WWW\slh\Application\User\Controller\UserController.class.php 第 21 行.
NOTIC: [8] Undefined index: rootid D:\phpstudy\WWW\slh\Application\User\Controller\UserController.class.php 第 24 行.
SQL: SELECT max(user_name) as newno FROM `wx_users` LIMIT 1   [ RunTime:0.0084s ]
SQL: SELECT * FROM `wx_users` WHERE (  user_name = 'M00001024' ) LIMIT 1   [ RunTime:0.0240s ]
INFO: [ view_parse ] --START--
INFO: [ template_filter ] --START--
INFO: Run Behavior\ContentReplaceBehavior [ RunTime:0.000620s ]
INFO: [ template_filter ] --END-- [ RunTime:0.000830s ]
INFO: Run Behavior\ParseTemplateBehavior [ RunTime:0.044135s ]
INFO: [ view_parse ] --END-- [ RunTime:0.044497s ]
INFO: [ view_filter ] --START--
INFO: Run Behavior\WriteHtmlCacheBehavior [ RunTime:0.001194s ]
INFO: [ view_filter ] --END-- [ RunTime:0.001354s ]
INFO: [ app_end ] --START--
INFO: Run Behavior\ShowPageTraceBehavior [ RunTime:0.003979s ]
INFO: [ app_end ] --END-- [ RunTime:0.005479s ]

[ 2018-03-18T16:38:57+08:00 ] 127.0.0.1 /User/User/membersingle
INFO: [ app_init ] --START--
INFO: Run Behavior\BuildLiteBehavior [ RunTime:0.000031s ]
INFO: [ app_init ] --END-- [ RunTime:0.000892s ]
INFO: [ app_begin ] --START--
INFO: Run Behavior\ReadHtmlCacheBehavior [ RunTime:0.001062s ]
INFO: [ app_begin ] --END-- [ RunTime:0.001154s ]
INFO: [ app_end ] --START--
INFO: Run Behavior\ShowPageTraceBehavior [ RunTime:0.001053s ]
INFO: [ app_end ] --END-- [ RunTime:0.001148s ]

[ 2018-03-18T16:38:58+08:00 ] 127.0.0.1 /User/User/memberlevel
INFO: [ app_init ] --START--
INFO: Run Behavior\BuildLiteBehavior [ RunTime:0.000015s ]
INFO: [ app_init ] --END-- [ RunTime:0.000410s ]
INFO: [ app_begin ] --START--
INFO: Run Behavior\ReadHtmlCacheBehavior [ RunTime:0.000580s ]
INFO: [ app_begin ] --END-- [ RunTime:0.000631s ]
SQL: SHOW COLUMNS FROM `wx_memberlevel` [ RunTime:0.0193s ]
SQL: SELECT * FROM `wx_memberlevel`  [ RunTime:0.0015s ]
INFO: [ app_end ] --START--
INFO: Run Behavior\ShowPageTraceBehavior [ RunTime:0.003239s ]
INFO: [ app_end ] --END-- [ RunTime:0.003473s ]

[ 2018-03-18T16:38:58+08:00 ] 127.0.0.1 /User/User/memberarea
INFO: [ app_init ] --START--
INFO: Run Behavior\BuildLiteBehavior [ RunTime:0.000054s ]
INFO: [ app_init ] --END-- [ RunTime:0.001332s ]
INFO: [ app_begin ] --START--
INFO: Run Behavior\ReadHtmlCacheBehavior [ RunTime:0.001044s ]
INFO: [ app_begin ] --END-- [ RunTime:0.001138s ]
NOTIC: [8] Undefined index: register_area_default D:\phpstudy\WWW\slh\Application\User\Controller\UserController.class.php 第 286 行.
INFO: [ app_end ] --START--
INFO: Run Behavior\ShowPageTraceBehavior [ RunTime:0.001023s ]
INFO: [ app_end ] --END-- [ RunTime:0.001108s ]

[ 2018-03-18T16:38:59+08:00 ] 127.0.0.1 /User/User/bank
INFO: [ app_init ] --START--
INFO: Run Behavior\BuildLiteBehavior [ RunTime:0.000025s ]
INFO: [ app_init ] --END-- [ RunTime:0.000677s ]
INFO: [ app_begin ] --START--
INFO: Run Behavior\ReadHtmlCacheBehavior [ RunTime:0.001046s ]
INFO: [ app_begin ] --END-- [ RunTime:0.001139s ]
SQL: SHOW COLUMNS FROM `wx_bank` [ RunTime:0.0169s ]
SQL: SELECT * FROM `wx_bank`  [ RunTime:0.0010s ]
INFO: [ app_end ] --START--
INFO: Run Behavior\ShowPageTraceBehavior [ RunTime:0.002839s ]
INFO: [ app_end ] --END-- [ RunTime:0.003127s ]

[ 2018-03-18T16:39:00+08:00 ] 127.0.0.1 /User/User/place
INFO: [ app_init ] --START--
INFO: Run Behavior\BuildLiteBehavior [ RunTime:0.000113s ]
INFO: [ app_init ] --END-- [ RunTime:0.002019s ]
INFO: [ app_begin ] --START--
INFO: Run Behavior\ReadHtmlCacheBehavior [ RunTime:0.005973s ]
INFO: [ app_begin ] --END-- [ RunTime:0.006550s ]
SQL: SHOW COLUMNS FROM `wx_region` [ RunTime:0.0291s ]
SQL: SELECT * FROM `wx_region` WHERE (  PARENT_ID = '1' )  [ RunTime:0.0209s ]
INFO: [ app_end ] --START--
INFO: Run Behavior\ShowPageTraceBehavior [ RunTime:0.002349s ]
INFO: [ app_end ] --END-- [ RunTime:0.002762s ]

[ 2018-03-18T16:39:04+08:00 ] 127.0.0.1 /User/User/register
INFO: [ app_init ] --START--
INFO: Run Behavior\BuildLiteBehavior [ RunTime:0.000034s ]
INFO: [ app_init ] --END-- [ RunTime:0.001719s ]
INFO: [ app_begin ] --START--
INFO: Run Behavior\ReadHtmlCacheBehavior [ RunTime:0.000948s ]
INFO: [ app_begin ] --END-- [ RunTime:0.001032s ]
SQL: SHOW COLUMNS FROM `wx_users` [ RunTime:0.0367s ]
NOTIC: [8] Undefined index: area D:\phpstudy\WWW\slh\Application\User\Controller\UserController.class.php 第 21 行.
NOTIC: [8] Undefined index: rootid D:\phpstudy\WWW\slh\Application\User\Controller\UserController.class.php 第 24 行.
SQL: SELECT max(user_name) as newno FROM `wx_users` LIMIT 1   [ RunTime:0.0102s ]
SQL: SELECT * FROM `wx_users` WHERE (  user_name = 'M00001024' ) LIMIT 1   [ RunTime:0.0113s ]
INFO: [ view_parse ] --START--
INFO: [ template_filter ] --START--
INFO: Run Behavior\ContentReplaceBehavior [ RunTime:0.000180s ]
INFO: [ template_filter ] --END-- [ RunTime:0.000247s ]
INFO: Run Behavior\ParseTemplateBehavior [ RunTime:0.013362s ]
INFO: [ view_parse ] --END-- [ RunTime:0.013440s ]
INFO: [ view_filter ] --START--
INFO: Run Behavior\WriteHtmlCacheBehavior [ RunTime:0.000347s ]
INFO: [ view_filter ] --END-- [ RunTime:0.000394s ]
INFO: [ app_end ] --START--
INFO: Run Behavior\ShowPageTraceBehavior [ RunTime:0.001036s ]
INFO: [ app_end ] --END-- [ RunTime:0.001123s ]

[ 2018-03-18T16:39:05+08:00 ] 127.0.0.1 /User/User/membersingle
INFO: [ app_init ] --START--
INFO: Run Behavior\BuildLiteBehavior [ RunTime:0.000031s ]
INFO: [ app_init ] --END-- [ RunTime:0.001293s ]
INFO: [ app_begin ] --START--
INFO: Run Behavior\ReadHtmlCacheBehavior [ RunTime:0.001168s ]
INFO: [ app_begin ] --END-- [ RunTime:0.001273s ]
INFO: [ app_end ] --START--
INFO: Run Behavior\ShowPageTraceBehavior [ RunTime:0.001134s ]
INFO: [ app_end ] --END-- [ RunTime:0.001294s ]

[ 2018-03-18T16:39:06+08:00 ] 127.0.0.1 /User/User/memberlevel
INFO: [ app_init ] --START--
INFO: Run Behavior\BuildLiteBehavior [ RunTime:0.000015s ]
INFO: [ app_init ] --END-- [ RunTime:0.000405s ]
INFO: [ app_begin ] --START--
INFO: Run Behavior\ReadHtmlCacheBehavior [ RunTime:0.000599s ]
INFO: [ app_begin ] --END-- [ RunTime:0.000650s ]
SQL: SHOW COLUMNS FROM `wx_memberlevel` [ RunTime:0.0600s ]
SQL: SELECT * FROM `wx_memberlevel`  [ RunTime:0.0013s ]
INFO: [ app_end ] --START--
INFO: Run Behavior\ShowPageTraceBehavior [ RunTime:0.003503s ]
INFO: [ app_end ] --END-- [ RunTime:0.003785s ]

[ 2018-03-18T16:39:06+08:00 ] 127.0.0.1 /User/User/memberarea
INFO: [ app_init ] --START--
INFO: Run Behavior\BuildLiteBehavior [ RunTime:0.000042s ]
INFO: [ app_init ] --END-- [ RunTime:0.001488s ]
INFO: [ app_begin ] --START--
INFO: Run Behavior\ReadHtmlCacheBehavior [ RunTime:0.001534s ]
INFO: [ app_begin ] --END-- [ RunTime:0.001669s ]
NOTIC: [8] Undefined index: register_area_default D:\phpstudy\WWW\slh\Application\User\Controller\UserController.class.php 第 286 行.
INFO: [ app_end ] --START--
INFO: Run Behavior\ShowPageTraceBehavior [ RunTime:0.001579s ]
INFO: [ app_end ] --END-- [ RunTime:0.001706s ]

[ 2018-03-18T16:39:07+08:00 ] 127.0.0.1 /User/User/bank
INFO: [ app_init ] --START--
INFO: Run Behavior\BuildLiteBehavior [ RunTime:0.000025s ]
INFO: [ app_init ] --END-- [ RunTime:0.000676s ]
INFO: [ app_begin ] --START--
INFO: Run Behavior\ReadHtmlCacheBehavior [ RunTime:0.001152s ]
INFO: [ app_begin ] --END-- [ RunTime:0.001260s ]
SQL: SHOW COLUMNS FROM `wx_bank` [ RunTime:0.0084s ]
SQL: SELECT * FROM `wx_bank`  [ RunTime:0.0005s ]
INFO: [ app_end ] --START--
INFO: Run Behavior\ShowPageTraceBehavior [ RunTime:0.001321s ]
INFO: [ app_end ] --END-- [ RunTime:0.001421s ]

[ 2018-03-18T16:39:08+08:00 ] 127.0.0.1 /User/User/place
INFO: [ app_init ] --START--
INFO: Run Behavior\BuildLiteBehavior [ RunTime:0.000064s ]
INFO: [ app_init ] --END-- [ RunTime:0.001816s ]
INFO: [ app_begin ] --START--
INFO: Run Behavior\ReadHtmlCacheBehavior [ RunTime:0.001329s ]
INFO: [ app_begin ] --END-- [ RunTime:0.001467s ]
SQL: SHOW COLUMNS FROM `wx_region` [ RunTime:0.0182s ]
SQL: SELECT * FROM `wx_region` WHERE (  PARENT_ID = '1' )  [ RunTime:0.0165s ]
INFO: [ app_end ] --START--
INFO: Run Behavior\ShowPageTraceBehavior [ RunTime:0.003084s ]
INFO: [ app_end ] --END-- [ RunTime:0.003375s ]

[ 2018-03-18T16:41:29+08:00 ] 127.0.0.1 /User/Center/index
INFO: [ app_init ] --START--
INFO: Run Behavior\BuildLiteBehavior [ RunTime:0.000020s ]
INFO: [ app_init ] --END-- [ RunTime:0.000524s ]
INFO: [ app_begin ] --START--
INFO: Run Behavior\ReadHtmlCacheBehavior [ RunTime:0.000770s ]
INFO: [ app_begin ] --END-- [ RunTime:0.000832s ]
SQL: SHOW COLUMNS FROM `wx_users` [ RunTime:0.0337s ]
SQL: SHOW COLUMNS FROM `wx_hbrecord` [ RunTime:0.0238s ]
SQL: SHOW COLUMNS FROM `wx_ztrecord` [ RunTime:0.0264s ]
SQL: SELECT * FROM `wx_users` WHERE `user_id` = 1024 LIMIT 1   [ RunTime:0.0039s ]
SQL: SELECT `nickname` FROM `wx_users` WHERE `user_id` = 1023 LIMIT 1   [ RunTime:0.0012s ]
SQL: SHOW COLUMNS FROM `wx_daili_info` [ RunTime:0.0131s ]
SQL: SELECT * FROM `wx_daili_info`  [ RunTime:0.0006s ]
SQL: SHOW COLUMNS FROM `wx_memberlevel` [ RunTime:0.0082s ]
SQL: SELECT * FROM `wx_memberlevel` WHERE (  id = '1'  ) LIMIT 1   [ RunTime:0.0005s ]
INFO: [ view_parse ] --START--
INFO: [ template_filter ] --START--
INFO: Run Behavior\ContentReplaceBehavior [ RunTime:0.000105s ]
INFO: [ template_filter ] --END-- [ RunTime:0.000161s ]
INFO: Run Behavior\ParseTemplateBehavior [ RunTime:0.010386s ]
INFO: [ view_parse ] --END-- [ RunTime:0.010465s ]
INFO: [ view_filter ] --START--
INFO: Run Behavior\WriteHtmlCacheBehavior [ RunTime:0.000285s ]
INFO: [ view_filter ] --END-- [ RunTime:0.000326s ]
INFO: [ app_end ] --START--
INFO: Run Behavior\ShowPageTraceBehavior [ RunTime:0.000735s ]
INFO: [ app_end ] --END-- [ RunTime:0.000797s ]

[ 2018-03-18T16:41:31+08:00 ] 127.0.0.1 /User/Deal/convert
INFO: [ app_init ] --START--
INFO: Run Behavior\BuildLiteBehavior [ RunTime:0.000038s ]
INFO: [ app_init ] --END-- [ RunTime:0.000996s ]
INFO: [ app_begin ] --START--
INFO: Run Behavior\ReadHtmlCacheBehavior [ RunTime:0.005234s ]
INFO: [ app_begin ] --END-- [ RunTime:0.005462s ]
INFO: [ view_parse ] --START--
INFO: [ template_filter ] --START--
INFO: Run Behavior\ContentReplaceBehavior [ RunTime:0.000158s ]
INFO: [ template_filter ] --END-- [ RunTime:0.000285s ]
INFO: Run Behavior\ParseTemplateBehavior [ RunTime:0.018872s ]
INFO: [ view_parse ] --END-- [ RunTime:0.019022s ]
INFO: [ view_filter ] --START--
INFO: Run Behavior\WriteHtmlCacheBehavior [ RunTime:0.000855s ]
INFO: [ view_filter ] --END-- [ RunTime:0.000965s ]
INFO: [ app_end ] --START--
INFO: Run Behavior\ShowPageTraceBehavior [ RunTime:0.001490s ]
INFO: [ app_end ] --END-- [ RunTime:0.001593s ]

[ 2018-03-18T16:41:36+08:00 ] 127.0.0.1 /User/Deal/convertinside
INFO: [ app_init ] --START--
INFO: Run Behavior\BuildLiteBehavior [ RunTime:0.000037s ]
INFO: [ app_init ] --END-- [ RunTime:0.001010s ]
INFO: [ app_begin ] --START--
INFO: Run Behavior\ReadHtmlCacheBehavior [ RunTime:0.001028s ]
INFO: [ app_begin ] --END-- [ RunTime:0.001105s ]
SQL: SHOW COLUMNS FROM `wx_users` [ RunTime:0.0335s ]
SQL: SELECT * FROM `wx_users` WHERE (  user_name = 'M00001024' ) LIMIT 1   [ RunTime:0.0295s ]
INFO: [ view_parse ] --START--
INFO: [ template_filter ] --START--
INFO: Run Behavior\ContentReplaceBehavior [ RunTime:0.000270s ]
INFO: [ template_filter ] --END-- [ RunTime:0.000437s ]
INFO: Run Behavior\ParseTemplateBehavior [ RunTime:0.065165s ]
INFO: [ view_parse ] --END-- [ RunTime:0.065385s ]
INFO: [ view_filter ] --START--
INFO: Run Behavior\WriteHtmlCacheBehavior [ RunTime:0.000735s ]
INFO: [ view_filter ] --END-- [ RunTime:0.000835s ]
INFO: [ app_end ] --START--
INFO: Run Behavior\ShowPageTraceBehavior [ RunTime:0.001624s ]
INFO: [ app_end ] --END-- [ RunTime:0.001736s ]

[ 2018-03-18T16:41:47+08:00 ] 127.0.0.1 /User/Deal/api_convertinside_submit
INFO: [ app_init ] --START--
INFO: Run Behavior\BuildLiteBehavior [ RunTime:0.000028s ]
INFO: [ app_init ] --END-- [ RunTime:0.001126s ]
INFO: [ app_begin ] --START--
INFO: Run Behavior\ReadHtmlCacheBehavior [ RunTime:0.001202s ]
INFO: [ app_begin ] --END-- [ RunTime:0.001299s ]
SQL: SHOW COLUMNS FROM `wx_users` [ RunTime:0.0361s ]
SQL: SELECT * FROM `wx_users` WHERE (  user_name = 'M00001024' ) LIMIT 1   [ RunTime:0.0352s ]
SQL: SHOW COLUMNS FROM `wx_transform` [ RunTime:0.0288s ]
SQL: INSERT INTO `wx_transform` (`user_id`,`user_name`,`truename`,`jine`,`shouxu`,`zdate`,`lx`) VALUES ('1024','M00001024','子轩','10000','0','1521362506','0') [ RunTime:0.0009s ]
SQL: UPDATE `wx_users` SET `jjb`='490000',`gwb`='10000' WHERE (  user_id = '1024'  ) [ RunTime:0.1191s ]

[ 2018-03-18T16:41:49+08:00 ] 127.0.0.1 /User/center
INFO: [ app_init ] --START--
INFO: Run Behavior\BuildLiteBehavior [ RunTime:0.000039s ]
INFO: [ app_init ] --END-- [ RunTime:0.001165s ]
INFO: [ app_begin ] --START--
INFO: Run Behavior\ReadHtmlCacheBehavior [ RunTime:0.001462s ]
INFO: [ app_begin ] --END-- [ RunTime:0.001583s ]
SQL: SHOW COLUMNS FROM `wx_users` [ RunTime:0.0345s ]
SQL: SHOW COLUMNS FROM `wx_hbrecord` [ RunTime:0.0221s ]
SQL: SHOW COLUMNS FROM `wx_ztrecord` [ RunTime:0.0267s ]
SQL: SELECT * FROM `wx_users` WHERE `user_id` = 1024 LIMIT 1   [ RunTime:0.0035s ]
SQL: SELECT `nickname` FROM `wx_users` WHERE `user_id` = 1023 LIMIT 1   [ RunTime:0.0011s ]
SQL: SHOW COLUMNS FROM `wx_daili_info` [ RunTime:0.0258s ]
SQL: SELECT * FROM `wx_daili_info`  [ RunTime:0.0015s ]
SQL: SHOW COLUMNS FROM `wx_memberlevel` [ RunTime:0.0235s ]
SQL: SELECT * FROM `wx_memberlevel` WHERE (  id = '1'  ) LIMIT 1   [ RunTime:0.0013s ]
INFO: [ view_parse ] --START--
INFO: [ template_filter ] --START--
INFO: Run Behavior\ContentReplaceBehavior [ RunTime:0.000173s ]
INFO: [ template_filter ] --END-- [ RunTime:0.000285s ]
INFO: Run Behavior\ParseTemplateBehavior [ RunTime:0.025605s ]
INFO: [ view_parse ] --END-- [ RunTime:0.025793s ]
INFO: [ view_filter ] --START--
INFO: Run Behavior\WriteHtmlCacheBehavior [ RunTime:0.000504s ]
INFO: [ view_filter ] --END-- [ RunTime:0.000556s ]
INFO: [ app_end ] --START--
INFO: Run Behavior\ShowPageTraceBehavior [ RunTime:0.001032s ]
INFO: [ app_end ] --END-- [ RunTime:0.001104s ]

[ 2018-03-18T16:41:54+08:00 ] 127.0.0.1 /
INFO: [ app_init ] --START--
INFO: Run Behavior\BuildLiteBehavior [ RunTime:0.000014s ]
INFO: [ app_init ] --END-- [ RunTime:0.000393s ]
INFO: [ app_begin ] --START--
INFO: Run Behavior\ReadHtmlCacheBehavior [ RunTime:0.000849s ]
INFO: [ app_begin ] --END-- [ RunTime:0.000898s ]
SQL: SHOW COLUMNS FROM `wx_users` [ RunTime:0.0335s ]
SQL: SHOW COLUMNS FROM `wx_hbrecord` [ RunTime:0.0296s ]
SQL: SHOW COLUMNS FROM `wx_ztrecord` [ RunTime:0.0209s ]
SQL: SELECT * FROM `wx_users` WHERE `user_id` = 1024 LIMIT 1   [ RunTime:0.0015s ]
SQL: SELECT `nickname` FROM `wx_users` WHERE `user_id` = 1023 LIMIT 1   [ RunTime:0.0005s ]
SQL: SHOW COLUMNS FROM `wx_daili_info` [ RunTime:0.0096s ]
SQL: SELECT * FROM `wx_daili_info`  [ RunTime:0.0004s ]
SQL: SHOW COLUMNS FROM `wx_memberlevel` [ RunTime:0.0061s ]
SQL: SELECT * FROM `wx_memberlevel` WHERE (  id = '1'  ) LIMIT 1   [ RunTime:0.0004s ]
INFO: [ view_parse ] --START--
INFO: [ template_filter ] --START--
INFO: Run Behavior\ContentReplaceBehavior [ RunTime:0.000139s ]
INFO: [ template_filter ] --END-- [ RunTime:0.000235s ]
INFO: Run Behavior\ParseTemplateBehavior [ RunTime:0.014139s ]
INFO: [ view_parse ] --END-- [ RunTime:0.014224s ]
INFO: [ view_filter ] --START--
INFO: Run Behavior\WriteHtmlCacheBehavior [ RunTime:0.000841s ]
INFO: [ view_filter ] --END-- [ RunTime:0.000897s ]
INFO: [ app_end ] --START--
INFO: Run Behavior\ShowPageTraceBehavior [ RunTime:0.001753s ]
INFO: [ app_end ] --END-- [ RunTime:0.001861s ]

[ 2018-03-18T16:43:24+08:00 ] 127.0.0.1 /User/Product/order
INFO: [ app_init ] --START--
INFO: Run Behavior\BuildLiteBehavior [ RunTime:0.000039s ]
INFO: [ app_init ] --END-- [ RunTime:0.001079s ]
INFO: [ app_begin ] --START--
INFO: Run Behavior\ReadHtmlCacheBehavior [ RunTime:0.001445s ]
INFO: [ app_begin ] --END-- [ RunTime:0.001547s ]
SQL: SHOW COLUMNS FROM `wx_users` [ RunTime:0.0343s ]
SQL: SELECT `user_id` FROM `wx_users` WHERE ( user_name='M00001024' ) LIMIT 1   [ RunTime:0.0086s ]
SQL: SHOW COLUMNS FROM `wx_shop_order` [ RunTime:0.0219s ]
SQL: SELECT COUNT(*) AS tp_count FROM `wx_shop_order` WHERE ( user_id = '1024'  ) LIMIT 1   [ RunTime:0.0009s ]
SQL: SELECT * FROM `wx_shop_order` WHERE ( user_id = '1024'  ) ORDER BY order_id desc LIMIT 0,10   [ RunTime:0.0019s ]
INFO: [ view_parse ] --START--
INFO: [ template_filter ] --START--
INFO: Run Behavior\ContentReplaceBehavior [ RunTime:0.000238s ]
INFO: [ template_filter ] --END-- [ RunTime:0.000366s ]
INFO: Run Behavior\ParseTemplateBehavior [ RunTime:0.048812s ]
INFO: [ view_parse ] --END-- [ RunTime:0.049047s ]
INFO: [ view_filter ] --START--
INFO: Run Behavior\WriteHtmlCacheBehavior [ RunTime:0.000702s ]
INFO: [ view_filter ] --END-- [ RunTime:0.000816s ]
INFO: [ app_end ] --START--
INFO: Run Behavior\ShowPageTraceBehavior [ RunTime:0.002941s ]
INFO: [ app_end ] --END-- [ RunTime:0.003386s ]

[ 2018-03-18T16:53:36+08:00 ] 127.0.0.1 /User/User/express
INFO: [ app_init ] --START--
INFO: Run Behavior\BuildLiteBehavior [ RunTime:0.000017s ]
INFO: [ app_init ] --END-- [ RunTime:0.000492s ]
INFO: [ app_begin ] --START--
INFO: Run Behavior\ReadHtmlCacheBehavior [ RunTime:0.001224s ]
INFO: [ app_begin ] --END-- [ RunTime:0.001314s ]
INFO: [ app_end ] --START--
INFO: Run Behavior\ShowPageTraceBehavior [ RunTime:0.001100s ]
INFO: [ app_end ] --END-- [ RunTime:0.001165s ]

[ 2018-03-18T16:54:05+08:00 ] 127.0.0.1 /User/User/express
INFO: [ app_init ] --START--
INFO: Run Behavior\BuildLiteBehavior [ RunTime:0.000019s ]
INFO: [ app_init ] --END-- [ RunTime:0.000533s ]
INFO: [ app_begin ] --START--
INFO: Run Behavior\ReadHtmlCacheBehavior [ RunTime:0.000979s ]
INFO: [ app_begin ] --END-- [ RunTime:0.001057s ]
INFO: [ app_end ] --START--
INFO: Run Behavior\ShowPageTraceBehavior [ RunTime:0.000811s ]
INFO: [ app_end ] --END-- [ RunTime:0.000883s ]

[ 2018-03-18T16:54:19+08:00 ] 127.0.0.1 /User/Product/orderdetail?id=1
INFO: [ app_init ] --START--
INFO: Run Behavior\BuildLiteBehavior [ RunTime:0.000021s ]
INFO: [ app_init ] --END-- [ RunTime:0.000533s ]
INFO: [ app_begin ] --START--
INFO: Run Behavior\ReadHtmlCacheBehavior [ RunTime:0.000989s ]
INFO: [ app_begin ] --END-- [ RunTime:0.001049s ]
SQL: SHOW COLUMNS FROM `wx_shop_order` [ RunTime:0.0248s ]
SQL: SELECT * FROM `wx_shop_order` WHERE ( order_id = '1'  ) LIMIT 1   [ RunTime:0.0024s ]
SQL: SHOW COLUMNS FROM `wx_shop_order_detail` [ RunTime:0.0226s ]
SQL: SELECT * FROM `wx_shop_order_detail` WHERE ( order_sn='201811131521362588' )  [ RunTime:0.0014s ]
INFO: [ view_parse ] --START--
INFO: [ template_filter ] --START--
INFO: Run Behavior\ContentReplaceBehavior [ RunTime:0.000399s ]
INFO: [ template_filter ] --END-- [ RunTime:0.000591s ]
INFO: Run Behavior\ParseTemplateBehavior [ RunTime:0.068441s ]
INFO: [ view_parse ] --END-- [ RunTime:0.068670s ]
INFO: [ view_filter ] --START--
INFO: Run Behavior\WriteHtmlCacheBehavior [ RunTime:0.000687s ]
INFO: [ view_filter ] --END-- [ RunTime:0.000799s ]
INFO: [ app_end ] --START--
INFO: Run Behavior\ShowPageTraceBehavior [ RunTime:0.001432s ]
INFO: [ app_end ] --END-- [ RunTime:0.001527s ]

[ 2018-03-18T16:54:28+08:00 ] 127.0.0.1 /User/Product/order
INFO: [ app_init ] --START--
INFO: Run Behavior\BuildLiteBehavior [ RunTime:0.000017s ]
INFO: [ app_init ] --END-- [ RunTime:0.000535s ]
INFO: [ app_begin ] --START--
INFO: Run Behavior\ReadHtmlCacheBehavior [ RunTime:0.000980s ]
INFO: [ app_begin ] --END-- [ RunTime:0.001035s ]
SQL: SHOW COLUMNS FROM `wx_users` [ RunTime:0.0329s ]
SQL: SELECT `user_id` FROM `wx_users` WHERE ( user_name='M00001024' ) LIMIT 1   [ RunTime:0.0082s ]
SQL: SHOW COLUMNS FROM `wx_shop_order` [ RunTime:0.0208s ]
SQL: SELECT COUNT(*) AS tp_count FROM `wx_shop_order` WHERE ( user_id = '1024'  ) LIMIT 1   [ RunTime:0.0010s ]
SQL: SELECT * FROM `wx_shop_order` WHERE ( user_id = '1024'  ) ORDER BY order_id desc LIMIT 0,10   [ RunTime:0.0020s ]
INFO: [ view_parse ] --START--
INFO: [ template_filter ] --START--
INFO: Run Behavior\ContentReplaceBehavior [ RunTime:0.000437s ]
INFO: [ template_filter ] --END-- [ RunTime:0.000670s ]
INFO: Run Behavior\ParseTemplateBehavior [ RunTime:0.047832s ]
INFO: [ view_parse ] --END-- [ RunTime:0.048028s ]
INFO: [ view_filter ] --START--
INFO: Run Behavior\WriteHtmlCacheBehavior [ RunTime:0.001494s ]
INFO: [ view_filter ] --END-- [ RunTime:0.001597s ]
INFO: [ app_end ] --START--
INFO: Run Behavior\ShowPageTraceBehavior [ RunTime:0.002755s ]
INFO: [ app_end ] --END-- [ RunTime:0.002934s ]

[ 2018-03-18T16:54:31+08:00 ] 127.0.0.1 /User/Product/orderdetail?id=1
INFO: [ app_init ] --START--
INFO: Run Behavior\BuildLiteBehavior [ RunTime:0.000029s ]
INFO: [ app_init ] --END-- [ RunTime:0.000865s ]
INFO: [ app_begin ] --START--
INFO: Run Behavior\ReadHtmlCacheBehavior [ RunTime:0.001779s ]
INFO: [ app_begin ] --END-- [ RunTime:0.001884s ]
SQL: SHOW COLUMNS FROM `wx_shop_order` [ RunTime:0.0258s ]
SQL: SELECT * FROM `wx_shop_order` WHERE ( order_id = '1'  ) LIMIT 1   [ RunTime:0.0019s ]
SQL: SHOW COLUMNS FROM `wx_shop_order_detail` [ RunTime:0.0248s ]
SQL: SELECT * FROM `wx_shop_order_detail` WHERE ( order_sn='201811131521362588' )  [ RunTime:0.0013s ]
INFO: [ view_parse ] --START--
INFO: [ template_filter ] --START--
INFO: Run Behavior\ContentReplaceBehavior [ RunTime:0.000378s ]
INFO: [ template_filter ] --END-- [ RunTime:0.000619s ]
INFO: Run Behavior\ParseTemplateBehavior [ RunTime:0.062260s ]
INFO: [ view_parse ] --END-- [ RunTime:0.062569s ]
INFO: [ view_filter ] --START--
INFO: Run Behavior\WriteHtmlCacheBehavior [ RunTime:0.004302s ]
INFO: [ view_filter ] --END-- [ RunTime:0.004509s ]
INFO: [ app_end ] --START--
INFO: Run Behavior\ShowPageTraceBehavior [ RunTime:0.004955s ]
INFO: [ app_end ] --END-- [ RunTime:0.005189s ]

[ 2018-03-18T16:54:37+08:00 ] 127.0.0.1 /User/Product/api_confirm_recipient
INFO: [ app_init ] --START--
INFO: Run Behavior\BuildLiteBehavior [ RunTime:0.000022s ]
INFO: [ app_init ] --END-- [ RunTime:0.000648s ]
INFO: [ app_begin ] --START--
INFO: Run Behavior\ReadHtmlCacheBehavior [ RunTime:0.001202s ]
INFO: [ app_begin ] --END-- [ RunTime:0.001272s ]
SQL: SHOW COLUMNS FROM `wx_shop_order` [ RunTime:0.0254s ]
SQL: SHOW COLUMNS FROM `wx_users` [ RunTime:0.0349s ]
SQL: SELECT * FROM `wx_shop_order` WHERE ( order_sn = '201811131521362588'  ) LIMIT 1   [ RunTime:0.0015s ]
SQL: UPDATE `wx_shop_order` SET `state`='2' WHERE (  order_sn = '201811131521362588'  ) [ RunTime:0.0734s ]
SQL: UPDATE `wx_users` SET `buynum`=buynum+1 WHERE (  user_id = '1024'  ) [ RunTime:0.0350s ]
SQL: SELECT COUNT(*) AS tp_count FROM `wx_shop_order` WHERE ( user_id = '1024' and  state=2 and is_true=1  ) LIMIT 1   [ RunTime:0.0010s ]
SQL: SELECT * FROM `wx_users` WHERE (  user_id = '1024'  ) LIMIT 1   [ RunTime:0.0023s ]
SQL: SHOW COLUMNS FROM `wx_bonus_info` [ RunTime:0.0267s ]
SQL: SELECT * FROM `wx_bonus_info` WHERE ( id = 1 ) LIMIT 1   [ RunTime:0.0015s ]
SQL: SELECT * FROM `wx_users` WHERE (  user_id = '1023'  ) LIMIT 1   [ RunTime:0.0019s ]
SQL: SELECT * FROM `wx_bonus_info` WHERE (  id = 1  ) LIMIT 1   [ RunTime:0.0015s ]
SQL: SHOW COLUMNS FROM `wx_broke_record` [ RunTime:0.0232s ]
SQL: INSERT INTO `wx_broke_record` (`user_id`,`user_name`,`yuser_id`,`yuser_name`,`type`,`fee`,`tx`,`jf`,`ax`,`sh`,`bdate`,`desc`) VALUES ('1023','M00001023','1024','M00001024','8','30','27','3','0','0','2018-03-18 16:54:36','购物推荐奖') [ RunTime:0.1074s ]
SQL: SELECT * FROM `wx_bonus_info` WHERE (  id = 1  ) LIMIT 1   [ RunTime:0.0019s ]
SQL: SELECT * FROM `wx_users` WHERE ( b1>0 or b2>0 or b3>0 or b4>0 or b5>0 or b6>0 or b7>0 or b8>0 )  [ RunTime:0.0372s ]
NOTIC: [8] Undefined variable: member_update D:\phpstudy\WWW\slh\Application\User\Controller\PrizeController.class.php 第 383 行.
SQL: SHOW COLUMNS FROM `wx_systemyeji` [ RunTime:0.0242s ]
SQL: SELECT * FROM `wx_systemyeji` WHERE year(ydate) = '2018' AND month(ydate) = '03' AND day(ydate) = '18' LIMIT 1   [ RunTime:0.0015s ]
SQL: UPDATE `wx_systemyeji` SET `xzhy`='0',`zhy`='0',`xzdan`='0',`zdan`='0',`xzyj`='0',`zyj`='0',`ff`='0',`zff`='0',`txjj`='0',`ztxjj`='0',`tx`='0',`cz`='5555555',`dd`='0' WHERE (  id = '1' ) [ RunTime:0.0018s ]
SQL: SELECT * FROM `wx_users` WHERE (  user_id = '1024'  ) LIMIT 1   [ RunTime:0.0023s ]
SQL: SHOW COLUMNS FROM `wx_memberlevel` [ RunTime:0.0152s ]
SQL: SELECT MAX(jd_layer) AS tp_max FROM `wx_memberlevel` LIMIT 1   [ RunTime:0.0004s ]
SQL: SELECT * FROM `wx_users` WHERE ( user_id in (1,3,7,15,31,63,127,255,511,1023) ) ORDER BY user_id desc LIMIT 0,20   [ RunTime:0.0015s ]
SQL: SELECT * FROM `wx_bonus_info` WHERE (  id = 1  ) LIMIT 1   [ RunTime:0.0006s ]
SQL: SELECT * FROM `wx_users` WHERE (  user_id = '1024'  ) LIMIT 1   [ RunTime:0.0009s ]
SQL: SELECT * FROM `wx_memberlevel` WHERE (  id = '2'  ) LIMIT 1   [ RunTime:0.0005s ]
SQL: SELECT * FROM `wx_memberlevel` WHERE (  id = '2'  ) LIMIT 1   [ RunTime:0.0005s ]
SQL: SELECT * FROM `wx_memberlevel` WHERE (  id = '1'  ) LIMIT 1   [ RunTime:0.0006s ]
SQL: SELECT * FROM `wx_memberlevel` WHERE (  id = '1'  ) LIMIT 1   [ RunTime:0.0005s ]
SQL: SELECT * FROM `wx_memberlevel` WHERE (  id = '3'  ) LIMIT 1   [ RunTime:0.0005s ]
SQL: SELECT * FROM `wx_memberlevel` WHERE (  id = '3'  ) LIMIT 1   [ RunTime:0.0004s ]
SQL: SELECT * FROM `wx_memberlevel` WHERE (  id = '2'  ) LIMIT 1   [ RunTime:0.0004s ]
SQL: SELECT * FROM `wx_memberlevel` WHERE (  id = '3'  ) LIMIT 1   [ RunTime:0.0004s ]
SQL: SELECT * FROM `wx_memberlevel` WHERE (  id = '1'  ) LIMIT 1   [ RunTime:0.0005s ]
SQL: SELECT * FROM `wx_memberlevel` WHERE (  id = '3'  ) LIMIT 1   [ RunTime:0.0004s ]
SQL: SELECT * FROM `wx_bonus_info` WHERE (  id = 1  ) LIMIT 1   [ RunTime:0.0005s ]
SQL: SELECT * FROM `wx_users` WHERE ( b1>0 or b2>0 or b3>0 or b4>0 or b5>0 or b6>0 or b7>0 or b8>0 )  [ RunTime:0.0094s ]
NOTIC: [8] Undefined variable: member_update D:\phpstudy\WWW\slh\Application\User\Controller\PrizeController.class.php 第 383 行.
SQL: SELECT * FROM `wx_systemyeji` WHERE year(ydate) = '2018' AND month(ydate) = '03' AND day(ydate) = '18' LIMIT 1   [ RunTime:0.0005s ]
SQL: UPDATE `wx_systemyeji` SET `xzhy`='0',`zhy`='0',`xzdan`='0',`zdan`='0',`xzyj`='0',`zyj`='0',`ff`='0',`zff`='0',`txjj`='0',`ztxjj`='0',`tx`='0',`cz`='5555555',`dd`='0' WHERE (  id = '1' ) [ RunTime:0.0005s ]
SQL: SELECT * FROM `wx_systemyeji` WHERE year(ydate) = '2018' AND month(ydate) = '03' AND day(ydate) = '18' LIMIT 1   [ RunTime:0.0005s ]
SQL: UPDATE `wx_systemyeji` SET `xzhy`='0',`zhy`='0',`xzdan`='0',`zdan`='0',`xzyj`='0',`zyj`='0',`ff`='0',`zff`='0',`txjj`='0',`ztxjj`='0',`tx`='0',`cz`='5555555',`dd`='600' WHERE (  id = '1' ) [ RunTime:0.0005s ]

[ 2018-03-18T16:54:38+08:00 ] 127.0.0.1 /User/Product/order
INFO: [ app_init ] --START--
INFO: Run Behavior\BuildLiteBehavior [ RunTime:0.000027s ]
INFO: [ app_init ] --END-- [ RunTime:0.000733s ]
INFO: [ app_begin ] --START--
INFO: Run Behavior\ReadHtmlCacheBehavior [ RunTime:0.001044s ]
INFO: [ app_begin ] --END-- [ RunTime:0.001105s ]
SQL: SHOW COLUMNS FROM `wx_users` [ RunTime:0.0300s ]
SQL: SELECT `user_id` FROM `wx_users` WHERE ( user_name='M00001024' ) LIMIT 1   [ RunTime:0.0085s ]
SQL: SHOW COLUMNS FROM `wx_shop_order` [ RunTime:0.0217s ]
SQL: SELECT COUNT(*) AS tp_count FROM `wx_shop_order` WHERE ( user_id = '1024'  ) LIMIT 1   [ RunTime:0.0009s ]
SQL: SELECT * FROM `wx_shop_order` WHERE ( user_id = '1024'  ) ORDER BY order_id desc LIMIT 0,10   [ RunTime:0.0017s ]
INFO: [ view_parse ] --START--
INFO: [ template_filter ] --START--
INFO: Run Behavior\ContentReplaceBehavior [ RunTime:0.000406s ]
INFO: [ template_filter ] --END-- [ RunTime:0.000622s ]
INFO: Run Behavior\ParseTemplateBehavior [ RunTime:0.058010s ]
INFO: [ view_parse ] --END-- [ RunTime:0.058300s ]
INFO: [ view_filter ] --START--
INFO: Run Behavior\WriteHtmlCacheBehavior [ RunTime:0.006144s ]
INFO: [ view_filter ] --END-- [ RunTime:0.006480s ]
INFO: [ app_end ] --START--
INFO: Run Behavior\ShowPageTraceBehavior [ RunTime:0.009881s ]
INFO: [ app_end ] --END-- [ RunTime:0.010246s ]

[ 2018-03-18T16:54:39+08:00 ] 127.0.0.1 /User/Product/orderdetail?id=1
INFO: [ app_init ] --START--
INFO: Run Behavior\BuildLiteBehavior [ RunTime:0.000029s ]
INFO: [ app_init ] --END-- [ RunTime:0.000882s ]
INFO: [ app_begin ] --START--
INFO: Run Behavior\ReadHtmlCacheBehavior [ RunTime:0.002273s ]
INFO: [ app_begin ] --END-- [ RunTime:0.002384s ]
SQL: SHOW COLUMNS FROM `wx_shop_order` [ RunTime:0.0212s ]
SQL: SELECT * FROM `wx_shop_order` WHERE ( order_id = '1'  ) LIMIT 1   [ RunTime:0.0020s ]
SQL: SHOW COLUMNS FROM `wx_shop_order_detail` [ RunTime:0.0254s ]
SQL: SELECT * FROM `wx_shop_order_detail` WHERE ( order_sn='201811131521362588' )  [ RunTime:0.0017s ]
INFO: [ view_parse ] --START--
INFO: [ template_filter ] --START--
INFO: Run Behavior\ContentReplaceBehavior [ RunTime:0.000211s ]
INFO: [ template_filter ] --END-- [ RunTime:0.000330s ]
INFO: Run Behavior\ParseTemplateBehavior [ RunTime:0.052006s ]
INFO: [ view_parse ] --END-- [ RunTime:0.052242s ]
INFO: [ view_filter ] --START--
INFO: Run Behavior\WriteHtmlCacheBehavior [ RunTime:0.002064s ]
INFO: [ view_filter ] --END-- [ RunTime:0.002169s ]
INFO: [ app_end ] --START--
INFO: Run Behavior\ShowPageTraceBehavior [ RunTime:0.001775s ]
INFO: [ app_end ] --END-- [ RunTime:0.001862s ]

[ 2018-03-18T16:54:51+08:00 ] 127.0.0.1 /User/User/express
INFO: [ app_init ] --START--
INFO: Run Behavior\BuildLiteBehavior [ RunTime:0.000017s ]
INFO: [ app_init ] --END-- [ RunTime:0.000459s ]
INFO: [ app_begin ] --START--
INFO: Run Behavior\ReadHtmlCacheBehavior [ RunTime:0.000933s ]
INFO: [ app_begin ] --END-- [ RunTime:0.000985s ]
INFO: [ app_end ] --START--
INFO: Run Behavior\ShowPageTraceBehavior [ RunTime:0.000918s ]
INFO: [ app_end ] --END-- [ RunTime:0.000977s ]

[ 2018-03-18T16:56:55+08:00 ] 127.0.0.1 /User/User/membergrant
INFO: [ app_init ] --START--
INFO: Run Behavior\BuildLiteBehavior [ RunTime:0.000023s ]
INFO: [ app_init ] --END-- [ RunTime:0.000519s ]
INFO: [ app_begin ] --START--
INFO: Run Behavior\ReadHtmlCacheBehavior [ RunTime:0.001053s ]
INFO: [ app_begin ] --END-- [ RunTime:0.001120s ]
INFO: [ app_end ] --START--
INFO: Run Behavior\ShowPageTraceBehavior [ RunTime:0.000708s ]
INFO: [ app_end ] --END-- [ RunTime:0.000789s ]

[ 2018-03-18T16:57:45+08:00 ] 127.0.0.1 /User/Product/orderdetail?id=1
INFO: [ app_init ] --START--
INFO: Run Behavior\BuildLiteBehavior [ RunTime:0.000021s ]
INFO: [ app_init ] --END-- [ RunTime:0.000620s ]
INFO: [ app_begin ] --START--
INFO: Run Behavior\ReadHtmlCacheBehavior [ RunTime:0.001007s ]
INFO: [ app_begin ] --END-- [ RunTime:0.001067s ]
SQL: SHOW COLUMNS FROM `wx_shop_order` [ RunTime:0.0210s ]
SQL: SELECT * FROM `wx_shop_order` WHERE ( order_id = '1'  ) LIMIT 1   [ RunTime:0.0021s ]
SQL: SHOW COLUMNS FROM `wx_shop_order_detail` [ RunTime:0.0258s ]
SQL: SELECT * FROM `wx_shop_order_detail` WHERE ( order_sn='201811131521362588' )  [ RunTime:0.0020s ]
INFO: [ view_parse ] --START--
INFO: [ template_filter ] --START--
INFO: Run Behavior\ContentReplaceBehavior [ RunTime:0.000387s ]
INFO: [ template_filter ] --END-- [ RunTime:0.000580s ]
INFO: Run Behavior\ParseTemplateBehavior [ RunTime:0.056152s ]
INFO: [ view_parse ] --END-- [ RunTime:0.056579s ]
INFO: [ view_filter ] --START--
INFO: Run Behavior\WriteHtmlCacheBehavior [ RunTime:0.003047s ]
INFO: [ view_filter ] --END-- [ RunTime:0.003272s ]
INFO: [ app_end ] --START--
INFO: Run Behavior\ShowPageTraceBehavior [ RunTime:0.003059s ]
INFO: [ app_end ] --END-- [ RunTime:0.003236s ]

[ 2018-03-18T16:57:54+08:00 ] 127.0.0.1 /
INFO: [ app_init ] --START--
INFO: Run Behavior\BuildLiteBehavior [ RunTime:0.000024s ]
INFO: [ app_init ] --END-- [ RunTime:0.000568s ]
INFO: [ app_begin ] --START--
INFO: Run Behavior\ReadHtmlCacheBehavior [ RunTime:0.000839s ]
INFO: [ app_begin ] --END-- [ RunTime:0.000924s ]
SQL: SHOW COLUMNS FROM `wx_users` [ RunTime:0.0332s ]
SQL: SHOW COLUMNS FROM `wx_hbrecord` [ RunTime:0.0390s ]
SQL: SHOW COLUMNS FROM `wx_ztrecord` [ RunTime:0.0162s ]
SQL: SELECT * FROM `wx_users` WHERE `user_id` = 1024 LIMIT 1   [ RunTime:0.0012s ]
SQL: SELECT `nickname` FROM `wx_users` WHERE `user_id` = 1023 LIMIT 1   [ RunTime:0.0004s ]
SQL: SHOW COLUMNS FROM `wx_daili_info` [ RunTime:0.0103s ]
SQL: SELECT * FROM `wx_daili_info`  [ RunTime:0.0005s ]
SQL: SHOW COLUMNS FROM `wx_memberlevel` [ RunTime:0.0083s ]
SQL: SELECT * FROM `wx_memberlevel` WHERE (  id = '1'  ) LIMIT 1   [ RunTime:0.0005s ]
INFO: [ view_parse ] --START--
INFO: [ template_filter ] --START--
INFO: Run Behavior\ContentReplaceBehavior [ RunTime:0.000218s ]
INFO: [ template_filter ] --END-- [ RunTime:0.000317s ]
INFO: Run Behavior\ParseTemplateBehavior [ RunTime:0.014721s ]
INFO: [ view_parse ] --END-- [ RunTime:0.014826s ]
INFO: [ view_filter ] --START--
INFO: Run Behavior\WriteHtmlCacheBehavior [ RunTime:0.000459s ]
INFO: [ view_filter ] --END-- [ RunTime:0.000526s ]
INFO: [ app_end ] --START--
INFO: Run Behavior\ShowPageTraceBehavior [ RunTime:0.001294s ]
INFO: [ app_end ] --END-- [ RunTime:0.001411s ]

[ 2018-03-18T16:57:58+08:00 ] 127.0.0.1 /
INFO: [ app_init ] --START--
INFO: Run Behavior\BuildLiteBehavior [ RunTime:0.000015s ]
INFO: [ app_init ] --END-- [ RunTime:0.000398s ]
INFO: [ app_begin ] --START--
INFO: Run Behavior\ReadHtmlCacheBehavior [ RunTime:0.000566s ]
INFO: [ app_begin ] --END-- [ RunTime:0.000643s ]
SQL: SHOW COLUMNS FROM `wx_users` [ RunTime:0.0145s ]
SQL: SHOW COLUMNS FROM `wx_hbrecord` [ RunTime:0.0090s ]
SQL: SHOW COLUMNS FROM `wx_ztrecord` [ RunTime:0.0087s ]
SQL: SELECT * FROM `wx_users` WHERE `user_id` = 1024 LIMIT 1   [ RunTime:0.0012s ]
SQL: SELECT `nickname` FROM `wx_users` WHERE `user_id` = 1023 LIMIT 1   [ RunTime:0.0004s ]
SQL: SHOW COLUMNS FROM `wx_daili_info` [ RunTime:0.0096s ]
SQL: SELECT * FROM `wx_daili_info`  [ RunTime:0.0005s ]
SQL: SHOW COLUMNS FROM `wx_memberlevel` [ RunTime:0.0086s ]
SQL: SELECT * FROM `wx_memberlevel` WHERE (  id = '1'  ) LIMIT 1   [ RunTime:0.0005s ]
INFO: [ view_parse ] --START--
INFO: [ template_filter ] --START--
INFO: Run Behavior\ContentReplaceBehavior [ RunTime:0.000169s ]
INFO: [ template_filter ] --END-- [ RunTime:0.000256s ]
INFO: Run Behavior\ParseTemplateBehavior [ RunTime:0.014926s ]
INFO: [ view_parse ] --END-- [ RunTime:0.015029s ]
INFO: [ view_filter ] --START--
INFO: Run Behavior\WriteHtmlCacheBehavior [ RunTime:0.000470s ]
INFO: [ view_filter ] --END-- [ RunTime:0.000538s ]
INFO: [ app_end ] --START--
INFO: Run Behavior\ShowPageTraceBehavior [ RunTime:0.001329s ]
INFO: [ app_end ] --END-- [ RunTime:0.001453s ]

[ 2018-03-18T16:58:06+08:00 ] 127.0.0.1 /
INFO: [ app_init ] --START--
INFO: Run Behavior\BuildLiteBehavior [ RunTime:0.000027s ]
INFO: [ app_init ] --END-- [ RunTime:0.001008s ]
INFO: [ app_begin ] --START--
INFO: Run Behavior\ReadHtmlCacheBehavior [ RunTime:0.001026s ]
INFO: [ app_begin ] --END-- [ RunTime:0.001118s ]
SQL: SHOW COLUMNS FROM `wx_users` [ RunTime:0.0204s ]
SQL: SHOW COLUMNS FROM `wx_hbrecord` [ RunTime:0.0122s ]
SQL: SHOW COLUMNS FROM `wx_ztrecord` [ RunTime:0.0119s ]
SQL: SELECT * FROM `wx_users` WHERE `user_id` = 1024 LIMIT 1   [ RunTime:0.0018s ]
SQL: SELECT `nickname` FROM `wx_users` WHERE `user_id` = 1023 LIMIT 1   [ RunTime:0.0006s ]
SQL: SHOW COLUMNS FROM `wx_daili_info` [ RunTime:0.0125s ]
SQL: SELECT * FROM `wx_daili_info`  [ RunTime:0.0008s ]
SQL: SHOW COLUMNS FROM `wx_memberlevel` [ RunTime:0.0119s ]
SQL: SELECT * FROM `wx_memberlevel` WHERE (  id = '1'  ) LIMIT 1   [ RunTime:0.0008s ]
INFO: [ view_parse ] --START--
INFO: [ template_filter ] --START--
INFO: Run Behavior\ContentReplaceBehavior [ RunTime:0.000362s ]
INFO: [ template_filter ] --END-- [ RunTime:0.000539s ]
INFO: Run Behavior\ParseTemplateBehavior [ RunTime:0.023873s ]
INFO: [ view_parse ] --END-- [ RunTime:0.024060s ]
INFO: [ view_filter ] --START--
INFO: Run Behavior\WriteHtmlCacheBehavior [ RunTime:0.000868s ]
INFO: [ view_filter ] --END-- [ RunTime:0.000989s ]
INFO: [ app_end ] --START--
INFO: Run Behavior\ShowPageTraceBehavior [ RunTime:0.002296s ]
INFO: [ app_end ] --END-- [ RunTime:0.002498s ]

[ 2018-03-18T16:58:16+08:00 ] 127.0.0.1 /
INFO: [ app_init ] --START--
INFO: Run Behavior\BuildLiteBehavior [ RunTime:0.000022s ]
INFO: [ app_init ] --END-- [ RunTime:0.000426s ]
INFO: [ app_begin ] --START--
INFO: Run Behavior\ReadHtmlCacheBehavior [ RunTime:0.000605s ]
INFO: [ app_begin ] --END-- [ RunTime:0.000655s ]
SQL: SHOW COLUMNS FROM `wx_users` [ RunTime:0.0362s ]
SQL: SHOW COLUMNS FROM `wx_hbrecord` [ RunTime:0.0228s ]
SQL: SHOW COLUMNS FROM `wx_ztrecord` [ RunTime:0.0212s ]
SQL: SELECT * FROM `wx_users` WHERE `user_id` = 1024 LIMIT 1   [ RunTime:0.0032s ]
SQL: SELECT `nickname` FROM `wx_users` WHERE `user_id` = 1023 LIMIT 1   [ RunTime:0.0010s ]
SQL: SHOW COLUMNS FROM `wx_daili_info` [ RunTime:0.0212s ]
SQL: SELECT * FROM `wx_daili_info`  [ RunTime:0.0013s ]
SQL: SHOW COLUMNS FROM `wx_memberlevel` [ RunTime:0.0193s ]
SQL: SELECT * FROM `wx_memberlevel` WHERE (  id = '1'  ) LIMIT 1   [ RunTime:0.0015s ]
INFO: [ view_parse ] --START--
INFO: [ template_filter ] --START--
INFO: Run Behavior\ContentReplaceBehavior [ RunTime:0.000668s ]
INFO: [ template_filter ] --END-- [ RunTime:0.001077s ]
INFO: Run Behavior\ParseTemplateBehavior [ RunTime:0.041367s ]
INFO: [ view_parse ] --END-- [ RunTime:0.041670s ]
INFO: [ view_filter ] --START--
INFO: Run Behavior\WriteHtmlCacheBehavior [ RunTime:0.001171s ]
INFO: [ view_filter ] --END-- [ RunTime:0.001350s ]
INFO: [ app_end ] --START--
INFO: Run Behavior\ShowPageTraceBehavior [ RunTime:0.004203s ]
INFO: [ app_end ] --END-- [ RunTime:0.004426s ]

[ 2018-03-18T16:58:25+08:00 ] 127.0.0.1 /
INFO: [ app_init ] --START--
INFO: Run Behavior\BuildLiteBehavior [ RunTime:0.000027s ]
INFO: [ app_init ] --END-- [ RunTime:0.000610s ]
INFO: [ app_begin ] --START--
INFO: Run Behavior\ReadHtmlCacheBehavior [ RunTime:0.000965s ]
INFO: [ app_begin ] --END-- [ RunTime:0.001024s ]
SQL: SHOW COLUMNS FROM `wx_users` [ RunTime:0.0708s ]
SQL: SHOW COLUMNS FROM `wx_hbrecord` [ RunTime:0.0663s ]
SQL: SHOW COLUMNS FROM `wx_ztrecord` [ RunTime:0.0254s ]
SQL: SELECT * FROM `wx_users` WHERE `user_id` = 1024 LIMIT 1   [ RunTime:0.0037s ]
SQL: SELECT `nickname` FROM `wx_users` WHERE `user_id` = 1023 LIMIT 1   [ RunTime:0.0013s ]
SQL: SHOW COLUMNS FROM `wx_daili_info` [ RunTime:0.0262s ]
SQL: SELECT * FROM `wx_daili_info`  [ RunTime:0.0013s ]
SQL: SHOW COLUMNS FROM `wx_memberlevel` [ RunTime:0.0190s ]
SQL: SELECT * FROM `wx_memberlevel` WHERE (  id = '1'  ) LIMIT 1   [ RunTime:0.0012s ]
INFO: [ view_parse ] --START--
INFO: [ template_filter ] --START--
INFO: Run Behavior\ContentReplaceBehavior [ RunTime:0.000368s ]
INFO: [ template_filter ] --END-- [ RunTime:0.000552s ]
INFO: Run Behavior\ParseTemplateBehavior [ RunTime:0.037148s ]
INFO: [ view_parse ] --END-- [ RunTime:0.037384s ]
INFO: [ view_filter ] --START--
INFO: Run Behavior\WriteHtmlCacheBehavior [ RunTime:0.000937s ]
INFO: [ view_filter ] --END-- [ RunTime:0.001036s ]
INFO: [ app_end ] --START--
INFO: Run Behavior\ShowPageTraceBehavior [ RunTime:0.003437s ]
INFO: [ app_end ] --END-- [ RunTime:0.003619s ]

[ 2018-03-18T16:58:30+08:00 ] 127.0.0.1 /
INFO: [ app_init ] --START--
INFO: Run Behavior\BuildLiteBehavior [ RunTime:0.000021s ]
INFO: [ app_init ] --END-- [ RunTime:0.000753s ]
INFO: [ app_begin ] --START--
INFO: Run Behavior\ReadHtmlCacheBehavior [ RunTime:0.002585s ]
INFO: [ app_begin ] --END-- [ RunTime:0.002962s ]
SQL: SHOW COLUMNS FROM `wx_users` [ RunTime:0.0675s ]
SQL: SHOW COLUMNS FROM `wx_hbrecord` [ RunTime:0.0202s ]
SQL: SHOW COLUMNS FROM `wx_ztrecord` [ RunTime:0.0206s ]
SQL: SELECT * FROM `wx_users` WHERE `user_id` = 1024 LIMIT 1   [ RunTime:0.0029s ]
SQL: SELECT `nickname` FROM `wx_users` WHERE `user_id` = 1023 LIMIT 1   [ RunTime:0.0010s ]
SQL: SHOW COLUMNS FROM `wx_daili_info` [ RunTime:0.0211s ]
SQL: SELECT * FROM `wx_daili_info`  [ RunTime:0.0014s ]
SQL: SHOW COLUMNS FROM `wx_memberlevel` [ RunTime:0.0209s ]
SQL: SELECT * FROM `wx_memberlevel` WHERE (  id = '1'  ) LIMIT 1   [ RunTime:0.0011s ]
INFO: [ view_parse ] --START--
INFO: [ template_filter ] --START--
INFO: Run Behavior\ContentReplaceBehavior [ RunTime:0.000463s ]
INFO: [ template_filter ] --END-- [ RunTime:0.000733s ]
INFO: Run Behavior\ParseTemplateBehavior [ RunTime:0.052171s ]
INFO: [ view_parse ] --END-- [ RunTime:0.052518s ]
INFO: [ view_filter ] --START--
INFO: Run Behavior\WriteHtmlCacheBehavior [ RunTime:0.001868s ]
INFO: [ view_filter ] --END-- [ RunTime:0.002124s ]
INFO: [ app_end ] --START--
INFO: Run Behavior\ShowPageTraceBehavior [ RunTime:0.006599s ]
INFO: [ app_end ] --END-- [ RunTime:0.006880s ]

[ 2018-03-18T16:58:37+08:00 ] 127.0.0.1 /
INFO: [ app_init ] --START--
INFO: Run Behavior\BuildLiteBehavior [ RunTime:0.000016s ]
INFO: [ app_init ] --END-- [ RunTime:0.000453s ]
INFO: [ app_begin ] --START--
INFO: Run Behavior\ReadHtmlCacheBehavior [ RunTime:0.000909s ]
INFO: [ app_begin ] --END-- [ RunTime:0.000991s ]
SQL: SHOW COLUMNS FROM `wx_users` [ RunTime:0.0302s ]
SQL: SHOW COLUMNS FROM `wx_hbrecord` [ RunTime:0.0210s ]
SQL: SHOW COLUMNS FROM `wx_ztrecord` [ RunTime:0.0185s ]
SQL: SELECT * FROM `wx_users` WHERE `user_id` = 1024 LIMIT 1   [ RunTime:0.0027s ]
SQL: SELECT `nickname` FROM `wx_users` WHERE `user_id` = 1023 LIMIT 1   [ RunTime:0.0015s ]
SQL: SHOW COLUMNS FROM `wx_daili_info` [ RunTime:0.0226s ]
SQL: SELECT * FROM `wx_daili_info`  [ RunTime:0.0013s ]
SQL: SHOW COLUMNS FROM `wx_memberlevel` [ RunTime:0.0223s ]
SQL: SELECT * FROM `wx_memberlevel` WHERE (  id = '1'  ) LIMIT 1   [ RunTime:0.0011s ]
INFO: [ view_parse ] --START--
INFO: [ template_filter ] --START--
INFO: Run Behavior\ContentReplaceBehavior [ RunTime:0.000482s ]
INFO: [ template_filter ] --END-- [ RunTime:0.000707s ]
INFO: Run Behavior\ParseTemplateBehavior [ RunTime:0.044679s ]
INFO: [ view_parse ] --END-- [ RunTime:0.044939s ]
INFO: [ view_filter ] --START--
INFO: Run Behavior\WriteHtmlCacheBehavior [ RunTime:0.001384s ]
INFO: [ view_filter ] --END-- [ RunTime:0.001608s ]
INFO: [ app_end ] --START--
INFO: Run Behavior\ShowPageTraceBehavior [ RunTime:0.003756s ]
INFO: [ app_end ] --END-- [ RunTime:0.004067s ]

[ 2018-03-18T16:58:41+08:00 ] 127.0.0.1 /
INFO: [ app_init ] --START--
INFO: Run Behavior\BuildLiteBehavior [ RunTime:0.000018s ]
INFO: [ app_init ] --END-- [ RunTime:0.000497s ]
INFO: [ app_begin ] --START--
INFO: Run Behavior\ReadHtmlCacheBehavior [ RunTime:0.000840s ]
INFO: [ app_begin ] --END-- [ RunTime:0.000895s ]
SQL: SHOW COLUMNS FROM `wx_users` [ RunTime:0.0200s ]
SQL: SHOW COLUMNS FROM `wx_hbrecord` [ RunTime:0.0073s ]
SQL: SHOW COLUMNS FROM `wx_ztrecord` [ RunTime:0.0047s ]
SQL: SELECT * FROM `wx_users` WHERE `user_id` = 1024 LIMIT 1   [ RunTime:0.0007s ]
SQL: SELECT `nickname` FROM `wx_users` WHERE `user_id` = 1023 LIMIT 1   [ RunTime:0.0003s ]
SQL: SHOW COLUMNS FROM `wx_daili_info` [ RunTime:0.0078s ]
SQL: SELECT * FROM `wx_daili_info`  [ RunTime:0.0006s ]
SQL: SHOW COLUMNS FROM `wx_memberlevel` [ RunTime:0.0054s ]
SQL: SELECT * FROM `wx_memberlevel` WHERE (  id = '1'  ) LIMIT 1   [ RunTime:0.0003s ]
INFO: [ view_parse ] --START--
INFO: [ template_filter ] --START--
INFO: Run Behavior\ContentReplaceBehavior [ RunTime:0.000148s ]
INFO: [ template_filter ] --END-- [ RunTime:0.000235s ]
INFO: Run Behavior\ParseTemplateBehavior [ RunTime:0.011642s ]
INFO: [ view_parse ] --END-- [ RunTime:0.011720s ]
INFO: [ view_filter ] --START--
INFO: Run Behavior\WriteHtmlCacheBehavior [ RunTime:0.000293s ]
INFO: [ view_filter ] --END-- [ RunTime:0.000329s ]
INFO: [ app_end ] --START--
INFO: Run Behavior\ShowPageTraceBehavior [ RunTime:0.000690s ]
INFO: [ app_end ] --END-- [ RunTime:0.000760s ]

[ 2018-03-18T16:58:42+08:00 ] 127.0.0.1 /
INFO: [ app_init ] --START--
INFO: Run Behavior\BuildLiteBehavior [ RunTime:0.000030s ]
INFO: [ app_init ] --END-- [ RunTime:0.000665s ]
INFO: [ app_begin ] --START--
INFO: Run Behavior\ReadHtmlCacheBehavior [ RunTime:0.000888s ]
INFO: [ app_begin ] --END-- [ RunTime:0.000972s ]
SQL: SHOW COLUMNS FROM `wx_users` [ RunTime:0.0298s ]
SQL: SHOW COLUMNS FROM `wx_hbrecord` [ RunTime:0.0370s ]
SQL: SHOW COLUMNS FROM `wx_ztrecord` [ RunTime:0.0189s ]
SQL: SELECT * FROM `wx_users` WHERE `user_id` = 1024 LIMIT 1   [ RunTime:0.0015s ]
SQL: SELECT `nickname` FROM `wx_users` WHERE `user_id` = 1023 LIMIT 1   [ RunTime:0.0005s ]
SQL: SHOW COLUMNS FROM `wx_daili_info` [ RunTime:0.0125s ]
SQL: SELECT * FROM `wx_daili_info`  [ RunTime:0.0008s ]
SQL: SHOW COLUMNS FROM `wx_memberlevel` [ RunTime:0.0116s ]
SQL: SELECT * FROM `wx_memberlevel` WHERE (  id = '1'  ) LIMIT 1   [ RunTime:0.0007s ]
INFO: [ view_parse ] --START--
INFO: [ template_filter ] --START--
INFO: Run Behavior\ContentReplaceBehavior [ RunTime:0.000245s ]
INFO: [ template_filter ] --END-- [ RunTime:0.000371s ]
INFO: Run Behavior\ParseTemplateBehavior [ RunTime:0.023361s ]
INFO: [ view_parse ] --END-- [ RunTime:0.023513s ]
INFO: [ view_filter ] --START--
INFO: Run Behavior\WriteHtmlCacheBehavior [ RunTime:0.000670s ]
INFO: [ view_filter ] --END-- [ RunTime:0.000769s ]
INFO: [ app_end ] --START--
INFO: Run Behavior\ShowPageTraceBehavior [ RunTime:0.001814s ]
INFO: [ app_end ] --END-- [ RunTime:0.001981s ]

[ 2018-03-18T16:58:49+08:00 ] 127.0.0.1 /
INFO: [ app_init ] --START--
INFO: Run Behavior\BuildLiteBehavior [ RunTime:0.000027s ]
INFO: [ app_init ] --END-- [ RunTime:0.000788s ]
INFO: [ app_begin ] --START--
INFO: Run Behavior\ReadHtmlCacheBehavior [ RunTime:0.003599s ]
INFO: [ app_begin ] --END-- [ RunTime:0.003687s ]
SQL: SHOW COLUMNS FROM `wx_users` [ RunTime:0.0270s ]
SQL: SHOW COLUMNS FROM `wx_hbrecord` [ RunTime:0.0216s ]
SQL: SHOW COLUMNS FROM `wx_ztrecord` [ RunTime:0.0202s ]
SQL: SELECT * FROM `wx_users` WHERE `user_id` = 1024 LIMIT 1   [ RunTime:0.0027s ]
SQL: SELECT `nickname` FROM `wx_users` WHERE `user_id` = 1023 LIMIT 1   [ RunTime:0.0009s ]
SQL: SHOW COLUMNS FROM `wx_daili_info` [ RunTime:0.0236s ]
SQL: SELECT * FROM `wx_daili_info`  [ RunTime:0.0013s ]
SQL: SHOW COLUMNS FROM `wx_memberlevel` [ RunTime:0.0207s ]
SQL: SELECT * FROM `wx_memberlevel` WHERE (  id = '1'  ) LIMIT 1   [ RunTime:0.0013s ]
INFO: [ view_parse ] --START--
INFO: [ template_filter ] --START--
INFO: Run Behavior\ContentReplaceBehavior [ RunTime:0.000264s ]
INFO: [ template_filter ] --END-- [ RunTime:0.000390s ]
INFO: Run Behavior\ParseTemplateBehavior [ RunTime:0.042256s ]
INFO: [ view_parse ] --END-- [ RunTime:0.042579s ]
INFO: [ view_filter ] --START--
INFO: Run Behavior\WriteHtmlCacheBehavior [ RunTime:0.001456s ]
INFO: [ view_filter ] --END-- [ RunTime:0.001557s ]
INFO: [ app_end ] --START--
INFO: Run Behavior\ShowPageTraceBehavior [ RunTime:0.003487s ]
INFO: [ app_end ] --END-- [ RunTime:0.003625s ]

[ 2018-03-18T17:16:15+08:00 ] 127.0.0.1 /User/User/memberlevel
INFO: [ app_init ] --START--
INFO: Run Behavior\BuildLiteBehavior [ RunTime:0.000016s ]
INFO: [ app_init ] --END-- [ RunTime:0.000502s ]
INFO: [ app_begin ] --START--
INFO: Run Behavior\ReadHtmlCacheBehavior [ RunTime:0.000616s ]
INFO: [ app_begin ] --END-- [ RunTime:0.000668s ]
SQL: SHOW COLUMNS FROM `wx_memberlevel` [ RunTime:0.0150s ]
SQL: SELECT * FROM `wx_memberlevel`  [ RunTime:0.0006s ]
INFO: [ app_end ] --START--
INFO: Run Behavior\ShowPageTraceBehavior [ RunTime:0.001161s ]
INFO: [ app_end ] --END-- [ RunTime:0.001253s ]

[ 2018-03-18T17:16:15+08:00 ] 127.0.0.1 /User/User/memberarea
INFO: [ app_init ] --START--
INFO: Run Behavior\BuildLiteBehavior [ RunTime:0.000025s ]
INFO: [ app_init ] --END-- [ RunTime:0.000683s ]
INFO: [ app_begin ] --START--
INFO: Run Behavior\ReadHtmlCacheBehavior [ RunTime:0.001455s ]
INFO: [ app_begin ] --END-- [ RunTime:0.001576s ]
NOTIC: [8] Undefined index: register_area_default D:\phpstudy\WWW\slh\Application\User\Controller\UserController.class.php 第 286 行.
INFO: [ app_end ] --START--
INFO: Run Behavior\ShowPageTraceBehavior [ RunTime:0.001141s ]
INFO: [ app_end ] --END-- [ RunTime:0.001232s ]

[ 2018-03-18T17:16:16+08:00 ] 127.0.0.1 /User/User/bank
INFO: [ app_init ] --START--
INFO: Run Behavior\BuildLiteBehavior [ RunTime:0.000042s ]
INFO: [ app_init ] --END-- [ RunTime:0.002436s ]
INFO: [ app_begin ] --START--
INFO: Run Behavior\ReadHtmlCacheBehavior [ RunTime:0.001103s ]
INFO: [ app_begin ] --END-- [ RunTime:0.001199s ]
SQL: SHOW COLUMNS FROM `wx_bank` [ RunTime:0.0254s ]
SQL: SELECT * FROM `wx_bank`  [ RunTime:0.0010s ]
INFO: [ app_end ] --START--
INFO: Run Behavior\ShowPageTraceBehavior [ RunTime:0.002208s ]
INFO: [ app_end ] --END-- [ RunTime:0.002417s ]

[ 2018-03-18T17:16:17+08:00 ] 127.0.0.1 /User/User/place
INFO: [ app_init ] --START--
INFO: Run Behavior\BuildLiteBehavior [ RunTime:0.000020s ]
INFO: [ app_init ] --END-- [ RunTime:0.000484s ]
INFO: [ app_begin ] --START--
INFO: Run Behavior\ReadHtmlCacheBehavior [ RunTime:0.001161s ]
INFO: [ app_begin ] --END-- [ RunTime:0.001807s ]
SQL: SHOW COLUMNS FROM `wx_region` [ RunTime:0.0338s ]
SQL: SELECT * FROM `wx_region` WHERE (  PARENT_ID = '1' )  [ RunTime:0.0252s ]
INFO: [ app_end ] --START--
INFO: Run Behavior\ShowPageTraceBehavior [ RunTime:0.006006s ]
INFO: [ app_end ] --END-- [ RunTime:0.006322s ]

[ 2018-03-18T17:53:20+08:00 ] 127.0.0.1 /index.php
INFO: [ app_init ] --START--
INFO: Run Behavior\BuildLiteBehavior [ RunTime:0.000074s ]
INFO: [ app_init ] --END-- [ RunTime:0.003133s ]
INFO: [ app_begin ] --START--
INFO: Run Behavior\ReadHtmlCacheBehavior [ RunTime:0.004270s ]
INFO: [ app_begin ] --END-- [ RunTime:0.004542s ]
INFO: [ view_parse ] --START--
INFO: [ template_filter ] --START--
INFO: Run Behavior\ContentReplaceBehavior [ RunTime:0.000358s ]
INFO: [ template_filter ] --END-- [ RunTime:0.000613s ]
INFO: Run Behavior\ParseTemplateBehavior [ RunTime:0.093402s ]
INFO: [ view_parse ] --END-- [ RunTime:0.093674s ]
INFO: [ view_filter ] --START--
INFO: Run Behavior\WriteHtmlCacheBehavior [ RunTime:0.017560s ]
INFO: [ view_filter ] --END-- [ RunTime:0.017843s ]

[ 2018-03-18T20:40:54+08:00 ] 127.0.0.1 /index.php
INFO: [ app_init ] --START--
INFO: Run Behavior\BuildLiteBehavior [ RunTime:0.000041s ]
INFO: [ app_init ] --END-- [ RunTime:0.001422s ]
INFO: [ app_begin ] --START--
INFO: Run Behavior\ReadHtmlCacheBehavior [ RunTime:0.002111s ]
INFO: [ app_begin ] --END-- [ RunTime:0.002248s ]
INFO: [ view_parse ] --START--
INFO: [ template_filter ] --START--
INFO: Run Behavior\ContentReplaceBehavior [ RunTime:0.000186s ]
INFO: [ template_filter ] --END-- [ RunTime:0.000305s ]
INFO: Run Behavior\ParseTemplateBehavior [ RunTime:0.029682s ]
INFO: [ view_parse ] --END-- [ RunTime:0.029815s ]
INFO: [ view_filter ] --START--
INFO: Run Behavior\WriteHtmlCacheBehavior [ RunTime:0.001174s ]
INFO: [ view_filter ] --END-- [ RunTime:0.001299s ]

[ 2018-03-18T20:40:54+08:00 ] 127.0.0.1 /index.php
INFO: [ app_init ] --START--
INFO: Run Behavior\BuildLiteBehavior [ RunTime:0.000039s ]
INFO: [ app_init ] --END-- [ RunTime:0.001364s ]
INFO: [ app_begin ] --START--
INFO: Run Behavior\ReadHtmlCacheBehavior [ RunTime:0.001797s ]
INFO: [ app_begin ] --END-- [ RunTime:0.001906s ]
INFO: [ view_parse ] --START--
INFO: [ template_filter ] --START--
INFO: Run Behavior\ContentReplaceBehavior [ RunTime:0.000189s ]
INFO: [ template_filter ] --END-- [ RunTime:0.000313s ]
INFO: Run Behavior\ParseTemplateBehavior [ RunTime:0.032143s ]
INFO: [ view_parse ] --END-- [ RunTime:0.032242s ]
INFO: [ view_filter ] --START--
INFO: Run Behavior\WriteHtmlCacheBehavior [ RunTime:0.000797s ]
INFO: [ view_filter ] --END-- [ RunTime:0.000898s ]

[ 2018-03-18T21:24:42+08:00 ] 127.0.0.1 /User/User/memberlevel
INFO: [ app_init ] --START--
INFO: Run Behavior\BuildLiteBehavior [ RunTime:0.000046s ]
INFO: [ app_init ] --END-- [ RunTime:0.001233s ]
INFO: [ app_begin ] --START--
INFO: Run Behavior\ReadHtmlCacheBehavior [ RunTime:0.001551s ]
INFO: [ app_begin ] --END-- [ RunTime:0.001698s ]
SQL: SHOW COLUMNS FROM `wx_memberlevel` [ RunTime:0.0196s ]
SQL: SELECT * FROM `wx_memberlevel`  [ RunTime:0.0015s ]
INFO: [ app_end ] --START--
INFO: Run Behavior\ShowPageTraceBehavior [ RunTime:0.003415s ]
INFO: [ app_end ] --END-- [ RunTime:0.003686s ]

[ 2018-03-18T21:24:42+08:00 ] 127.0.0.1 /User/User/memberarea
INFO: [ app_init ] --START--
INFO: Run Behavior\BuildLiteBehavior [ RunTime:0.000025s ]
INFO: [ app_init ] --END-- [ RunTime:0.000638s ]
INFO: [ app_begin ] --START--
INFO: Run Behavior\ReadHtmlCacheBehavior [ RunTime:0.000975s ]
INFO: [ app_begin ] --END-- [ RunTime:0.001080s ]
NOTIC: [8] Undefined index: register_area_default D:\phpstudy\WWW\slh\Application\User\Controller\UserController.class.php 第 286 行.
INFO: [ app_end ] --START--
INFO: Run Behavior\ShowPageTraceBehavior [ RunTime:0.001772s ]
INFO: [ app_end ] --END-- [ RunTime:0.001904s ]

[ 2018-03-18T21:24:44+08:00 ] 127.0.0.1 /User/User/bank
INFO: [ app_init ] --START--
INFO: Run Behavior\BuildLiteBehavior [ RunTime:0.000025s ]
INFO: [ app_init ] --END-- [ RunTime:0.000629s ]
INFO: [ app_begin ] --START--
INFO: Run Behavior\ReadHtmlCacheBehavior [ RunTime:0.000999s ]
INFO: [ app_begin ] --END-- [ RunTime:0.001085s ]
SQL: SHOW COLUMNS FROM `wx_bank` [ RunTime:0.0527s ]
SQL: SELECT * FROM `wx_bank`  [ RunTime:0.0015s ]
INFO: [ app_end ] --START--
INFO: Run Behavior\ShowPageTraceBehavior [ RunTime:0.004147s ]
INFO: [ app_end ] --END-- [ RunTime:0.004477s ]

[ 2018-03-18T21:24:45+08:00 ] 127.0.0.1 /User/User/place
INFO: [ app_init ] --START--
INFO: Run Behavior\BuildLiteBehavior [ RunTime:0.000020s ]
INFO: [ app_init ] --END-- [ RunTime:0.000508s ]
INFO: [ app_begin ] --START--
INFO: Run Behavior\ReadHtmlCacheBehavior [ RunTime:0.000775s ]
INFO: [ app_begin ] --END-- [ RunTime:0.000837s ]
SQL: SHOW COLUMNS FROM `wx_region` [ RunTime:0.1051s ]
SQL: SELECT * FROM `wx_region` WHERE (  PARENT_ID = '1' )  [ RunTime:0.0323s ]
INFO: [ app_end ] --START--
INFO: Run Behavior\ShowPageTraceBehavior [ RunTime:0.003628s ]
INFO: [ app_end ] --END-- [ RunTime:0.003922s ]

