[ 2018-03-13T20:24:17+08:00 ] ::1 /slh/
INFO: [ app_init ] --START--
INFO: Run Behavior\BuildLiteBehavior [ RunTime:0.000023s ]
INFO: [ app_init ] --END-- [ RunTime:0.000739s ]
INFO: [ app_begin ] --START--
INFO: Run Behavior\ReadHtmlCacheBehavior [ RunTime:0.001222s ]
INFO: [ app_begin ] --END-- [ RunTime:0.001295s ]
INFO: [ view_parse ] --START--
INFO: [ template_filter ] --START--
INFO: Run Behavior\ContentReplaceBehavior [ RunTime:0.007968s ]
INFO: [ template_filter ] --END-- [ RunTime:0.008218s ]
INFO: Run Behavior\ParseTemplateBehavior [ RunTime:0.021202s ]
INFO: [ view_parse ] --END-- [ RunTime:0.021257s ]
INFO: [ view_filter ] --START--
INFO: Run Behavior\WriteHtmlCacheBehavior [ RunTime:0.000549s ]
INFO: [ view_filter ] --END-- [ RunTime:0.000577s ]

[ 2018-03-13T20:24:48+08:00 ] ::1 /slh/index.php
INFO: [ app_init ] --START--
INFO: Run Behavior\BuildLiteBehavior [ RunTime:0.000025s ]
INFO: [ app_init ] --END-- [ RunTime:0.000558s ]
INFO: [ app_begin ] --START--
INFO: Run Behavior\ReadHtmlCacheBehavior [ RunTime:0.000644s ]
INFO: [ app_begin ] --END-- [ RunTime:0.000684s ]
INFO: [ view_parse ] --START--
INFO: [ template_filter ] --START--
INFO: Run Behavior\ContentReplaceBehavior [ RunTime:0.000112s ]
INFO: [ template_filter ] --END-- [ RunTime:0.000253s ]
INFO: Run Behavior\ParseTemplateBehavior [ RunTime:0.013831s ]
INFO: [ view_parse ] --END-- [ RunTime:0.013953s ]
INFO: [ view_filter ] --START--
INFO: Run Behavior\WriteHtmlCacheBehavior [ RunTime:0.000501s ]
INFO: [ view_filter ] --END-- [ RunTime:0.000539s ]

[ 2018-03-13T20:27:55+08:00 ] ::1 /index.php
INFO: [ app_init ] --START--
INFO: Run Behavior\BuildLiteBehavior [ RunTime:0.000027s ]
INFO: [ app_init ] --END-- [ RunTime:0.000718s ]
INFO: [ app_begin ] --START--
INFO: Run Behavior\ReadHtmlCacheBehavior [ RunTime:0.000988s ]
INFO: [ app_begin ] --END-- [ RunTime:0.001044s ]
INFO: [ view_parse ] --START--
INFO: [ template_filter ] --START--
INFO: Run Behavior\ContentReplaceBehavior [ RunTime:0.000141s ]
INFO: [ template_filter ] --END-- [ RunTime:0.000260s ]
INFO: Run Behavior\ParseTemplateBehavior [ RunTime:0.011726s ]
INFO: [ view_parse ] --END-- [ RunTime:0.011782s ]
INFO: [ view_filter ] --START--
INFO: Run Behavior\WriteHtmlCacheBehavior [ RunTime:0.000754s ]
INFO: [ view_filter ] --END-- [ RunTime:0.000801s ]

[ 2018-03-13T20:27:55+08:00 ] ::1 /User/Center/builder_verify_img/FQMYAAWSIGNPQYWY
INFO: [ app_init ] --START--
INFO: Run Behavior\BuildLiteBehavior [ RunTime:0.000014s ]
INFO: [ app_init ] --END-- [ RunTime:0.000572s ]
INFO: [ app_begin ] --START--
INFO: Run Behavior\ReadHtmlCacheBehavior [ RunTime:0.001029s ]
INFO: [ app_begin ] --END-- [ RunTime:0.001117s ]

[ 2018-03-13T20:28:36+08:00 ] ::1 /User/User/memberlevel
INFO: [ app_init ] --START--
INFO: Run Behavior\BuildLiteBehavior [ RunTime:0.000062s ]
INFO: [ app_init ] --END-- [ RunTime:0.001080s ]
INFO: [ app_begin ] --START--
INFO: Run Behavior\ReadHtmlCacheBehavior [ RunTime:0.001283s ]
INFO: [ app_begin ] --END-- [ RunTime:0.001368s ]
SQL: SHOW COLUMNS FROM `wx_memberlevel` [ RunTime:0.0128s ]
SQL: SELECT * FROM `wx_memberlevel`  [ RunTime:0.0004s ]
NOTIC: [8] Undefined variable: menber_level D:\phpStudy\WWW\slh\Application\User\Controller\UserController.class.php 第 310 行.
INFO: [ app_end ] --START--
INFO: Run Behavior\ShowPageTraceBehavior [ RunTime:0.000958s ]
INFO: [ app_end ] --END-- [ RunTime:0.001023s ]

[ 2018-03-13T20:28:59+08:00 ] ::1 /User/User/memberlevel
INFO: [ app_init ] --START--
INFO: Run Behavior\BuildLiteBehavior [ RunTime:0.000028s ]
INFO: [ app_init ] --END-- [ RunTime:0.000877s ]
INFO: [ app_begin ] --START--
INFO: Run Behavior\ReadHtmlCacheBehavior [ RunTime:0.000901s ]
INFO: [ app_begin ] --END-- [ RunTime:0.000969s ]
SQL: SHOW COLUMNS FROM `wx_memberlevel` [ RunTime:0.0154s ]
SQL: SELECT * FROM `wx_memberlevel`  [ RunTime:0.0004s ]
NOTIC: [8] Undefined variable: menber_level D:\phpStudy\WWW\slh\Application\User\Controller\UserController.class.php 第 310 行.
INFO: [ app_end ] --START--
INFO: Run Behavior\ShowPageTraceBehavior [ RunTime:0.001050s ]
INFO: [ app_end ] --END-- [ RunTime:0.001118s ]

[ 2018-03-13T20:33:35+08:00 ] ::1 /User/User/memberlevel
INFO: [ app_init ] --START--
INFO: Run Behavior\BuildLiteBehavior [ RunTime:0.000034s ]
INFO: [ app_init ] --END-- [ RunTime:0.000661s ]
INFO: [ app_begin ] --START--
INFO: Run Behavior\ReadHtmlCacheBehavior [ RunTime:0.000792s ]
INFO: [ app_begin ] --END-- [ RunTime:0.000862s ]
SQL: SHOW COLUMNS FROM `wx_memberlevel` [ RunTime:0.0121s ]
SQL: SELECT * FROM `wx_memberlevel`  [ RunTime:0.0003s ]
INFO: [ app_end ] --START--
INFO: Run Behavior\ShowPageTraceBehavior [ RunTime:0.000862s ]
INFO: [ app_end ] --END-- [ RunTime:0.000917s ]

[ 2018-03-13T20:33:35+08:00 ] ::1 /User/User/memberarea
INFO: [ app_init ] --START--
INFO: Run Behavior\BuildLiteBehavior [ RunTime:0.000023s ]
INFO: [ app_init ] --END-- [ RunTime:0.000528s ]
INFO: [ app_begin ] --START--
INFO: Run Behavior\ReadHtmlCacheBehavior [ RunTime:0.000922s ]
INFO: [ app_begin ] --END-- [ RunTime:0.001042s ]
NOTIC: [8] Undefined index: register_area_default D:\phpStudy\WWW\slh\Application\User\Controller\UserController.class.php 第 285 行.
INFO: [ app_end ] --START--
INFO: Run Behavior\ShowPageTraceBehavior [ RunTime:0.001072s ]
INFO: [ app_end ] --END-- [ RunTime:0.001176s ]

[ 2018-03-13T20:33:36+08:00 ] ::1 /User/User/bank
INFO: [ app_init ] --START--
INFO: Run Behavior\BuildLiteBehavior [ RunTime:0.000017s ]
INFO: [ app_init ] --END-- [ RunTime:0.000758s ]
INFO: [ app_begin ] --START--
INFO: Run Behavior\ReadHtmlCacheBehavior [ RunTime:0.000960s ]
INFO: [ app_begin ] --END-- [ RunTime:0.001032s ]
SQL: SHOW COLUMNS FROM `wx_bank` [ RunTime:0.0183s ]
SQL: SELECT * FROM `wx_bank`  [ RunTime:0.0003s ]
INFO: [ app_end ] --START--
INFO: Run Behavior\ShowPageTraceBehavior [ RunTime:0.000803s ]
INFO: [ app_end ] --END-- [ RunTime:0.000849s ]

[ 2018-03-13T20:33:37+08:00 ] ::1 /User/User/place
INFO: [ app_init ] --START--
INFO: Run Behavior\BuildLiteBehavior [ RunTime:0.000021s ]
INFO: [ app_init ] --END-- [ RunTime:0.000584s ]
INFO: [ app_begin ] --START--
INFO: Run Behavior\ReadHtmlCacheBehavior [ RunTime:0.001350s ]
INFO: [ app_begin ] --END-- [ RunTime:0.001444s ]
SQL: SHOW COLUMNS FROM `wx_region` [ RunTime:0.0528s ]
SQL: SELECT * FROM `wx_region` WHERE (  PARENT_ID = '1' )  [ RunTime:0.0068s ]
INFO: [ app_end ] --START--
INFO: Run Behavior\ShowPageTraceBehavior [ RunTime:0.000618s ]
INFO: [ app_end ] --END-- [ RunTime:0.000651s ]

[ 2018-03-13T20:33:48+08:00 ] ::1 /User/User/place
INFO: [ app_init ] --START--
INFO: Run Behavior\BuildLiteBehavior [ RunTime:0.000044s ]
INFO: [ app_init ] --END-- [ RunTime:0.001797s ]
INFO: [ app_begin ] --START--
INFO: Run Behavior\ReadHtmlCacheBehavior [ RunTime:0.002765s ]
INFO: [ app_begin ] --END-- [ RunTime:0.003420s ]
SQL: SHOW COLUMNS FROM `wx_region` [ RunTime:0.0126s ]
SQL: SELECT * FROM `wx_region` WHERE (  PARENT_ID = '3' )  [ RunTime:0.0020s ]
INFO: [ app_end ] --START--
INFO: Run Behavior\ShowPageTraceBehavior [ RunTime:0.000688s ]
INFO: [ app_end ] --END-- [ RunTime:0.000724s ]

[ 2018-03-13T20:33:54+08:00 ] ::1 /User/User/place
INFO: [ app_init ] --START--
INFO: Run Behavior\BuildLiteBehavior [ RunTime:0.000022s ]
INFO: [ app_init ] --END-- [ RunTime:0.000601s ]
INFO: [ app_begin ] --START--
INFO: Run Behavior\ReadHtmlCacheBehavior [ RunTime:0.000878s ]
INFO: [ app_begin ] --END-- [ RunTime:0.000957s ]
SQL: SHOW COLUMNS FROM `wx_region` [ RunTime:0.0128s ]
SQL: SELECT * FROM `wx_region` WHERE (  PARENT_ID = '35' )  [ RunTime:0.0022s ]
INFO: [ app_end ] --START--
INFO: Run Behavior\ShowPageTraceBehavior [ RunTime:0.000931s ]
INFO: [ app_end ] --END-- [ RunTime:0.001003s ]

[ 2018-03-13T20:34:46+08:00 ] ::1 /User/User/place
INFO: [ app_init ] --START--
INFO: Run Behavior\BuildLiteBehavior [ RunTime:0.000017s ]
INFO: [ app_init ] --END-- [ RunTime:0.000525s ]
INFO: [ app_begin ] --START--
INFO: Run Behavior\ReadHtmlCacheBehavior [ RunTime:0.000807s ]
INFO: [ app_begin ] --END-- [ RunTime:0.000870s ]
SQL: SHOW COLUMNS FROM `wx_region` [ RunTime:0.0130s ]
SQL: SELECT * FROM `wx_region` WHERE (  PARENT_ID = '2' )  [ RunTime:0.0022s ]
INFO: [ app_end ] --START--
INFO: Run Behavior\ShowPageTraceBehavior [ RunTime:0.000801s ]
INFO: [ app_end ] --END-- [ RunTime:0.000840s ]

[ 2018-03-13T20:34:48+08:00 ] ::1 /User/User/place
INFO: [ app_init ] --START--
INFO: Run Behavior\BuildLiteBehavior [ RunTime:0.000020s ]
INFO: [ app_init ] --END-- [ RunTime:0.000581s ]
INFO: [ app_begin ] --START--
INFO: Run Behavior\ReadHtmlCacheBehavior [ RunTime:0.000914s ]
INFO: [ app_begin ] --END-- [ RunTime:0.000988s ]
SQL: SHOW COLUMNS FROM `wx_region` [ RunTime:0.0305s ]
SQL: SELECT * FROM `wx_region` WHERE (  PARENT_ID = '33' )  [ RunTime:0.0037s ]
INFO: [ app_end ] --START--
INFO: Run Behavior\ShowPageTraceBehavior [ RunTime:0.000888s ]
INFO: [ app_end ] --END-- [ RunTime:0.000937s ]

[ 2018-03-13T20:35:00+08:00 ] ::1 /User/User/api_register_submit.html
INFO: [ app_init ] --START--
INFO: Run Behavior\BuildLiteBehavior [ RunTime:0.000018s ]
INFO: [ app_init ] --END-- [ RunTime:0.000548s ]
INFO: [ app_begin ] --START--
INFO: Run Behavior\ReadHtmlCacheBehavior [ RunTime:0.001839s ]
INFO: [ app_begin ] --END-- [ RunTime:0.001994s ]
SQL: SHOW COLUMNS FROM `wx_users` [ RunTime:0.0172s ]
SQL: SELECT * FROM `wx_users` WHERE (  user_name = 'M001026' ) LIMIT 1   [ RunTime:0.0044s ]
SQL: SELECT * FROM `wx_users` WHERE (  user_name = 'M000001' ) LIMIT 1   [ RunTime:0.0023s ]
NOTIC: [8] Undefined index: single D:\phpStudy\WWW\slh\Application\User\Controller\UserController.class.php 第 84 行.
SQL: SHOW COLUMNS FROM `wx_memberlevel` [ RunTime:0.0147s ]
SQL: SELECT * FROM `wx_memberlevel` WHERE (  id = '1'  ) LIMIT 1   [ RunTime:0.0004s ]
SQL: SELECT * FROM `wx_users` WHERE (  moblie = '13240333271' ) LIMIT 1   [ RunTime:0.0053s ]
SQL: SELECT * FROM `wx_users` WHERE (  user_name = 'M000001' ) LIMIT 1   [ RunTime:0.0013s ]
SQL: SELECT * FROM `wx_users` WHERE (  user_name = 'M000001' ) LIMIT 1   [ RunTime:0.0006s ]

[ 2018-03-13T20:35:13+08:00 ] ::1 /User/User/api_register_submit.html
INFO: [ app_init ] --START--
INFO: Run Behavior\BuildLiteBehavior [ RunTime:0.000022s ]
INFO: [ app_init ] --END-- [ RunTime:0.001076s ]
INFO: [ app_begin ] --START--
INFO: Run Behavior\ReadHtmlCacheBehavior [ RunTime:0.001031s ]
INFO: [ app_begin ] --END-- [ RunTime:0.001196s ]
SQL: SHOW COLUMNS FROM `wx_users` [ RunTime:0.0155s ]
SQL: SELECT * FROM `wx_users` WHERE (  user_name = 'M001026' ) LIMIT 1   [ RunTime:0.0043s ]
SQL: SELECT * FROM `wx_users` WHERE (  user_name = 'M000001' ) LIMIT 1   [ RunTime:0.0007s ]
NOTIC: [8] Undefined index: single D:\phpStudy\WWW\slh\Application\User\Controller\UserController.class.php 第 84 行.
SQL: SHOW COLUMNS FROM `wx_memberlevel` [ RunTime:0.0146s ]
SQL: SELECT * FROM `wx_memberlevel` WHERE (  id = '1'  ) LIMIT 1   [ RunTime:0.0004s ]
SQL: SELECT * FROM `wx_users` WHERE (  moblie = '13240333271' ) LIMIT 1   [ RunTime:0.0048s ]
SQL: SELECT * FROM `wx_users` WHERE (  user_name = 'M000001' ) LIMIT 1   [ RunTime:0.0008s ]
SQL: SELECT * FROM `wx_users` WHERE (  user_name = 'M000001' ) LIMIT 1   [ RunTime:0.0006s ]

[ 2018-03-13T20:37:50+08:00 ] ::1 /
INFO: [ app_init ] --START--
INFO: Run Behavior\BuildLiteBehavior [ RunTime:0.000012s ]
INFO: [ app_init ] --END-- [ RunTime:0.000371s ]
INFO: [ app_begin ] --START--
INFO: Run Behavior\ReadHtmlCacheBehavior [ RunTime:0.000525s ]
INFO: [ app_begin ] --END-- [ RunTime:0.000558s ]
INFO: [ view_parse ] --START--
INFO: [ template_filter ] --START--
INFO: Run Behavior\ContentReplaceBehavior [ RunTime:0.000054s ]
INFO: [ template_filter ] --END-- [ RunTime:0.000092s ]
INFO: Run Behavior\ParseTemplateBehavior [ RunTime:0.006795s ]
INFO: [ view_parse ] --END-- [ RunTime:0.006840s ]
INFO: [ view_filter ] --START--
INFO: Run Behavior\WriteHtmlCacheBehavior [ RunTime:0.000383s ]
INFO: [ view_filter ] --END-- [ RunTime:0.000413s ]

[ 2018-03-13T20:37:50+08:00 ] ::1 /User/Center/builder_verify_img/XLBVFNHWQNOOLOYV
INFO: [ app_init ] --START--
INFO: Run Behavior\BuildLiteBehavior [ RunTime:0.000012s ]
INFO: [ app_init ] --END-- [ RunTime:0.000374s ]
INFO: [ app_begin ] --START--
INFO: Run Behavior\ReadHtmlCacheBehavior [ RunTime:0.000542s ]
INFO: [ app_begin ] --END-- [ RunTime:0.000575s ]

[ 2018-03-13T20:39:21+08:00 ] ::1 /User/User/memberlevel
INFO: [ app_init ] --START--
INFO: Run Behavior\BuildLiteBehavior [ RunTime:0.000012s ]
INFO: [ app_init ] --END-- [ RunTime:0.000452s ]
INFO: [ app_begin ] --START--
INFO: Run Behavior\ReadHtmlCacheBehavior [ RunTime:0.000572s ]
INFO: [ app_begin ] --END-- [ RunTime:0.000608s ]
SQL: SHOW COLUMNS FROM `wx_memberlevel` [ RunTime:0.0125s ]
SQL: SELECT * FROM `wx_memberlevel`  [ RunTime:0.0024s ]
INFO: [ app_end ] --START--
INFO: Run Behavior\ShowPageTraceBehavior [ RunTime:0.001021s ]
INFO: [ app_end ] --END-- [ RunTime:0.001091s ]

[ 2018-03-13T20:39:21+08:00 ] ::1 /User/User/memberarea
INFO: [ app_init ] --START--
INFO: Run Behavior\BuildLiteBehavior [ RunTime:0.000019s ]
INFO: [ app_init ] --END-- [ RunTime:0.000847s ]
INFO: [ app_begin ] --START--
INFO: Run Behavior\ReadHtmlCacheBehavior [ RunTime:0.001416s ]
INFO: [ app_begin ] --END-- [ RunTime:0.001543s ]
NOTIC: [8] Undefined index: register_area_default D:\phpStudy\WWW\slh\Application\User\Controller\UserController.class.php 第 285 行.
INFO: [ app_end ] --START--
INFO: Run Behavior\ShowPageTraceBehavior [ RunTime:0.000864s ]
INFO: [ app_end ] --END-- [ RunTime:0.000933s ]

[ 2018-03-13T20:39:22+08:00 ] ::1 /User/User/bank
INFO: [ app_init ] --START--
INFO: Run Behavior\BuildLiteBehavior [ RunTime:0.000017s ]
INFO: [ app_init ] --END-- [ RunTime:0.000503s ]
INFO: [ app_begin ] --START--
INFO: Run Behavior\ReadHtmlCacheBehavior [ RunTime:0.001047s ]
INFO: [ app_begin ] --END-- [ RunTime:0.001116s ]
SQL: SHOW COLUMNS FROM `wx_bank` [ RunTime:0.0102s ]
SQL: SELECT * FROM `wx_bank`  [ RunTime:0.0003s ]
INFO: [ app_end ] --START--
INFO: Run Behavior\ShowPageTraceBehavior [ RunTime:0.000763s ]
INFO: [ app_end ] --END-- [ RunTime:0.000803s ]

[ 2018-03-13T20:39:23+08:00 ] ::1 /User/User/place
INFO: [ app_init ] --START--
INFO: Run Behavior\BuildLiteBehavior [ RunTime:0.000060s ]
INFO: [ app_init ] --END-- [ RunTime:0.002572s ]
INFO: [ app_begin ] --START--
INFO: Run Behavior\ReadHtmlCacheBehavior [ RunTime:0.000666s ]
INFO: [ app_begin ] --END-- [ RunTime:0.000714s ]
SQL: SHOW COLUMNS FROM `wx_region` [ RunTime:0.0134s ]
SQL: SELECT * FROM `wx_region` WHERE (  PARENT_ID = '1' )  [ RunTime:0.0032s ]
INFO: [ app_end ] --START--
INFO: Run Behavior\ShowPageTraceBehavior [ RunTime:0.000694s ]
INFO: [ app_end ] --END-- [ RunTime:0.000726s ]

[ 2018-03-13T20:40:04+08:00 ] ::1 /User/User/place
INFO: [ app_init ] --START--
INFO: Run Behavior\BuildLiteBehavior [ RunTime:0.000017s ]
INFO: [ app_init ] --END-- [ RunTime:0.000525s ]
INFO: [ app_begin ] --START--
INFO: Run Behavior\ReadHtmlCacheBehavior [ RunTime:0.003925s ]
INFO: [ app_begin ] --END-- [ RunTime:0.004068s ]
SQL: SHOW COLUMNS FROM `wx_region` [ RunTime:0.0099s ]
SQL: SELECT * FROM `wx_region` WHERE (  PARENT_ID = '5' )  [ RunTime:0.0024s ]
INFO: [ app_end ] --START--
INFO: Run Behavior\ShowPageTraceBehavior [ RunTime:0.000857s ]
INFO: [ app_end ] --END-- [ RunTime:0.000903s ]

[ 2018-03-13T20:40:06+08:00 ] ::1 /User/User/place
INFO: [ app_init ] --START--
INFO: Run Behavior\BuildLiteBehavior [ RunTime:0.000015s ]
INFO: [ app_init ] --END-- [ RunTime:0.000481s ]
INFO: [ app_begin ] --START--
INFO: Run Behavior\ReadHtmlCacheBehavior [ RunTime:0.001058s ]
INFO: [ app_begin ] --END-- [ RunTime:0.001148s ]
SQL: SHOW COLUMNS FROM `wx_region` [ RunTime:0.0101s ]
SQL: SELECT * FROM `wx_region` WHERE (  PARENT_ID = '53' )  [ RunTime:0.0031s ]
INFO: [ app_end ] --START--
INFO: Run Behavior\ShowPageTraceBehavior [ RunTime:0.002203s ]
INFO: [ app_end ] --END-- [ RunTime:0.002279s ]

[ 2018-03-13T20:40:10+08:00 ] ::1 /User/User/api_register_submit.html
INFO: [ app_init ] --START--
INFO: Run Behavior\BuildLiteBehavior [ RunTime:0.000020s ]
INFO: [ app_init ] --END-- [ RunTime:0.000814s ]
INFO: [ app_begin ] --START--
INFO: Run Behavior\ReadHtmlCacheBehavior [ RunTime:0.001434s ]
INFO: [ app_begin ] --END-- [ RunTime:0.001567s ]
SQL: SHOW COLUMNS FROM `wx_users` [ RunTime:0.0193s ]
SQL: SELECT * FROM `wx_users` WHERE (  user_name = 'M001026' ) LIMIT 1   [ RunTime:0.0039s ]
SQL: SELECT * FROM `wx_users` WHERE (  user_name = 'M000001' ) LIMIT 1   [ RunTime:0.0006s ]
NOTIC: [8] Undefined index: single D:\phpStudy\WWW\slh\Application\User\Controller\UserController.class.php 第 84 行.
SQL: SHOW COLUMNS FROM `wx_memberlevel` [ RunTime:0.0109s ]
SQL: SELECT * FROM `wx_memberlevel` WHERE (  id = '1'  ) LIMIT 1   [ RunTime:0.0003s ]
SQL: SELECT * FROM `wx_users` WHERE (  moblie = '13225554562' ) LIMIT 1   [ RunTime:0.0041s ]
SQL: SELECT * FROM `wx_users` WHERE (  user_name = 'M000001' ) LIMIT 1   [ RunTime:0.0004s ]
SQL: SELECT * FROM `wx_users` WHERE (  user_name = 'M000001' ) LIMIT 1   [ RunTime:0.0004s ]

[ 2018-03-13T20:40:50+08:00 ] ::1 /User/User/api_register_submit.html
INFO: [ app_init ] --START--
INFO: Run Behavior\BuildLiteBehavior [ RunTime:0.000033s ]
INFO: [ app_init ] --END-- [ RunTime:0.001125s ]
INFO: [ app_begin ] --START--
INFO: Run Behavior\ReadHtmlCacheBehavior [ RunTime:0.003035s ]
INFO: [ app_begin ] --END-- [ RunTime:0.003175s ]
SQL: SHOW COLUMNS FROM `wx_users` [ RunTime:0.0115s ]
SQL: SELECT * FROM `wx_users` WHERE (  user_name = 'M001026' ) LIMIT 1   [ RunTime:0.0034s ]
SQL: SELECT * FROM `wx_users` WHERE (  user_name = 'M000001' ) LIMIT 1   [ RunTime:0.0006s ]
NOTIC: [8] Undefined index: single D:\phpStudy\WWW\slh\Application\User\Controller\UserController.class.php 第 84 行.
SQL: SHOW COLUMNS FROM `wx_memberlevel` [ RunTime:0.0084s ]
SQL: SELECT * FROM `wx_memberlevel` WHERE (  id = '1'  ) LIMIT 1   [ RunTime:0.0003s ]
SQL: SELECT * FROM `wx_users` WHERE (  moblie = '13225554562' ) LIMIT 1   [ RunTime:0.0029s ]
SQL: SELECT * FROM `wx_users` WHERE (  user_name = 'M001025' ) LIMIT 1   [ RunTime:0.0030s ]
SQL: SELECT * FROM `wx_users` WHERE (  user_name = 'M001025' ) LIMIT 1   [ RunTime:0.0031s ]
SQL: INSERT INTO `wx_users` (`user_name`,`centerid`,`centername`,`level`,`single`,`lsk`,`password`,`second_password`,`truename`,`idcard`,`bankid`,`bankno`,`bankuser`,`bankname`,`moblie`,`email`,`zipcode`,`address`,`place`,`reg_time`,`after_time`,`pid`,`rusername`,`repath`,`rlevel`,`area`,`parentid`,`pusername`,`ppath`,`plevel`) VALUES ('M001026','1','M000001','1','1','1980','e10adc3949ba59abbe56e057f20f883e','21232f297a57a5a743894a0e4a801fc3','子轩','370123199303031011','1','1238980480480','你还','北京朝阳区','13225554562','','','','648','1520944849','1520944849','1025','M001025','1,2,4,8,1025,','5','1','1025','M001025','1,3,7,15,31,63,127,255,511,1023,1025,','11') [ RunTime:0.3566s ]
SQL: UPDATE `wx_users` SET `chl`='1026' WHERE (  user_name = 'M001025'  ) [ RunTime:0.0448s ]

[ 2018-03-13T20:52:16+08:00 ] ::1 /User/User/memberlevel
INFO: [ app_init ] --START--
INFO: Run Behavior\BuildLiteBehavior [ RunTime:0.000017s ]
INFO: [ app_init ] --END-- [ RunTime:0.000476s ]
INFO: [ app_begin ] --START--
INFO: Run Behavior\ReadHtmlCacheBehavior [ RunTime:0.000975s ]
INFO: [ app_begin ] --END-- [ RunTime:0.001055s ]
SQL: SHOW COLUMNS FROM `wx_memberlevel` [ RunTime:0.0356s ]
SQL: SELECT * FROM `wx_memberlevel`  [ RunTime:0.0005s ]
INFO: [ app_end ] --START--
INFO: Run Behavior\ShowPageTraceBehavior [ RunTime:0.001021s ]
INFO: [ app_end ] --END-- [ RunTime:0.001088s ]

[ 2018-03-13T20:52:16+08:00 ] ::1 /User/User/memberarea
INFO: [ app_init ] --START--
INFO: Run Behavior\BuildLiteBehavior [ RunTime:0.000017s ]
INFO: [ app_init ] --END-- [ RunTime:0.000498s ]
INFO: [ app_begin ] --START--
INFO: Run Behavior\ReadHtmlCacheBehavior [ RunTime:0.000775s ]
INFO: [ app_begin ] --END-- [ RunTime:0.000827s ]
NOTIC: [8] Undefined index: register_area_default D:\phpStudy\WWW\slh\Application\User\Controller\UserController.class.php 第 285 行.
INFO: [ app_end ] --START--
INFO: Run Behavior\ShowPageTraceBehavior [ RunTime:0.000837s ]
INFO: [ app_end ] --END-- [ RunTime:0.000888s ]

[ 2018-03-13T20:52:17+08:00 ] ::1 /User/User/bank
INFO: [ app_init ] --START--
INFO: Run Behavior\BuildLiteBehavior [ RunTime:0.000017s ]
INFO: [ app_init ] --END-- [ RunTime:0.000540s ]
INFO: [ app_begin ] --START--
INFO: Run Behavior\ReadHtmlCacheBehavior [ RunTime:0.000749s ]
INFO: [ app_begin ] --END-- [ RunTime:0.000810s ]
SQL: SHOW COLUMNS FROM `wx_bank` [ RunTime:0.0102s ]
SQL: SELECT * FROM `wx_bank`  [ RunTime:0.0002s ]
INFO: [ app_end ] --START--
INFO: Run Behavior\ShowPageTraceBehavior [ RunTime:0.000647s ]
INFO: [ app_end ] --END-- [ RunTime:0.000688s ]

[ 2018-03-13T20:52:18+08:00 ] ::1 /User/User/place
INFO: [ app_init ] --START--
INFO: Run Behavior\BuildLiteBehavior [ RunTime:0.000019s ]
INFO: [ app_init ] --END-- [ RunTime:0.000542s ]
INFO: [ app_begin ] --START--
INFO: Run Behavior\ReadHtmlCacheBehavior [ RunTime:0.000809s ]
INFO: [ app_begin ] --END-- [ RunTime:0.000877s ]
SQL: SHOW COLUMNS FROM `wx_region` [ RunTime:0.0086s ]
SQL: SELECT * FROM `wx_region` WHERE (  PARENT_ID = '1' )  [ RunTime:0.0044s ]
INFO: [ app_end ] --START--
INFO: Run Behavior\ShowPageTraceBehavior [ RunTime:0.001837s ]
INFO: [ app_end ] --END-- [ RunTime:0.001993s ]

[ 2018-03-13T20:56:54+08:00 ] ::1 /index.php
INFO: [ app_init ] --START--
INFO: Run Behavior\BuildLiteBehavior [ RunTime:0.000012s ]
INFO: [ app_init ] --END-- [ RunTime:0.000522s ]
INFO: [ app_begin ] --START--
INFO: Run Behavior\ReadHtmlCacheBehavior [ RunTime:0.001171s ]
INFO: [ app_begin ] --END-- [ RunTime:0.001237s ]
INFO: [ view_parse ] --START--
INFO: [ template_filter ] --START--
INFO: Run Behavior\ContentReplaceBehavior [ RunTime:0.000058s ]
INFO: [ template_filter ] --END-- [ RunTime:0.000102s ]
INFO: Run Behavior\ParseTemplateBehavior [ RunTime:0.015560s ]
INFO: [ view_parse ] --END-- [ RunTime:0.015658s ]
INFO: [ view_filter ] --START--
INFO: Run Behavior\WriteHtmlCacheBehavior [ RunTime:0.000529s ]
INFO: [ view_filter ] --END-- [ RunTime:0.000570s ]

[ 2018-03-13T20:56:54+08:00 ] ::1 /User/Center/builder_verify_img/MGNHQEDMRBEEMEVI
INFO: [ app_init ] --START--
INFO: Run Behavior\BuildLiteBehavior [ RunTime:0.000015s ]
INFO: [ app_init ] --END-- [ RunTime:0.000547s ]
INFO: [ app_begin ] --START--
INFO: Run Behavior\ReadHtmlCacheBehavior [ RunTime:0.001336s ]
INFO: [ app_begin ] --END-- [ RunTime:0.001460s ]

[ 2018-03-13T20:57:12+08:00 ] ::1 /User/Center/builder_verify_img/GWYMUQKJJOLVFWLU
INFO: [ app_init ] --START--
INFO: Run Behavior\BuildLiteBehavior [ RunTime:0.000012s ]
INFO: [ app_init ] --END-- [ RunTime:0.000440s ]
INFO: [ app_begin ] --START--
INFO: Run Behavior\ReadHtmlCacheBehavior [ RunTime:0.000714s ]
INFO: [ app_begin ] --END-- [ RunTime:0.000754s ]

[ 2018-03-13T20:57:19+08:00 ] ::1 /User/Center/api_login_submit
INFO: [ app_init ] --START--
INFO: Run Behavior\BuildLiteBehavior [ RunTime:0.000016s ]
INFO: [ app_init ] --END-- [ RunTime:0.000539s ]
INFO: [ app_begin ] --START--
INFO: Run Behavior\ReadHtmlCacheBehavior [ RunTime:0.000840s ]
INFO: [ app_begin ] --END-- [ RunTime:0.000889s ]
SQL: SHOW COLUMNS FROM `wx_users` [ RunTime:0.0157s ]
SQL: SELECT * FROM `wx_users` WHERE ( moblie= 'M000001' or user_name = 'M000001'  )  [ RunTime:0.0038s ]

[ 2018-03-13T20:57:19+08:00 ] ::1 /User/Center/builder_verify_img/AAPXEOMTQVWXWIRS
INFO: [ app_init ] --START--
INFO: Run Behavior\BuildLiteBehavior [ RunTime:0.000013s ]
INFO: [ app_init ] --END-- [ RunTime:0.000509s ]
INFO: [ app_begin ] --START--
INFO: Run Behavior\ReadHtmlCacheBehavior [ RunTime:0.000534s ]
INFO: [ app_begin ] --END-- [ RunTime:0.000568s ]

[ 2018-03-13T20:57:31+08:00 ] ::1 /User/Center/api_login_submit
INFO: [ app_init ] --START--
INFO: Run Behavior\BuildLiteBehavior [ RunTime:0.000012s ]
INFO: [ app_init ] --END-- [ RunTime:0.000439s ]
INFO: [ app_begin ] --START--
INFO: Run Behavior\ReadHtmlCacheBehavior [ RunTime:0.000596s ]
INFO: [ app_begin ] --END-- [ RunTime:0.000634s ]
SQL: SHOW COLUMNS FROM `wx_users` [ RunTime:0.0135s ]

[ 2018-03-13T20:57:31+08:00 ] ::1 /User/Center/builder_verify_img/TXMEBIKQGWPTVURB
INFO: [ app_init ] --START--
INFO: Run Behavior\BuildLiteBehavior [ RunTime:0.000012s ]
INFO: [ app_init ] --END-- [ RunTime:0.000414s ]
INFO: [ app_begin ] --START--
INFO: Run Behavior\ReadHtmlCacheBehavior [ RunTime:0.000711s ]
INFO: [ app_begin ] --END-- [ RunTime:0.000745s ]

[ 2018-03-13T20:57:40+08:00 ] ::1 /User/Center/api_login_submit
INFO: [ app_init ] --START--
INFO: Run Behavior\BuildLiteBehavior [ RunTime:0.000030s ]
INFO: [ app_init ] --END-- [ RunTime:0.001274s ]
INFO: [ app_begin ] --START--
INFO: Run Behavior\ReadHtmlCacheBehavior [ RunTime:0.001336s ]
INFO: [ app_begin ] --END-- [ RunTime:0.001576s ]
SQL: SHOW COLUMNS FROM `wx_users` [ RunTime:0.0134s ]
SQL: SELECT * FROM `wx_users` WHERE ( moblie= 'M0000001' or user_name = 'M0000001'  )  [ RunTime:0.0040s ]
NOTIC: [8] Undefined offset: 0 D:\phpStudy\WWW\slh\Application\User\Controller\CenterController.class.php 第 85 行.

[ 2018-03-13T20:57:41+08:00 ] ::1 /User/Center/builder_verify_img/KWPAXTHFJQJKBBIN
INFO: [ app_init ] --START--
INFO: Run Behavior\BuildLiteBehavior [ RunTime:0.000025s ]
INFO: [ app_init ] --END-- [ RunTime:0.000844s ]
INFO: [ app_begin ] --START--
INFO: Run Behavior\ReadHtmlCacheBehavior [ RunTime:0.000741s ]
INFO: [ app_begin ] --END-- [ RunTime:0.000795s ]

[ 2018-03-13T20:58:22+08:00 ] ::1 /User/Center/api_login_submit
INFO: [ app_init ] --START--
INFO: Run Behavior\BuildLiteBehavior [ RunTime:0.000016s ]
INFO: [ app_init ] --END-- [ RunTime:0.000539s ]
INFO: [ app_begin ] --START--
INFO: Run Behavior\ReadHtmlCacheBehavior [ RunTime:0.000839s ]
INFO: [ app_begin ] --END-- [ RunTime:0.000900s ]
SQL: SHOW COLUMNS FROM `wx_users` [ RunTime:0.0182s ]
SQL: SELECT * FROM `wx_users` WHERE ( moblie= 'M000001' or user_name = 'M000001'  )  [ RunTime:0.0041s ]

[ 2018-03-13T20:58:22+08:00 ] ::1 /User/Center/builder_verify_img/QUARNHOVHEIMPJXK
INFO: [ app_init ] --START--
INFO: Run Behavior\BuildLiteBehavior [ RunTime:0.000015s ]
INFO: [ app_init ] --END-- [ RunTime:0.000496s ]
INFO: [ app_begin ] --START--
INFO: Run Behavior\ReadHtmlCacheBehavior [ RunTime:0.000572s ]
INFO: [ app_begin ] --END-- [ RunTime:0.000607s ]

[ 2018-03-13T20:58:36+08:00 ] ::1 /User/Center/api_login_submit
INFO: [ app_init ] --START--
INFO: Run Behavior\BuildLiteBehavior [ RunTime:0.000027s ]
INFO: [ app_init ] --END-- [ RunTime:0.000754s ]
INFO: [ app_begin ] --START--
INFO: Run Behavior\ReadHtmlCacheBehavior [ RunTime:0.001015s ]
INFO: [ app_begin ] --END-- [ RunTime:0.001120s ]
SQL: SHOW COLUMNS FROM `wx_users` [ RunTime:0.0152s ]
SQL: SELECT * FROM `wx_users` WHERE ( moblie= 'M000001' or user_name = 'M000001'  )  [ RunTime:0.0057s ]

[ 2018-03-13T20:58:36+08:00 ] ::1 /User/Center/builder_verify_img/QKEOKNLGTMDSEVVH
INFO: [ app_init ] --START--
INFO: Run Behavior\BuildLiteBehavior [ RunTime:0.000014s ]
INFO: [ app_init ] --END-- [ RunTime:0.000388s ]
INFO: [ app_begin ] --START--
INFO: Run Behavior\ReadHtmlCacheBehavior [ RunTime:0.000640s ]
INFO: [ app_begin ] --END-- [ RunTime:0.000678s ]

[ 2018-03-13T20:58:59+08:00 ] ::1 /User/Center/builder_verify_img/EGPJDMYEVERYBMPW
INFO: [ app_init ] --START--
INFO: Run Behavior\BuildLiteBehavior [ RunTime:0.000025s ]
INFO: [ app_init ] --END-- [ RunTime:0.000747s ]
INFO: [ app_begin ] --START--
INFO: Run Behavior\ReadHtmlCacheBehavior [ RunTime:0.001036s ]
INFO: [ app_begin ] --END-- [ RunTime:0.001137s ]

[ 2018-03-13T20:59:07+08:00 ] ::1 /User/Center/api_login_submit
INFO: [ app_init ] --START--
INFO: Run Behavior\BuildLiteBehavior [ RunTime:0.000023s ]
INFO: [ app_init ] --END-- [ RunTime:0.000759s ]
INFO: [ app_begin ] --START--
INFO: Run Behavior\ReadHtmlCacheBehavior [ RunTime:0.001017s ]
INFO: [ app_begin ] --END-- [ RunTime:0.001100s ]
SQL: SHOW COLUMNS FROM `wx_users` [ RunTime:0.0160s ]

[ 2018-03-13T20:59:07+08:00 ] ::1 /User/Center/builder_verify_img/IHDRJENXROXHODXD
INFO: [ app_init ] --START--
INFO: Run Behavior\BuildLiteBehavior [ RunTime:0.000011s ]
INFO: [ app_init ] --END-- [ RunTime:0.000414s ]
INFO: [ app_begin ] --START--
INFO: Run Behavior\ReadHtmlCacheBehavior [ RunTime:0.000583s ]
INFO: [ app_begin ] --END-- [ RunTime:0.000616s ]

[ 2018-03-13T20:59:15+08:00 ] ::1 /User/Center/api_login_submit
INFO: [ app_init ] --START--
INFO: Run Behavior\BuildLiteBehavior [ RunTime:0.000082s ]
INFO: [ app_init ] --END-- [ RunTime:0.001052s ]
INFO: [ app_begin ] --START--
INFO: Run Behavior\ReadHtmlCacheBehavior [ RunTime:0.002361s ]
INFO: [ app_begin ] --END-- [ RunTime:0.002588s ]
SQL: SHOW COLUMNS FROM `wx_users` [ RunTime:0.0131s ]
SQL: SELECT * FROM `wx_users` WHERE ( moblie= 'M001026' or user_name = 'M001026'  )  [ RunTime:0.0057s ]
SQL: UPDATE `wx_users` SET `last_time`='1520945955' WHERE (  user_id = '1026'  ) [ RunTime:0.0461s ]

[ 2018-03-13T20:59:15+08:00 ] ::1 /User/Center/builder_verify_img/RRXUPRLKRLODXGME
INFO: [ app_init ] --START--
INFO: Run Behavior\BuildLiteBehavior [ RunTime:0.000018s ]
INFO: [ app_init ] --END-- [ RunTime:0.000509s ]
INFO: [ app_begin ] --START--
INFO: Run Behavior\ReadHtmlCacheBehavior [ RunTime:0.000831s ]
INFO: [ app_begin ] --END-- [ RunTime:0.000929s ]

[ 2018-03-13T20:59:16+08:00 ] ::1 /User/Center/index
INFO: [ app_init ] --START--
INFO: Run Behavior\BuildLiteBehavior [ RunTime:0.000035s ]
INFO: [ app_init ] --END-- [ RunTime:0.000829s ]
INFO: [ app_begin ] --START--
INFO: Run Behavior\ReadHtmlCacheBehavior [ RunTime:0.000929s ]
INFO: [ app_begin ] --END-- [ RunTime:0.001011s ]
SQL: SHOW COLUMNS FROM `wx_users` [ RunTime:0.0321s ]
SQL: SHOW COLUMNS FROM `wx_hbrecord` [ RunTime:0.0537s ]
SQL: SHOW COLUMNS FROM `wx_ztrecord` [ RunTime:0.0506s ]
SQL: SELECT * FROM `wx_users` WHERE `user_id` = 1026 LIMIT 1   [ RunTime:0.0014s ]
SQL: SELECT `nickname` FROM `wx_users` WHERE `user_id` = 1025 LIMIT 1   [ RunTime:0.0007s ]
SQL: SHOW COLUMNS FROM `wx_daili_info` [ RunTime:0.0193s ]
SQL: SELECT * FROM `wx_daili_info`  [ RunTime:0.0005s ]
SQL: SHOW COLUMNS FROM `wx_memberlevel` [ RunTime:0.0336s ]
SQL: SELECT * FROM `wx_memberlevel` WHERE (  id = '1'  ) LIMIT 1   [ RunTime:0.0003s ]
INFO: [ view_parse ] --START--
INFO: [ template_filter ] --START--
INFO: Run Behavior\ContentReplaceBehavior [ RunTime:0.000218s ]
INFO: [ template_filter ] --END-- [ RunTime:0.000339s ]
INFO: Run Behavior\ParseTemplateBehavior [ RunTime:0.018365s ]
INFO: [ view_parse ] --END-- [ RunTime:0.018448s ]
INFO: [ view_filter ] --START--
INFO: Run Behavior\WriteHtmlCacheBehavior [ RunTime:0.000861s ]
INFO: [ view_filter ] --END-- [ RunTime:0.000924s ]
INFO: [ app_end ] --START--
INFO: Run Behavior\ShowPageTraceBehavior [ RunTime:0.001256s ]
INFO: [ app_end ] --END-- [ RunTime:0.001378s ]

[ 2018-03-13T20:59:22+08:00 ] ::1 /User/User/basicinfo
INFO: [ app_init ] --START--
INFO: Run Behavior\BuildLiteBehavior [ RunTime:0.000021s ]
INFO: [ app_init ] --END-- [ RunTime:0.000657s ]
INFO: [ app_begin ] --START--
INFO: Run Behavior\ReadHtmlCacheBehavior [ RunTime:0.001002s ]
INFO: [ app_begin ] --END-- [ RunTime:0.001058s ]
SQL: SHOW COLUMNS FROM `wx_users` [ RunTime:0.0185s ]
SQL: SELECT * FROM `wx_users` WHERE (  user_name = 'M001026' ) LIMIT 1   [ RunTime:0.0050s ]
SQL: SHOW COLUMNS FROM `wx_bank` [ RunTime:0.0095s ]
SQL: SELECT * FROM `wx_bank` WHERE (  id = '1' ) LIMIT 1   [ RunTime:0.0002s ]
SQL: SHOW COLUMNS FROM `wx_memberlevel` [ RunTime:0.0145s ]
SQL: SELECT * FROM `wx_memberlevel` WHERE (  id = '1'  ) LIMIT 1   [ RunTime:0.0003s ]
INFO: [ view_parse ] --START--
INFO: [ template_filter ] --START--
INFO: Run Behavior\ContentReplaceBehavior [ RunTime:0.000059s ]
INFO: [ template_filter ] --END-- [ RunTime:0.000104s ]
INFO: Run Behavior\ParseTemplateBehavior [ RunTime:0.012234s ]
INFO: [ view_parse ] --END-- [ RunTime:0.012305s ]
INFO: [ view_filter ] --START--
INFO: Run Behavior\WriteHtmlCacheBehavior [ RunTime:0.000545s ]
INFO: [ view_filter ] --END-- [ RunTime:0.000575s ]
INFO: [ app_end ] --START--
INFO: Run Behavior\ShowPageTraceBehavior [ RunTime:0.000725s ]
INFO: [ app_end ] --END-- [ RunTime:0.000760s ]

[ 2018-03-13T20:59:29+08:00 ] ::1 /User/User/basicedit
INFO: [ app_init ] --START--
INFO: Run Behavior\BuildLiteBehavior [ RunTime:0.000015s ]
INFO: [ app_init ] --END-- [ RunTime:0.000465s ]
INFO: [ app_begin ] --START--
INFO: Run Behavior\ReadHtmlCacheBehavior [ RunTime:0.000672s ]
INFO: [ app_begin ] --END-- [ RunTime:0.000709s ]
SQL: SHOW COLUMNS FROM `wx_users` [ RunTime:0.0131s ]
SQL: SELECT * FROM `wx_users` WHERE (  user_name = 'M001026' ) LIMIT 1   [ RunTime:0.0058s ]
INFO: [ view_parse ] --START--
INFO: [ template_filter ] --START--
INFO: Run Behavior\ContentReplaceBehavior [ RunTime:0.000115s ]
INFO: [ template_filter ] --END-- [ RunTime:0.000166s ]
NOTIC: [8] Undefined variable: userinfo D:\phpStudy\WWW\slh\Application\Runtime\Cache\User\b4ea2f3cee4dffed06ab87b77621e798.php 第 55 行.
INFO: Run Behavior\ParseTemplateBehavior [ RunTime:0.009746s ]
INFO: [ view_parse ] --END-- [ RunTime:0.009782s ]
INFO: [ view_filter ] --START--
INFO: Run Behavior\WriteHtmlCacheBehavior [ RunTime:0.000420s ]
INFO: [ view_filter ] --END-- [ RunTime:0.000446s ]
INFO: [ app_end ] --START--
INFO: Run Behavior\ShowPageTraceBehavior [ RunTime:0.002265s ]
INFO: [ app_end ] --END-- [ RunTime:0.002528s ]

[ 2018-03-13T20:59:30+08:00 ] ::1 /User/User/bank
INFO: [ app_init ] --START--
INFO: Run Behavior\BuildLiteBehavior [ RunTime:0.000024s ]
INFO: [ app_init ] --END-- [ RunTime:0.000906s ]
INFO: [ app_begin ] --START--
INFO: Run Behavior\ReadHtmlCacheBehavior [ RunTime:0.001459s ]
INFO: [ app_begin ] --END-- [ RunTime:0.001581s ]
SQL: SHOW COLUMNS FROM `wx_bank` [ RunTime:0.0162s ]
SQL: SELECT * FROM `wx_bank`  [ RunTime:0.0003s ]
INFO: [ app_end ] --START--
INFO: Run Behavior\ShowPageTraceBehavior [ RunTime:0.000881s ]
INFO: [ app_end ] --END-- [ RunTime:0.000926s ]

[ 2018-03-13T20:59:31+08:00 ] ::1 /User/User/place
INFO: [ app_init ] --START--
INFO: Run Behavior\BuildLiteBehavior [ RunTime:0.000029s ]
INFO: [ app_init ] --END-- [ RunTime:0.000859s ]
INFO: [ app_begin ] --START--
INFO: Run Behavior\ReadHtmlCacheBehavior [ RunTime:0.000889s ]
INFO: [ app_begin ] --END-- [ RunTime:0.000954s ]
SQL: SHOW COLUMNS FROM `wx_region` [ RunTime:0.0163s ]
SQL: SELECT * FROM `wx_region` WHERE (  PARENT_ID = '001' )  [ RunTime:0.0034s ]
INFO: [ app_end ] --START--
INFO: Run Behavior\ShowPageTraceBehavior [ RunTime:0.000760s ]
INFO: [ app_end ] --END-- [ RunTime:0.000800s ]

[ 2018-03-13T20:59:32+08:00 ] ::1 /User/User/place
INFO: [ app_init ] --START--
INFO: Run Behavior\BuildLiteBehavior [ RunTime:0.000022s ]
INFO: [ app_init ] --END-- [ RunTime:0.000624s ]
INFO: [ app_begin ] --START--
INFO: Run Behavior\ReadHtmlCacheBehavior [ RunTime:0.000889s ]
INFO: [ app_begin ] --END-- [ RunTime:0.000963s ]
SQL: SHOW COLUMNS FROM `wx_region` [ RunTime:0.0135s ]
SQL: SELECT * FROM `wx_region` WHERE (  PARENT_ID = '' )  [ RunTime:0.0022s ]
INFO: [ app_end ] --START--
INFO: Run Behavior\ShowPageTraceBehavior [ RunTime:0.000734s ]
INFO: [ app_end ] --END-- [ RunTime:0.000768s ]

[ 2018-03-13T20:59:33+08:00 ] ::1 /User/User/place
INFO: [ app_init ] --START--
INFO: Run Behavior\BuildLiteBehavior [ RunTime:0.000053s ]
INFO: [ app_init ] --END-- [ RunTime:0.002702s ]
INFO: [ app_begin ] --START--
INFO: Run Behavior\ReadHtmlCacheBehavior [ RunTime:0.000877s ]
INFO: [ app_begin ] --END-- [ RunTime:0.000940s ]
SQL: SHOW COLUMNS FROM `wx_region` [ RunTime:0.0148s ]
SQL: SELECT * FROM `wx_region` WHERE (  PARENT_ID = '' )  [ RunTime:0.0024s ]
INFO: [ app_end ] --START--
INFO: Run Behavior\ShowPageTraceBehavior [ RunTime:0.001005s ]
INFO: [ app_end ] --END-- [ RunTime:0.001064s ]

[ 2018-03-13T20:59:57+08:00 ] ::1 /User/User/place
INFO: [ app_init ] --START--
INFO: Run Behavior\BuildLiteBehavior [ RunTime:0.000014s ]
INFO: [ app_init ] --END-- [ RunTime:0.001829s ]
INFO: [ app_begin ] --START--
INFO: Run Behavior\ReadHtmlCacheBehavior [ RunTime:0.000693s ]
INFO: [ app_begin ] --END-- [ RunTime:0.000735s ]
SQL: SHOW COLUMNS FROM `wx_region` [ RunTime:0.0286s ]
SQL: SELECT * FROM `wx_region` WHERE (  PARENT_ID = '10' )  [ RunTime:0.0019s ]
INFO: [ app_end ] --START--
INFO: Run Behavior\ShowPageTraceBehavior [ RunTime:0.001330s ]
INFO: [ app_end ] --END-- [ RunTime:0.001576s ]

[ 2018-03-13T21:00:01+08:00 ] ::1 /User/User/place
INFO: [ app_init ] --START--
INFO: Run Behavior\BuildLiteBehavior [ RunTime:0.000012s ]
INFO: [ app_init ] --END-- [ RunTime:0.000492s ]
INFO: [ app_begin ] --START--
INFO: Run Behavior\ReadHtmlCacheBehavior [ RunTime:0.002476s ]
INFO: [ app_begin ] --END-- [ RunTime:0.002580s ]
SQL: SHOW COLUMNS FROM `wx_region` [ RunTime:0.0135s ]
SQL: SELECT * FROM `wx_region` WHERE (  PARENT_ID = '107' )  [ RunTime:0.0023s ]
INFO: [ app_end ] --START--
INFO: Run Behavior\ShowPageTraceBehavior [ RunTime:0.000830s ]
INFO: [ app_end ] --END-- [ RunTime:0.000886s ]

[ 2018-03-13T21:00:05+08:00 ] ::1 /User/User/api_basicedit_submit
INFO: [ app_init ] --START--
INFO: Run Behavior\BuildLiteBehavior [ RunTime:0.000014s ]
INFO: [ app_init ] --END-- [ RunTime:0.000367s ]
INFO: [ app_begin ] --START--
INFO: Run Behavior\ReadHtmlCacheBehavior [ RunTime:0.000571s ]
INFO: [ app_begin ] --END-- [ RunTime:0.000609s ]
SQL: SHOW COLUMNS FROM `wx_users` [ RunTime:0.0162s ]
SQL: UPDATE `wx_users` SET `truename`='子轩',`idcard`='370123199303031011',`bankid`='1',`bankno`='1238980480480',`bankuser`='你还',`bankname`='北京朝阳区',`moblie`='13225554562',`email`='fdsfad@qq.com',`zipcode`='',`address`='',`province`='10',`city`='107',`place`='1168',`headimgurl`='' WHERE (  user_name = 'M001026'  ) [ RunTime:0.1209s ]

[ 2018-03-13T21:00:15+08:00 ] ::1 /User/User/main
INFO: [ app_init ] --START--
INFO: Run Behavior\BuildLiteBehavior [ RunTime:0.000011s ]
INFO: [ app_init ] --END-- [ RunTime:0.000373s ]
INFO: [ app_begin ] --START--
INFO: Run Behavior\ReadHtmlCacheBehavior [ RunTime:0.000548s ]
INFO: [ app_begin ] --END-- [ RunTime:0.000578s ]
SQL: SHOW COLUMNS FROM `wx_bonus_info` [ RunTime:0.0161s ]
SQL: SELECT * FROM `wx_bonus_info` LIMIT 1   [ RunTime:0.0007s ]
SQL: SHOW COLUMNS FROM `wx_broke_record` [ RunTime:0.0109s ]
SQL: SHOW COLUMNS FROM `wx_bonus` [ RunTime:0.0154s ]
SQL: SELECT COUNT(*) AS tp_count FROM `wx_broke_record` WHERE `user_name` = 'M001026' AND year(bdate) = '2018' AND month(bdate) = '03' AND day(bdate) = '13' LIMIT 1   [ RunTime:0.0006s ]
SQL: SELECT SUM(b0) AS tp_sum FROM `wx_bonus` WHERE `user_name` = 'M001026' AND year(bdate) = '2018' AND month(bdate) = '03' AND day(bdate) = '13' LIMIT 1   [ RunTime:0.0010s ]
INFO: [ view_parse ] --START--
INFO: [ template_filter ] --START--
INFO: Run Behavior\ContentReplaceBehavior [ RunTime:0.000059s ]
INFO: [ template_filter ] --END-- [ RunTime:0.000099s ]
INFO: Run Behavior\ParseTemplateBehavior [ RunTime:0.012741s ]
INFO: [ view_parse ] --END-- [ RunTime:0.013111s ]
INFO: [ view_filter ] --START--
INFO: Run Behavior\WriteHtmlCacheBehavior [ RunTime:0.000447s ]
INFO: [ view_filter ] --END-- [ RunTime:0.000474s ]
INFO: [ app_end ] --START--
INFO: Run Behavior\ShowPageTraceBehavior [ RunTime:0.000801s ]
INFO: [ app_end ] --END-- [ RunTime:0.000850s ]

[ 2018-03-13T21:00:23+08:00 ] ::1 /User/Deal/withdrawlists
INFO: [ app_init ] --START--
INFO: Run Behavior\BuildLiteBehavior [ RunTime:0.000010s ]
INFO: [ app_init ] --END-- [ RunTime:0.000434s ]
INFO: [ app_begin ] --START--
INFO: Run Behavior\ReadHtmlCacheBehavior [ RunTime:0.000585s ]
INFO: [ app_begin ] --END-- [ RunTime:0.000615s ]
SQL: SHOW COLUMNS FROM `wx_withdraw` [ RunTime:0.0201s ]
SQL: SHOW COLUMNS FROM `wx_users` [ RunTime:0.0093s ]
SQL: SHOW COLUMNS FROM `wx_bank` [ RunTime:0.0090s ]
SQL: SELECT COUNT(*) AS tp_count FROM `wx_withdraw` WHERE ( user_name = 'M001026'  ) LIMIT 1   [ RunTime:0.0006s ]
SQL: SELECT * FROM `wx_withdraw` WHERE ( user_name = 'M001026'  ) ORDER BY id desc LIMIT 0,10   [ RunTime:0.0008s ]
INFO: [ view_parse ] --START--
INFO: [ template_filter ] --START--
INFO: Run Behavior\ContentReplaceBehavior [ RunTime:0.000074s ]
INFO: [ template_filter ] --END-- [ RunTime:0.000138s ]
INFO: Run Behavior\ParseTemplateBehavior [ RunTime:0.010489s ]
INFO: [ view_parse ] --END-- [ RunTime:0.010705s ]
INFO: [ view_filter ] --START--
INFO: Run Behavior\WriteHtmlCacheBehavior [ RunTime:0.000440s ]
INFO: [ view_filter ] --END-- [ RunTime:0.000470s ]
INFO: [ app_end ] --START--
INFO: Run Behavior\ShowPageTraceBehavior [ RunTime:0.000601s ]
INFO: [ app_end ] --END-- [ RunTime:0.000630s ]

[ 2018-03-13T21:00:31+08:00 ] ::1 /User/User/register
INFO: [ app_init ] --START--
INFO: Run Behavior\BuildLiteBehavior [ RunTime:0.000014s ]
INFO: [ app_init ] --END-- [ RunTime:0.000408s ]
INFO: [ app_begin ] --START--
INFO: Run Behavior\ReadHtmlCacheBehavior [ RunTime:0.000731s ]
INFO: [ app_begin ] --END-- [ RunTime:0.000772s ]
SQL: SHOW COLUMNS FROM `wx_users` [ RunTime:0.0149s ]
NOTIC: [8] Undefined index: two_Verify D:\phpStudy\WWW\slh\Application\User\Controller\UserController.class.php 第 15 行.
INFO: [ view_parse ] --START--
INFO: [ template_filter ] --START--
INFO: Run Behavior\ContentReplaceBehavior [ RunTime:0.000061s ]
INFO: [ template_filter ] --END-- [ RunTime:0.000099s ]
NOTIC: [8] Undefined variable: user_id D:\phpStudy\WWW\slh\Application\Runtime\Cache\User\c7b13deeb32a9602b1e2d0f4c29ea0f4.php 第 59 行.
INFO: Run Behavior\ParseTemplateBehavior [ RunTime:0.101751s ]
INFO: [ view_parse ] --END-- [ RunTime:0.101785s ]
INFO: [ view_filter ] --START--
INFO: Run Behavior\WriteHtmlCacheBehavior [ RunTime:0.000429s ]
INFO: [ view_filter ] --END-- [ RunTime:0.000456s ]

[ 2018-03-13T21:00:45+08:00 ] ::1 /User/Center/api_authentication_submit
INFO: [ app_init ] --START--
INFO: Run Behavior\BuildLiteBehavior [ RunTime:0.000049s ]
INFO: [ app_init ] --END-- [ RunTime:0.000867s ]
INFO: [ app_begin ] --START--
INFO: Run Behavior\ReadHtmlCacheBehavior [ RunTime:0.000658s ]
INFO: [ app_begin ] --END-- [ RunTime:0.000703s ]
SQL: SHOW COLUMNS FROM `wx_users` [ RunTime:0.0145s ]
SQL: SELECT * FROM `wx_users` WHERE ( user_name= 'M001026'  )  [ RunTime:0.0055s ]

[ 2018-03-13T21:00:52+08:00 ] ::1 /User/Center/api_authentication_submit
INFO: [ app_init ] --START--
INFO: Run Behavior\BuildLiteBehavior [ RunTime:0.000046s ]
INFO: [ app_init ] --END-- [ RunTime:0.001093s ]
INFO: [ app_begin ] --START--
INFO: Run Behavior\ReadHtmlCacheBehavior [ RunTime:0.002555s ]
INFO: [ app_begin ] --END-- [ RunTime:0.002753s ]
SQL: SHOW COLUMNS FROM `wx_users` [ RunTime:0.0114s ]
SQL: SELECT * FROM `wx_users` WHERE ( user_name= 'M001026'  )  [ RunTime:0.0068s ]

[ 2018-03-13T21:00:54+08:00 ] ::1 /User/Center/index
INFO: [ app_init ] --START--
INFO: Run Behavior\BuildLiteBehavior [ RunTime:0.000011s ]
INFO: [ app_init ] --END-- [ RunTime:0.000341s ]
INFO: [ app_begin ] --START--
INFO: Run Behavior\ReadHtmlCacheBehavior [ RunTime:0.000550s ]
INFO: [ app_begin ] --END-- [ RunTime:0.000586s ]
SQL: SHOW COLUMNS FROM `wx_users` [ RunTime:0.0196s ]
SQL: SHOW COLUMNS FROM `wx_hbrecord` [ RunTime:0.0153s ]
SQL: SHOW COLUMNS FROM `wx_ztrecord` [ RunTime:0.0101s ]
SQL: SELECT * FROM `wx_users` WHERE `user_id` = 1026 LIMIT 1   [ RunTime:0.0008s ]
SQL: SELECT `nickname` FROM `wx_users` WHERE `user_id` = 1025 LIMIT 1   [ RunTime:0.0009s ]
SQL: SHOW COLUMNS FROM `wx_daili_info` [ RunTime:0.0115s ]
SQL: SELECT * FROM `wx_daili_info`  [ RunTime:0.0005s ]
SQL: SHOW COLUMNS FROM `wx_memberlevel` [ RunTime:0.0134s ]
SQL: SELECT * FROM `wx_memberlevel` WHERE (  id = '1'  ) LIMIT 1   [ RunTime:0.0006s ]
INFO: [ view_parse ] --START--
INFO: [ template_filter ] --START--
INFO: Run Behavior\ContentReplaceBehavior [ RunTime:0.000107s ]
INFO: [ template_filter ] --END-- [ RunTime:0.000164s ]
INFO: Run Behavior\ParseTemplateBehavior [ RunTime:0.012559s ]
INFO: [ view_parse ] --END-- [ RunTime:0.012679s ]
INFO: [ view_filter ] --START--
INFO: Run Behavior\WriteHtmlCacheBehavior [ RunTime:0.000939s ]
INFO: [ view_filter ] --END-- [ RunTime:0.001042s ]
INFO: [ app_end ] --START--
INFO: Run Behavior\ShowPageTraceBehavior [ RunTime:0.001832s ]
INFO: [ app_end ] --END-- [ RunTime:0.001969s ]

[ 2018-03-13T21:00:58+08:00 ] ::1 /User/User/register
INFO: [ app_init ] --START--
INFO: Run Behavior\BuildLiteBehavior [ RunTime:0.000012s ]
INFO: [ app_init ] --END-- [ RunTime:0.000471s ]
INFO: [ app_begin ] --START--
INFO: Run Behavior\ReadHtmlCacheBehavior [ RunTime:0.000901s ]
INFO: [ app_begin ] --END-- [ RunTime:0.001021s ]
SQL: SHOW COLUMNS FROM `wx_users` [ RunTime:0.0096s ]
NOTIC: [8] Undefined index: area D:\phpStudy\WWW\slh\Application\User\Controller\UserController.class.php 第 21 行.
NOTIC: [8] Undefined index: rootid D:\phpStudy\WWW\slh\Application\User\Controller\UserController.class.php 第 24 行.
SQL: SELECT max(user_name) as newno FROM `wx_users` LIMIT 1   [ RunTime:0.0011s ]
SQL: SELECT * FROM `wx_users` WHERE (  user_name = 'M001026' ) LIMIT 1   [ RunTime:0.0031s ]
INFO: [ view_parse ] --START--
INFO: [ template_filter ] --START--
INFO: Run Behavior\ContentReplaceBehavior [ RunTime:0.000095s ]
INFO: [ template_filter ] --END-- [ RunTime:0.000126s ]
INFO: Run Behavior\ParseTemplateBehavior [ RunTime:0.009543s ]
INFO: [ view_parse ] --END-- [ RunTime:0.009585s ]
INFO: [ view_filter ] --START--
INFO: Run Behavior\WriteHtmlCacheBehavior [ RunTime:0.000392s ]
INFO: [ view_filter ] --END-- [ RunTime:0.000418s ]
INFO: [ app_end ] --START--
INFO: Run Behavior\ShowPageTraceBehavior [ RunTime:0.000652s ]
INFO: [ app_end ] --END-- [ RunTime:0.000691s ]

[ 2018-03-13T21:00:58+08:00 ] ::1 /User/User/membersingle
INFO: [ app_init ] --START--
INFO: Run Behavior\BuildLiteBehavior [ RunTime:0.000129s ]
INFO: [ app_init ] --END-- [ RunTime:0.001215s ]
INFO: [ app_begin ] --START--
INFO: Run Behavior\ReadHtmlCacheBehavior [ RunTime:0.000806s ]
INFO: [ app_begin ] --END-- [ RunTime:0.000860s ]
INFO: [ app_end ] --START--
INFO: Run Behavior\ShowPageTraceBehavior [ RunTime:0.000729s ]
INFO: [ app_end ] --END-- [ RunTime:0.000774s ]

[ 2018-03-13T21:00:59+08:00 ] ::1 /User/User/memberlevel
INFO: [ app_init ] --START--
INFO: Run Behavior\BuildLiteBehavior [ RunTime:0.000012s ]
INFO: [ app_init ] --END-- [ RunTime:0.000833s ]
INFO: [ app_begin ] --START--
INFO: Run Behavior\ReadHtmlCacheBehavior [ RunTime:0.000632s ]
INFO: [ app_begin ] --END-- [ RunTime:0.000666s ]
SQL: SHOW COLUMNS FROM `wx_memberlevel` [ RunTime:0.0104s ]
SQL: SELECT * FROM `wx_memberlevel`  [ RunTime:0.0007s ]
INFO: [ app_end ] --START--
INFO: Run Behavior\ShowPageTraceBehavior [ RunTime:0.000965s ]
INFO: [ app_end ] --END-- [ RunTime:0.001048s ]

[ 2018-03-13T21:00:59+08:00 ] ::1 /User/User/memberarea
INFO: [ app_init ] --START--
INFO: Run Behavior\BuildLiteBehavior [ RunTime:0.000016s ]
INFO: [ app_init ] --END-- [ RunTime:0.000489s ]
INFO: [ app_begin ] --START--
INFO: Run Behavior\ReadHtmlCacheBehavior [ RunTime:0.001182s ]
INFO: [ app_begin ] --END-- [ RunTime:0.001249s ]
NOTIC: [8] Undefined index: register_area_default D:\phpStudy\WWW\slh\Application\User\Controller\UserController.class.php 第 285 行.
INFO: [ app_end ] --START--
INFO: Run Behavior\ShowPageTraceBehavior [ RunTime:0.000820s ]
INFO: [ app_end ] --END-- [ RunTime:0.000892s ]

[ 2018-03-13T21:01:00+08:00 ] ::1 /User/User/bank
INFO: [ app_init ] --START--
INFO: Run Behavior\BuildLiteBehavior [ RunTime:0.000012s ]
INFO: [ app_init ] --END-- [ RunTime:0.000378s ]
INFO: [ app_begin ] --START--
INFO: Run Behavior\ReadHtmlCacheBehavior [ RunTime:0.000753s ]
INFO: [ app_begin ] --END-- [ RunTime:0.000808s ]
SQL: SHOW COLUMNS FROM `wx_bank` [ RunTime:0.0195s ]
SQL: SELECT * FROM `wx_bank`  [ RunTime:0.0011s ]
INFO: [ app_end ] --START--
INFO: Run Behavior\ShowPageTraceBehavior [ RunTime:0.002388s ]
INFO: [ app_end ] --END-- [ RunTime:0.002498s ]

[ 2018-03-13T21:01:01+08:00 ] ::1 /User/User/place
INFO: [ app_init ] --START--
INFO: Run Behavior\BuildLiteBehavior [ RunTime:0.000011s ]
INFO: [ app_init ] --END-- [ RunTime:0.000362s ]
INFO: [ app_begin ] --START--
INFO: Run Behavior\ReadHtmlCacheBehavior [ RunTime:0.000641s ]
INFO: [ app_begin ] --END-- [ RunTime:0.000691s ]
SQL: SHOW COLUMNS FROM `wx_region` [ RunTime:0.0178s ]
SQL: SELECT * FROM `wx_region` WHERE (  PARENT_ID = '1' )  [ RunTime:0.0036s ]
INFO: [ app_end ] --START--
INFO: Run Behavior\ShowPageTraceBehavior [ RunTime:0.001063s ]
INFO: [ app_end ] --END-- [ RunTime:0.001144s ]

[ 2018-03-13T21:01:27+08:00 ] ::1 /User/User/membersingle
INFO: [ app_init ] --START--
INFO: Run Behavior\BuildLiteBehavior [ RunTime:0.000056s ]
INFO: [ app_init ] --END-- [ RunTime:0.001431s ]
INFO: [ app_begin ] --START--
INFO: Run Behavior\ReadHtmlCacheBehavior [ RunTime:0.001105s ]
INFO: [ app_begin ] --END-- [ RunTime:0.001212s ]
INFO: [ app_end ] --START--
INFO: Run Behavior\ShowPageTraceBehavior [ RunTime:0.001036s ]
INFO: [ app_end ] --END-- [ RunTime:0.001123s ]

[ 2018-03-13T21:01:28+08:00 ] ::1 /User/User/memberlevel
INFO: [ app_init ] --START--
INFO: Run Behavior\BuildLiteBehavior [ RunTime:0.000045s ]
INFO: [ app_init ] --END-- [ RunTime:0.001422s ]
INFO: [ app_begin ] --START--
INFO: Run Behavior\ReadHtmlCacheBehavior [ RunTime:0.001552s ]
INFO: [ app_begin ] --END-- [ RunTime:0.001643s ]
SQL: SHOW COLUMNS FROM `wx_memberlevel` [ RunTime:0.0260s ]
SQL: SELECT * FROM `wx_memberlevel`  [ RunTime:0.0006s ]
INFO: [ app_end ] --START--
INFO: Run Behavior\ShowPageTraceBehavior [ RunTime:0.004176s ]
INFO: [ app_end ] --END-- [ RunTime:0.004600s ]

[ 2018-03-13T21:01:28+08:00 ] ::1 /User/User/memberarea
INFO: [ app_init ] --START--
INFO: Run Behavior\BuildLiteBehavior [ RunTime:0.000023s ]
INFO: [ app_init ] --END-- [ RunTime:0.000769s ]
INFO: [ app_begin ] --START--
INFO: Run Behavior\ReadHtmlCacheBehavior [ RunTime:0.000625s ]
INFO: [ app_begin ] --END-- [ RunTime:0.000667s ]
NOTIC: [8] Undefined index: register_area_default D:\phpStudy\WWW\slh\Application\User\Controller\UserController.class.php 第 285 行.
INFO: [ app_end ] --START--
INFO: Run Behavior\ShowPageTraceBehavior [ RunTime:0.000529s ]
INFO: [ app_end ] --END-- [ RunTime:0.000563s ]

[ 2018-03-13T21:01:29+08:00 ] ::1 /User/User/bank
INFO: [ app_init ] --START--
INFO: Run Behavior\BuildLiteBehavior [ RunTime:0.000012s ]
INFO: [ app_init ] --END-- [ RunTime:0.000477s ]
INFO: [ app_begin ] --START--
INFO: Run Behavior\ReadHtmlCacheBehavior [ RunTime:0.000615s ]
INFO: [ app_begin ] --END-- [ RunTime:0.000657s ]
SQL: SHOW COLUMNS FROM `wx_bank` [ RunTime:0.0321s ]
SQL: SELECT * FROM `wx_bank`  [ RunTime:0.0008s ]
INFO: [ app_end ] --START--
INFO: Run Behavior\ShowPageTraceBehavior [ RunTime:0.002750s ]
INFO: [ app_end ] --END-- [ RunTime:0.002925s ]

[ 2018-03-13T21:01:30+08:00 ] ::1 /User/User/place
INFO: [ app_init ] --START--
INFO: Run Behavior\BuildLiteBehavior [ RunTime:0.000012s ]
INFO: [ app_init ] --END-- [ RunTime:0.000387s ]
INFO: [ app_begin ] --START--
INFO: Run Behavior\ReadHtmlCacheBehavior [ RunTime:0.000528s ]
INFO: [ app_begin ] --END-- [ RunTime:0.000563s ]
SQL: SHOW COLUMNS FROM `wx_region` [ RunTime:0.0158s ]
SQL: SELECT * FROM `wx_region` WHERE (  PARENT_ID = '1' )  [ RunTime:0.0026s ]
INFO: [ app_end ] --START--
INFO: Run Behavior\ShowPageTraceBehavior [ RunTime:0.000973s ]
INFO: [ app_end ] --END-- [ RunTime:0.001027s ]

[ 2018-03-13T21:02:06+08:00 ] ::1 /User/User/main
INFO: [ app_init ] --START--
INFO: Run Behavior\BuildLiteBehavior [ RunTime:0.000011s ]
INFO: [ app_init ] --END-- [ RunTime:0.000407s ]
INFO: [ app_begin ] --START--
INFO: Run Behavior\ReadHtmlCacheBehavior [ RunTime:0.000717s ]
INFO: [ app_begin ] --END-- [ RunTime:0.000752s ]
SQL: SHOW COLUMNS FROM `wx_bonus_info` [ RunTime:0.0151s ]
SQL: SELECT * FROM `wx_bonus_info` LIMIT 1   [ RunTime:0.0004s ]
SQL: SHOW COLUMNS FROM `wx_broke_record` [ RunTime:0.0126s ]
SQL: SHOW COLUMNS FROM `wx_bonus` [ RunTime:0.0108s ]
SQL: SELECT COUNT(*) AS tp_count FROM `wx_broke_record` WHERE `user_name` = 'M001026' AND year(bdate) = '2018' AND month(bdate) = '03' AND day(bdate) = '13' LIMIT 1   [ RunTime:0.0003s ]
SQL: SELECT SUM(b0) AS tp_sum FROM `wx_bonus` WHERE `user_name` = 'M001026' AND year(bdate) = '2018' AND month(bdate) = '03' AND day(bdate) = '13' LIMIT 1   [ RunTime:0.0002s ]
INFO: [ view_parse ] --START--
INFO: [ template_filter ] --START--
INFO: Run Behavior\ContentReplaceBehavior [ RunTime:0.000137s ]
INFO: [ template_filter ] --END-- [ RunTime:0.000290s ]
INFO: Run Behavior\ParseTemplateBehavior [ RunTime:0.013453s ]
INFO: [ view_parse ] --END-- [ RunTime:0.013505s ]
INFO: [ view_filter ] --START--
INFO: Run Behavior\WriteHtmlCacheBehavior [ RunTime:0.000473s ]
INFO: [ view_filter ] --END-- [ RunTime:0.000501s ]
INFO: [ app_end ] --START--
INFO: Run Behavior\ShowPageTraceBehavior [ RunTime:0.000671s ]
INFO: [ app_end ] --END-- [ RunTime:0.000703s ]

[ 2018-03-13T21:02:10+08:00 ] ::1 /User/Deal/withdraw
INFO: [ app_init ] --START--
INFO: Run Behavior\BuildLiteBehavior [ RunTime:0.000014s ]
INFO: [ app_init ] --END-- [ RunTime:0.000640s ]
INFO: [ app_begin ] --START--
INFO: Run Behavior\ReadHtmlCacheBehavior [ RunTime:0.001551s ]
INFO: [ app_begin ] --END-- [ RunTime:0.001650s ]
SQL: SHOW COLUMNS FROM `wx_users` [ RunTime:0.0169s ]
SQL: SELECT * FROM `wx_users` WHERE (  user_name = 'M001026' ) LIMIT 1   [ RunTime:0.0053s ]
INFO: [ view_parse ] --START--
INFO: [ template_filter ] --START--
INFO: Run Behavior\ContentReplaceBehavior [ RunTime:0.000163s ]
INFO: [ template_filter ] --END-- [ RunTime:0.000308s ]
INFO: Run Behavior\ParseTemplateBehavior [ RunTime:0.013356s ]
INFO: [ view_parse ] --END-- [ RunTime:0.013437s ]
INFO: [ view_filter ] --START--
INFO: Run Behavior\WriteHtmlCacheBehavior [ RunTime:0.000546s ]
INFO: [ view_filter ] --END-- [ RunTime:0.000584s ]
INFO: [ app_end ] --START--
INFO: Run Behavior\ShowPageTraceBehavior [ RunTime:0.000839s ]
INFO: [ app_end ] --END-- [ RunTime:0.000885s ]

[ 2018-03-13T21:02:11+08:00 ] ::1 /User/User/memberlevel
INFO: [ app_init ] --START--
INFO: Run Behavior\BuildLiteBehavior [ RunTime:0.000013s ]
INFO: [ app_init ] --END-- [ RunTime:0.000361s ]
INFO: [ app_begin ] --START--
INFO: Run Behavior\ReadHtmlCacheBehavior [ RunTime:0.000526s ]
INFO: [ app_begin ] --END-- [ RunTime:0.000562s ]
SQL: SHOW COLUMNS FROM `wx_memberlevel` [ RunTime:0.0102s ]
SQL: SELECT * FROM `wx_memberlevel`  [ RunTime:0.0003s ]
INFO: [ app_end ] --START--
INFO: Run Behavior\ShowPageTraceBehavior [ RunTime:0.000675s ]
INFO: [ app_end ] --END-- [ RunTime:0.000711s ]

[ 2018-03-13T21:02:11+08:00 ] ::1 /User/User/memberarea
INFO: [ app_init ] --START--
INFO: Run Behavior\BuildLiteBehavior [ RunTime:0.000012s ]
INFO: [ app_init ] --END-- [ RunTime:0.000420s ]
INFO: [ app_begin ] --START--
INFO: Run Behavior\ReadHtmlCacheBehavior [ RunTime:0.000588s ]
INFO: [ app_begin ] --END-- [ RunTime:0.000628s ]
NOTIC: [8] Undefined index: register_area_default D:\phpStudy\WWW\slh\Application\User\Controller\UserController.class.php 第 285 行.
INFO: [ app_end ] --START--
INFO: Run Behavior\ShowPageTraceBehavior [ RunTime:0.000838s ]
INFO: [ app_end ] --END-- [ RunTime:0.000896s ]

[ 2018-03-13T21:02:12+08:00 ] ::1 /User/User/bank
INFO: [ app_init ] --START--
INFO: Run Behavior\BuildLiteBehavior [ RunTime:0.000015s ]
INFO: [ app_init ] --END-- [ RunTime:0.000497s ]
INFO: [ app_begin ] --START--
INFO: Run Behavior\ReadHtmlCacheBehavior [ RunTime:0.000571s ]
INFO: [ app_begin ] --END-- [ RunTime:0.000609s ]
SQL: SHOW COLUMNS FROM `wx_bank` [ RunTime:0.0135s ]
SQL: SELECT * FROM `wx_bank`  [ RunTime:0.0002s ]
INFO: [ app_end ] --START--
INFO: Run Behavior\ShowPageTraceBehavior [ RunTime:0.000819s ]
INFO: [ app_end ] --END-- [ RunTime:0.000863s ]

[ 2018-03-13T21:02:13+08:00 ] ::1 /User/User/place
INFO: [ app_init ] --START--
INFO: Run Behavior\BuildLiteBehavior [ RunTime:0.000031s ]
INFO: [ app_init ] --END-- [ RunTime:0.000433s ]
INFO: [ app_begin ] --START--
INFO: Run Behavior\ReadHtmlCacheBehavior [ RunTime:0.001927s ]
INFO: [ app_begin ] --END-- [ RunTime:0.002124s ]
SQL: SHOW COLUMNS FROM `wx_region` [ RunTime:0.0099s ]
SQL: SELECT * FROM `wx_region` WHERE (  PARENT_ID = '1' )  [ RunTime:0.0031s ]
INFO: [ app_end ] --START--
INFO: Run Behavior\ShowPageTraceBehavior [ RunTime:0.001061s ]
INFO: [ app_end ] --END-- [ RunTime:0.001120s ]

[ 2018-03-13T21:02:18+08:00 ] ::1 /User/Center/api_cancel
INFO: [ app_init ] --START--
INFO: Run Behavior\BuildLiteBehavior [ RunTime:0.000029s ]
INFO: [ app_init ] --END-- [ RunTime:0.000728s ]
INFO: [ app_begin ] --START--
INFO: Run Behavior\ReadHtmlCacheBehavior [ RunTime:0.001047s ]
INFO: [ app_begin ] --END-- [ RunTime:0.001172s ]

[ 2018-03-13T21:02:18+08:00 ] ::1 /User/Center/index.html
INFO: [ app_init ] --START--
INFO: Run Behavior\BuildLiteBehavior [ RunTime:0.000024s ]
INFO: [ app_init ] --END-- [ RunTime:0.000578s ]
INFO: [ app_begin ] --START--
INFO: Run Behavior\ReadHtmlCacheBehavior [ RunTime:0.003463s ]
INFO: [ app_begin ] --END-- [ RunTime:0.003541s ]
INFO: [ view_parse ] --START--
INFO: [ template_filter ] --START--
INFO: Run Behavior\ContentReplaceBehavior [ RunTime:0.000080s ]
INFO: [ template_filter ] --END-- [ RunTime:0.000127s ]
INFO: Run Behavior\ParseTemplateBehavior [ RunTime:0.010230s ]
INFO: [ view_parse ] --END-- [ RunTime:0.010305s ]
INFO: [ view_filter ] --START--
INFO: Run Behavior\WriteHtmlCacheBehavior [ RunTime:0.000441s ]
INFO: [ view_filter ] --END-- [ RunTime:0.000481s ]

[ 2018-03-13T21:02:18+08:00 ] ::1 /User/Center/builder_verify_img/PBHRWHEAQWKAFBPV
INFO: [ app_init ] --START--
INFO: Run Behavior\BuildLiteBehavior [ RunTime:0.000012s ]
INFO: [ app_init ] --END-- [ RunTime:0.000401s ]
INFO: [ app_begin ] --START--
INFO: Run Behavior\ReadHtmlCacheBehavior [ RunTime:0.001097s ]
INFO: [ app_begin ] --END-- [ RunTime:0.001181s ]

[ 2018-03-13T21:02:45+08:00 ] ::1 /User/Center/api_login_submit
INFO: [ app_init ] --START--
INFO: Run Behavior\BuildLiteBehavior [ RunTime:0.000011s ]
INFO: [ app_init ] --END-- [ RunTime:0.000422s ]
INFO: [ app_begin ] --START--
INFO: Run Behavior\ReadHtmlCacheBehavior [ RunTime:0.000574s ]
INFO: [ app_begin ] --END-- [ RunTime:0.000614s ]
SQL: SHOW COLUMNS FROM `wx_users` [ RunTime:0.0156s ]
SQL: SELECT * FROM `wx_users` WHERE ( moblie= 'M001026' or user_name = 'M001026'  )  [ RunTime:0.0038s ]

[ 2018-03-13T21:02:45+08:00 ] ::1 /User/Center/builder_verify_img/VVVWQSVTRNGJJPWJ
INFO: [ app_init ] --START--
INFO: Run Behavior\BuildLiteBehavior [ RunTime:0.000011s ]
INFO: [ app_init ] --END-- [ RunTime:0.000414s ]
INFO: [ app_begin ] --START--
INFO: Run Behavior\ReadHtmlCacheBehavior [ RunTime:0.000554s ]
INFO: [ app_begin ] --END-- [ RunTime:0.000588s ]

[ 2018-03-13T21:02:59+08:00 ] ::1 /User/Center/builder_verify_img/YNUUWHWMUWBIXQSH
INFO: [ app_init ] --START--
INFO: Run Behavior\BuildLiteBehavior [ RunTime:0.000023s ]
INFO: [ app_init ] --END-- [ RunTime:0.001363s ]
INFO: [ app_begin ] --START--
INFO: Run Behavior\ReadHtmlCacheBehavior [ RunTime:0.001457s ]
INFO: [ app_begin ] --END-- [ RunTime:0.001514s ]

[ 2018-03-13T21:03:05+08:00 ] ::1 /User/Center/api_login_submit
INFO: [ app_init ] --START--
INFO: Run Behavior\BuildLiteBehavior [ RunTime:0.000033s ]
INFO: [ app_init ] --END-- [ RunTime:0.000944s ]
INFO: [ app_begin ] --START--
INFO: Run Behavior\ReadHtmlCacheBehavior [ RunTime:0.001605s ]
INFO: [ app_begin ] --END-- [ RunTime:0.001881s ]
SQL: SHOW COLUMNS FROM `wx_users` [ RunTime:0.0207s ]
SQL: SELECT * FROM `wx_users` WHERE ( moblie= 'M001026' or user_name = 'M001026'  )  [ RunTime:0.0046s ]

[ 2018-03-13T21:03:05+08:00 ] ::1 /User/Center/builder_verify_img/LVDTSVVJWUQOUNXF
INFO: [ app_init ] --START--
INFO: Run Behavior\BuildLiteBehavior [ RunTime:0.000015s ]
INFO: [ app_init ] --END-- [ RunTime:0.002300s ]
INFO: [ app_begin ] --START--
INFO: Run Behavior\ReadHtmlCacheBehavior [ RunTime:0.000718s ]
INFO: [ app_begin ] --END-- [ RunTime:0.000768s ]

[ 2018-03-13T21:03:16+08:00 ] ::1 /User/Center/builder_verify_img/EDBRKBYSXIUVGABJ
INFO: [ app_init ] --START--
INFO: Run Behavior\BuildLiteBehavior [ RunTime:0.000028s ]
INFO: [ app_init ] --END-- [ RunTime:0.000808s ]
INFO: [ app_begin ] --START--
INFO: Run Behavior\ReadHtmlCacheBehavior [ RunTime:0.000701s ]
INFO: [ app_begin ] --END-- [ RunTime:0.000742s ]

[ 2018-03-13T21:03:22+08:00 ] ::1 /User/Center/api_login_submit
INFO: [ app_init ] --START--
INFO: Run Behavior\BuildLiteBehavior [ RunTime:0.000016s ]
INFO: [ app_init ] --END-- [ RunTime:0.000581s ]
INFO: [ app_begin ] --START--
INFO: Run Behavior\ReadHtmlCacheBehavior [ RunTime:0.001224s ]
INFO: [ app_begin ] --END-- [ RunTime:0.001339s ]
SQL: SHOW COLUMNS FROM `wx_users` [ RunTime:0.0127s ]
SQL: SELECT * FROM `wx_users` WHERE ( moblie= 'M001026' or user_name = 'M001026'  )  [ RunTime:0.0061s ]

[ 2018-03-13T21:03:22+08:00 ] ::1 /User/Center/builder_verify_img/EJTYPWHWRNWIPREK
INFO: [ app_init ] --START--
INFO: Run Behavior\BuildLiteBehavior [ RunTime:0.000016s ]
INFO: [ app_init ] --END-- [ RunTime:0.000422s ]
INFO: [ app_begin ] --START--
INFO: Run Behavior\ReadHtmlCacheBehavior [ RunTime:0.000770s ]
INFO: [ app_begin ] --END-- [ RunTime:0.000823s ]

[ 2018-03-13T21:03:39+08:00 ] ::1 /User/Center/api_login_submit
INFO: [ app_init ] --START--
INFO: Run Behavior\BuildLiteBehavior [ RunTime:0.000042s ]
INFO: [ app_init ] --END-- [ RunTime:0.001240s ]
INFO: [ app_begin ] --START--
INFO: Run Behavior\ReadHtmlCacheBehavior [ RunTime:0.000893s ]
INFO: [ app_begin ] --END-- [ RunTime:0.000981s ]
SQL: SHOW COLUMNS FROM `wx_users` [ RunTime:0.0101s ]
SQL: SELECT * FROM `wx_users` WHERE ( moblie= 'M001026' or user_name = 'M001026'  )  [ RunTime:0.0044s ]

[ 2018-03-13T21:03:39+08:00 ] ::1 /User/Center/builder_verify_img/ONPJDKXMXAHWLSBQ
INFO: [ app_init ] --START--
INFO: Run Behavior\BuildLiteBehavior [ RunTime:0.000016s ]
INFO: [ app_init ] --END-- [ RunTime:0.000473s ]
INFO: [ app_begin ] --START--
INFO: Run Behavior\ReadHtmlCacheBehavior [ RunTime:0.000890s ]
INFO: [ app_begin ] --END-- [ RunTime:0.000936s ]

[ 2018-03-13T21:04:00+08:00 ] ::1 /
INFO: [ app_init ] --START--
INFO: Run Behavior\BuildLiteBehavior [ RunTime:0.000018s ]
INFO: [ app_init ] --END-- [ RunTime:0.000608s ]
INFO: [ app_begin ] --START--
INFO: Run Behavior\ReadHtmlCacheBehavior [ RunTime:0.001726s ]
INFO: [ app_begin ] --END-- [ RunTime:0.001805s ]
INFO: [ view_parse ] --START--
INFO: [ template_filter ] --START--
INFO: Run Behavior\ContentReplaceBehavior [ RunTime:0.000056s ]
INFO: [ template_filter ] --END-- [ RunTime:0.000097s ]
INFO: Run Behavior\ParseTemplateBehavior [ RunTime:0.011009s ]
INFO: [ view_parse ] --END-- [ RunTime:0.011075s ]
INFO: [ view_filter ] --START--
INFO: Run Behavior\WriteHtmlCacheBehavior [ RunTime:0.000490s ]
INFO: [ view_filter ] --END-- [ RunTime:0.000529s ]

[ 2018-03-13T21:04:00+08:00 ] ::1 /User/Center/builder_verify_img/NXUMJYPASDWKREUA
INFO: [ app_init ] --START--
INFO: Run Behavior\BuildLiteBehavior [ RunTime:0.000017s ]
INFO: [ app_init ] --END-- [ RunTime:0.000517s ]
INFO: [ app_begin ] --START--
INFO: Run Behavior\ReadHtmlCacheBehavior [ RunTime:0.000788s ]
INFO: [ app_begin ] --END-- [ RunTime:0.000837s ]

[ 2018-03-13T21:04:35+08:00 ] ::1 /User/User/memberlevel
INFO: [ app_init ] --START--
INFO: Run Behavior\BuildLiteBehavior [ RunTime:0.000019s ]
INFO: [ app_init ] --END-- [ RunTime:0.000702s ]
INFO: [ app_begin ] --START--
INFO: Run Behavior\ReadHtmlCacheBehavior [ RunTime:0.000803s ]
INFO: [ app_begin ] --END-- [ RunTime:0.000868s ]
SQL: SHOW COLUMNS FROM `wx_memberlevel` [ RunTime:0.0141s ]
SQL: SELECT * FROM `wx_memberlevel`  [ RunTime:0.0005s ]
INFO: [ app_end ] --START--
INFO: Run Behavior\ShowPageTraceBehavior [ RunTime:0.000921s ]
INFO: [ app_end ] --END-- [ RunTime:0.000986s ]

[ 2018-03-13T21:04:35+08:00 ] ::1 /User/User/memberarea
INFO: [ app_init ] --START--
INFO: Run Behavior\BuildLiteBehavior [ RunTime:0.000013s ]
INFO: [ app_init ] --END-- [ RunTime:0.000399s ]
INFO: [ app_begin ] --START--
INFO: Run Behavior\ReadHtmlCacheBehavior [ RunTime:0.000598s ]
INFO: [ app_begin ] --END-- [ RunTime:0.000637s ]
NOTIC: [8] Undefined index: register_area_default D:\phpStudy\WWW\slh\Application\User\Controller\UserController.class.php 第 285 行.
INFO: [ app_end ] --START--
INFO: Run Behavior\ShowPageTraceBehavior [ RunTime:0.000701s ]
INFO: [ app_end ] --END-- [ RunTime:0.000751s ]

[ 2018-03-13T21:04:36+08:00 ] ::1 /User/User/bank
INFO: [ app_init ] --START--
INFO: Run Behavior\BuildLiteBehavior [ RunTime:0.000022s ]
INFO: [ app_init ] --END-- [ RunTime:0.000833s ]
INFO: [ app_begin ] --START--
INFO: Run Behavior\ReadHtmlCacheBehavior [ RunTime:0.001012s ]
INFO: [ app_begin ] --END-- [ RunTime:0.001078s ]
SQL: SHOW COLUMNS FROM `wx_bank` [ RunTime:0.0139s ]
SQL: SELECT * FROM `wx_bank`  [ RunTime:0.0005s ]
INFO: [ app_end ] --START--
INFO: Run Behavior\ShowPageTraceBehavior [ RunTime:0.001153s ]
INFO: [ app_end ] --END-- [ RunTime:0.001222s ]

[ 2018-03-13T21:04:37+08:00 ] ::1 /User/User/place
INFO: [ app_init ] --START--
INFO: Run Behavior\BuildLiteBehavior [ RunTime:0.000015s ]
INFO: [ app_init ] --END-- [ RunTime:0.000721s ]
INFO: [ app_begin ] --START--
INFO: Run Behavior\ReadHtmlCacheBehavior [ RunTime:0.000753s ]
INFO: [ app_begin ] --END-- [ RunTime:0.000819s ]
SQL: SHOW COLUMNS FROM `wx_region` [ RunTime:0.0125s ]
SQL: SELECT * FROM `wx_region` WHERE (  PARENT_ID = '1' )  [ RunTime:0.0024s ]
INFO: [ app_end ] --START--
INFO: Run Behavior\ShowPageTraceBehavior [ RunTime:0.001035s ]
INFO: [ app_end ] --END-- [ RunTime:0.001084s ]

[ 2018-03-13T21:05:28+08:00 ] ::1 /User/User/place
INFO: [ app_init ] --START--
INFO: Run Behavior\BuildLiteBehavior [ RunTime:0.000017s ]
INFO: [ app_init ] --END-- [ RunTime:0.000511s ]
INFO: [ app_begin ] --START--
INFO: Run Behavior\ReadHtmlCacheBehavior [ RunTime:0.000753s ]
INFO: [ app_begin ] --END-- [ RunTime:0.000806s ]
SQL: SHOW COLUMNS FROM `wx_region` [ RunTime:0.0121s ]
SQL: SELECT * FROM `wx_region` WHERE (  PARENT_ID = '8' )  [ RunTime:0.0025s ]
INFO: [ app_end ] --START--
INFO: Run Behavior\ShowPageTraceBehavior [ RunTime:0.000768s ]
INFO: [ app_end ] --END-- [ RunTime:0.000810s ]

[ 2018-03-13T21:05:30+08:00 ] ::1 /User/User/place
INFO: [ app_init ] --START--
INFO: Run Behavior\BuildLiteBehavior [ RunTime:0.000018s ]
INFO: [ app_init ] --END-- [ RunTime:0.000484s ]
INFO: [ app_begin ] --START--
INFO: Run Behavior\ReadHtmlCacheBehavior [ RunTime:0.000631s ]
INFO: [ app_begin ] --END-- [ RunTime:0.000677s ]
SQL: SHOW COLUMNS FROM `wx_region` [ RunTime:0.0118s ]
SQL: SELECT * FROM `wx_region` WHERE (  PARENT_ID = '90' )  [ RunTime:0.0028s ]
INFO: [ app_end ] --START--
INFO: Run Behavior\ShowPageTraceBehavior [ RunTime:0.000821s ]
INFO: [ app_end ] --END-- [ RunTime:0.000879s ]

[ 2018-03-13T21:05:34+08:00 ] ::1 /User/User/api_register_submit.html
INFO: [ app_init ] --START--
INFO: Run Behavior\BuildLiteBehavior [ RunTime:0.000018s ]
INFO: [ app_init ] --END-- [ RunTime:0.000830s ]
INFO: [ app_begin ] --START--
INFO: Run Behavior\ReadHtmlCacheBehavior [ RunTime:0.000774s ]
INFO: [ app_begin ] --END-- [ RunTime:0.000824s ]
SQL: SHOW COLUMNS FROM `wx_users` [ RunTime:0.0155s ]
SQL: SELECT * FROM `wx_users` WHERE (  user_name = 'M001027' ) LIMIT 1   [ RunTime:0.0060s ]
SQL: SELECT * FROM `wx_users` WHERE (  user_name = 'M000001' ) LIMIT 1   [ RunTime:0.0008s ]
NOTIC: [8] Undefined index: single D:\phpStudy\WWW\slh\Application\User\Controller\UserController.class.php 第 84 行.
SQL: SHOW COLUMNS FROM `wx_memberlevel` [ RunTime:0.0150s ]
SQL: SELECT * FROM `wx_memberlevel` WHERE (  id = '1'  ) LIMIT 1   [ RunTime:0.0003s ]
SQL: SELECT * FROM `wx_users` WHERE (  moblie = '13333333333' ) LIMIT 1   [ RunTime:0.0044s ]
SQL: SELECT * FROM `wx_users` WHERE (  user_name = 'M001026' ) LIMIT 1   [ RunTime:0.0045s ]
SQL: SELECT * FROM `wx_users` WHERE (  user_name = 'M001026' ) LIMIT 1   [ RunTime:0.0034s ]
SQL: INSERT INTO `wx_users` (`user_name`,`centerid`,`centername`,`level`,`single`,`lsk`,`password`,`second_password`,`truename`,`idcard`,`bankid`,`bankno`,`bankuser`,`bankname`,`moblie`,`email`,`zipcode`,`address`,`place`,`reg_time`,`after_time`,`pid`,`rusername`,`repath`,`rlevel`,`area`,`parentid`,`pusername`,`ppath`,`plevel`) VALUES ('M001027','1','M000001','1','1','1980','e10adc3949ba59abbe56e057f20f883e','e10adc3949ba59abbe56e057f20f883e','第三方','370123199303031012','1','1238980480480','你还','北京朝阳区','13333333333','','','','994','1520946334','1520946334','1026','M001026','1,2,4,8,1025,1026,','6','1','1026','M001026','1,3,7,15,31,63,127,255,511,1023,1025,1026,','12') [ RunTime:0.0414s ]
SQL: UPDATE `wx_users` SET `chl`='1027' WHERE (  user_name = 'M001026'  ) [ RunTime:0.0394s ]

[ 2018-03-13T21:05:51+08:00 ] ::1 /User/Center/api_login_submit
INFO: [ app_init ] --START--
INFO: Run Behavior\BuildLiteBehavior [ RunTime:0.000027s ]
INFO: [ app_init ] --END-- [ RunTime:0.000691s ]
INFO: [ app_begin ] --START--
INFO: Run Behavior\ReadHtmlCacheBehavior [ RunTime:0.000893s ]
INFO: [ app_begin ] --END-- [ RunTime:0.000978s ]
SQL: SHOW COLUMNS FROM `wx_users` [ RunTime:0.0151s ]

[ 2018-03-13T21:05:51+08:00 ] ::1 /User/Center/builder_verify_img/AGKKDYQVWYPANOEM
INFO: [ app_init ] --START--
INFO: Run Behavior\BuildLiteBehavior [ RunTime:0.000019s ]
INFO: [ app_init ] --END-- [ RunTime:0.000670s ]
INFO: [ app_begin ] --START--
INFO: Run Behavior\ReadHtmlCacheBehavior [ RunTime:0.002238s ]
INFO: [ app_begin ] --END-- [ RunTime:0.002491s ]

[ 2018-03-13T21:06:03+08:00 ] ::1 /User/Center/api_login_submit
INFO: [ app_init ] --START--
INFO: Run Behavior\BuildLiteBehavior [ RunTime:0.000024s ]
INFO: [ app_init ] --END-- [ RunTime:0.000734s ]
INFO: [ app_begin ] --START--
INFO: Run Behavior\ReadHtmlCacheBehavior [ RunTime:0.001217s ]
INFO: [ app_begin ] --END-- [ RunTime:0.001281s ]
SQL: SHOW COLUMNS FROM `wx_users` [ RunTime:0.0225s ]
SQL: SELECT * FROM `wx_users` WHERE ( moblie= 'M001027' or user_name = 'M001027'  )  [ RunTime:0.0055s ]
SQL: UPDATE `wx_users` SET `last_time`='1520946363' WHERE (  user_id = '1027'  ) [ RunTime:0.0359s ]

[ 2018-03-13T21:06:03+08:00 ] ::1 /User/Center/builder_verify_img/MRIXPTQJNTTUPRSL
INFO: [ app_init ] --START--
INFO: Run Behavior\BuildLiteBehavior [ RunTime:0.000013s ]
INFO: [ app_init ] --END-- [ RunTime:0.000376s ]
INFO: [ app_begin ] --START--
INFO: Run Behavior\ReadHtmlCacheBehavior [ RunTime:0.000603s ]
INFO: [ app_begin ] --END-- [ RunTime:0.000648s ]

[ 2018-03-13T21:06:05+08:00 ] ::1 /User/Center/index
INFO: [ app_init ] --START--
INFO: Run Behavior\BuildLiteBehavior [ RunTime:0.000040s ]
INFO: [ app_init ] --END-- [ RunTime:0.001316s ]
INFO: [ app_begin ] --START--
INFO: Run Behavior\ReadHtmlCacheBehavior [ RunTime:0.000796s ]
INFO: [ app_begin ] --END-- [ RunTime:0.000849s ]
SQL: SHOW COLUMNS FROM `wx_users` [ RunTime:0.0151s ]
SQL: SHOW COLUMNS FROM `wx_hbrecord` [ RunTime:0.0081s ]
SQL: SHOW COLUMNS FROM `wx_ztrecord` [ RunTime:0.0116s ]
SQL: SELECT * FROM `wx_users` WHERE `user_id` = 1027 LIMIT 1   [ RunTime:0.0007s ]
SQL: SELECT `nickname` FROM `wx_users` WHERE `user_id` = 1026 LIMIT 1   [ RunTime:0.0007s ]
SQL: SHOW COLUMNS FROM `wx_daili_info` [ RunTime:0.0166s ]
SQL: SELECT * FROM `wx_daili_info`  [ RunTime:0.0004s ]
SQL: SHOW COLUMNS FROM `wx_memberlevel` [ RunTime:0.0100s ]
SQL: SELECT * FROM `wx_memberlevel` WHERE (  id = '1'  ) LIMIT 1   [ RunTime:0.0003s ]
INFO: [ view_parse ] --START--
INFO: [ template_filter ] --START--
INFO: Run Behavior\ContentReplaceBehavior [ RunTime:0.000210s ]
INFO: [ template_filter ] --END-- [ RunTime:0.000364s ]
INFO: Run Behavior\ParseTemplateBehavior [ RunTime:0.015545s ]
INFO: [ view_parse ] --END-- [ RunTime:0.015601s ]
INFO: [ view_filter ] --START--
INFO: Run Behavior\WriteHtmlCacheBehavior [ RunTime:0.000357s ]
INFO: [ view_filter ] --END-- [ RunTime:0.000386s ]
INFO: [ app_end ] --START--
INFO: Run Behavior\ShowPageTraceBehavior [ RunTime:0.001125s ]
INFO: [ app_end ] --END-- [ RunTime:0.001196s ]

[ 2018-03-13T21:06:11+08:00 ] ::1 /User/User/recmlists
INFO: [ app_init ] --START--
INFO: Run Behavior\BuildLiteBehavior [ RunTime:0.000010s ]
INFO: [ app_init ] --END-- [ RunTime:0.000451s ]
INFO: [ app_begin ] --START--
INFO: Run Behavior\ReadHtmlCacheBehavior [ RunTime:0.000689s ]
INFO: [ app_begin ] --END-- [ RunTime:0.000719s ]
SQL: SHOW COLUMNS FROM `wx_users` [ RunTime:0.0229s ]
SQL: SELECT COUNT(*) AS tp_count FROM `wx_users` WHERE (  pid = '1027' ) LIMIT 1   [ RunTime:0.0018s ]
SQL: SELECT * FROM `wx_users` INNER JOIN wx_memberlevel ON wx_memberlevel.id = wx_users.level  WHERE ( wx_users.pid = '1027' ) ORDER BY wx_users.user_id asc LIMIT 0,10   [ RunTime:0.0133s ]
INFO: [ view_parse ] --START--
INFO: [ template_filter ] --START--
INFO: Run Behavior\ContentReplaceBehavior [ RunTime:0.000071s ]
INFO: [ template_filter ] --END-- [ RunTime:0.000129s ]
INFO: Run Behavior\ParseTemplateBehavior [ RunTime:0.011775s ]
INFO: [ view_parse ] --END-- [ RunTime:0.011848s ]
INFO: [ view_filter ] --START--
INFO: Run Behavior\WriteHtmlCacheBehavior [ RunTime:0.000957s ]
INFO: [ view_filter ] --END-- [ RunTime:0.001027s ]
INFO: [ app_end ] --START--
INFO: Run Behavior\ShowPageTraceBehavior [ RunTime:0.000940s ]
INFO: [ app_end ] --END-- [ RunTime:0.000979s ]

[ 2018-03-13T21:06:16+08:00 ] ::1 /User/Deal/transfer
INFO: [ app_init ] --START--
INFO: Run Behavior\BuildLiteBehavior [ RunTime:0.000012s ]
INFO: [ app_init ] --END-- [ RunTime:0.000409s ]
INFO: [ app_begin ] --START--
INFO: Run Behavior\ReadHtmlCacheBehavior [ RunTime:0.001550s ]
INFO: [ app_begin ] --END-- [ RunTime:0.001758s ]
NOTIC: [8] Undefined index: two_Verify D:\phpStudy\WWW\slh\Application\User\Controller\DealController.class.php 第 9 行.
INFO: [ view_parse ] --START--
INFO: [ template_filter ] --START--
INFO: Run Behavior\ContentReplaceBehavior [ RunTime:0.000075s ]
INFO: [ template_filter ] --END-- [ RunTime:0.000124s ]
NOTIC: [8] Undefined variable: user_id D:\phpStudy\WWW\slh\Application\Runtime\Cache\User\c7b13deeb32a9602b1e2d0f4c29ea0f4.php 第 59 行.
INFO: Run Behavior\ParseTemplateBehavior [ RunTime:0.009127s ]
INFO: [ view_parse ] --END-- [ RunTime:0.009188s ]
INFO: [ view_filter ] --START--
INFO: Run Behavior\WriteHtmlCacheBehavior [ RunTime:0.000417s ]
INFO: [ view_filter ] --END-- [ RunTime:0.000443s ]

[ 2018-03-13T21:06:30+08:00 ] ::1 /User/Center/api_authentication_submit
INFO: [ app_init ] --START--
INFO: Run Behavior\BuildLiteBehavior [ RunTime:0.000033s ]
INFO: [ app_init ] --END-- [ RunTime:0.000949s ]
INFO: [ app_begin ] --START--
INFO: Run Behavior\ReadHtmlCacheBehavior [ RunTime:0.000792s ]
INFO: [ app_begin ] --END-- [ RunTime:0.000850s ]
SQL: SHOW COLUMNS FROM `wx_users` [ RunTime:0.0154s ]
SQL: SELECT * FROM `wx_users` WHERE ( user_name= 'M001027'  )  [ RunTime:0.0037s ]

[ 2018-03-13T21:06:32+08:00 ] ::1 /User/Center/index
INFO: [ app_init ] --START--
INFO: Run Behavior\BuildLiteBehavior [ RunTime:0.000014s ]
INFO: [ app_init ] --END-- [ RunTime:0.000365s ]
INFO: [ app_begin ] --START--
INFO: Run Behavior\ReadHtmlCacheBehavior [ RunTime:0.000812s ]
INFO: [ app_begin ] --END-- [ RunTime:0.000882s ]
SQL: SHOW COLUMNS FROM `wx_users` [ RunTime:0.0187s ]
SQL: SHOW COLUMNS FROM `wx_hbrecord` [ RunTime:0.0085s ]
SQL: SHOW COLUMNS FROM `wx_ztrecord` [ RunTime:0.0126s ]
SQL: SELECT * FROM `wx_users` WHERE `user_id` = 1027 LIMIT 1   [ RunTime:0.0007s ]
SQL: SELECT `nickname` FROM `wx_users` WHERE `user_id` = 1026 LIMIT 1   [ RunTime:0.0003s ]
SQL: SHOW COLUMNS FROM `wx_daili_info` [ RunTime:0.0161s ]
SQL: SELECT * FROM `wx_daili_info`  [ RunTime:0.0005s ]
SQL: SHOW COLUMNS FROM `wx_memberlevel` [ RunTime:0.0115s ]
SQL: SELECT * FROM `wx_memberlevel` WHERE (  id = '1'  ) LIMIT 1   [ RunTime:0.0020s ]
INFO: [ view_parse ] --START--
INFO: [ template_filter ] --START--
INFO: Run Behavior\ContentReplaceBehavior [ RunTime:0.000100s ]
INFO: [ template_filter ] --END-- [ RunTime:0.000169s ]
INFO: Run Behavior\ParseTemplateBehavior [ RunTime:0.017031s ]
INFO: [ view_parse ] --END-- [ RunTime:0.017102s ]
INFO: [ view_filter ] --START--
INFO: Run Behavior\WriteHtmlCacheBehavior [ RunTime:0.000426s ]
INFO: [ view_filter ] --END-- [ RunTime:0.000466s ]
INFO: [ app_end ] --START--
INFO: Run Behavior\ShowPageTraceBehavior [ RunTime:0.000955s ]
INFO: [ app_end ] --END-- [ RunTime:0.001011s ]

[ 2018-03-13T21:06:36+08:00 ] ::1 /User/Deal/transfer
INFO: [ app_init ] --START--
INFO: Run Behavior\BuildLiteBehavior [ RunTime:0.000013s ]
INFO: [ app_init ] --END-- [ RunTime:0.000394s ]
INFO: [ app_begin ] --START--
INFO: Run Behavior\ReadHtmlCacheBehavior [ RunTime:0.003586s ]
INFO: [ app_begin ] --END-- [ RunTime:0.003733s ]
SQL: SHOW COLUMNS FROM `wx_users` [ RunTime:0.0147s ]
SQL: SELECT * FROM `wx_users` WHERE (  user_name = 'M001027' ) LIMIT 1   [ RunTime:0.0046s ]
INFO: [ view_parse ] --START--
INFO: [ template_filter ] --START--
INFO: Run Behavior\ContentReplaceBehavior [ RunTime:0.000107s ]
INFO: [ template_filter ] --END-- [ RunTime:0.000171s ]
NOTIC: [8] Undefined variable: user_code D:\phpStudy\WWW\slh\Application\Runtime\Cache\User\97bfc0a0df84c478f78e324a003fb769.php 第 58 行.
INFO: Run Behavior\ParseTemplateBehavior [ RunTime:0.010993s ]
INFO: [ view_parse ] --END-- [ RunTime:0.011032s ]
INFO: [ view_filter ] --START--
INFO: Run Behavior\WriteHtmlCacheBehavior [ RunTime:0.000403s ]
INFO: [ view_filter ] --END-- [ RunTime:0.000432s ]
INFO: [ app_end ] --START--
INFO: Run Behavior\ShowPageTraceBehavior [ RunTime:0.000989s ]
INFO: [ app_end ] --END-- [ RunTime:0.001117s ]

[ 2018-03-13T21:06:37+08:00 ] ::1 /User/User/memberlevel
INFO: [ app_init ] --START--
INFO: Run Behavior\BuildLiteBehavior [ RunTime:0.000022s ]
INFO: [ app_init ] --END-- [ RunTime:0.000709s ]
INFO: [ app_begin ] --START--
INFO: Run Behavior\ReadHtmlCacheBehavior [ RunTime:0.000981s ]
INFO: [ app_begin ] --END-- [ RunTime:0.001062s ]
SQL: SHOW COLUMNS FROM `wx_memberlevel` [ RunTime:0.0151s ]
SQL: SELECT * FROM `wx_memberlevel`  [ RunTime:0.0003s ]
INFO: [ app_end ] --START--
INFO: Run Behavior\ShowPageTraceBehavior [ RunTime:0.000655s ]
INFO: [ app_end ] --END-- [ RunTime:0.000698s ]

[ 2018-03-13T21:06:37+08:00 ] ::1 /User/User/memberarea
INFO: [ app_init ] --START--
INFO: Run Behavior\BuildLiteBehavior [ RunTime:0.000014s ]
INFO: [ app_init ] --END-- [ RunTime:0.000397s ]
INFO: [ app_begin ] --START--
INFO: Run Behavior\ReadHtmlCacheBehavior [ RunTime:0.001451s ]
INFO: [ app_begin ] --END-- [ RunTime:0.001611s ]
NOTIC: [8] Undefined index: register_area_default D:\phpStudy\WWW\slh\Application\User\Controller\UserController.class.php 第 285 行.
INFO: [ app_end ] --START--
INFO: Run Behavior\ShowPageTraceBehavior [ RunTime:0.000817s ]
INFO: [ app_end ] --END-- [ RunTime:0.000890s ]

[ 2018-03-13T21:06:38+08:00 ] ::1 /User/User/bank
INFO: [ app_init ] --START--
INFO: Run Behavior\BuildLiteBehavior [ RunTime:0.000013s ]
INFO: [ app_init ] --END-- [ RunTime:0.000397s ]
INFO: [ app_begin ] --START--
INFO: Run Behavior\ReadHtmlCacheBehavior [ RunTime:0.001019s ]
INFO: [ app_begin ] --END-- [ RunTime:0.001079s ]
SQL: SHOW COLUMNS FROM `wx_bank` [ RunTime:0.0117s ]
SQL: SELECT * FROM `wx_bank`  [ RunTime:0.0002s ]
INFO: [ app_end ] --START--
INFO: Run Behavior\ShowPageTraceBehavior [ RunTime:0.000935s ]
INFO: [ app_end ] --END-- [ RunTime:0.001008s ]

[ 2018-03-13T21:06:39+08:00 ] ::1 /User/User/place
INFO: [ app_init ] --START--
INFO: Run Behavior\BuildLiteBehavior [ RunTime:0.000019s ]
INFO: [ app_init ] --END-- [ RunTime:0.000473s ]
INFO: [ app_begin ] --START--
INFO: Run Behavior\ReadHtmlCacheBehavior [ RunTime:0.000565s ]
INFO: [ app_begin ] --END-- [ RunTime:0.000602s ]
SQL: SHOW COLUMNS FROM `wx_region` [ RunTime:0.0233s ]
SQL: SELECT * FROM `wx_region` WHERE (  PARENT_ID = '1' )  [ RunTime:0.0036s ]
INFO: [ app_end ] --START--
INFO: Run Behavior\ShowPageTraceBehavior [ RunTime:0.000937s ]
INFO: [ app_end ] --END-- [ RunTime:0.000994s ]

[ 2018-03-13T21:06:42+08:00 ] ::1 /User/Product/order
INFO: [ app_init ] --START--
INFO: Run Behavior\BuildLiteBehavior [ RunTime:0.000018s ]
INFO: [ app_init ] --END-- [ RunTime:0.000499s ]
INFO: [ app_begin ] --START--
INFO: Run Behavior\ReadHtmlCacheBehavior [ RunTime:0.000817s ]
INFO: [ app_begin ] --END-- [ RunTime:0.000868s ]
SQL: SHOW COLUMNS FROM `wx_users` [ RunTime:0.0190s ]
SQL: SELECT `user_id` FROM `wx_users` WHERE ( user_name='M001027' ) LIMIT 1   [ RunTime:0.0034s ]
SQL: SHOW COLUMNS FROM `wx_shop_order` [ RunTime:0.0143s ]
SQL: SELECT COUNT(*) AS tp_count FROM `wx_shop_order` WHERE ( user_id = '1027'  ) LIMIT 1   [ RunTime:0.0003s ]
SQL: SELECT * FROM `wx_shop_order` WHERE ( user_id = '1027'  ) ORDER BY order_id desc LIMIT 0,10   [ RunTime:0.0003s ]
INFO: [ view_parse ] --START--
INFO: [ template_filter ] --START--
INFO: Run Behavior\ContentReplaceBehavior [ RunTime:0.000262s ]
INFO: [ template_filter ] --END-- [ RunTime:0.000473s ]
INFO: Run Behavior\ParseTemplateBehavior [ RunTime:0.012972s ]
INFO: [ view_parse ] --END-- [ RunTime:0.013060s ]
INFO: [ view_filter ] --START--
INFO: Run Behavior\WriteHtmlCacheBehavior [ RunTime:0.000645s ]
INFO: [ view_filter ] --END-- [ RunTime:0.000691s ]
INFO: [ app_end ] --START--
INFO: Run Behavior\ShowPageTraceBehavior [ RunTime:0.000801s ]
INFO: [ app_end ] --END-- [ RunTime:0.000838s ]

[ 2018-03-13T21:06:46+08:00 ] ::1 /User/User/applylists
INFO: [ app_init ] --START--
INFO: Run Behavior\BuildLiteBehavior [ RunTime:0.000016s ]
INFO: [ app_init ] --END-- [ RunTime:0.000489s ]
INFO: [ app_begin ] --START--
INFO: Run Behavior\ReadHtmlCacheBehavior [ RunTime:0.000969s ]
INFO: [ app_begin ] --END-- [ RunTime:0.001015s ]
SQL: SHOW COLUMNS FROM `wx_centerlists` [ RunTime:0.0157s ]
SQL: SELECT COUNT(*) AS tp_count FROM `wx_centerlists` WHERE ( user_name = 'M001027' ) LIMIT 1   [ RunTime:0.0004s ]
SQL: SELECT * FROM `wx_centerlists` WHERE ( user_name = 'M001027' ) LIMIT 0,10   [ RunTime:0.0010s ]
INFO: [ view_parse ] --START--
INFO: [ template_filter ] --START--
INFO: Run Behavior\ContentReplaceBehavior [ RunTime:0.000062s ]
INFO: [ template_filter ] --END-- [ RunTime:0.000109s ]
INFO: Run Behavior\ParseTemplateBehavior [ RunTime:0.013909s ]
INFO: [ view_parse ] --END-- [ RunTime:0.014111s ]
INFO: [ view_filter ] --START--
INFO: Run Behavior\WriteHtmlCacheBehavior [ RunTime:0.002285s ]
INFO: [ view_filter ] --END-- [ RunTime:0.002348s ]
INFO: [ app_end ] --START--
INFO: Run Behavior\ShowPageTraceBehavior [ RunTime:0.000702s ]
INFO: [ app_end ] --END-- [ RunTime:0.000756s ]

[ 2018-03-13T21:07:04+08:00 ] ::1 /User/Notice/main
INFO: [ app_init ] --START--
INFO: Run Behavior\BuildLiteBehavior [ RunTime:0.000013s ]
INFO: [ app_init ] --END-- [ RunTime:0.000395s ]
INFO: [ app_begin ] --START--
INFO: Run Behavior\ReadHtmlCacheBehavior [ RunTime:0.000602s ]
INFO: [ app_begin ] --END-- [ RunTime:0.000636s ]
INFO: [ view_parse ] --START--
INFO: [ template_filter ] --START--
INFO: Run Behavior\ContentReplaceBehavior [ RunTime:0.000125s ]
INFO: [ template_filter ] --END-- [ RunTime:0.000215s ]
INFO: Run Behavior\ParseTemplateBehavior [ RunTime:0.014965s ]
INFO: [ view_parse ] --END-- [ RunTime:0.015378s ]
INFO: [ view_filter ] --START--
INFO: Run Behavior\WriteHtmlCacheBehavior [ RunTime:0.000953s ]
INFO: [ view_filter ] --END-- [ RunTime:0.001165s ]
INFO: [ app_end ] --START--
INFO: Run Behavior\ShowPageTraceBehavior [ RunTime:0.001207s ]
INFO: [ app_end ] --END-- [ RunTime:0.001276s ]

[ 2018-03-13T21:08:47+08:00 ] ::1 /User/User/memberlevel
INFO: [ app_init ] --START--
INFO: Run Behavior\BuildLiteBehavior [ RunTime:0.000013s ]
INFO: [ app_init ] --END-- [ RunTime:0.000482s ]
INFO: [ app_begin ] --START--
INFO: Run Behavior\ReadHtmlCacheBehavior [ RunTime:0.001465s ]
INFO: [ app_begin ] --END-- [ RunTime:0.001560s ]
SQL: SHOW COLUMNS FROM `wx_memberlevel` [ RunTime:0.0177s ]
SQL: SELECT * FROM `wx_memberlevel`  [ RunTime:0.0004s ]
INFO: [ app_end ] --START--
INFO: Run Behavior\ShowPageTraceBehavior [ RunTime:0.000914s ]
INFO: [ app_end ] --END-- [ RunTime:0.000962s ]

[ 2018-03-13T21:08:48+08:00 ] ::1 /User/User/memberarea
INFO: [ app_init ] --START--
INFO: Run Behavior\BuildLiteBehavior [ RunTime:0.000019s ]
INFO: [ app_init ] --END-- [ RunTime:0.000473s ]
INFO: [ app_begin ] --START--
INFO: Run Behavior\ReadHtmlCacheBehavior [ RunTime:0.000593s ]
INFO: [ app_begin ] --END-- [ RunTime:0.000640s ]
NOTIC: [8] Undefined index: register_area_default D:\phpStudy\WWW\slh\Application\User\Controller\UserController.class.php 第 285 行.
INFO: [ app_end ] --START--
INFO: Run Behavior\ShowPageTraceBehavior [ RunTime:0.000889s ]
INFO: [ app_end ] --END-- [ RunTime:0.001036s ]

