[ 2018-03-18T09:51:52+08:00 ] 127.0.0.1 /Shop/index/index
INFO: [ app_init ] --START--
INFO: Run Behavior\BuildLiteBehavior [ RunTime:0.000010s ]
INFO: [ app_init ] --END-- [ RunTime:0.000537s ]
INFO: [ app_begin ] --START--
INFO: Run Behavior\ReadHtmlCacheBehavior [ RunTime:0.000751s ]
INFO: [ app_begin ] --END-- [ RunTime:0.000785s ]
SQL: SHOW COLUMNS FROM `wx_shop_categrey` [ RunTime:0.0447s ]
SQL: SHOW COLUMNS FROM `wx_shop_goods` [ RunTime:0.0086s ]
SQL: SHOW COLUMNS FROM `wx_good_pic` [ RunTime:0.0408s ]
SQL: SELECT * FROM `wx_shop_categrey` WHERE (  pid = 0 and is_show = 1  ) ORDER BY code desc  [ RunTime:0.0003s ]
SQL: SELECT * FROM `wx_shop_goods` WHERE (  cate_gid = '1' and is_true = 1  ) ORDER BY code desc LIMIT 6   [ RunTime:0.0003s ]
SQL: SELECT `pic_url` FROM `wx_good_pic` WHERE `good_id` = 11 LIMIT 1   [ RunTime:0.0002s ]
SQL: SELECT * FROM `wx_shop_goods` WHERE (  cate_gid = '2' and is_true = 1  ) ORDER BY code desc LIMIT 6   [ RunTime:0.0003s ]
SQL: SHOW COLUMNS FROM `wx_shop_bannar` [ RunTime:0.0165s ]
SQL: SELECT * FROM `wx_shop_bannar` ORDER BY code desc  [ RunTime:0.0003s ]
SQL: SHOW COLUMNS FROM `wx_shop_ad` [ RunTime:0.0298s ]
SQL: SELECT * FROM `wx_shop_ad` ORDER BY code desc  [ RunTime:0.0003s ]
SQL: SHOW COLUMNS FROM `wx_shop_order_temp` [ RunTime:0.0081s ]
SQL: SELECT SUM(good_num) AS tp_sum FROM `wx_shop_order_temp` WHERE (  user_id = '1028'  ) LIMIT 1   [ RunTime:0.0003s ]
INFO: [ view_parse ] --START--
INFO: [ template_filter ] --START--
INFO: Run Behavior\ContentReplaceBehavior [ RunTime:0.000085s ]
INFO: [ template_filter ] --END-- [ RunTime:0.000120s ]
NOTIC: [8] Undefined variable: signPackage D:\phpStudy\WWW\slh\Application\Runtime\Cache\Shop\2c6b2a5091935ef5552425c0ed01e864.php 第 31 行.
NOTIC: [8] Undefined variable: signPackage D:\phpStudy\WWW\slh\Application\Runtime\Cache\Shop\2c6b2a5091935ef5552425c0ed01e864.php 第 32 行.
NOTIC: [8] Undefined variable: signPackage D:\phpStudy\WWW\slh\Application\Runtime\Cache\Shop\2c6b2a5091935ef5552425c0ed01e864.php 第 33 行.
NOTIC: [8] Undefined variable: signPackage D:\phpStudy\WWW\slh\Application\Runtime\Cache\Shop\2c6b2a5091935ef5552425c0ed01e864.php 第 34 行.
NOTIC: [8] Undefined variable: share_url D:\phpStudy\WWW\slh\Application\Runtime\Cache\Shop\2c6b2a5091935ef5552425c0ed01e864.php 第 58 行.
NOTIC: [8] Undefined variable: share_url D:\phpStudy\WWW\slh\Application\Runtime\Cache\Shop\2c6b2a5091935ef5552425c0ed01e864.php 第 70 行.
NOTIC: [8] Undefined variable: share_type D:\phpStudy\WWW\slh\Application\Runtime\Cache\Shop\2c6b2a5091935ef5552425c0ed01e864.php 第 86 行.
NOTIC: [8] Use of undefined constant good - assumed 'good' D:\phpStudy\WWW\slh\Application\Runtime\Cache\Shop\2c6b2a5091935ef5552425c0ed01e864.php 第 176 行.
NOTIC: [8] Undefined offset: 0 D:\phpStudy\WWW\slh\Application\Runtime\Cache\Shop\2c6b2a5091935ef5552425c0ed01e864.php 第 158 行.
INFO: Run Behavior\ParseTemplateBehavior [ RunTime:0.046025s ]
INFO: [ view_parse ] --END-- [ RunTime:0.046109s ]
INFO: [ view_filter ] --START--
INFO: Run Behavior\WriteHtmlCacheBehavior [ RunTime:0.000907s ]
INFO: [ view_filter ] --END-- [ RunTime:0.000944s ]
INFO: [ app_end ] --START--
INFO: Run Behavior\ShowPageTraceBehavior [ RunTime:0.001035s ]
INFO: [ app_end ] --END-- [ RunTime:0.001082s ]

[ 2018-03-18T09:52:03+08:00 ] 127.0.0.1 /Shop/Index/catelist.html
INFO: [ app_init ] --START--
INFO: Run Behavior\BuildLiteBehavior [ RunTime:0.000010s ]
INFO: [ app_init ] --END-- [ RunTime:0.000497s ]
INFO: [ app_begin ] --START--
INFO: Run Behavior\ReadHtmlCacheBehavior [ RunTime:0.000620s ]
INFO: [ app_begin ] --END-- [ RunTime:0.000652s ]
SQL: SHOW COLUMNS FROM `wx_shop_categrey` [ RunTime:0.0105s ]
SQL: SELECT * FROM `wx_shop_categrey` WHERE (  pid = 0 and hidden = 0  ) ORDER BY code desc  [ RunTime:0.0006s ]
SQL: SELECT * FROM `wx_shop_categrey` WHERE (  pid = '1' and hidden = 0  ) ORDER BY code desc  [ RunTime:0.0005s ]
SQL: SELECT * FROM `wx_shop_categrey` WHERE (  pid = '2' and hidden = 0  ) ORDER BY code desc  [ RunTime:0.0005s ]
SQL: SHOW COLUMNS FROM `wx_shop_order_temp` [ RunTime:0.0099s ]
SQL: SELECT SUM(good_num) AS tp_sum FROM `wx_shop_order_temp` WHERE (  user_id = '1028'  ) LIMIT 1   [ RunTime:0.0004s ]
INFO: [ view_parse ] --START--
INFO: [ template_filter ] --START--
INFO: Run Behavior\ContentReplaceBehavior [ RunTime:0.000205s ]
INFO: [ template_filter ] --END-- [ RunTime:0.000297s ]
NOTIC: [8] Undefined variable: signPackage D:\phpStudy\WWW\slh\Application\Runtime\Cache\Shop\c38c1ef3e079dec7044b3e89e885d719.php 第 28 行.
NOTIC: [8] Undefined variable: signPackage D:\phpStudy\WWW\slh\Application\Runtime\Cache\Shop\c38c1ef3e079dec7044b3e89e885d719.php 第 29 行.
NOTIC: [8] Undefined variable: signPackage D:\phpStudy\WWW\slh\Application\Runtime\Cache\Shop\c38c1ef3e079dec7044b3e89e885d719.php 第 30 行.
NOTIC: [8] Undefined variable: signPackage D:\phpStudy\WWW\slh\Application\Runtime\Cache\Shop\c38c1ef3e079dec7044b3e89e885d719.php 第 31 行.
NOTIC: [8] Undefined variable: share_url D:\phpStudy\WWW\slh\Application\Runtime\Cache\Shop\c38c1ef3e079dec7044b3e89e885d719.php 第 55 行.
NOTIC: [8] Undefined variable: share_url D:\phpStudy\WWW\slh\Application\Runtime\Cache\Shop\c38c1ef3e079dec7044b3e89e885d719.php 第 67 行.
INFO: Run Behavior\ParseTemplateBehavior [ RunTime:0.142779s ]
INFO: [ view_parse ] --END-- [ RunTime:0.142855s ]
INFO: [ view_filter ] --START--
INFO: Run Behavior\WriteHtmlCacheBehavior [ RunTime:0.001138s ]
INFO: [ view_filter ] --END-- [ RunTime:0.001211s ]
INFO: [ app_end ] --START--
INFO: Run Behavior\ShowPageTraceBehavior [ RunTime:0.001433s ]
INFO: [ app_end ] --END-- [ RunTime:0.001488s ]

[ 2018-03-18T09:52:07+08:00 ] 127.0.0.1 /Shop/Index/index.html
INFO: [ app_init ] --START--
INFO: Run Behavior\BuildLiteBehavior [ RunTime:0.000011s ]
INFO: [ app_init ] --END-- [ RunTime:0.000491s ]
INFO: [ app_begin ] --START--
INFO: Run Behavior\ReadHtmlCacheBehavior [ RunTime:0.000662s ]
INFO: [ app_begin ] --END-- [ RunTime:0.000695s ]
SQL: SHOW COLUMNS FROM `wx_shop_categrey` [ RunTime:0.0155s ]
SQL: SHOW COLUMNS FROM `wx_shop_goods` [ RunTime:0.0083s ]
SQL: SHOW COLUMNS FROM `wx_good_pic` [ RunTime:0.0065s ]
SQL: SELECT * FROM `wx_shop_categrey` WHERE (  pid = 0 and is_show = 1  ) ORDER BY code desc  [ RunTime:0.0004s ]
SQL: SELECT * FROM `wx_shop_goods` WHERE (  cate_gid = '1' and is_true = 1  ) ORDER BY code desc LIMIT 6   [ RunTime:0.0003s ]
SQL: SELECT `pic_url` FROM `wx_good_pic` WHERE `good_id` = 11 LIMIT 1   [ RunTime:0.0002s ]
SQL: SELECT * FROM `wx_shop_goods` WHERE (  cate_gid = '2' and is_true = 1  ) ORDER BY code desc LIMIT 6   [ RunTime:0.0003s ]
SQL: SHOW COLUMNS FROM `wx_shop_bannar` [ RunTime:0.0053s ]
SQL: SELECT * FROM `wx_shop_bannar` ORDER BY code desc  [ RunTime:0.0003s ]
SQL: SHOW COLUMNS FROM `wx_shop_ad` [ RunTime:0.0047s ]
SQL: SELECT * FROM `wx_shop_ad` ORDER BY code desc  [ RunTime:0.0002s ]
SQL: SHOW COLUMNS FROM `wx_shop_order_temp` [ RunTime:0.0051s ]
SQL: SELECT SUM(good_num) AS tp_sum FROM `wx_shop_order_temp` WHERE (  user_id = '1028'  ) LIMIT 1   [ RunTime:0.0003s ]
INFO: [ view_parse ] --START--
INFO: [ template_filter ] --START--
INFO: Run Behavior\ContentReplaceBehavior [ RunTime:0.000100s ]
INFO: [ template_filter ] --END-- [ RunTime:0.000139s ]
NOTIC: [8] Undefined variable: signPackage D:\phpStudy\WWW\slh\Application\Runtime\Cache\Shop\2c6b2a5091935ef5552425c0ed01e864.php 第 31 行.
NOTIC: [8] Undefined variable: signPackage D:\phpStudy\WWW\slh\Application\Runtime\Cache\Shop\2c6b2a5091935ef5552425c0ed01e864.php 第 32 行.
NOTIC: [8] Undefined variable: signPackage D:\phpStudy\WWW\slh\Application\Runtime\Cache\Shop\2c6b2a5091935ef5552425c0ed01e864.php 第 33 行.
NOTIC: [8] Undefined variable: signPackage D:\phpStudy\WWW\slh\Application\Runtime\Cache\Shop\2c6b2a5091935ef5552425c0ed01e864.php 第 34 行.
NOTIC: [8] Undefined variable: share_url D:\phpStudy\WWW\slh\Application\Runtime\Cache\Shop\2c6b2a5091935ef5552425c0ed01e864.php 第 58 行.
NOTIC: [8] Undefined variable: share_url D:\phpStudy\WWW\slh\Application\Runtime\Cache\Shop\2c6b2a5091935ef5552425c0ed01e864.php 第 70 行.
NOTIC: [8] Undefined variable: share_type D:\phpStudy\WWW\slh\Application\Runtime\Cache\Shop\2c6b2a5091935ef5552425c0ed01e864.php 第 86 行.
NOTIC: [8] Use of undefined constant good - assumed 'good' D:\phpStudy\WWW\slh\Application\Runtime\Cache\Shop\2c6b2a5091935ef5552425c0ed01e864.php 第 176 行.
NOTIC: [8] Undefined offset: 0 D:\phpStudy\WWW\slh\Application\Runtime\Cache\Shop\2c6b2a5091935ef5552425c0ed01e864.php 第 158 行.
INFO: Run Behavior\ParseTemplateBehavior [ RunTime:0.010748s ]
INFO: [ view_parse ] --END-- [ RunTime:0.010787s ]
INFO: [ view_filter ] --START--
INFO: Run Behavior\WriteHtmlCacheBehavior [ RunTime:0.000525s ]
INFO: [ view_filter ] --END-- [ RunTime:0.000553s ]
INFO: [ app_end ] --START--
INFO: Run Behavior\ShowPageTraceBehavior [ RunTime:0.000672s ]
INFO: [ app_end ] --END-- [ RunTime:0.000707s ]

[ 2018-03-18T09:52:23+08:00 ] 127.0.0.1 /Shop/index/index
INFO: [ app_init ] --START--
INFO: Run Behavior\BuildLiteBehavior [ RunTime:0.000011s ]
INFO: [ app_init ] --END-- [ RunTime:0.000516s ]
INFO: [ app_begin ] --START--
INFO: Run Behavior\ReadHtmlCacheBehavior [ RunTime:0.000679s ]
INFO: [ app_begin ] --END-- [ RunTime:0.000712s ]
SQL: SHOW COLUMNS FROM `wx_shop_categrey` [ RunTime:0.0133s ]
SQL: SHOW COLUMNS FROM `wx_shop_goods` [ RunTime:0.0072s ]
SQL: SHOW COLUMNS FROM `wx_good_pic` [ RunTime:0.0062s ]
SQL: SELECT * FROM `wx_shop_categrey` WHERE (  pid = 0 and is_show = 1  ) ORDER BY code desc  [ RunTime:0.0003s ]
SQL: SELECT * FROM `wx_shop_goods` WHERE (  cate_gid = '1' and is_true = 1  ) ORDER BY code desc LIMIT 6   [ RunTime:0.0004s ]
SQL: SELECT `pic_url` FROM `wx_good_pic` WHERE `good_id` = 11 LIMIT 1   [ RunTime:0.0002s ]
SQL: SELECT * FROM `wx_shop_goods` WHERE (  cate_gid = '2' and is_true = 1  ) ORDER BY code desc LIMIT 6   [ RunTime:0.0003s ]
SQL: SHOW COLUMNS FROM `wx_shop_bannar` [ RunTime:0.0047s ]
SQL: SELECT * FROM `wx_shop_bannar` ORDER BY code desc  [ RunTime:0.0003s ]
SQL: SHOW COLUMNS FROM `wx_shop_ad` [ RunTime:0.0048s ]
SQL: SELECT * FROM `wx_shop_ad` ORDER BY code desc  [ RunTime:0.0003s ]
SQL: SHOW COLUMNS FROM `wx_shop_order_temp` [ RunTime:0.0047s ]
SQL: SELECT SUM(good_num) AS tp_sum FROM `wx_shop_order_temp` WHERE (  user_id = '1028'  ) LIMIT 1   [ RunTime:0.0003s ]
INFO: [ view_parse ] --START--
INFO: [ template_filter ] --START--
INFO: Run Behavior\ContentReplaceBehavior [ RunTime:0.000087s ]
INFO: [ template_filter ] --END-- [ RunTime:0.000118s ]
NOTIC: [8] Undefined variable: signPackage D:\phpStudy\WWW\slh\Application\Runtime\Cache\Shop\2c6b2a5091935ef5552425c0ed01e864.php 第 31 行.
NOTIC: [8] Undefined variable: signPackage D:\phpStudy\WWW\slh\Application\Runtime\Cache\Shop\2c6b2a5091935ef5552425c0ed01e864.php 第 32 行.
NOTIC: [8] Undefined variable: signPackage D:\phpStudy\WWW\slh\Application\Runtime\Cache\Shop\2c6b2a5091935ef5552425c0ed01e864.php 第 33 行.
NOTIC: [8] Undefined variable: signPackage D:\phpStudy\WWW\slh\Application\Runtime\Cache\Shop\2c6b2a5091935ef5552425c0ed01e864.php 第 34 行.
NOTIC: [8] Undefined variable: share_url D:\phpStudy\WWW\slh\Application\Runtime\Cache\Shop\2c6b2a5091935ef5552425c0ed01e864.php 第 58 行.
NOTIC: [8] Undefined variable: share_url D:\phpStudy\WWW\slh\Application\Runtime\Cache\Shop\2c6b2a5091935ef5552425c0ed01e864.php 第 70 行.
NOTIC: [8] Undefined variable: share_type D:\phpStudy\WWW\slh\Application\Runtime\Cache\Shop\2c6b2a5091935ef5552425c0ed01e864.php 第 86 行.
NOTIC: [8] Use of undefined constant good - assumed 'good' D:\phpStudy\WWW\slh\Application\Runtime\Cache\Shop\2c6b2a5091935ef5552425c0ed01e864.php 第 176 行.
NOTIC: [8] Undefined offset: 0 D:\phpStudy\WWW\slh\Application\Runtime\Cache\Shop\2c6b2a5091935ef5552425c0ed01e864.php 第 158 行.
INFO: Run Behavior\ParseTemplateBehavior [ RunTime:0.010278s ]
INFO: [ view_parse ] --END-- [ RunTime:0.010314s ]
INFO: [ view_filter ] --START--
INFO: Run Behavior\WriteHtmlCacheBehavior [ RunTime:0.000521s ]
INFO: [ view_filter ] --END-- [ RunTime:0.000548s ]
INFO: [ app_end ] --START--
INFO: Run Behavior\ShowPageTraceBehavior [ RunTime:0.000731s ]
INFO: [ app_end ] --END-- [ RunTime:0.000766s ]

[ 2018-03-18T09:52:36+08:00 ] 127.0.0.1 /Shop/Index/index.html
INFO: [ app_init ] --START--
INFO: Run Behavior\BuildLiteBehavior [ RunTime:0.000011s ]
INFO: [ app_init ] --END-- [ RunTime:0.000465s ]
INFO: [ app_begin ] --START--
INFO: Run Behavior\ReadHtmlCacheBehavior [ RunTime:0.000623s ]
INFO: [ app_begin ] --END-- [ RunTime:0.000656s ]
SQL: SHOW COLUMNS FROM `wx_shop_categrey` [ RunTime:0.0130s ]
SQL: SHOW COLUMNS FROM `wx_shop_goods` [ RunTime:0.0070s ]
SQL: SHOW COLUMNS FROM `wx_good_pic` [ RunTime:0.0057s ]
SQL: SELECT * FROM `wx_shop_categrey` WHERE (  pid = 0 and is_show = 1  ) ORDER BY code desc  [ RunTime:0.0005s ]
SQL: SELECT * FROM `wx_shop_goods` WHERE (  cate_gid = '1' and is_true = 1  ) ORDER BY code desc LIMIT 6   [ RunTime:0.0004s ]
SQL: SELECT `pic_url` FROM `wx_good_pic` WHERE `good_id` = 11 LIMIT 1   [ RunTime:0.0003s ]
SQL: SELECT * FROM `wx_shop_goods` WHERE (  cate_gid = '2' and is_true = 1  ) ORDER BY code desc LIMIT 6   [ RunTime:0.0003s ]
SQL: SHOW COLUMNS FROM `wx_shop_bannar` [ RunTime:0.0051s ]
SQL: SELECT * FROM `wx_shop_bannar` ORDER BY code desc  [ RunTime:0.0003s ]
SQL: SHOW COLUMNS FROM `wx_shop_ad` [ RunTime:0.0048s ]
SQL: SELECT * FROM `wx_shop_ad` ORDER BY code desc  [ RunTime:0.0003s ]
SQL: SHOW COLUMNS FROM `wx_shop_order_temp` [ RunTime:0.0049s ]
SQL: SELECT SUM(good_num) AS tp_sum FROM `wx_shop_order_temp` WHERE (  user_id = '1028'  ) LIMIT 1   [ RunTime:0.0003s ]
INFO: [ view_parse ] --START--
INFO: [ template_filter ] --START--
INFO: Run Behavior\ContentReplaceBehavior [ RunTime:0.000083s ]
INFO: [ template_filter ] --END-- [ RunTime:0.000118s ]
NOTIC: [8] Undefined variable: signPackage D:\phpStudy\WWW\slh\Application\Runtime\Cache\Shop\2c6b2a5091935ef5552425c0ed01e864.php 第 31 行.
NOTIC: [8] Undefined variable: signPackage D:\phpStudy\WWW\slh\Application\Runtime\Cache\Shop\2c6b2a5091935ef5552425c0ed01e864.php 第 32 行.
NOTIC: [8] Undefined variable: signPackage D:\phpStudy\WWW\slh\Application\Runtime\Cache\Shop\2c6b2a5091935ef5552425c0ed01e864.php 第 33 行.
NOTIC: [8] Undefined variable: signPackage D:\phpStudy\WWW\slh\Application\Runtime\Cache\Shop\2c6b2a5091935ef5552425c0ed01e864.php 第 34 行.
NOTIC: [8] Undefined variable: share_url D:\phpStudy\WWW\slh\Application\Runtime\Cache\Shop\2c6b2a5091935ef5552425c0ed01e864.php 第 58 行.
NOTIC: [8] Undefined variable: share_url D:\phpStudy\WWW\slh\Application\Runtime\Cache\Shop\2c6b2a5091935ef5552425c0ed01e864.php 第 70 行.
NOTIC: [8] Undefined variable: share_type D:\phpStudy\WWW\slh\Application\Runtime\Cache\Shop\2c6b2a5091935ef5552425c0ed01e864.php 第 86 行.
NOTIC: [8] Use of undefined constant good - assumed 'good' D:\phpStudy\WWW\slh\Application\Runtime\Cache\Shop\2c6b2a5091935ef5552425c0ed01e864.php 第 176 行.
NOTIC: [8] Undefined offset: 0 D:\phpStudy\WWW\slh\Application\Runtime\Cache\Shop\2c6b2a5091935ef5552425c0ed01e864.php 第 158 行.
INFO: Run Behavior\ParseTemplateBehavior [ RunTime:0.010606s ]
INFO: [ view_parse ] --END-- [ RunTime:0.010650s ]
INFO: [ view_filter ] --START--
INFO: Run Behavior\WriteHtmlCacheBehavior [ RunTime:0.000417s ]
INFO: [ view_filter ] --END-- [ RunTime:0.000445s ]
INFO: [ app_end ] --START--
INFO: Run Behavior\ShowPageTraceBehavior [ RunTime:0.000787s ]
INFO: [ app_end ] --END-- [ RunTime:0.000824s ]

[ 2018-03-18T10:06:26+08:00 ] 127.0.0.1 /Shop/index/index
INFO: [ app_init ] --START--
INFO: Run Behavior\BuildLiteBehavior [ RunTime:0.000011s ]
INFO: [ app_init ] --END-- [ RunTime:0.000508s ]
INFO: [ app_begin ] --START--
INFO: Run Behavior\ReadHtmlCacheBehavior [ RunTime:0.000674s ]
INFO: [ app_begin ] --END-- [ RunTime:0.000708s ]
SQL: SHOW COLUMNS FROM `wx_shop_categrey` [ RunTime:0.0133s ]
SQL: SHOW COLUMNS FROM `wx_shop_goods` [ RunTime:0.0076s ]
SQL: SHOW COLUMNS FROM `wx_good_pic` [ RunTime:0.0058s ]
SQL: SELECT * FROM `wx_shop_categrey` WHERE (  pid = 0 and is_show = 1  ) ORDER BY code desc  [ RunTime:0.0004s ]
SQL: SELECT * FROM `wx_shop_goods` WHERE (  cate_gid = '1' and is_true = 1  ) ORDER BY code desc LIMIT 6   [ RunTime:0.0003s ]
SQL: SELECT `pic_url` FROM `wx_good_pic` WHERE `good_id` = 11 LIMIT 1   [ RunTime:0.0002s ]
SQL: SELECT * FROM `wx_shop_goods` WHERE (  cate_gid = '2' and is_true = 1  ) ORDER BY code desc LIMIT 6   [ RunTime:0.0003s ]
SQL: SHOW COLUMNS FROM `wx_shop_bannar` [ RunTime:0.0046s ]
SQL: SELECT * FROM `wx_shop_bannar` ORDER BY code desc  [ RunTime:0.0003s ]
SQL: SHOW COLUMNS FROM `wx_shop_ad` [ RunTime:0.0050s ]
SQL: SELECT * FROM `wx_shop_ad` ORDER BY code desc  [ RunTime:0.0003s ]
SQL: SHOW COLUMNS FROM `wx_shop_order_temp` [ RunTime:0.0048s ]
SQL: SELECT SUM(good_num) AS tp_sum FROM `wx_shop_order_temp` WHERE (  user_id = '1028'  ) LIMIT 1   [ RunTime:0.0003s ]
INFO: [ view_parse ] --START--
INFO: [ template_filter ] --START--
INFO: Run Behavior\ContentReplaceBehavior [ RunTime:0.000087s ]
INFO: [ template_filter ] --END-- [ RunTime:0.000124s ]
NOTIC: [8] Undefined variable: signPackage D:\phpStudy\WWW\slh\Application\Runtime\Cache\Shop\2c6b2a5091935ef5552425c0ed01e864.php 第 31 行.
NOTIC: [8] Undefined variable: signPackage D:\phpStudy\WWW\slh\Application\Runtime\Cache\Shop\2c6b2a5091935ef5552425c0ed01e864.php 第 32 行.
NOTIC: [8] Undefined variable: signPackage D:\phpStudy\WWW\slh\Application\Runtime\Cache\Shop\2c6b2a5091935ef5552425c0ed01e864.php 第 33 行.
NOTIC: [8] Undefined variable: signPackage D:\phpStudy\WWW\slh\Application\Runtime\Cache\Shop\2c6b2a5091935ef5552425c0ed01e864.php 第 34 行.
NOTIC: [8] Undefined variable: share_url D:\phpStudy\WWW\slh\Application\Runtime\Cache\Shop\2c6b2a5091935ef5552425c0ed01e864.php 第 58 行.
NOTIC: [8] Undefined variable: share_url D:\phpStudy\WWW\slh\Application\Runtime\Cache\Shop\2c6b2a5091935ef5552425c0ed01e864.php 第 70 行.
NOTIC: [8] Undefined variable: share_type D:\phpStudy\WWW\slh\Application\Runtime\Cache\Shop\2c6b2a5091935ef5552425c0ed01e864.php 第 86 行.
NOTIC: [8] Use of undefined constant good - assumed 'good' D:\phpStudy\WWW\slh\Application\Runtime\Cache\Shop\2c6b2a5091935ef5552425c0ed01e864.php 第 176 行.
NOTIC: [8] Undefined offset: 0 D:\phpStudy\WWW\slh\Application\Runtime\Cache\Shop\2c6b2a5091935ef5552425c0ed01e864.php 第 158 行.
INFO: Run Behavior\ParseTemplateBehavior [ RunTime:0.010458s ]
INFO: [ view_parse ] --END-- [ RunTime:0.010495s ]
INFO: [ view_filter ] --START--
INFO: Run Behavior\WriteHtmlCacheBehavior [ RunTime:0.000465s ]
INFO: [ view_filter ] --END-- [ RunTime:0.000493s ]
INFO: [ app_end ] --START--
INFO: Run Behavior\ShowPageTraceBehavior [ RunTime:0.001022s ]
INFO: [ app_end ] --END-- [ RunTime:0.001068s ]

[ 2018-03-18T10:09:01+08:00 ] 127.0.0.1 /Shop/Index/good.html?good_id=11
INFO: [ app_init ] --START--
INFO: Run Behavior\BuildLiteBehavior [ RunTime:0.000013s ]
INFO: [ app_init ] --END-- [ RunTime:0.000626s ]
INFO: [ app_begin ] --START--
INFO: Run Behavior\ReadHtmlCacheBehavior [ RunTime:0.000669s ]
INFO: [ app_begin ] --END-- [ RunTime:0.000703s ]
SQL: SHOW COLUMNS FROM `wx_shop_goods` [ RunTime:0.0171s ]
SQL: SELECT * FROM `wx_shop_goods` WHERE `good_id` = 11 LIMIT 1   [ RunTime:0.0014s ]
SQL: SHOW COLUMNS FROM `wx_good_pic` [ RunTime:0.0081s ]
SQL: SELECT * FROM `wx_good_pic` WHERE (  good_id = '11'  )  [ RunTime:0.0004s ]
SQL: SHOW COLUMNS FROM `wx_shop_order_temp` [ RunTime:0.0059s ]
SQL: SELECT SUM(good_num) AS tp_sum FROM `wx_shop_order_temp` WHERE (  user_id = '1028'  ) LIMIT 1   [ RunTime:0.0004s ]
INFO: [ view_parse ] --START--
INFO: [ template_filter ] --START--
INFO: Run Behavior\ContentReplaceBehavior [ RunTime:0.000102s ]
INFO: [ template_filter ] --END-- [ RunTime:0.000146s ]
NOTIC: [8] Undefined variable: signPackage D:\phpStudy\WWW\slh\Application\Runtime\Cache\Shop\6f98afbe51fbfd70fefcb70f9404198d.php 第 21 行.
NOTIC: [8] Undefined variable: signPackage D:\phpStudy\WWW\slh\Application\Runtime\Cache\Shop\6f98afbe51fbfd70fefcb70f9404198d.php 第 22 行.
NOTIC: [8] Undefined variable: signPackage D:\phpStudy\WWW\slh\Application\Runtime\Cache\Shop\6f98afbe51fbfd70fefcb70f9404198d.php 第 23 行.
NOTIC: [8] Undefined variable: signPackage D:\phpStudy\WWW\slh\Application\Runtime\Cache\Shop\6f98afbe51fbfd70fefcb70f9404198d.php 第 24 行.
NOTIC: [8] Undefined variable: share_url D:\phpStudy\WWW\slh\Application\Runtime\Cache\Shop\6f98afbe51fbfd70fefcb70f9404198d.php 第 48 行.
NOTIC: [8] Undefined variable: share_url D:\phpStudy\WWW\slh\Application\Runtime\Cache\Shop\6f98afbe51fbfd70fefcb70f9404198d.php 第 60 行.
INFO: Run Behavior\ParseTemplateBehavior [ RunTime:0.031597s ]
INFO: [ view_parse ] --END-- [ RunTime:0.031633s ]
INFO: [ view_filter ] --START--
INFO: Run Behavior\WriteHtmlCacheBehavior [ RunTime:0.000412s ]
INFO: [ view_filter ] --END-- [ RunTime:0.000438s ]
INFO: [ app_end ] --START--
INFO: Run Behavior\ShowPageTraceBehavior [ RunTime:0.000706s ]
INFO: [ app_end ] --END-- [ RunTime:0.000743s ]

[ 2018-03-18T10:09:07+08:00 ] 127.0.0.1 /Shop/Index/addcategrey.html
INFO: [ app_init ] --START--
INFO: Run Behavior\BuildLiteBehavior [ RunTime:0.000011s ]
INFO: [ app_init ] --END-- [ RunTime:0.000495s ]
INFO: [ app_begin ] --START--
INFO: Run Behavior\ReadHtmlCacheBehavior [ RunTime:0.000751s ]
INFO: [ app_begin ] --END-- [ RunTime:0.000796s ]
SQL: SHOW COLUMNS FROM `wx_shop_order_temp` [ RunTime:0.0118s ]
SQL: SELECT * FROM `wx_shop_order_temp` WHERE `good_id` = 11 AND `user_id` = 1028 LIMIT 1   [ RunTime:0.0005s ]
SQL: INSERT INTO `wx_shop_order_temp` (`good_id`,`user_id`) VALUES ('11','1028') [ RunTime:0.0417s ]
INFO: [ app_end ] --START--
INFO: Run Behavior\ShowPageTraceBehavior [ RunTime:0.001754s ]
INFO: [ app_end ] --END-- [ RunTime:0.001836s ]

[ 2018-03-18T10:09:10+08:00 ] 127.0.0.1 /Shop/Index/categrey.html
INFO: [ app_init ] --START--
INFO: Run Behavior\BuildLiteBehavior [ RunTime:0.000010s ]
INFO: [ app_init ] --END-- [ RunTime:0.000454s ]
INFO: [ app_begin ] --START--
INFO: Run Behavior\ReadHtmlCacheBehavior [ RunTime:0.000669s ]
INFO: [ app_begin ] --END-- [ RunTime:0.000703s ]
SQL: SHOW COLUMNS FROM `wx_users` [ RunTime:0.0168s ]
SQL: SHOW COLUMNS FROM `wx_address` [ RunTime:0.0384s ]
SQL: SELECT * FROM `wx_address` WHERE (  user_id = '1028' AND state =1  ) LIMIT 1   [ RunTime:0.0003s ]
SQL: SHOW COLUMNS FROM `wx_shop_order_temp` [ RunTime:0.0061s ]
SQL: SELECT * FROM `wx_shop_order_temp` WHERE (  user_id = '1028'  ) ORDER BY order_id desc  [ RunTime:0.0003s ]
SQL: SHOW COLUMNS FROM `wx_shop_goods` [ RunTime:0.0065s ]
SQL: SHOW COLUMNS FROM `wx_good_pic` [ RunTime:0.0059s ]
SQL: SELECT * FROM `wx_shop_goods` WHERE `good_id` = 11 LIMIT 1   [ RunTime:0.0004s ]
SQL: SELECT `pic_url` FROM `wx_good_pic` WHERE `good_id` = 11 LIMIT 1   [ RunTime:0.0003s ]
SQL: SHOW COLUMNS FROM `wx_users` [ RunTime:0.0064s ]
SQL: SELECT u.*,m.discount FROM wx_users u INNER JOIN wx_memberlevel m ON u.level=m.id  WHERE ( u.user_id = '1028' ) LIMIT 1   [ RunTime:0.0009s ]
NOTIC: [8] Undefined variable: discount D:\phpStudy\WWW\slh\Application\Shop\Controller\IndexController.class.php 第 154 行.
NOTIC: [8] Undefined variable: discount D:\phpStudy\WWW\slh\Application\Shop\Controller\IndexController.class.php 第 154 行.
INFO: [ view_parse ] --START--
INFO: [ template_filter ] --START--
INFO: Run Behavior\ContentReplaceBehavior [ RunTime:0.000090s ]
INFO: [ template_filter ] --END-- [ RunTime:0.000126s ]
NOTIC: [8] Use of undefined constant del_categrey - assumed 'del_categrey' D:\phpStudy\WWW\slh\Application\Runtime\Cache\Shop\b010df294b2c0c7a7532d8100feaac76.php 第 232 行.
NOTIC: [8] Use of undefined constant change_categrey - assumed 'change_categrey' D:\phpStudy\WWW\slh\Application\Runtime\Cache\Shop\b010df294b2c0c7a7532d8100feaac76.php 第 269 行.
NOTIC: [8] Use of undefined constant change_categrey - assumed 'change_categrey' D:\phpStudy\WWW\slh\Application\Runtime\Cache\Shop\b010df294b2c0c7a7532d8100feaac76.php 第 299 行.
INFO: Run Behavior\ParseTemplateBehavior [ RunTime:0.016992s ]
INFO: [ view_parse ] --END-- [ RunTime:0.017051s ]
INFO: [ view_filter ] --START--
INFO: Run Behavior\WriteHtmlCacheBehavior [ RunTime:0.000499s ]
INFO: [ view_filter ] --END-- [ RunTime:0.000527s ]
INFO: [ app_end ] --START--
INFO: Run Behavior\ShowPageTraceBehavior [ RunTime:0.000727s ]
INFO: [ app_end ] --END-- [ RunTime:0.000766s ]

[ 2018-03-18T10:09:11+08:00 ] 127.0.0.1 /Shop/Address/index.html
INFO: [ app_init ] --START--
INFO: Run Behavior\BuildLiteBehavior [ RunTime:0.000011s ]
INFO: [ app_init ] --END-- [ RunTime:0.000411s ]
INFO: [ app_begin ] --START--
INFO: Run Behavior\ReadHtmlCacheBehavior [ RunTime:0.000583s ]
INFO: [ app_begin ] --END-- [ RunTime:0.000614s ]
SQL: SHOW COLUMNS FROM `wx_address` [ RunTime:0.0084s ]
SQL: SELECT * FROM `wx_address` WHERE (  user_id = '1028' )  [ RunTime:0.0003s ]
INFO: [ view_parse ] --START--
INFO: [ template_filter ] --START--
INFO: Run Behavior\ContentReplaceBehavior [ RunTime:0.000045s ]
INFO: [ template_filter ] --END-- [ RunTime:0.000093s ]
INFO: Run Behavior\ParseTemplateBehavior [ RunTime:0.006485s ]
INFO: [ view_parse ] --END-- [ RunTime:0.006550s ]
INFO: [ view_filter ] --START--
INFO: Run Behavior\WriteHtmlCacheBehavior [ RunTime:0.000385s ]
INFO: [ view_filter ] --END-- [ RunTime:0.000411s ]
INFO: [ app_end ] --START--
INFO: Run Behavior\ShowPageTraceBehavior [ RunTime:0.000589s ]
INFO: [ app_end ] --END-- [ RunTime:0.000617s ]

[ 2018-03-18T10:09:13+08:00 ] 127.0.0.1 /Shop/Index/categrey?id=5;location.reload()
INFO: [ app_init ] --START--
INFO: Run Behavior\BuildLiteBehavior [ RunTime:0.000011s ]
INFO: [ app_init ] --END-- [ RunTime:0.000497s ]
INFO: [ app_begin ] --START--
INFO: Run Behavior\ReadHtmlCacheBehavior [ RunTime:0.000608s ]
INFO: [ app_begin ] --END-- [ RunTime:0.000650s ]
SQL: SHOW COLUMNS FROM `wx_users` [ RunTime:0.0117s ]
SQL: SHOW COLUMNS FROM `wx_address` [ RunTime:0.0064s ]
SQL: SELECT * FROM `wx_address` WHERE `address_id` = 5 LIMIT 1   [ RunTime:0.0003s ]
SQL: SHOW COLUMNS FROM `wx_shop_order_temp` [ RunTime:0.0052s ]
SQL: SELECT * FROM `wx_shop_order_temp` WHERE (  user_id = '1028'  ) ORDER BY order_id desc  [ RunTime:0.0003s ]
SQL: SHOW COLUMNS FROM `wx_shop_goods` [ RunTime:0.0048s ]
SQL: SHOW COLUMNS FROM `wx_good_pic` [ RunTime:0.0051s ]
SQL: SELECT * FROM `wx_shop_goods` WHERE `good_id` = 11 LIMIT 1   [ RunTime:0.0003s ]
SQL: SELECT `pic_url` FROM `wx_good_pic` WHERE `good_id` = 11 LIMIT 1   [ RunTime:0.0002s ]
SQL: SHOW COLUMNS FROM `wx_users` [ RunTime:0.0053s ]
SQL: SELECT u.*,m.discount FROM wx_users u INNER JOIN wx_memberlevel m ON u.level=m.id  WHERE ( u.user_id = '1028' ) LIMIT 1   [ RunTime:0.0005s ]
NOTIC: [8] Undefined variable: discount D:\phpStudy\WWW\slh\Application\Shop\Controller\IndexController.class.php 第 154 行.
NOTIC: [8] Undefined variable: discount D:\phpStudy\WWW\slh\Application\Shop\Controller\IndexController.class.php 第 154 行.
INFO: [ view_parse ] --START--
INFO: [ template_filter ] --START--
INFO: Run Behavior\ContentReplaceBehavior [ RunTime:0.000091s ]
INFO: [ template_filter ] --END-- [ RunTime:0.000127s ]
NOTIC: [8] Use of undefined constant del_categrey - assumed 'del_categrey' D:\phpStudy\WWW\slh\Application\Runtime\Cache\Shop\b010df294b2c0c7a7532d8100feaac76.php 第 232 行.
NOTIC: [8] Use of undefined constant change_categrey - assumed 'change_categrey' D:\phpStudy\WWW\slh\Application\Runtime\Cache\Shop\b010df294b2c0c7a7532d8100feaac76.php 第 269 行.
NOTIC: [8] Use of undefined constant change_categrey - assumed 'change_categrey' D:\phpStudy\WWW\slh\Application\Runtime\Cache\Shop\b010df294b2c0c7a7532d8100feaac76.php 第 299 行.
INFO: Run Behavior\ParseTemplateBehavior [ RunTime:0.008560s ]
INFO: [ view_parse ] --END-- [ RunTime:0.008603s ]
INFO: [ view_filter ] --START--
INFO: Run Behavior\WriteHtmlCacheBehavior [ RunTime:0.000475s ]
INFO: [ view_filter ] --END-- [ RunTime:0.000503s ]
INFO: [ app_end ] --START--
INFO: Run Behavior\ShowPageTraceBehavior [ RunTime:0.000923s ]
INFO: [ app_end ] --END-- [ RunTime:0.000972s ]

[ 2018-03-18T10:09:25+08:00 ] 127.0.0.1 /Shop/Index/order_sure.html
INFO: [ app_init ] --START--
INFO: Run Behavior\BuildLiteBehavior [ RunTime:0.000012s ]
INFO: [ app_init ] --END-- [ RunTime:0.000624s ]
INFO: [ app_begin ] --START--
INFO: Run Behavior\ReadHtmlCacheBehavior [ RunTime:0.000682s ]
INFO: [ app_begin ] --END-- [ RunTime:0.000714s ]
SQL: SHOW COLUMNS FROM `wx_shop_order_temp` [ RunTime:0.0125s ]
SQL: SHOW COLUMNS FROM `wx_shop_order` [ RunTime:0.0086s ]
SQL: SHOW COLUMNS FROM `wx_shop_order_detail` [ RunTime:0.1151s ]
SQL: SHOW COLUMNS FROM `wx_good_pic` [ RunTime:0.0148s ]
SQL: SHOW COLUMNS FROM `wx_shop_goods` [ RunTime:0.0085s ]
SQL: SELECT * FROM `wx_shop_order_temp` WHERE (  user_id = '1028'  )  [ RunTime:0.0003s ]
NOTIC: [8] unserialize(): Error at offset 0 of 105 bytes D:\phpStudy\WWW\slh\ThinkPHP\Library\Think\Cache\Driver\File.class.php 第 104 行.
NOTIC: [8] unserialize(): Error at offset 0 of 100 bytes D:\phpStudy\WWW\slh\ThinkPHP\Library\Think\Cache\Driver\File.class.php 第 104 行.
SQL: SELECT MAX(pay_id) AS tp_max FROM `wx_shop_order` LIMIT 1   [ RunTime:0.0004s ]
SQL: SELECT `pic_url` FROM `wx_good_pic` WHERE `good_id` = 11 LIMIT 1   [ RunTime:0.0003s ]
SQL: SELECT * FROM `wx_shop_goods` WHERE `good_id` = 11 LIMIT 1   [ RunTime:0.0003s ]
SQL: INSERT INTO `wx_shop_order_detail` (`order_sn`,`pay_id`,`user_id`,`user_name`,`good_id`,`address_id`,`good_name`,`good_price`,`good_profit`,`pic_url`,`good_num`,`time`) VALUES ('201811111521338965','6','1028','M001028','11','5','测试1','100.00','0.00','Uploads/20180314/5aa8bce3352bf.jpg','1','1521338965') [ RunTime:0.0284s ]
SQL: DELETE FROM `wx_shop_order_temp` WHERE (  order_id = '30'  ) [ RunTime:0.0277s ]
INFO: [ app_end ] --START--
INFO: Run Behavior\ShowPageTraceBehavior [ RunTime:0.000885s ]
INFO: [ app_end ] --END-- [ RunTime:0.000923s ]

[ 2018-03-18T10:09:27+08:00 ] 127.0.0.1 /Shop/Index/order_pay?pay_id=6
INFO: [ app_init ] --START--
INFO: Run Behavior\BuildLiteBehavior [ RunTime:0.000011s ]
INFO: [ app_init ] --END-- [ RunTime:0.000472s ]
INFO: [ app_begin ] --START--
INFO: Run Behavior\ReadHtmlCacheBehavior [ RunTime:0.000658s ]
INFO: [ app_begin ] --END-- [ RunTime:0.000691s ]
SQL: SHOW COLUMNS FROM `wx_shop_order` [ RunTime:0.0096s ]
SQL: SHOW COLUMNS FROM `wx_shop_order_detail` [ RunTime:0.0061s ]
SQL: SELECT * FROM `wx_shop_order` WHERE `pay_id` = 6 LIMIT 1   [ RunTime:0.0003s ]
SQL: SHOW COLUMNS FROM `wx_users` [ RunTime:0.0072s ]
SQL: SELECT * FROM `wx_users` WHERE ( user_id = '1028' ) LIMIT 1   [ RunTime:0.0005s ]
SQL: SHOW COLUMNS FROM `wx_users` [ RunTime:0.0064s ]
SQL: SELECT u.*,m.discount FROM wx_users u INNER JOIN wx_memberlevel m ON u.level=m.id  WHERE ( u.user_id = '1028' ) LIMIT 1   [ RunTime:0.0004s ]
NOTIC: [8] Undefined variable: discount D:\phpStudy\WWW\slh\Application\Shop\Controller\IndexController.class.php 第 284 行.
NOTIC: [8] Undefined variable: discount D:\phpStudy\WWW\slh\Application\Shop\Controller\IndexController.class.php 第 284 行.
SQL: SELECT * FROM `wx_shop_order_detail` WHERE (  pay_id = '6'  )  [ RunTime:0.0002s ]
SQL: SHOW COLUMNS FROM `wx_shop_goods` [ RunTime:0.0071s ]
SQL: SHOW COLUMNS FROM `wx_good_pic` [ RunTime:0.0049s ]
SQL: SELECT `openid` FROM `wx_users` WHERE `user_id` = 1028 LIMIT 1   [ RunTime:0.0003s ]
SQL: INSERT INTO `wx_shop_order` (`pay_id`,`order_sn`,`total_fee`,`time`,`user_id`,`address_id`,`user_name`,`prepay_id`) VALUES ('6','201811111521338965','0','1521338965','1028','5','M001028','') [ RunTime:0.0454s ]
INFO: [ view_parse ] --START--
INFO: [ template_filter ] --START--
INFO: Run Behavior\ContentReplaceBehavior [ RunTime:0.000077s ]
INFO: [ template_filter ] --END-- [ RunTime:0.000122s ]
INFO: Run Behavior\ParseTemplateBehavior [ RunTime:0.039292s ]
INFO: [ view_parse ] --END-- [ RunTime:0.039344s ]
INFO: [ view_filter ] --START--
INFO: Run Behavior\WriteHtmlCacheBehavior [ RunTime:0.000449s ]
INFO: [ view_filter ] --END-- [ RunTime:0.000483s ]
INFO: [ app_end ] --START--
INFO: Run Behavior\ShowPageTraceBehavior [ RunTime:0.000667s ]
INFO: [ app_end ] --END-- [ RunTime:0.000705s ]

[ 2018-03-18T10:09:41+08:00 ] 127.0.0.1 /Shop/Index/addcategrey.html
INFO: [ app_init ] --START--
INFO: Run Behavior\BuildLiteBehavior [ RunTime:0.000011s ]
INFO: [ app_init ] --END-- [ RunTime:0.000496s ]
INFO: [ app_begin ] --START--
INFO: Run Behavior\ReadHtmlCacheBehavior [ RunTime:0.000647s ]
INFO: [ app_begin ] --END-- [ RunTime:0.000678s ]
SQL: SHOW COLUMNS FROM `wx_shop_order_temp` [ RunTime:0.0144s ]
SQL: SELECT * FROM `wx_shop_order_temp` WHERE `good_id` = 11 AND `user_id` = 1028 LIMIT 1   [ RunTime:0.0005s ]
SQL: INSERT INTO `wx_shop_order_temp` (`good_id`,`user_id`) VALUES ('11','1028') [ RunTime:0.0299s ]
INFO: [ app_end ] --START--
INFO: Run Behavior\ShowPageTraceBehavior [ RunTime:0.001094s ]
INFO: [ app_end ] --END-- [ RunTime:0.001143s ]

[ 2018-03-18T10:09:43+08:00 ] 127.0.0.1 /Shop/Index/categrey.html
INFO: [ app_init ] --START--
INFO: Run Behavior\BuildLiteBehavior [ RunTime:0.000010s ]
INFO: [ app_init ] --END-- [ RunTime:0.000516s ]
INFO: [ app_begin ] --START--
INFO: Run Behavior\ReadHtmlCacheBehavior [ RunTime:0.000669s ]
INFO: [ app_begin ] --END-- [ RunTime:0.000704s ]
SQL: SHOW COLUMNS FROM `wx_users` [ RunTime:0.0106s ]
SQL: SHOW COLUMNS FROM `wx_address` [ RunTime:0.0070s ]
SQL: SELECT * FROM `wx_address` WHERE (  user_id = '1028' AND state =1  ) LIMIT 1   [ RunTime:0.0004s ]
SQL: SHOW COLUMNS FROM `wx_shop_order_temp` [ RunTime:0.0061s ]
SQL: SELECT * FROM `wx_shop_order_temp` WHERE (  user_id = '1028'  ) ORDER BY order_id desc  [ RunTime:0.0003s ]
SQL: SHOW COLUMNS FROM `wx_shop_goods` [ RunTime:0.0054s ]
SQL: SHOW COLUMNS FROM `wx_good_pic` [ RunTime:0.0047s ]
SQL: SELECT * FROM `wx_shop_goods` WHERE `good_id` = 11 LIMIT 1   [ RunTime:0.0003s ]
SQL: SELECT `pic_url` FROM `wx_good_pic` WHERE `good_id` = 11 LIMIT 1   [ RunTime:0.0002s ]
SQL: SHOW COLUMNS FROM `wx_users` [ RunTime:0.0057s ]
SQL: SELECT u.*,m.discount FROM wx_users u INNER JOIN wx_memberlevel m ON u.level=m.id  WHERE ( u.user_id = '1028' ) LIMIT 1   [ RunTime:0.0005s ]
NOTIC: [8] Undefined variable: discount D:\phpStudy\WWW\slh\Application\Shop\Controller\IndexController.class.php 第 154 行.
NOTIC: [8] Undefined variable: discount D:\phpStudy\WWW\slh\Application\Shop\Controller\IndexController.class.php 第 154 行.
INFO: [ view_parse ] --START--
INFO: [ template_filter ] --START--
INFO: Run Behavior\ContentReplaceBehavior [ RunTime:0.000089s ]
INFO: [ template_filter ] --END-- [ RunTime:0.000123s ]
NOTIC: [8] Use of undefined constant del_categrey - assumed 'del_categrey' D:\phpStudy\WWW\slh\Application\Runtime\Cache\Shop\b010df294b2c0c7a7532d8100feaac76.php 第 232 行.
NOTIC: [8] Use of undefined constant change_categrey - assumed 'change_categrey' D:\phpStudy\WWW\slh\Application\Runtime\Cache\Shop\b010df294b2c0c7a7532d8100feaac76.php 第 269 行.
NOTIC: [8] Use of undefined constant change_categrey - assumed 'change_categrey' D:\phpStudy\WWW\slh\Application\Runtime\Cache\Shop\b010df294b2c0c7a7532d8100feaac76.php 第 299 行.
INFO: Run Behavior\ParseTemplateBehavior [ RunTime:0.008638s ]
INFO: [ view_parse ] --END-- [ RunTime:0.008672s ]
INFO: [ view_filter ] --START--
INFO: Run Behavior\WriteHtmlCacheBehavior [ RunTime:0.000403s ]
INFO: [ view_filter ] --END-- [ RunTime:0.000430s ]
INFO: [ app_end ] --START--
INFO: Run Behavior\ShowPageTraceBehavior [ RunTime:0.000663s ]
INFO: [ app_end ] --END-- [ RunTime:0.000701s ]

[ 2018-03-18T10:09:44+08:00 ] 127.0.0.1 /Shop/Address/index.html
INFO: [ app_init ] --START--
INFO: Run Behavior\BuildLiteBehavior [ RunTime:0.000020s ]
INFO: [ app_init ] --END-- [ RunTime:0.000658s ]
INFO: [ app_begin ] --START--
INFO: Run Behavior\ReadHtmlCacheBehavior [ RunTime:0.000643s ]
INFO: [ app_begin ] --END-- [ RunTime:0.000680s ]
SQL: SHOW COLUMNS FROM `wx_address` [ RunTime:0.0129s ]
SQL: SELECT * FROM `wx_address` WHERE (  user_id = '1028' )  [ RunTime:0.0004s ]
INFO: [ view_parse ] --START--
INFO: [ template_filter ] --START--
INFO: Run Behavior\ContentReplaceBehavior [ RunTime:0.000068s ]
INFO: [ template_filter ] --END-- [ RunTime:0.000140s ]
INFO: Run Behavior\ParseTemplateBehavior [ RunTime:0.007953s ]
INFO: [ view_parse ] --END-- [ RunTime:0.008015s ]
INFO: [ view_filter ] --START--
INFO: Run Behavior\WriteHtmlCacheBehavior [ RunTime:0.000471s ]
INFO: [ view_filter ] --END-- [ RunTime:0.000507s ]
INFO: [ app_end ] --START--
INFO: Run Behavior\ShowPageTraceBehavior [ RunTime:0.000683s ]
INFO: [ app_end ] --END-- [ RunTime:0.000717s ]

[ 2018-03-18T10:09:47+08:00 ] 127.0.0.1 /Shop/Index/categrey?id=5;location.reload()
INFO: [ app_init ] --START--
INFO: Run Behavior\BuildLiteBehavior [ RunTime:0.000011s ]
INFO: [ app_init ] --END-- [ RunTime:0.000549s ]
INFO: [ app_begin ] --START--
INFO: Run Behavior\ReadHtmlCacheBehavior [ RunTime:0.000822s ]
INFO: [ app_begin ] --END-- [ RunTime:0.000856s ]
SQL: SHOW COLUMNS FROM `wx_users` [ RunTime:0.0134s ]
SQL: SHOW COLUMNS FROM `wx_address` [ RunTime:0.0072s ]
SQL: SELECT * FROM `wx_address` WHERE `address_id` = 5 LIMIT 1   [ RunTime:0.0003s ]
SQL: SHOW COLUMNS FROM `wx_shop_order_temp` [ RunTime:0.0061s ]
SQL: SELECT * FROM `wx_shop_order_temp` WHERE (  user_id = '1028'  ) ORDER BY order_id desc  [ RunTime:0.0003s ]
SQL: SHOW COLUMNS FROM `wx_shop_goods` [ RunTime:0.0053s ]
SQL: SHOW COLUMNS FROM `wx_good_pic` [ RunTime:0.0047s ]
SQL: SELECT * FROM `wx_shop_goods` WHERE `good_id` = 11 LIMIT 1   [ RunTime:0.0003s ]
SQL: SELECT `pic_url` FROM `wx_good_pic` WHERE `good_id` = 11 LIMIT 1   [ RunTime:0.0002s ]
SQL: SHOW COLUMNS FROM `wx_users` [ RunTime:0.0055s ]
SQL: SELECT u.*,m.discount FROM wx_users u INNER JOIN wx_memberlevel m ON u.level=m.id  WHERE ( u.user_id = '1028' ) LIMIT 1   [ RunTime:0.0005s ]
NOTIC: [8] Undefined variable: discount D:\phpStudy\WWW\slh\Application\Shop\Controller\IndexController.class.php 第 154 行.
NOTIC: [8] Undefined variable: discount D:\phpStudy\WWW\slh\Application\Shop\Controller\IndexController.class.php 第 154 行.
INFO: [ view_parse ] --START--
INFO: [ template_filter ] --START--
INFO: Run Behavior\ContentReplaceBehavior [ RunTime:0.000090s ]
INFO: [ template_filter ] --END-- [ RunTime:0.000123s ]
NOTIC: [8] Use of undefined constant del_categrey - assumed 'del_categrey' D:\phpStudy\WWW\slh\Application\Runtime\Cache\Shop\b010df294b2c0c7a7532d8100feaac76.php 第 232 行.
NOTIC: [8] Use of undefined constant change_categrey - assumed 'change_categrey' D:\phpStudy\WWW\slh\Application\Runtime\Cache\Shop\b010df294b2c0c7a7532d8100feaac76.php 第 269 行.
NOTIC: [8] Use of undefined constant change_categrey - assumed 'change_categrey' D:\phpStudy\WWW\slh\Application\Runtime\Cache\Shop\b010df294b2c0c7a7532d8100feaac76.php 第 299 行.
INFO: Run Behavior\ParseTemplateBehavior [ RunTime:0.009351s ]
INFO: [ view_parse ] --END-- [ RunTime:0.009384s ]
INFO: [ view_filter ] --START--
INFO: Run Behavior\WriteHtmlCacheBehavior [ RunTime:0.000610s ]
INFO: [ view_filter ] --END-- [ RunTime:0.000636s ]
INFO: [ app_end ] --START--
INFO: Run Behavior\ShowPageTraceBehavior [ RunTime:0.000851s ]
INFO: [ app_end ] --END-- [ RunTime:0.000890s ]

[ 2018-03-18T10:09:53+08:00 ] 127.0.0.1 /Shop/Index/order_sure.html
INFO: [ app_init ] --START--
INFO: Run Behavior\BuildLiteBehavior [ RunTime:0.000066s ]
INFO: [ app_init ] --END-- [ RunTime:0.001123s ]
INFO: [ app_begin ] --START--
INFO: Run Behavior\ReadHtmlCacheBehavior [ RunTime:0.000694s ]
INFO: [ app_begin ] --END-- [ RunTime:0.000726s ]
SQL: SHOW COLUMNS FROM `wx_shop_order_temp` [ RunTime:0.0103s ]
SQL: SHOW COLUMNS FROM `wx_shop_order` [ RunTime:0.0085s ]
SQL: SHOW COLUMNS FROM `wx_shop_order_detail` [ RunTime:0.0063s ]
SQL: SHOW COLUMNS FROM `wx_good_pic` [ RunTime:0.0053s ]
SQL: SHOW COLUMNS FROM `wx_shop_goods` [ RunTime:0.0056s ]
SQL: SELECT * FROM `wx_shop_order_temp` WHERE (  user_id = '1028'  )  [ RunTime:0.0003s ]
SQL: SELECT `pic_url` FROM `wx_good_pic` WHERE `good_id` = 11 LIMIT 1   [ RunTime:0.0003s ]
SQL: SELECT * FROM `wx_shop_goods` WHERE `good_id` = 11 LIMIT 1   [ RunTime:0.0003s ]
SQL: INSERT INTO `wx_shop_order_detail` (`order_sn`,`pay_id`,`user_id`,`user_name`,`good_id`,`address_id`,`good_name`,`good_price`,`good_profit`,`pic_url`,`good_num`,`time`) VALUES ('201811121521338993','7','1028','M001028','11','5','测试1','100.00','0.00','Uploads/20180314/5aa8bce3352bf.jpg','1','1521338993') [ RunTime:0.1142s ]
SQL: DELETE FROM `wx_shop_order_temp` WHERE (  order_id = '31'  ) [ RunTime:0.0271s ]
INFO: [ app_end ] --START--
INFO: Run Behavior\ShowPageTraceBehavior [ RunTime:0.002869s ]
INFO: [ app_end ] --END-- [ RunTime:0.002995s ]

[ 2018-03-18T10:09:54+08:00 ] 127.0.0.1 /Shop/Index/order_pay?pay_id=7
INFO: [ app_init ] --START--
INFO: Run Behavior\BuildLiteBehavior [ RunTime:0.000044s ]
INFO: [ app_init ] --END-- [ RunTime:0.001633s ]
INFO: [ app_begin ] --START--
INFO: Run Behavior\ReadHtmlCacheBehavior [ RunTime:0.000666s ]
INFO: [ app_begin ] --END-- [ RunTime:0.000699s ]
SQL: SHOW COLUMNS FROM `wx_shop_order` [ RunTime:0.0082s ]
SQL: SHOW COLUMNS FROM `wx_shop_order_detail` [ RunTime:0.0056s ]
SQL: SELECT * FROM `wx_shop_order` WHERE `pay_id` = 7 LIMIT 1   [ RunTime:0.0004s ]
SQL: SHOW COLUMNS FROM `wx_users` [ RunTime:0.0065s ]
SQL: SELECT * FROM `wx_users` WHERE ( user_id = '1028' ) LIMIT 1   [ RunTime:0.0006s ]
SQL: SHOW COLUMNS FROM `wx_users` [ RunTime:0.0056s ]
SQL: SELECT u.*,m.discount FROM wx_users u INNER JOIN wx_memberlevel m ON u.level=m.id  WHERE ( u.user_id = '1028' ) LIMIT 1   [ RunTime:0.0005s ]
NOTIC: [8] Undefined variable: discount D:\phpStudy\WWW\slh\Application\Shop\Controller\IndexController.class.php 第 284 行.
NOTIC: [8] Undefined variable: discount D:\phpStudy\WWW\slh\Application\Shop\Controller\IndexController.class.php 第 284 行.
SQL: SELECT * FROM `wx_shop_order_detail` WHERE (  pay_id = '7'  )  [ RunTime:0.0003s ]
SQL: SHOW COLUMNS FROM `wx_shop_goods` [ RunTime:0.0072s ]
SQL: SHOW COLUMNS FROM `wx_good_pic` [ RunTime:0.0049s ]
SQL: SELECT `openid` FROM `wx_users` WHERE `user_id` = 1028 LIMIT 1   [ RunTime:0.0002s ]
SQL: INSERT INTO `wx_shop_order` (`pay_id`,`order_sn`,`total_fee`,`time`,`user_id`,`address_id`,`user_name`,`prepay_id`) VALUES ('7','201811121521338993','0','1521338993','1028','5','M001028','') [ RunTime:0.0341s ]
INFO: [ view_parse ] --START--
INFO: [ template_filter ] --START--
INFO: Run Behavior\ContentReplaceBehavior [ RunTime:0.000088s ]
INFO: [ template_filter ] --END-- [ RunTime:0.000146s ]
INFO: Run Behavior\ParseTemplateBehavior [ RunTime:0.009546s ]
INFO: [ view_parse ] --END-- [ RunTime:0.009600s ]
INFO: [ view_filter ] --START--
INFO: Run Behavior\WriteHtmlCacheBehavior [ RunTime:0.000528s ]
INFO: [ view_filter ] --END-- [ RunTime:0.000567s ]
INFO: [ app_end ] --START--
INFO: Run Behavior\ShowPageTraceBehavior [ RunTime:0.000815s ]
INFO: [ app_end ] --END-- [ RunTime:0.000858s ]

[ 2018-03-18T10:09:58+08:00 ] 127.0.0.1 /Shop/Index/api_report_submit
INFO: [ app_init ] --START--
INFO: Run Behavior\BuildLiteBehavior [ RunTime:0.000010s ]
INFO: [ app_init ] --END-- [ RunTime:0.000496s ]
INFO: [ app_begin ] --START--
INFO: Run Behavior\ReadHtmlCacheBehavior [ RunTime:0.000692s ]
INFO: [ app_begin ] --END-- [ RunTime:0.000728s ]
SQL: SHOW COLUMNS FROM `wx_users` [ RunTime:0.0225s ]
SQL: SHOW COLUMNS FROM `wx_shop_order` [ RunTime:0.0085s ]
SQL: SHOW COLUMNS FROM `wx_shop_order_detail` [ RunTime:0.0065s ]
SQL: SELECT * FROM `wx_users` WHERE ( user_name= 'M001028'  ) LIMIT 1   [ RunTime:0.0044s ]
SQL: SELECT * FROM `wx_shop_order` WHERE `pay_id` = 7 LIMIT 1   [ RunTime:0.0003s ]
SQL: UPDATE `wx_users` SET `gwb`=gwb-0.00 WHERE ( user_id ='1028' ) [ RunTime:0.0003s ]
SQL: UPDATE `wx_shop_order` SET `is_true`='1',`pay_time`='1521338998' WHERE (  pay_id = '7'  ) [ RunTime:0.0370s ]

[ 2018-03-18T15:32:22+08:00 ] 127.0.0.1 /Shop/index/index
INFO: [ app_init ] --START--
INFO: Run Behavior\BuildLiteBehavior [ RunTime:0.000028s ]
INFO: [ app_init ] --END-- [ RunTime:0.002601s ]
INFO: [ app_begin ] --START--
INFO: Run Behavior\ReadHtmlCacheBehavior [ RunTime:0.000880s ]
INFO: [ app_begin ] --END-- [ RunTime:0.000923s ]
SQL: SHOW COLUMNS FROM `wx_shop_categrey` [ RunTime:0.0099s ]
SQL: SHOW COLUMNS FROM `wx_shop_goods` [ RunTime:0.0082s ]
SQL: SHOW COLUMNS FROM `wx_good_pic` [ RunTime:0.0060s ]
SQL: SELECT * FROM `wx_shop_categrey` WHERE (  pid = 0 and is_show = 1  ) ORDER BY code desc  [ RunTime:0.0104s ]
SQL: SELECT * FROM `wx_shop_goods` WHERE (  cate_gid = '1' and is_true = 1  ) ORDER BY code desc LIMIT 6   [ RunTime:0.0006s ]
SQL: SELECT `pic_url` FROM `wx_good_pic` WHERE `good_id` = 11 LIMIT 1   [ RunTime:0.0004s ]
SQL: SELECT * FROM `wx_shop_goods` WHERE (  cate_gid = '2' and is_true = 1  ) ORDER BY code desc LIMIT 6   [ RunTime:0.0003s ]
SQL: SHOW COLUMNS FROM `wx_shop_bannar` [ RunTime:0.0053s ]
SQL: SELECT * FROM `wx_shop_bannar` ORDER BY code desc  [ RunTime:0.0003s ]
SQL: SHOW COLUMNS FROM `wx_shop_ad` [ RunTime:0.0056s ]
SQL: SELECT * FROM `wx_shop_ad` ORDER BY code desc  [ RunTime:0.0003s ]
SQL: SHOW COLUMNS FROM `wx_shop_order_temp` [ RunTime:0.0056s ]
SQL: SELECT SUM(good_num) AS tp_sum FROM `wx_shop_order_temp` WHERE (  user_id = '1036'  ) LIMIT 1   [ RunTime:0.0003s ]
INFO: [ view_parse ] --START--
INFO: [ template_filter ] --START--
INFO: Run Behavior\ContentReplaceBehavior [ RunTime:0.000084s ]
INFO: [ template_filter ] --END-- [ RunTime:0.000119s ]
NOTIC: [8] Undefined variable: signPackage D:\phpStudy\WWW\slh\Application\Runtime\Cache\Shop\2c6b2a5091935ef5552425c0ed01e864.php 第 31 行.
NOTIC: [8] Undefined variable: signPackage D:\phpStudy\WWW\slh\Application\Runtime\Cache\Shop\2c6b2a5091935ef5552425c0ed01e864.php 第 32 行.
NOTIC: [8] Undefined variable: signPackage D:\phpStudy\WWW\slh\Application\Runtime\Cache\Shop\2c6b2a5091935ef5552425c0ed01e864.php 第 33 行.
NOTIC: [8] Undefined variable: signPackage D:\phpStudy\WWW\slh\Application\Runtime\Cache\Shop\2c6b2a5091935ef5552425c0ed01e864.php 第 34 行.
NOTIC: [8] Undefined variable: share_url D:\phpStudy\WWW\slh\Application\Runtime\Cache\Shop\2c6b2a5091935ef5552425c0ed01e864.php 第 58 行.
NOTIC: [8] Undefined variable: share_url D:\phpStudy\WWW\slh\Application\Runtime\Cache\Shop\2c6b2a5091935ef5552425c0ed01e864.php 第 70 行.
NOTIC: [8] Undefined variable: share_type D:\phpStudy\WWW\slh\Application\Runtime\Cache\Shop\2c6b2a5091935ef5552425c0ed01e864.php 第 86 行.
NOTIC: [8] Use of undefined constant good - assumed 'good' D:\phpStudy\WWW\slh\Application\Runtime\Cache\Shop\2c6b2a5091935ef5552425c0ed01e864.php 第 176 行.
NOTIC: [8] Undefined offset: 0 D:\phpStudy\WWW\slh\Application\Runtime\Cache\Shop\2c6b2a5091935ef5552425c0ed01e864.php 第 158 行.
INFO: Run Behavior\ParseTemplateBehavior [ RunTime:0.036859s ]
INFO: [ view_parse ] --END-- [ RunTime:0.036896s ]
INFO: [ view_filter ] --START--
INFO: Run Behavior\WriteHtmlCacheBehavior [ RunTime:0.000619s ]
INFO: [ view_filter ] --END-- [ RunTime:0.000647s ]
INFO: [ app_end ] --START--
INFO: Run Behavior\ShowPageTraceBehavior [ RunTime:0.000850s ]
INFO: [ app_end ] --END-- [ RunTime:0.000887s ]

[ 2018-03-18T16:27:02+08:00 ] 127.0.0.1 /Shop/index/index
INFO: [ app_init ] --START--
INFO: Run Behavior\BuildLiteBehavior [ RunTime:0.000022s ]
INFO: [ app_init ] --END-- [ RunTime:0.000837s ]
INFO: [ app_begin ] --START--
INFO: Run Behavior\ReadHtmlCacheBehavior [ RunTime:0.002015s ]
INFO: [ app_begin ] --END-- [ RunTime:0.002277s ]
SQL: SHOW COLUMNS FROM `wx_shop_categrey` [ RunTime:0.0200s ]
SQL: SHOW COLUMNS FROM `wx_shop_goods` [ RunTime:0.0096s ]
SQL: SHOW COLUMNS FROM `wx_good_pic` [ RunTime:0.0063s ]
SQL: SELECT * FROM `wx_shop_categrey` WHERE (  pid = 0 and is_show = 1  ) ORDER BY code desc  [ RunTime:0.0005s ]
SQL: SELECT * FROM `wx_shop_goods` WHERE (  cate_gid = '1' and is_true = 1  ) ORDER BY code desc LIMIT 6   [ RunTime:0.0005s ]
SQL: SELECT `pic_url` FROM `wx_good_pic` WHERE `good_id` = 11 LIMIT 1   [ RunTime:0.0003s ]
SQL: SELECT * FROM `wx_shop_goods` WHERE (  cate_gid = '2' and is_true = 1  ) ORDER BY code desc LIMIT 6   [ RunTime:0.0003s ]
SQL: SHOW COLUMNS FROM `wx_shop_bannar` [ RunTime:0.0056s ]
SQL: SELECT * FROM `wx_shop_bannar` ORDER BY code desc  [ RunTime:0.0003s ]
SQL: SHOW COLUMNS FROM `wx_shop_ad` [ RunTime:0.0049s ]
SQL: SELECT * FROM `wx_shop_ad` ORDER BY code desc  [ RunTime:0.0003s ]
SQL: SHOW COLUMNS FROM `wx_shop_order_temp` [ RunTime:0.0051s ]
SQL: SELECT SUM(good_num) AS tp_sum FROM `wx_shop_order_temp` WHERE (  user_id = '1036'  ) LIMIT 1   [ RunTime:0.0003s ]
INFO: [ view_parse ] --START--
INFO: [ template_filter ] --START--
INFO: Run Behavior\ContentReplaceBehavior [ RunTime:0.000090s ]
INFO: [ template_filter ] --END-- [ RunTime:0.000130s ]
NOTIC: [8] Undefined variable: signPackage D:\phpStudy\WWW\slh\Application\Runtime\Cache\Shop\2c6b2a5091935ef5552425c0ed01e864.php 第 31 行.
NOTIC: [8] Undefined variable: signPackage D:\phpStudy\WWW\slh\Application\Runtime\Cache\Shop\2c6b2a5091935ef5552425c0ed01e864.php 第 32 行.
NOTIC: [8] Undefined variable: signPackage D:\phpStudy\WWW\slh\Application\Runtime\Cache\Shop\2c6b2a5091935ef5552425c0ed01e864.php 第 33 行.
NOTIC: [8] Undefined variable: signPackage D:\phpStudy\WWW\slh\Application\Runtime\Cache\Shop\2c6b2a5091935ef5552425c0ed01e864.php 第 34 行.
NOTIC: [8] Undefined variable: share_url D:\phpStudy\WWW\slh\Application\Runtime\Cache\Shop\2c6b2a5091935ef5552425c0ed01e864.php 第 58 行.
NOTIC: [8] Undefined variable: share_url D:\phpStudy\WWW\slh\Application\Runtime\Cache\Shop\2c6b2a5091935ef5552425c0ed01e864.php 第 70 行.
NOTIC: [8] Undefined variable: share_type D:\phpStudy\WWW\slh\Application\Runtime\Cache\Shop\2c6b2a5091935ef5552425c0ed01e864.php 第 86 行.
NOTIC: [8] Use of undefined constant good - assumed 'good' D:\phpStudy\WWW\slh\Application\Runtime\Cache\Shop\2c6b2a5091935ef5552425c0ed01e864.php 第 176 行.
NOTIC: [8] Undefined offset: 0 D:\phpStudy\WWW\slh\Application\Runtime\Cache\Shop\2c6b2a5091935ef5552425c0ed01e864.php 第 158 行.
INFO: Run Behavior\ParseTemplateBehavior [ RunTime:0.011144s ]
INFO: [ view_parse ] --END-- [ RunTime:0.011179s ]
INFO: [ view_filter ] --START--
INFO: Run Behavior\WriteHtmlCacheBehavior [ RunTime:0.000479s ]
INFO: [ view_filter ] --END-- [ RunTime:0.000507s ]
INFO: [ app_end ] --START--
INFO: Run Behavior\ShowPageTraceBehavior [ RunTime:0.000946s ]
INFO: [ app_end ] --END-- [ RunTime:0.000998s ]

