[ 2018-03-15T13:41:13+08:00 ] 127.0.0.1 /Shop/index/index
INFO: [ app_init ] --START--
INFO: Run Behavior\BuildLiteBehavior [ RunTime:0.000016s ]
INFO: [ app_init ] --END-- [ RunTime:0.000528s ]
INFO: [ app_begin ] --START--
INFO: Run Behavior\ReadHtmlCacheBehavior [ RunTime:0.000717s ]
INFO: [ app_begin ] --END-- [ RunTime:0.000751s ]
SQL: SHOW COLUMNS FROM `wx_shop_categrey` [ RunTime:0.0155s ]
SQL: SHOW COLUMNS FROM `wx_shop_goods` [ RunTime:0.0062s ]
SQL: SHOW COLUMNS FROM `wx_good_pic` [ RunTime:0.0101s ]
SQL: SELECT * FROM `wx_shop_categrey` WHERE (  pid = 0 and is_show = 1  ) ORDER BY code desc  [ RunTime:0.0004s ]
SQL: SELECT * FROM `wx_shop_goods` WHERE (  cate_gid = '1' and is_true = 1  ) ORDER BY code desc LIMIT 6   [ RunTime:0.0003s ]
SQL: SELECT `pic_url` FROM `wx_good_pic` WHERE `good_id` = 11 LIMIT 1   [ RunTime:0.0002s ]
SQL: SELECT * FROM `wx_shop_goods` WHERE (  cate_gid = '2' and is_true = 1  ) ORDER BY code desc LIMIT 6   [ RunTime:0.0003s ]
SQL: SHOW COLUMNS FROM `wx_shop_bannar` [ RunTime:0.0074s ]
SQL: SELECT * FROM `wx_shop_bannar` ORDER BY code desc  [ RunTime:0.0003s ]
SQL: SHOW COLUMNS FROM `wx_shop_ad` [ RunTime:0.0059s ]
SQL: SELECT * FROM `wx_shop_ad` ORDER BY code desc  [ RunTime:0.0003s ]
SQL: SHOW COLUMNS FROM `wx_shop_order_temp` [ RunTime:0.0059s ]
SQL: SELECT SUM(good_num) AS tp_sum FROM `wx_shop_order_temp` WHERE (  user_id = '1028'  ) LIMIT 1   [ RunTime:0.0003s ]
INFO: [ view_parse ] --START--
INFO: [ template_filter ] --START--
INFO: Run Behavior\ContentReplaceBehavior [ RunTime:0.000084s ]
INFO: [ template_filter ] --END-- [ RunTime:0.000119s ]
NOTIC: [8] Undefined variable: signPackage D:\phpStudy\WWW\slh\Application\Runtime\Cache\Shop\2c6b2a5091935ef5552425c0ed01e864.php 第 31 行.
NOTIC: [8] Undefined variable: signPackage D:\phpStudy\WWW\slh\Application\Runtime\Cache\Shop\2c6b2a5091935ef5552425c0ed01e864.php 第 32 行.
NOTIC: [8] Undefined variable: signPackage D:\phpStudy\WWW\slh\Application\Runtime\Cache\Shop\2c6b2a5091935ef5552425c0ed01e864.php 第 33 行.
NOTIC: [8] Undefined variable: signPackage D:\phpStudy\WWW\slh\Application\Runtime\Cache\Shop\2c6b2a5091935ef5552425c0ed01e864.php 第 34 行.
NOTIC: [8] Undefined variable: share_url D:\phpStudy\WWW\slh\Application\Runtime\Cache\Shop\2c6b2a5091935ef5552425c0ed01e864.php 第 58 行.
NOTIC: [8] Undefined variable: share_url D:\phpStudy\WWW\slh\Application\Runtime\Cache\Shop\2c6b2a5091935ef5552425c0ed01e864.php 第 70 行.
NOTIC: [8] Undefined variable: share_type D:\phpStudy\WWW\slh\Application\Runtime\Cache\Shop\2c6b2a5091935ef5552425c0ed01e864.php 第 86 行.
NOTIC: [8] Use of undefined constant good - assumed 'good' D:\phpStudy\WWW\slh\Application\Runtime\Cache\Shop\2c6b2a5091935ef5552425c0ed01e864.php 第 176 行.
NOTIC: [8] Undefined offset: 0 D:\phpStudy\WWW\slh\Application\Runtime\Cache\Shop\2c6b2a5091935ef5552425c0ed01e864.php 第 158 行.
INFO: Run Behavior\ParseTemplateBehavior [ RunTime:0.038794s ]
INFO: [ view_parse ] --END-- [ RunTime:0.038842s ]
INFO: [ view_filter ] --START--
INFO: Run Behavior\WriteHtmlCacheBehavior [ RunTime:0.000549s ]
INFO: [ view_filter ] --END-- [ RunTime:0.000577s ]
INFO: [ app_end ] --START--
INFO: Run Behavior\ShowPageTraceBehavior [ RunTime:0.000733s ]
INFO: [ app_end ] --END-- [ RunTime:0.000772s ]

[ 2018-03-15T13:41:14+08:00 ] 127.0.0.1 /Shop/index/index
INFO: [ app_init ] --START--
INFO: Run Behavior\BuildLiteBehavior [ RunTime:0.000011s ]
INFO: [ app_init ] --END-- [ RunTime:0.000510s ]
INFO: [ app_begin ] --START--
INFO: Run Behavior\ReadHtmlCacheBehavior [ RunTime:0.000782s ]
INFO: [ app_begin ] --END-- [ RunTime:0.000826s ]
SQL: SHOW COLUMNS FROM `wx_shop_categrey` [ RunTime:0.0089s ]
SQL: SHOW COLUMNS FROM `wx_shop_goods` [ RunTime:0.0066s ]
SQL: SHOW COLUMNS FROM `wx_good_pic` [ RunTime:0.0052s ]
SQL: SELECT * FROM `wx_shop_categrey` WHERE (  pid = 0 and is_show = 1  ) ORDER BY code desc  [ RunTime:0.0003s ]
SQL: SELECT * FROM `wx_shop_goods` WHERE (  cate_gid = '1' and is_true = 1  ) ORDER BY code desc LIMIT 6   [ RunTime:0.0003s ]
SQL: SELECT `pic_url` FROM `wx_good_pic` WHERE `good_id` = 11 LIMIT 1   [ RunTime:0.0002s ]
SQL: SELECT * FROM `wx_shop_goods` WHERE (  cate_gid = '2' and is_true = 1  ) ORDER BY code desc LIMIT 6   [ RunTime:0.0003s ]
SQL: SHOW COLUMNS FROM `wx_shop_bannar` [ RunTime:0.0056s ]
SQL: SELECT * FROM `wx_shop_bannar` ORDER BY code desc  [ RunTime:0.0003s ]
SQL: SHOW COLUMNS FROM `wx_shop_ad` [ RunTime:0.0056s ]
SQL: SELECT * FROM `wx_shop_ad` ORDER BY code desc  [ RunTime:0.0003s ]
SQL: SHOW COLUMNS FROM `wx_shop_order_temp` [ RunTime:0.0057s ]
SQL: SELECT SUM(good_num) AS tp_sum FROM `wx_shop_order_temp` WHERE (  user_id = '1028'  ) LIMIT 1   [ RunTime:0.0003s ]
INFO: [ view_parse ] --START--
INFO: [ template_filter ] --START--
INFO: Run Behavior\ContentReplaceBehavior [ RunTime:0.000084s ]
INFO: [ template_filter ] --END-- [ RunTime:0.000118s ]
NOTIC: [8] Undefined variable: signPackage D:\phpStudy\WWW\slh\Application\Runtime\Cache\Shop\2c6b2a5091935ef5552425c0ed01e864.php 第 31 行.
NOTIC: [8] Undefined variable: signPackage D:\phpStudy\WWW\slh\Application\Runtime\Cache\Shop\2c6b2a5091935ef5552425c0ed01e864.php 第 32 行.
NOTIC: [8] Undefined variable: signPackage D:\phpStudy\WWW\slh\Application\Runtime\Cache\Shop\2c6b2a5091935ef5552425c0ed01e864.php 第 33 行.
NOTIC: [8] Undefined variable: signPackage D:\phpStudy\WWW\slh\Application\Runtime\Cache\Shop\2c6b2a5091935ef5552425c0ed01e864.php 第 34 行.
NOTIC: [8] Undefined variable: share_url D:\phpStudy\WWW\slh\Application\Runtime\Cache\Shop\2c6b2a5091935ef5552425c0ed01e864.php 第 58 行.
NOTIC: [8] Undefined variable: share_url D:\phpStudy\WWW\slh\Application\Runtime\Cache\Shop\2c6b2a5091935ef5552425c0ed01e864.php 第 70 行.
NOTIC: [8] Undefined variable: share_type D:\phpStudy\WWW\slh\Application\Runtime\Cache\Shop\2c6b2a5091935ef5552425c0ed01e864.php 第 86 行.
NOTIC: [8] Use of undefined constant good - assumed 'good' D:\phpStudy\WWW\slh\Application\Runtime\Cache\Shop\2c6b2a5091935ef5552425c0ed01e864.php 第 176 行.
NOTIC: [8] Undefined offset: 0 D:\phpStudy\WWW\slh\Application\Runtime\Cache\Shop\2c6b2a5091935ef5552425c0ed01e864.php 第 158 行.
INFO: Run Behavior\ParseTemplateBehavior [ RunTime:0.011270s ]
INFO: [ view_parse ] --END-- [ RunTime:0.011308s ]
INFO: [ view_filter ] --START--
INFO: Run Behavior\WriteHtmlCacheBehavior [ RunTime:0.000511s ]
INFO: [ view_filter ] --END-- [ RunTime:0.000539s ]
INFO: [ app_end ] --START--
INFO: Run Behavior\ShowPageTraceBehavior [ RunTime:0.000746s ]
INFO: [ app_end ] --END-- [ RunTime:0.000782s ]

[ 2018-03-15T13:41:18+08:00 ] 127.0.0.1 /Shop/Index/index.html
INFO: [ app_init ] --START--
INFO: Run Behavior\BuildLiteBehavior [ RunTime:0.000010s ]
INFO: [ app_init ] --END-- [ RunTime:0.000520s ]
INFO: [ app_begin ] --START--
INFO: Run Behavior\ReadHtmlCacheBehavior [ RunTime:0.000789s ]
INFO: [ app_begin ] --END-- [ RunTime:0.000828s ]
SQL: SHOW COLUMNS FROM `wx_shop_categrey` [ RunTime:0.0082s ]
SQL: SHOW COLUMNS FROM `wx_shop_goods` [ RunTime:0.0060s ]
SQL: SHOW COLUMNS FROM `wx_good_pic` [ RunTime:0.0054s ]
SQL: SELECT * FROM `wx_shop_categrey` WHERE (  pid = 0 and is_show = 1  ) ORDER BY code desc  [ RunTime:0.0003s ]
SQL: SELECT * FROM `wx_shop_goods` WHERE (  cate_gid = '1' and is_true = 1  ) ORDER BY code desc LIMIT 6   [ RunTime:0.0003s ]
SQL: SELECT `pic_url` FROM `wx_good_pic` WHERE `good_id` = 11 LIMIT 1   [ RunTime:0.0002s ]
SQL: SELECT * FROM `wx_shop_goods` WHERE (  cate_gid = '2' and is_true = 1  ) ORDER BY code desc LIMIT 6   [ RunTime:0.0003s ]
SQL: SHOW COLUMNS FROM `wx_shop_bannar` [ RunTime:0.0054s ]
SQL: SELECT * FROM `wx_shop_bannar` ORDER BY code desc  [ RunTime:0.0003s ]
SQL: SHOW COLUMNS FROM `wx_shop_ad` [ RunTime:0.0056s ]
SQL: SELECT * FROM `wx_shop_ad` ORDER BY code desc  [ RunTime:0.0003s ]
SQL: SHOW COLUMNS FROM `wx_shop_order_temp` [ RunTime:0.0053s ]
SQL: SELECT SUM(good_num) AS tp_sum FROM `wx_shop_order_temp` WHERE (  user_id = '1028'  ) LIMIT 1   [ RunTime:0.0003s ]
INFO: [ view_parse ] --START--
INFO: [ template_filter ] --START--
INFO: Run Behavior\ContentReplaceBehavior [ RunTime:0.000091s ]
INFO: [ template_filter ] --END-- [ RunTime:0.000127s ]
NOTIC: [8] Undefined variable: signPackage D:\phpStudy\WWW\slh\Application\Runtime\Cache\Shop\2c6b2a5091935ef5552425c0ed01e864.php 第 31 行.
NOTIC: [8] Undefined variable: signPackage D:\phpStudy\WWW\slh\Application\Runtime\Cache\Shop\2c6b2a5091935ef5552425c0ed01e864.php 第 32 行.
NOTIC: [8] Undefined variable: signPackage D:\phpStudy\WWW\slh\Application\Runtime\Cache\Shop\2c6b2a5091935ef5552425c0ed01e864.php 第 33 行.
NOTIC: [8] Undefined variable: signPackage D:\phpStudy\WWW\slh\Application\Runtime\Cache\Shop\2c6b2a5091935ef5552425c0ed01e864.php 第 34 行.
NOTIC: [8] Undefined variable: share_url D:\phpStudy\WWW\slh\Application\Runtime\Cache\Shop\2c6b2a5091935ef5552425c0ed01e864.php 第 58 行.
NOTIC: [8] Undefined variable: share_url D:\phpStudy\WWW\slh\Application\Runtime\Cache\Shop\2c6b2a5091935ef5552425c0ed01e864.php 第 70 行.
NOTIC: [8] Undefined variable: share_type D:\phpStudy\WWW\slh\Application\Runtime\Cache\Shop\2c6b2a5091935ef5552425c0ed01e864.php 第 86 行.
NOTIC: [8] Use of undefined constant good - assumed 'good' D:\phpStudy\WWW\slh\Application\Runtime\Cache\Shop\2c6b2a5091935ef5552425c0ed01e864.php 第 176 行.
NOTIC: [8] Undefined offset: 0 D:\phpStudy\WWW\slh\Application\Runtime\Cache\Shop\2c6b2a5091935ef5552425c0ed01e864.php 第 158 行.
INFO: Run Behavior\ParseTemplateBehavior [ RunTime:0.011913s ]
INFO: [ view_parse ] --END-- [ RunTime:0.011949s ]
INFO: [ view_filter ] --START--
INFO: Run Behavior\WriteHtmlCacheBehavior [ RunTime:0.000618s ]
INFO: [ view_filter ] --END-- [ RunTime:0.000646s ]
INFO: [ app_end ] --START--
INFO: Run Behavior\ShowPageTraceBehavior [ RunTime:0.000883s ]
INFO: [ app_end ] --END-- [ RunTime:0.000920s ]

