[ 2018-03-19T09:45:12+08:00 ] 127.0.0.1 /Shop/index/index
INFO: [ app_init ] --START--
INFO: Run Behavior\BuildLiteBehavior [ RunTime:0.000000s ]
INFO: [ app_init ] --END-- [ RunTime:0.005000s ]
INFO: [ app_begin ] --START--
INFO: Run Behavior\ReadHtmlCacheBehavior [ RunTime:0.001000s ]
INFO: [ app_begin ] --END-- [ RunTime:0.001000s ]
SQL: SHOW COLUMNS FROM `wx_shop_categrey` [ RunTime:0.0240s ]
SQL: SHOW COLUMNS FROM `wx_shop_goods` [ RunTime:0.0190s ]
SQL: SHOW COLUMNS FROM `wx_good_pic` [ RunTime:0.0200s ]
SQL: SELECT * FROM `wx_shop_categrey` WHERE (  pid = 0 and is_show = 1  ) ORDER BY code desc  [ RunTime:0.0000s ]
SQL: SELECT * FROM `wx_shop_goods` WHERE (  cate_gid = '5' and is_true = 1  ) ORDER BY code desc LIMIT 6   [ RunTime:0.0010s ]
SQL: SELECT `pic_url` FROM `wx_good_pic` WHERE `good_id` = 10 LIMIT 1   [ RunTime:0.0010s ]
SQL: SELECT `pic_url` FROM `wx_good_pic` WHERE `good_id` = 11 LIMIT 1   [ RunTime:0.0010s ]
SQL: SELECT * FROM `wx_shop_goods` WHERE (  cate_gid = '4' and is_true = 1  ) ORDER BY code desc LIMIT 6   [ RunTime:0.0010s ]
SQL: SELECT `pic_url` FROM `wx_good_pic` WHERE `good_id` = 9 LIMIT 1   [ RunTime:0.0000s ]
SQL: SELECT * FROM `wx_shop_goods` WHERE (  cate_gid = '6' and is_true = 1  ) ORDER BY code desc LIMIT 6   [ RunTime:0.0010s ]
SQL: SELECT `pic_url` FROM `wx_good_pic` WHERE `good_id` = 12 LIMIT 1   [ RunTime:0.0010s ]
SQL: SELECT * FROM `wx_shop_goods` WHERE (  cate_gid = '7' and is_true = 1  ) ORDER BY code desc LIMIT 6   [ RunTime:0.0000s ]
SQL: SELECT `pic_url` FROM `wx_good_pic` WHERE `good_id` = 13 LIMIT 1   [ RunTime:0.0000s ]
SQL: SHOW COLUMNS FROM `wx_shop_bannar` [ RunTime:0.0120s ]
SQL: SELECT * FROM `wx_shop_bannar` ORDER BY code desc  [ RunTime:0.0000s ]
SQL: SHOW COLUMNS FROM `wx_shop_ad` [ RunTime:0.0260s ]
SQL: SELECT * FROM `wx_shop_ad` ORDER BY code desc  [ RunTime:0.0000s ]
SQL: SHOW COLUMNS FROM `wx_shop_order_temp` [ RunTime:0.0420s ]
SQL: SELECT SUM(good_num) AS tp_sum FROM `wx_shop_order_temp` WHERE (  user_id = '1027'  ) LIMIT 1   [ RunTime:0.0000s ]
INFO: [ view_parse ] --START--
INFO: [ template_filter ] --START--
INFO: Run Behavior\ContentReplaceBehavior [ RunTime:0.000000s ]
INFO: [ template_filter ] --END-- [ RunTime:0.001000s ]
NOTIC: [8] Undefined variable: signPackage E:\contion\WWW\slh\Application\Runtime\Cache\Shop\2c6b2a5091935ef5552425c0ed01e864.php 第 31 行.
NOTIC: [8] Undefined variable: signPackage E:\contion\WWW\slh\Application\Runtime\Cache\Shop\2c6b2a5091935ef5552425c0ed01e864.php 第 32 行.
NOTIC: [8] Undefined variable: signPackage E:\contion\WWW\slh\Application\Runtime\Cache\Shop\2c6b2a5091935ef5552425c0ed01e864.php 第 33 行.
NOTIC: [8] Undefined variable: signPackage E:\contion\WWW\slh\Application\Runtime\Cache\Shop\2c6b2a5091935ef5552425c0ed01e864.php 第 34 行.
NOTIC: [8] Undefined variable: share_url E:\contion\WWW\slh\Application\Runtime\Cache\Shop\2c6b2a5091935ef5552425c0ed01e864.php 第 58 行.
NOTIC: [8] Undefined variable: share_url E:\contion\WWW\slh\Application\Runtime\Cache\Shop\2c6b2a5091935ef5552425c0ed01e864.php 第 70 行.
NOTIC: [8] Undefined variable: share_type E:\contion\WWW\slh\Application\Runtime\Cache\Shop\2c6b2a5091935ef5552425c0ed01e864.php 第 86 行.
NOTIC: [8] Use of undefined constant good - assumed 'good' E:\contion\WWW\slh\Application\Runtime\Cache\Shop\2c6b2a5091935ef5552425c0ed01e864.php 第 176 行.
NOTIC: [8] Use of undefined constant good - assumed 'good' E:\contion\WWW\slh\Application\Runtime\Cache\Shop\2c6b2a5091935ef5552425c0ed01e864.php 第 176 行.
NOTIC: [8] Use of undefined constant good - assumed 'good' E:\contion\WWW\slh\Application\Runtime\Cache\Shop\2c6b2a5091935ef5552425c0ed01e864.php 第 176 行.
NOTIC: [8] Use of undefined constant good - assumed 'good' E:\contion\WWW\slh\Application\Runtime\Cache\Shop\2c6b2a5091935ef5552425c0ed01e864.php 第 176 行.
NOTIC: [8] Use of undefined constant good - assumed 'good' E:\contion\WWW\slh\Application\Runtime\Cache\Shop\2c6b2a5091935ef5552425c0ed01e864.php 第 176 行.
INFO: Run Behavior\ParseTemplateBehavior [ RunTime:0.056003s ]
INFO: [ view_parse ] --END-- [ RunTime:0.056003s ]
INFO: [ view_filter ] --START--
INFO: Run Behavior\WriteHtmlCacheBehavior [ RunTime:0.001000s ]
INFO: [ view_filter ] --END-- [ RunTime:0.001000s ]
INFO: [ app_end ] --START--
INFO: Run Behavior\ShowPageTraceBehavior [ RunTime:0.003001s ]
INFO: [ app_end ] --END-- [ RunTime:0.003001s ]

