[ 2018-03-18T08:57:34+08:00 ] ::1 /favicon.ico
INFO: [ app_init ] --START--
INFO: Run Behavior\BuildLiteBehavior [ RunTime:0.000017s ]
INFO: [ app_init ] --END-- [ RunTime:0.000406s ]
ERR: 无法加载模块:Favicon
NOTIC: [2] include(./Application//Public/exception.tpl): failed to open stream: No such file or directory D:\phpStudy\WWW\slh\ThinkPHP\Library\Think\Think.class.php 第 314 行.
NOTIC: [2] include(): Failed opening './Application//Public/exception.tpl' for inclusion (include_path='.;C:\php\pear') D:\phpStudy\WWW\slh\ThinkPHP\Library\Think\Think.class.php 第 314 行.

[ 2018-03-18T09:22:01+08:00 ] ::1 /Public/admin/js/jquery.min.map
INFO: [ app_init ] --START--
INFO: Run Behavior\BuildLiteBehavior [ RunTime:0.000020s ]
INFO: [ app_init ] --END-- [ RunTime:0.000481s ]
ERR: 无法加载模块:Public
NOTIC: [2] include(./Application//Public/exception.tpl): failed to open stream: No such file or directory D:\phpStudy\WWW\slh\ThinkPHP\Library\Think\Think.class.php 第 314 行.
NOTIC: [2] include(): Failed opening './Application//Public/exception.tpl' for inclusion (include_path='.;C:\php\pear') D:\phpStudy\WWW\slh\ThinkPHP\Library\Think\Think.class.php 第 314 行.

[ 2018-03-18T09:28:34+08:00 ] ::1 /favicon.ico
INFO: [ app_init ] --START--
INFO: Run Behavior\BuildLiteBehavior [ RunTime:0.000012s ]
INFO: [ app_init ] --END-- [ RunTime:0.000324s ]
ERR: 无法加载模块:Favicon
NOTIC: [2] include(./Application//Public/exception.tpl): failed to open stream: No such file or directory D:\phpStudy\WWW\slh\ThinkPHP\Library\Think\Think.class.php 第 314 行.
NOTIC: [2] include(): Failed opening './Application//Public/exception.tpl' for inclusion (include_path='.;C:\php\pear') D:\phpStudy\WWW\slh\ThinkPHP\Library\Think\Think.class.php 第 314 行.

[ 2018-03-18T09:33:26+08:00 ] ::1 /favicon.ico
INFO: [ app_init ] --START--
INFO: Run Behavior\BuildLiteBehavior [ RunTime:0.000018s ]
INFO: [ app_init ] --END-- [ RunTime:0.000404s ]
ERR: 无法加载模块:Favicon
NOTIC: [2] include(./Application//Public/exception.tpl): failed to open stream: No such file or directory D:\phpStudy\WWW\slh\ThinkPHP\Library\Think\Think.class.php 第 314 行.
NOTIC: [2] include(): Failed opening './Application//Public/exception.tpl' for inclusion (include_path='.;C:\php\pear') D:\phpStudy\WWW\slh\ThinkPHP\Library\Think\Think.class.php 第 314 行.

[ 2018-03-18T09:53:29+08:00 ] ::1 /favicon.ico
INFO: [ app_init ] --START--
INFO: Run Behavior\BuildLiteBehavior [ RunTime:0.000012s ]
INFO: [ app_init ] --END-- [ RunTime:0.000327s ]
ERR: 无法加载模块:Favicon
NOTIC: [2] include(./Application//Public/exception.tpl): failed to open stream: No such file or directory D:\phpStudy\WWW\slh\ThinkPHP\Library\Think\Think.class.php 第 314 行.
NOTIC: [2] include(): Failed opening './Application//Public/exception.tpl' for inclusion (include_path='.;C:\php\pear') D:\phpStudy\WWW\slh\ThinkPHP\Library\Think\Think.class.php 第 314 行.

[ 2018-03-18T10:07:38+08:00 ] ::1 /favicon.ico
INFO: [ app_init ] --START--
INFO: Run Behavior\BuildLiteBehavior [ RunTime:0.000029s ]
INFO: [ app_init ] --END-- [ RunTime:0.000640s ]
ERR: 无法加载模块:Favicon
NOTIC: [2] include(./Application//Public/exception.tpl): failed to open stream: No such file or directory D:\phpStudy\WWW\slh\ThinkPHP\Library\Think\Think.class.php 第 314 行.
NOTIC: [2] include(): Failed opening './Application//Public/exception.tpl' for inclusion (include_path='.;C:\php\pear') D:\phpStudy\WWW\slh\ThinkPHP\Library\Think\Think.class.php 第 314 行.

[ 2018-03-18T10:07:41+08:00 ] ::1 /favicon.ico
INFO: [ app_init ] --START--
INFO: Run Behavior\BuildLiteBehavior [ RunTime:0.000016s ]
INFO: [ app_init ] --END-- [ RunTime:0.000431s ]
ERR: 无法加载模块:Favicon
NOTIC: [2] include(./Application//Public/exception.tpl): failed to open stream: No such file or directory D:\phpStudy\WWW\slh\ThinkPHP\Library\Think\Think.class.php 第 314 行.
NOTIC: [2] include(): Failed opening './Application//Public/exception.tpl' for inclusion (include_path='.;C:\php\pear') D:\phpStudy\WWW\slh\ThinkPHP\Library\Think\Think.class.php 第 314 行.

[ 2018-03-18T10:08:45+08:00 ] ::1 /Public/admin/js/jquery.min.map
INFO: [ app_init ] --START--
INFO: Run Behavior\BuildLiteBehavior [ RunTime:0.000021s ]
INFO: [ app_init ] --END-- [ RunTime:0.000528s ]
ERR: 无法加载模块:Public
NOTIC: [2] include(./Application//Public/exception.tpl): failed to open stream: No such file or directory D:\phpStudy\WWW\slh\ThinkPHP\Library\Think\Think.class.php 第 314 行.
NOTIC: [2] include(): Failed opening './Application//Public/exception.tpl' for inclusion (include_path='.;C:\php\pear') D:\phpStudy\WWW\slh\ThinkPHP\Library\Think\Think.class.php 第 314 行.

[ 2018-03-18T10:15:59+08:00 ] ::1 /Public/admin/js/jquery.min.map
INFO: [ app_init ] --START--
INFO: Run Behavior\BuildLiteBehavior [ RunTime:0.000019s ]
INFO: [ app_init ] --END-- [ RunTime:0.000521s ]
ERR: 无法加载模块:Public
NOTIC: [2] include(./Application//Public/exception.tpl): failed to open stream: No such file or directory D:\phpStudy\WWW\slh\ThinkPHP\Library\Think\Think.class.php 第 314 行.
NOTIC: [2] include(): Failed opening './Application//Public/exception.tpl' for inclusion (include_path='.;C:\php\pear') D:\phpStudy\WWW\slh\ThinkPHP\Library\Think\Think.class.php 第 314 行.

[ 2018-03-18T10:17:09+08:00 ] ::1 /Public/admin/js/jquery.min.map
INFO: [ app_init ] --START--
INFO: Run Behavior\BuildLiteBehavior [ RunTime:0.000018s ]
INFO: [ app_init ] --END-- [ RunTime:0.000513s ]
ERR: 无法加载模块:Public
NOTIC: [2] include(./Application//Public/exception.tpl): failed to open stream: No such file or directory D:\phpStudy\WWW\slh\ThinkPHP\Library\Think\Think.class.php 第 314 行.
NOTIC: [2] include(): Failed opening './Application//Public/exception.tpl' for inclusion (include_path='.;C:\php\pear') D:\phpStudy\WWW\slh\ThinkPHP\Library\Think\Think.class.php 第 314 行.

[ 2018-03-18T10:25:35+08:00 ] ::1 /favicon.ico
INFO: [ app_init ] --START--
INFO: Run Behavior\BuildLiteBehavior [ RunTime:0.000018s ]
INFO: [ app_init ] --END-- [ RunTime:0.000399s ]
ERR: 无法加载模块:Favicon
NOTIC: [2] include(./Application//Public/exception.tpl): failed to open stream: No such file or directory D:\phpStudy\WWW\slh\ThinkPHP\Library\Think\Think.class.php 第 314 行.
NOTIC: [2] include(): Failed opening './Application//Public/exception.tpl' for inclusion (include_path='.;C:\php\pear') D:\phpStudy\WWW\slh\ThinkPHP\Library\Think\Think.class.php 第 314 行.

[ 2018-03-18T10:26:45+08:00 ] ::1 /favicon.ico
INFO: [ app_init ] --START--
INFO: Run Behavior\BuildLiteBehavior [ RunTime:0.000020s ]
INFO: [ app_init ] --END-- [ RunTime:0.000469s ]
ERR: 无法加载模块:Favicon
NOTIC: [2] include(./Application//Public/exception.tpl): failed to open stream: No such file or directory D:\phpStudy\WWW\slh\ThinkPHP\Library\Think\Think.class.php 第 314 行.
NOTIC: [2] include(): Failed opening './Application//Public/exception.tpl' for inclusion (include_path='.;C:\php\pear') D:\phpStudy\WWW\slh\ThinkPHP\Library\Think\Think.class.php 第 314 行.

[ 2018-03-18T10:27:04+08:00 ] ::1 /favicon.ico
INFO: [ app_init ] --START--
INFO: Run Behavior\BuildLiteBehavior [ RunTime:0.000013s ]
INFO: [ app_init ] --END-- [ RunTime:0.000331s ]
ERR: 无法加载模块:Favicon
NOTIC: [2] include(./Application//Public/exception.tpl): failed to open stream: No such file or directory D:\phpStudy\WWW\slh\ThinkPHP\Library\Think\Think.class.php 第 314 行.
NOTIC: [2] include(): Failed opening './Application//Public/exception.tpl' for inclusion (include_path='.;C:\php\pear') D:\phpStudy\WWW\slh\ThinkPHP\Library\Think\Think.class.php 第 314 行.

[ 2018-03-18T10:32:08+08:00 ] ::1 /favicon.ico
INFO: [ app_init ] --START--
INFO: Run Behavior\BuildLiteBehavior [ RunTime:0.000012s ]
INFO: [ app_init ] --END-- [ RunTime:0.000320s ]
ERR: 无法加载模块:Favicon
NOTIC: [2] include(./Application//Public/exception.tpl): failed to open stream: No such file or directory D:\phpStudy\WWW\slh\ThinkPHP\Library\Think\Think.class.php 第 314 行.
NOTIC: [2] include(): Failed opening './Application//Public/exception.tpl' for inclusion (include_path='.;C:\php\pear') D:\phpStudy\WWW\slh\ThinkPHP\Library\Think\Think.class.php 第 314 行.

[ 2018-03-18T10:43:02+08:00 ] ::1 /favicon.ico
INFO: [ app_init ] --START--
INFO: Run Behavior\BuildLiteBehavior [ RunTime:0.000020s ]
INFO: [ app_init ] --END-- [ RunTime:0.000547s ]
ERR: 无法加载模块:Favicon
NOTIC: [2] include(./Application//Public/exception.tpl): failed to open stream: No such file or directory D:\phpStudy\WWW\slh\ThinkPHP\Library\Think\Think.class.php 第 314 行.
NOTIC: [2] include(): Failed opening './Application//Public/exception.tpl' for inclusion (include_path='.;C:\php\pear') D:\phpStudy\WWW\slh\ThinkPHP\Library\Think\Think.class.php 第 314 行.

[ 2018-03-18T10:46:43+08:00 ] ::1 /favicon.ico
INFO: [ app_init ] --START--
INFO: Run Behavior\BuildLiteBehavior [ RunTime:0.000020s ]
INFO: [ app_init ] --END-- [ RunTime:0.000493s ]
ERR: 无法加载模块:Favicon
NOTIC: [2] include(./Application//Public/exception.tpl): failed to open stream: No such file or directory D:\phpStudy\WWW\slh\ThinkPHP\Library\Think\Think.class.php 第 314 行.
NOTIC: [2] include(): Failed opening './Application//Public/exception.tpl' for inclusion (include_path='.;C:\php\pear') D:\phpStudy\WWW\slh\ThinkPHP\Library\Think\Think.class.php 第 314 行.

[ 2018-03-18T10:47:38+08:00 ] ::1 /favicon.ico
INFO: [ app_init ] --START--
INFO: Run Behavior\BuildLiteBehavior [ RunTime:0.000011s ]
INFO: [ app_init ] --END-- [ RunTime:0.000294s ]
ERR: 无法加载模块:Favicon
NOTIC: [2] include(./Application//Public/exception.tpl): failed to open stream: No such file or directory D:\phpStudy\WWW\slh\ThinkPHP\Library\Think\Think.class.php 第 314 行.
NOTIC: [2] include(): Failed opening './Application//Public/exception.tpl' for inclusion (include_path='.;C:\php\pear') D:\phpStudy\WWW\slh\ThinkPHP\Library\Think\Think.class.php 第 314 行.

[ 2018-03-18T11:05:22+08:00 ] ::1 /Public/admin/js/jquery.min.map
INFO: [ app_init ] --START--
INFO: Run Behavior\BuildLiteBehavior [ RunTime:0.000013s ]
INFO: [ app_init ] --END-- [ RunTime:0.000286s ]
ERR: 无法加载模块:Public
NOTIC: [2] include(./Application//Public/exception.tpl): failed to open stream: No such file or directory D:\phpStudy\WWW\slh\ThinkPHP\Library\Think\Think.class.php 第 314 行.
NOTIC: [2] include(): Failed opening './Application//Public/exception.tpl' for inclusion (include_path='.;C:\php\pear') D:\phpStudy\WWW\slh\ThinkPHP\Library\Think\Think.class.php 第 314 行.

[ 2018-03-18T11:05:49+08:00 ] ::1 /Public/admin/js/jquery.min.map
INFO: [ app_init ] --START--
INFO: Run Behavior\BuildLiteBehavior [ RunTime:0.000012s ]
INFO: [ app_init ] --END-- [ RunTime:0.000280s ]
ERR: 无法加载模块:Public
NOTIC: [2] include(./Application//Public/exception.tpl): failed to open stream: No such file or directory D:\phpStudy\WWW\slh\ThinkPHP\Library\Think\Think.class.php 第 314 行.
NOTIC: [2] include(): Failed opening './Application//Public/exception.tpl' for inclusion (include_path='.;C:\php\pear') D:\phpStudy\WWW\slh\ThinkPHP\Library\Think\Think.class.php 第 314 行.

[ 2018-03-18T13:28:08+08:00 ] ::1 /favicon.ico
INFO: [ app_init ] --START--
INFO: Run Behavior\BuildLiteBehavior [ RunTime:0.000033s ]
INFO: [ app_init ] --END-- [ RunTime:0.000785s ]
ERR: 无法加载模块:Favicon
NOTIC: [2] include(./Application//Public/exception.tpl): failed to open stream: No such file or directory D:\phpStudy\WWW\slh\ThinkPHP\Library\Think\Think.class.php 第 314 行.
NOTIC: [2] include(): Failed opening './Application//Public/exception.tpl' for inclusion (include_path='.;C:\php\pear') D:\phpStudy\WWW\slh\ThinkPHP\Library\Think\Think.class.php 第 314 行.

[ 2018-03-18T13:44:53+08:00 ] ::1 /favicon.ico
INFO: [ app_init ] --START--
INFO: Run Behavior\BuildLiteBehavior [ RunTime:0.000015s ]
INFO: [ app_init ] --END-- [ RunTime:0.000534s ]
ERR: 无法加载模块:Favicon
NOTIC: [2] include(./Application//Public/exception.tpl): failed to open stream: No such file or directory D:\phpStudy\WWW\slh\ThinkPHP\Library\Think\Think.class.php 第 314 行.
NOTIC: [2] include(): Failed opening './Application//Public/exception.tpl' for inclusion (include_path='.;C:\php\pear') D:\phpStudy\WWW\slh\ThinkPHP\Library\Think\Think.class.php 第 314 行.

[ 2018-03-18T13:47:57+08:00 ] ::1 /favicon.ico
INFO: [ app_init ] --START--
INFO: Run Behavior\BuildLiteBehavior [ RunTime:0.000018s ]
INFO: [ app_init ] --END-- [ RunTime:0.000436s ]
ERR: 无法加载模块:Favicon
NOTIC: [2] include(./Application//Public/exception.tpl): failed to open stream: No such file or directory D:\phpStudy\WWW\slh\ThinkPHP\Library\Think\Think.class.php 第 314 行.
NOTIC: [2] include(): Failed opening './Application//Public/exception.tpl' for inclusion (include_path='.;C:\php\pear') D:\phpStudy\WWW\slh\ThinkPHP\Library\Think\Think.class.php 第 314 行.

[ 2018-03-18T14:18:08+08:00 ] ::1 /favicon.ico
INFO: [ app_init ] --START--
INFO: Run Behavior\BuildLiteBehavior [ RunTime:0.000091s ]
INFO: [ app_init ] --END-- [ RunTime:0.001449s ]
ERR: 无法加载模块:Favicon
NOTIC: [2] include(./Application//Public/exception.tpl): failed to open stream: No such file or directory D:\phpStudy\WWW\slh\ThinkPHP\Library\Think\Think.class.php 第 314 行.
NOTIC: [2] include(): Failed opening './Application//Public/exception.tpl' for inclusion (include_path='.;C:\php\pear') D:\phpStudy\WWW\slh\ThinkPHP\Library\Think\Think.class.php 第 314 行.

[ 2018-03-18T14:21:43+08:00 ] ::1 /Uploads/20170331/58ddf4166dfbb.jpg
INFO: [ app_init ] --START--
INFO: Run Behavior\BuildLiteBehavior [ RunTime:0.000013s ]
INFO: [ app_init ] --END-- [ RunTime:0.000356s ]
ERR: 无法加载模块:Uploads
NOTIC: [2] include(./Application//Public/exception.tpl): failed to open stream: No such file or directory D:\phpStudy\WWW\slh\ThinkPHP\Library\Think\Think.class.php 第 314 行.
NOTIC: [2] include(): Failed opening './Application//Public/exception.tpl' for inclusion (include_path='.;C:\php\pear') D:\phpStudy\WWW\slh\ThinkPHP\Library\Think\Think.class.php 第 314 行.

[ 2018-03-18T14:30:22+08:00 ] ::1 /favicon.ico
INFO: [ app_init ] --START--
INFO: Run Behavior\BuildLiteBehavior [ RunTime:0.000016s ]
INFO: [ app_init ] --END-- [ RunTime:0.000396s ]
ERR: 无法加载模块:Favicon
NOTIC: [2] include(./Application//Public/exception.tpl): failed to open stream: No such file or directory D:\phpStudy\WWW\slh\ThinkPHP\Library\Think\Think.class.php 第 314 行.
NOTIC: [2] include(): Failed opening './Application//Public/exception.tpl' for inclusion (include_path='.;C:\php\pear') D:\phpStudy\WWW\slh\ThinkPHP\Library\Think\Think.class.php 第 314 行.

[ 2018-03-18T14:37:23+08:00 ] ::1 /Public/admin/js/jquery.min.map
INFO: [ app_init ] --START--
INFO: Run Behavior\BuildLiteBehavior [ RunTime:0.000022s ]
INFO: [ app_init ] --END-- [ RunTime:0.000470s ]
ERR: 无法加载模块:Public
NOTIC: [2] include(./Application//Public/exception.tpl): failed to open stream: No such file or directory D:\phpStudy\WWW\slh\ThinkPHP\Library\Think\Think.class.php 第 314 行.
NOTIC: [2] include(): Failed opening './Application//Public/exception.tpl' for inclusion (include_path='.;C:\php\pear') D:\phpStudy\WWW\slh\ThinkPHP\Library\Think\Think.class.php 第 314 行.

[ 2018-03-18T14:41:15+08:00 ] ::1 /favicon.ico
INFO: [ app_init ] --START--
INFO: Run Behavior\BuildLiteBehavior [ RunTime:0.000023s ]
INFO: [ app_init ] --END-- [ RunTime:0.000444s ]
ERR: 无法加载模块:Favicon
NOTIC: [2] include(./Application//Public/exception.tpl): failed to open stream: No such file or directory D:\phpStudy\WWW\slh\ThinkPHP\Library\Think\Think.class.php 第 314 行.
NOTIC: [2] include(): Failed opening './Application//Public/exception.tpl' for inclusion (include_path='.;C:\php\pear') D:\phpStudy\WWW\slh\ThinkPHP\Library\Think\Think.class.php 第 314 行.

[ 2018-03-18T14:48:46+08:00 ] ::1 /favicon.ico
INFO: [ app_init ] --START--
INFO: Run Behavior\BuildLiteBehavior [ RunTime:0.000016s ]
INFO: [ app_init ] --END-- [ RunTime:0.000375s ]
ERR: 无法加载模块:Favicon
NOTIC: [2] include(./Application//Public/exception.tpl): failed to open stream: No such file or directory D:\phpStudy\WWW\slh\ThinkPHP\Library\Think\Think.class.php 第 314 行.
NOTIC: [2] include(): Failed opening './Application//Public/exception.tpl' for inclusion (include_path='.;C:\php\pear') D:\phpStudy\WWW\slh\ThinkPHP\Library\Think\Think.class.php 第 314 行.

[ 2018-03-18T14:49:01+08:00 ] ::1 /favicon.ico
INFO: [ app_init ] --START--
INFO: Run Behavior\BuildLiteBehavior [ RunTime:0.000014s ]
INFO: [ app_init ] --END-- [ RunTime:0.000285s ]
ERR: 无法加载模块:Favicon
NOTIC: [2] include(./Application//Public/exception.tpl): failed to open stream: No such file or directory D:\phpStudy\WWW\slh\ThinkPHP\Library\Think\Think.class.php 第 314 行.
NOTIC: [2] include(): Failed opening './Application//Public/exception.tpl' for inclusion (include_path='.;C:\php\pear') D:\phpStudy\WWW\slh\ThinkPHP\Library\Think\Think.class.php 第 314 行.

[ 2018-03-18T14:49:37+08:00 ] ::1 /favicon.ico
INFO: [ app_init ] --START--
INFO: Run Behavior\BuildLiteBehavior [ RunTime:0.000011s ]
INFO: [ app_init ] --END-- [ RunTime:0.000272s ]
ERR: 无法加载模块:Favicon
NOTIC: [2] include(./Application//Public/exception.tpl): failed to open stream: No such file or directory D:\phpStudy\WWW\slh\ThinkPHP\Library\Think\Think.class.php 第 314 行.
NOTIC: [2] include(): Failed opening './Application//Public/exception.tpl' for inclusion (include_path='.;C:\php\pear') D:\phpStudy\WWW\slh\ThinkPHP\Library\Think\Think.class.php 第 314 行.

[ 2018-03-18T14:49:48+08:00 ] ::1 /Public/admin/js/jquery.min.map
INFO: [ app_init ] --START--
INFO: Run Behavior\BuildLiteBehavior [ RunTime:0.000020s ]
INFO: [ app_init ] --END-- [ RunTime:0.000424s ]
ERR: 无法加载模块:Public
NOTIC: [2] include(./Application//Public/exception.tpl): failed to open stream: No such file or directory D:\phpStudy\WWW\slh\ThinkPHP\Library\Think\Think.class.php 第 314 行.
NOTIC: [2] include(): Failed opening './Application//Public/exception.tpl' for inclusion (include_path='.;C:\php\pear') D:\phpStudy\WWW\slh\ThinkPHP\Library\Think\Think.class.php 第 314 行.

[ 2018-03-18T14:55:15+08:00 ] ::1 /Public/Images/logo-single.png
INFO: [ app_init ] --START--
INFO: Run Behavior\BuildLiteBehavior [ RunTime:0.000023s ]
INFO: [ app_init ] --END-- [ RunTime:0.000543s ]
ERR: 无法加载模块:Public
NOTIC: [2] include(./Application//Public/exception.tpl): failed to open stream: No such file or directory D:\phpStudy\WWW\slh\ThinkPHP\Library\Think\Think.class.php 第 314 行.
NOTIC: [2] include(): Failed opening './Application//Public/exception.tpl' for inclusion (include_path='.;C:\php\pear') D:\phpStudy\WWW\slh\ThinkPHP\Library\Think\Think.class.php 第 314 行.

[ 2018-03-18T14:55:39+08:00 ] ::1 /Uploads/20170331/58ddf4166dfbb.jpg
INFO: [ app_init ] --START--
INFO: Run Behavior\BuildLiteBehavior [ RunTime:0.000012s ]
INFO: [ app_init ] --END-- [ RunTime:0.000274s ]
ERR: 无法加载模块:Uploads
NOTIC: [2] include(./Application//Public/exception.tpl): failed to open stream: No such file or directory D:\phpStudy\WWW\slh\ThinkPHP\Library\Think\Think.class.php 第 314 行.
NOTIC: [2] include(): Failed opening './Application//Public/exception.tpl' for inclusion (include_path='.;C:\php\pear') D:\phpStudy\WWW\slh\ThinkPHP\Library\Think\Think.class.php 第 314 行.

[ 2018-03-18T14:55:40+08:00 ] ::1 /Uploads/20170331/58ddf4166dfbb.jpg
INFO: [ app_init ] --START--
INFO: Run Behavior\BuildLiteBehavior [ RunTime:0.000011s ]
INFO: [ app_init ] --END-- [ RunTime:0.000265s ]
ERR: 无法加载模块:Uploads
NOTIC: [2] include(./Application//Public/exception.tpl): failed to open stream: No such file or directory D:\phpStudy\WWW\slh\ThinkPHP\Library\Think\Think.class.php 第 314 行.
NOTIC: [2] include(): Failed opening './Application//Public/exception.tpl' for inclusion (include_path='.;C:\php\pear') D:\phpStudy\WWW\slh\ThinkPHP\Library\Think\Think.class.php 第 314 行.

[ 2018-03-18T14:55:46+08:00 ] ::1 /Uploads/20170331/58ddf4166dfbb.jpg
INFO: [ app_init ] --START--
INFO: Run Behavior\BuildLiteBehavior [ RunTime:0.000012s ]
INFO: [ app_init ] --END-- [ RunTime:0.000275s ]
ERR: 无法加载模块:Uploads
NOTIC: [2] include(./Application//Public/exception.tpl): failed to open stream: No such file or directory D:\phpStudy\WWW\slh\ThinkPHP\Library\Think\Think.class.php 第 314 行.
NOTIC: [2] include(): Failed opening './Application//Public/exception.tpl' for inclusion (include_path='.;C:\php\pear') D:\phpStudy\WWW\slh\ThinkPHP\Library\Think\Think.class.php 第 314 行.

[ 2018-03-18T14:56:29+08:00 ] ::1 /Public/admin/js/jquery.min.map
INFO: [ app_init ] --START--
INFO: Run Behavior\BuildLiteBehavior [ RunTime:0.000019s ]
INFO: [ app_init ] --END-- [ RunTime:0.000452s ]
ERR: 无法加载模块:Public
NOTIC: [2] include(./Application//Public/exception.tpl): failed to open stream: No such file or directory D:\phpStudy\WWW\slh\ThinkPHP\Library\Think\Think.class.php 第 314 行.
NOTIC: [2] include(): Failed opening './Application//Public/exception.tpl' for inclusion (include_path='.;C:\php\pear') D:\phpStudy\WWW\slh\ThinkPHP\Library\Think\Think.class.php 第 314 行.

[ 2018-03-18T14:57:11+08:00 ] ::1 /Public/Images/logo-single.png
INFO: [ app_init ] --START--
INFO: Run Behavior\BuildLiteBehavior [ RunTime:0.000023s ]
INFO: [ app_init ] --END-- [ RunTime:0.000435s ]
ERR: 无法加载模块:Public
NOTIC: [2] include(./Application//Public/exception.tpl): failed to open stream: No such file or directory D:\phpStudy\WWW\slh\ThinkPHP\Library\Think\Think.class.php 第 314 行.
NOTIC: [2] include(): Failed opening './Application//Public/exception.tpl' for inclusion (include_path='.;C:\php\pear') D:\phpStudy\WWW\slh\ThinkPHP\Library\Think\Think.class.php 第 314 行.

[ 2018-03-18T14:57:21+08:00 ] ::1 /Deal/main
INFO: [ app_init ] --START--
INFO: Run Behavior\BuildLiteBehavior [ RunTime:0.000012s ]
INFO: [ app_init ] --END-- [ RunTime:0.000276s ]
ERR: 无法加载模块:Deal
NOTIC: [2] include(./Application//Public/exception.tpl): failed to open stream: No such file or directory D:\phpStudy\WWW\slh\ThinkPHP\Library\Think\Think.class.php 第 314 行.
NOTIC: [2] include(): Failed opening './Application//Public/exception.tpl' for inclusion (include_path='.;C:\php\pear') D:\phpStudy\WWW\slh\ThinkPHP\Library\Think\Think.class.php 第 314 行.

[ 2018-03-18T14:57:26+08:00 ] ::1 /Center/register
INFO: [ app_init ] --START--
INFO: Run Behavior\BuildLiteBehavior [ RunTime:0.000012s ]
INFO: [ app_init ] --END-- [ RunTime:0.000297s ]
ERR: 无法加载模块:Center
NOTIC: [2] include(./Application//Public/exception.tpl): failed to open stream: No such file or directory D:\phpStudy\WWW\slh\ThinkPHP\Library\Think\Think.class.php 第 314 行.
NOTIC: [2] include(): Failed opening './Application//Public/exception.tpl' for inclusion (include_path='.;C:\php\pear') D:\phpStudy\WWW\slh\ThinkPHP\Library\Think\Think.class.php 第 314 行.

[ 2018-03-18T14:57:31+08:00 ] ::1 /Product/order
INFO: [ app_init ] --START--
INFO: Run Behavior\BuildLiteBehavior [ RunTime:0.000031s ]
INFO: [ app_init ] --END-- [ RunTime:0.000542s ]
ERR: 无法加载模块:Product
NOTIC: [2] include(./Application//Public/exception.tpl): failed to open stream: No such file or directory D:\phpStudy\WWW\slh\ThinkPHP\Library\Think\Think.class.php 第 314 行.
NOTIC: [2] include(): Failed opening './Application//Public/exception.tpl' for inclusion (include_path='.;C:\php\pear') D:\phpStudy\WWW\slh\ThinkPHP\Library\Think\Think.class.php 第 314 行.

[ 2018-03-18T15:13:40+08:00 ] ::1 /Uploads/20170331/58ddf4166dfbb.jpg
INFO: [ app_init ] --START--
INFO: Run Behavior\BuildLiteBehavior [ RunTime:0.000012s ]
INFO: [ app_init ] --END-- [ RunTime:0.000277s ]
ERR: 无法加载模块:Uploads
NOTIC: [2] include(./Application//Public/exception.tpl): failed to open stream: No such file or directory D:\phpStudy\WWW\slh\ThinkPHP\Library\Think\Think.class.php 第 314 行.
NOTIC: [2] include(): Failed opening './Application//Public/exception.tpl' for inclusion (include_path='.;C:\php\pear') D:\phpStudy\WWW\slh\ThinkPHP\Library\Think\Think.class.php 第 314 行.

[ 2018-03-18T16:13:47+08:00 ] ::1 /favicon.ico
INFO: [ app_init ] --START--
INFO: Run Behavior\BuildLiteBehavior [ RunTime:0.000012s ]
INFO: [ app_init ] --END-- [ RunTime:0.000310s ]
ERR: 无法加载模块:Favicon
NOTIC: [2] include(./Application//Public/exception.tpl): failed to open stream: No such file or directory D:\phpStudy\WWW\slh\ThinkPHP\Library\Think\Think.class.php 第 314 行.
NOTIC: [2] include(): Failed opening './Application//Public/exception.tpl' for inclusion (include_path='.;C:\php\pear') D:\phpStudy\WWW\slh\ThinkPHP\Library\Think\Think.class.php 第 314 行.

[ 2018-03-18T16:18:42+08:00 ] ::1 /Uploads/20170331/58ddf4166dfbb.jpg
INFO: [ app_init ] --START--
INFO: Run Behavior\BuildLiteBehavior [ RunTime:0.000017s ]
INFO: [ app_init ] --END-- [ RunTime:0.000387s ]
ERR: 无法加载模块:Uploads
NOTIC: [2] include(./Application//Public/exception.tpl): failed to open stream: No such file or directory D:\phpStudy\WWW\slh\ThinkPHP\Library\Think\Think.class.php 第 314 行.
NOTIC: [2] include(): Failed opening './Application//Public/exception.tpl' for inclusion (include_path='.;C:\php\pear') D:\phpStudy\WWW\slh\ThinkPHP\Library\Think\Think.class.php 第 314 行.

[ 2018-03-18T16:24:56+08:00 ] ::1 /Uploads/20170331/58ddf4166dfbb.jpg
INFO: [ app_init ] --START--
INFO: Run Behavior\BuildLiteBehavior [ RunTime:0.000020s ]
INFO: [ app_init ] --END-- [ RunTime:0.000528s ]
ERR: 无法加载模块:Uploads
NOTIC: [2] include(./Application//Public/exception.tpl): failed to open stream: No such file or directory D:\phpStudy\WWW\slh\ThinkPHP\Library\Think\Think.class.php 第 314 行.
NOTIC: [2] include(): Failed opening './Application//Public/exception.tpl' for inclusion (include_path='.;C:\php\pear') D:\phpStudy\WWW\slh\ThinkPHP\Library\Think\Think.class.php 第 314 行.

[ 2018-03-18T16:25:42+08:00 ] ::1 /Public/admin/img/loading.gif
INFO: [ app_init ] --START--
INFO: Run Behavior\BuildLiteBehavior [ RunTime:0.000013s ]
INFO: [ app_init ] --END-- [ RunTime:0.000351s ]
ERR: 无法加载模块:Public
NOTIC: [2] include(./Application//Public/exception.tpl): failed to open stream: No such file or directory D:\phpStudy\WWW\slh\ThinkPHP\Library\Think\Think.class.php 第 314 行.
NOTIC: [2] include(): Failed opening './Application//Public/exception.tpl' for inclusion (include_path='.;C:\php\pear') D:\phpStudy\WWW\slh\ThinkPHP\Library\Think\Think.class.php 第 314 行.

[ 2018-03-18T16:33:32+08:00 ] ::1 /Public/css/base.css
INFO: [ app_init ] --START--
INFO: Run Behavior\BuildLiteBehavior [ RunTime:0.000017s ]
INFO: [ app_init ] --END-- [ RunTime:0.000431s ]
ERR: 无法加载模块:Public
NOTIC: [2] include(./Application//Public/exception.tpl): failed to open stream: No such file or directory D:\phpStudy\WWW\slh\ThinkPHP\Library\Think\Think.class.php 第 314 行.
NOTIC: [2] include(): Failed opening './Application//Public/exception.tpl' for inclusion (include_path='.;C:\php\pear') D:\phpStudy\WWW\slh\ThinkPHP\Library\Think\Think.class.php 第 314 行.

[ 2018-03-18T18:13:56+08:00 ] ::1 /Public/admin/js/jquery.min.map
INFO: [ app_init ] --START--
INFO: Run Behavior\BuildLiteBehavior [ RunTime:0.000019s ]
INFO: [ app_init ] --END-- [ RunTime:0.000500s ]
ERR: 无法加载模块:Public
NOTIC: [2] include(./Application//Public/exception.tpl): failed to open stream: No such file or directory D:\phpStudy\WWW\slh\ThinkPHP\Library\Think\Think.class.php 第 314 行.
NOTIC: [2] include(): Failed opening './Application//Public/exception.tpl' for inclusion (include_path='.;C:\php\pear') D:\phpStudy\WWW\slh\ThinkPHP\Library\Think\Think.class.php 第 314 行.

[ 2018-03-18T18:15:03+08:00 ] ::1 /Public/admin/js/jquery.min.map
INFO: [ app_init ] --START--
INFO: Run Behavior\BuildLiteBehavior [ RunTime:0.000019s ]
INFO: [ app_init ] --END-- [ RunTime:0.000430s ]
ERR: 无法加载模块:Public
NOTIC: [2] include(./Application//Public/exception.tpl): failed to open stream: No such file or directory D:\phpStudy\WWW\slh\ThinkPHP\Library\Think\Think.class.php 第 314 行.
NOTIC: [2] include(): Failed opening './Application//Public/exception.tpl' for inclusion (include_path='.;C:\php\pear') D:\phpStudy\WWW\slh\ThinkPHP\Library\Think\Think.class.php 第 314 行.

[ 2018-03-18T18:15:13+08:00 ] ::1 /Public/admin/js/jquery.min.map
INFO: [ app_init ] --START--
INFO: Run Behavior\BuildLiteBehavior [ RunTime:0.000020s ]
INFO: [ app_init ] --END-- [ RunTime:0.000495s ]
ERR: 无法加载模块:Public
NOTIC: [2] include(./Application//Public/exception.tpl): failed to open stream: No such file or directory D:\phpStudy\WWW\slh\ThinkPHP\Library\Think\Think.class.php 第 314 行.
NOTIC: [2] include(): Failed opening './Application//Public/exception.tpl' for inclusion (include_path='.;C:\php\pear') D:\phpStudy\WWW\slh\ThinkPHP\Library\Think\Think.class.php 第 314 行.

[ 2018-03-18T18:29:21+08:00 ] ::1 /Public/admin/js/jquery.min.map
INFO: [ app_init ] --START--
INFO: Run Behavior\BuildLiteBehavior [ RunTime:0.000020s ]
INFO: [ app_init ] --END-- [ RunTime:0.000560s ]
ERR: 无法加载模块:Public
NOTIC: [2] include(./Application//Public/exception.tpl): failed to open stream: No such file or directory D:\phpStudy\WWW\slh\ThinkPHP\Library\Think\Think.class.php 第 314 行.
NOTIC: [2] include(): Failed opening './Application//Public/exception.tpl' for inclusion (include_path='.;C:\php\pear') D:\phpStudy\WWW\slh\ThinkPHP\Library\Think\Think.class.php 第 314 行.

[ 2018-03-18T18:31:47+08:00 ] ::1 /Public/css/base.css
INFO: [ app_init ] --START--
INFO: Run Behavior\BuildLiteBehavior [ RunTime:0.000044s ]
INFO: [ app_init ] --END-- [ RunTime:0.000587s ]
ERR: 无法加载模块:Public
NOTIC: [2] include(./Application//Public/exception.tpl): failed to open stream: No such file or directory D:\phpStudy\WWW\slh\ThinkPHP\Library\Think\Think.class.php 第 314 行.
NOTIC: [2] include(): Failed opening './Application//Public/exception.tpl' for inclusion (include_path='.;C:\php\pear') D:\phpStudy\WWW\slh\ThinkPHP\Library\Think\Think.class.php 第 314 行.

