[ 2018-03-19T08:53:02+08:00 ] ::1 /favicon.ico
INFO: [ app_init ] --START--
INFO: Run Behavior\BuildLiteBehavior [ RunTime:0.000013s ]
INFO: [ app_init ] --END-- [ RunTime:0.000370s ]
ERR: 无法加载模块:Favicon
NOTIC: [2] include(./Application//Public/exception.tpl): failed to open stream: No such file or directory D:\phpStudy\WWW\slh\ThinkPHP\Library\Think\Think.class.php 第 314 行.
NOTIC: [2] include(): Failed opening './Application//Public/exception.tpl' for inclusion (include_path='.;C:\php\pear') D:\phpStudy\WWW\slh\ThinkPHP\Library\Think\Think.class.php 第 314 行.

[ 2018-03-19T08:54:03+08:00 ] ::1 /Public/css/base.css
INFO: [ app_init ] --START--
INFO: Run Behavior\BuildLiteBehavior [ RunTime:0.000019s ]
INFO: [ app_init ] --END-- [ RunTime:0.000374s ]
ERR: 无法加载模块:Public
NOTIC: [2] include(./Application//Public/exception.tpl): failed to open stream: No such file or directory D:\phpStudy\WWW\slh\ThinkPHP\Library\Think\Think.class.php 第 314 行.
NOTIC: [2] include(): Failed opening './Application//Public/exception.tpl' for inclusion (include_path='.;C:\php\pear') D:\phpStudy\WWW\slh\ThinkPHP\Library\Think\Think.class.php 第 314 行.

[ 2018-03-19T08:54:04+08:00 ] ::1 /Public/css/base.css
INFO: [ app_init ] --START--
INFO: Run Behavior\BuildLiteBehavior [ RunTime:0.000012s ]
INFO: [ app_init ] --END-- [ RunTime:0.000298s ]
ERR: 无法加载模块:Public
NOTIC: [2] include(./Application//Public/exception.tpl): failed to open stream: No such file or directory D:\phpStudy\WWW\slh\ThinkPHP\Library\Think\Think.class.php 第 314 行.
NOTIC: [2] include(): Failed opening './Application//Public/exception.tpl' for inclusion (include_path='.;C:\php\pear') D:\phpStudy\WWW\slh\ThinkPHP\Library\Think\Think.class.php 第 314 行.

[ 2018-03-19T09:37:57+08:00 ] ::1 /favicon.ico
INFO: [ app_init ] --START--
INFO: Run Behavior\BuildLiteBehavior [ RunTime:0.000012s ]
INFO: [ app_init ] --END-- [ RunTime:0.000308s ]
ERR: 无法加载模块:Favicon
NOTIC: [2] include(./Application//Public/exception.tpl): failed to open stream: No such file or directory D:\phpStudy\WWW\slh\ThinkPHP\Library\Think\Think.class.php 第 314 行.
NOTIC: [2] include(): Failed opening './Application//Public/exception.tpl' for inclusion (include_path='.;C:\php\pear') D:\phpStudy\WWW\slh\ThinkPHP\Library\Think\Think.class.php 第 314 行.

[ 2018-03-19T09:41:45+08:00 ] ::1 /favicon.ico
INFO: [ app_init ] --START--
INFO: Run Behavior\BuildLiteBehavior [ RunTime:0.000029s ]
INFO: [ app_init ] --END-- [ RunTime:0.000420s ]
ERR: 无法加载模块:Favicon
NOTIC: [2] include(./Application//Public/exception.tpl): failed to open stream: No such file or directory D:\phpStudy\WWW\slh\ThinkPHP\Library\Think\Think.class.php 第 314 行.
NOTIC: [2] include(): Failed opening './Application//Public/exception.tpl' for inclusion (include_path='.;C:\php\pear') D:\phpStudy\WWW\slh\ThinkPHP\Library\Think\Think.class.php 第 314 行.

[ 2018-03-19T09:48:55+08:00 ] ::1 /favicon.ico
INFO: [ app_init ] --START--
INFO: Run Behavior\BuildLiteBehavior [ RunTime:0.000019s ]
INFO: [ app_init ] --END-- [ RunTime:0.000487s ]
ERR: 无法加载模块:Favicon
NOTIC: [2] include(./Application//Public/exception.tpl): failed to open stream: No such file or directory D:\phpStudy\WWW\slh\ThinkPHP\Library\Think\Think.class.php 第 314 行.
NOTIC: [2] include(): Failed opening './Application//Public/exception.tpl' for inclusion (include_path='.;C:\php\pear') D:\phpStudy\WWW\slh\ThinkPHP\Library\Think\Think.class.php 第 314 行.

