[ 2018-03-16T08:39:51+08:00 ] 127.0.0.1 /favicon.ico
INFO: [ app_init ] --START--
INFO: Run Behavior\BuildLiteBehavior [ RunTime:0.000000s ]
INFO: [ app_init ] --END-- [ RunTime:0.000000s ]
ERR: 无法加载模块:Favicon
NOTIC: [2] include(./Application//Public/exception.tpl): failed to open stream: No such file or directory E:\contion\WWW\slh\ThinkPHP\Library\Think\Think.class.php 第 314 行.
NOTIC: [2] include(): Failed opening './Application//Public/exception.tpl' for inclusion (include_path='.;C:\php\pear') E:\contion\WWW\slh\ThinkPHP\Library\Think\Think.class.php 第 314 行.

[ 2018-03-16T08:45:45+08:00 ] 127.0.0.1 /favicon.ico
INFO: [ app_init ] --START--
INFO: Run Behavior\BuildLiteBehavior [ RunTime:0.000000s ]
INFO: [ app_init ] --END-- [ RunTime:0.002000s ]
ERR: 无法加载模块:Favicon
NOTIC: [2] include(./Application//Public/exception.tpl): failed to open stream: No such file or directory E:\contion\WWW\slh\ThinkPHP\Library\Think\Think.class.php 第 314 行.
NOTIC: [2] include(): Failed opening './Application//Public/exception.tpl' for inclusion (include_path='.;C:\php\pear') E:\contion\WWW\slh\ThinkPHP\Library\Think\Think.class.php 第 314 行.

[ 2018-03-16T09:13:16+08:00 ] 127.0.0.1 /favicon.ico
INFO: [ app_init ] --START--
INFO: Run Behavior\BuildLiteBehavior [ RunTime:0.000000s ]
INFO: [ app_init ] --END-- [ RunTime:0.001000s ]
ERR: 无法加载模块:Favicon
NOTIC: [2] include(./Application//Public/exception.tpl): failed to open stream: No such file or directory E:\contion\WWW\slh\ThinkPHP\Library\Think\Think.class.php 第 314 行.
NOTIC: [2] include(): Failed opening './Application//Public/exception.tpl' for inclusion (include_path='.;C:\php\pear') E:\contion\WWW\slh\ThinkPHP\Library\Think\Think.class.php 第 314 行.

[ 2018-03-16T09:13:19+08:00 ] 127.0.0.1 /favicon.ico
INFO: [ app_init ] --START--
INFO: Run Behavior\BuildLiteBehavior [ RunTime:0.000000s ]
INFO: [ app_init ] --END-- [ RunTime:0.000000s ]
ERR: 无法加载模块:Favicon
NOTIC: [2] include(./Application//Public/exception.tpl): failed to open stream: No such file or directory E:\contion\WWW\slh\ThinkPHP\Library\Think\Think.class.php 第 314 行.
NOTIC: [2] include(): Failed opening './Application//Public/exception.tpl' for inclusion (include_path='.;C:\php\pear') E:\contion\WWW\slh\ThinkPHP\Library\Think\Think.class.php 第 314 行.

[ 2018-03-16T16:13:14+08:00 ] 127.0.0.1 /Public/css/base.css
INFO: [ app_init ] --START--
INFO: Run Behavior\BuildLiteBehavior [ RunTime:0.000000s ]
INFO: [ app_init ] --END-- [ RunTime:0.000000s ]
ERR: 无法加载模块:Public
NOTIC: [2] include(./Application//Public/exception.tpl): failed to open stream: No such file or directory E:\contion\WWW\slh\ThinkPHP\Library\Think\Think.class.php 第 314 行.
NOTIC: [2] include(): Failed opening './Application//Public/exception.tpl' for inclusion (include_path='.;C:\php\pear') E:\contion\WWW\slh\ThinkPHP\Library\Think\Think.class.php 第 314 行.

[ 2018-03-16T16:14:12+08:00 ] 127.0.0.1 /Uploads/20180228/5a965da913b17.jpg
INFO: [ app_init ] --START--
INFO: Run Behavior\BuildLiteBehavior [ RunTime:0.000000s ]
INFO: [ app_init ] --END-- [ RunTime:0.001000s ]
ERR: 无法加载模块:Uploads
NOTIC: [2] include(./Application//Public/exception.tpl): failed to open stream: No such file or directory E:\contion\WWW\slh\ThinkPHP\Library\Think\Think.class.php 第 314 行.
NOTIC: [2] include(): Failed opening './Application//Public/exception.tpl' for inclusion (include_path='.;C:\php\pear') E:\contion\WWW\slh\ThinkPHP\Library\Think\Think.class.php 第 314 行.

[ 2018-03-16T16:17:19+08:00 ] 127.0.0.1 /Uploads/20180228/5a965da913b17.jpg
INFO: [ app_init ] --START--
INFO: Run Behavior\BuildLiteBehavior [ RunTime:0.000000s ]
INFO: [ app_init ] --END-- [ RunTime:0.000000s ]
ERR: 无法加载模块:Uploads
NOTIC: [2] include(./Application//Public/exception.tpl): failed to open stream: No such file or directory E:\contion\WWW\slh\ThinkPHP\Library\Think\Think.class.php 第 314 行.
NOTIC: [2] include(): Failed opening './Application//Public/exception.tpl' for inclusion (include_path='.;C:\php\pear') E:\contion\WWW\slh\ThinkPHP\Library\Think\Think.class.php 第 314 行.

[ 2018-03-16T16:20:44+08:00 ] 127.0.0.1 /Uploads/20180228/5a965da913b17.jpg
INFO: [ app_init ] --START--
INFO: Run Behavior\BuildLiteBehavior [ RunTime:0.000000s ]
INFO: [ app_init ] --END-- [ RunTime:0.001000s ]
ERR: 无法加载模块:Uploads
NOTIC: [2] include(./Application//Public/exception.tpl): failed to open stream: No such file or directory E:\contion\WWW\slh\ThinkPHP\Library\Think\Think.class.php 第 314 行.
NOTIC: [2] include(): Failed opening './Application//Public/exception.tpl' for inclusion (include_path='.;C:\php\pear') E:\contion\WWW\slh\ThinkPHP\Library\Think\Think.class.php 第 314 行.

[ 2018-03-16T16:21:42+08:00 ] 127.0.0.1 /Uploads/20180228/5a965da913b17.jpg
INFO: [ app_init ] --START--
INFO: Run Behavior\BuildLiteBehavior [ RunTime:0.000000s ]
INFO: [ app_init ] --END-- [ RunTime:0.001000s ]
ERR: 无法加载模块:Uploads
NOTIC: [2] include(./Application//Public/exception.tpl): failed to open stream: No such file or directory E:\contion\WWW\slh\ThinkPHP\Library\Think\Think.class.php 第 314 行.
NOTIC: [2] include(): Failed opening './Application//Public/exception.tpl' for inclusion (include_path='.;C:\php\pear') E:\contion\WWW\slh\ThinkPHP\Library\Think\Think.class.php 第 314 行.

[ 2018-03-16T16:22:11+08:00 ] 127.0.0.1 /Uploads/20180228/5a965da913b17.jpg
INFO: [ app_init ] --START--
INFO: Run Behavior\BuildLiteBehavior [ RunTime:0.000000s ]
INFO: [ app_init ] --END-- [ RunTime:0.001000s ]
ERR: 无法加载模块:Uploads
NOTIC: [2] include(./Application//Public/exception.tpl): failed to open stream: No such file or directory E:\contion\WWW\slh\ThinkPHP\Library\Think\Think.class.php 第 314 行.
NOTIC: [2] include(): Failed opening './Application//Public/exception.tpl' for inclusion (include_path='.;C:\php\pear') E:\contion\WWW\slh\ThinkPHP\Library\Think\Think.class.php 第 314 行.

[ 2018-03-16T16:22:34+08:00 ] 127.0.0.1 /Uploads/20180228/5a965da913b17.jpg
INFO: [ app_init ] --START--
INFO: Run Behavior\BuildLiteBehavior [ RunTime:0.000000s ]
INFO: [ app_init ] --END-- [ RunTime:0.000000s ]
ERR: 无法加载模块:Uploads
NOTIC: [2] include(./Application//Public/exception.tpl): failed to open stream: No such file or directory E:\contion\WWW\slh\ThinkPHP\Library\Think\Think.class.php 第 314 行.
NOTIC: [2] include(): Failed opening './Application//Public/exception.tpl' for inclusion (include_path='.;C:\php\pear') E:\contion\WWW\slh\ThinkPHP\Library\Think\Think.class.php 第 314 行.

[ 2018-03-16T16:23:07+08:00 ] 127.0.0.1 /Uploads/20180228/5a965da913b17.jpg
INFO: [ app_init ] --START--
INFO: Run Behavior\BuildLiteBehavior [ RunTime:0.000000s ]
INFO: [ app_init ] --END-- [ RunTime:0.001000s ]
ERR: 无法加载模块:Uploads
NOTIC: [2] include(./Application//Public/exception.tpl): failed to open stream: No such file or directory E:\contion\WWW\slh\ThinkPHP\Library\Think\Think.class.php 第 314 行.
NOTIC: [2] include(): Failed opening './Application//Public/exception.tpl' for inclusion (include_path='.;C:\php\pear') E:\contion\WWW\slh\ThinkPHP\Library\Think\Think.class.php 第 314 行.

[ 2018-03-16T16:23:09+08:00 ] 127.0.0.1 /Uploads/20180228/5a965da913b17.jpg
INFO: [ app_init ] --START--
INFO: Run Behavior\BuildLiteBehavior [ RunTime:0.000000s ]
INFO: [ app_init ] --END-- [ RunTime:0.000000s ]
ERR: 无法加载模块:Uploads
NOTIC: [2] include(./Application//Public/exception.tpl): failed to open stream: No such file or directory E:\contion\WWW\slh\ThinkPHP\Library\Think\Think.class.php 第 314 行.
NOTIC: [2] include(): Failed opening './Application//Public/exception.tpl' for inclusion (include_path='.;C:\php\pear') E:\contion\WWW\slh\ThinkPHP\Library\Think\Think.class.php 第 314 行.

[ 2018-03-16T16:23:28+08:00 ] 127.0.0.1 /Uploads/20180228/5a965da913b17.jpg
INFO: [ app_init ] --START--
INFO: Run Behavior\BuildLiteBehavior [ RunTime:0.000000s ]
INFO: [ app_init ] --END-- [ RunTime:0.001000s ]
ERR: 无法加载模块:Uploads
NOTIC: [2] include(./Application//Public/exception.tpl): failed to open stream: No such file or directory E:\contion\WWW\slh\ThinkPHP\Library\Think\Think.class.php 第 314 行.
NOTIC: [2] include(): Failed opening './Application//Public/exception.tpl' for inclusion (include_path='.;C:\php\pear') E:\contion\WWW\slh\ThinkPHP\Library\Think\Think.class.php 第 314 行.

[ 2018-03-16T16:29:26+08:00 ] 127.0.0.1 /Uploads/20180228/5a965da913b17.jpg
INFO: [ app_init ] --START--
INFO: Run Behavior\BuildLiteBehavior [ RunTime:0.000000s ]
INFO: [ app_init ] --END-- [ RunTime:0.000000s ]
ERR: 无法加载模块:Uploads
NOTIC: [2] include(./Application//Public/exception.tpl): failed to open stream: No such file or directory E:\contion\WWW\slh\ThinkPHP\Library\Think\Think.class.php 第 314 行.
NOTIC: [2] include(): Failed opening './Application//Public/exception.tpl' for inclusion (include_path='.;C:\php\pear') E:\contion\WWW\slh\ThinkPHP\Library\Think\Think.class.php 第 314 行.

[ 2018-03-16T16:29:46+08:00 ] 127.0.0.1 /Uploads/20180228/5a965da913b17.jpg
INFO: [ app_init ] --START--
INFO: Run Behavior\BuildLiteBehavior [ RunTime:0.000000s ]
INFO: [ app_init ] --END-- [ RunTime:0.001000s ]
ERR: 无法加载模块:Uploads
NOTIC: [2] include(./Application//Public/exception.tpl): failed to open stream: No such file or directory E:\contion\WWW\slh\ThinkPHP\Library\Think\Think.class.php 第 314 行.
NOTIC: [2] include(): Failed opening './Application//Public/exception.tpl' for inclusion (include_path='.;C:\php\pear') E:\contion\WWW\slh\ThinkPHP\Library\Think\Think.class.php 第 314 行.

[ 2018-03-16T16:29:58+08:00 ] 127.0.0.1 /Uploads/20180228/5a965da913b17.jpg
INFO: [ app_init ] --START--
INFO: Run Behavior\BuildLiteBehavior [ RunTime:0.000000s ]
INFO: [ app_init ] --END-- [ RunTime:0.001001s ]
ERR: 无法加载模块:Uploads
NOTIC: [2] include(./Application//Public/exception.tpl): failed to open stream: No such file or directory E:\contion\WWW\slh\ThinkPHP\Library\Think\Think.class.php 第 314 行.
NOTIC: [2] include(): Failed opening './Application//Public/exception.tpl' for inclusion (include_path='.;C:\php\pear') E:\contion\WWW\slh\ThinkPHP\Library\Think\Think.class.php 第 314 行.

[ 2018-03-16T16:30:11+08:00 ] 127.0.0.1 /Uploads/20180228/5a965da913b17.jpg
INFO: [ app_init ] --START--
INFO: Run Behavior\BuildLiteBehavior [ RunTime:0.000000s ]
INFO: [ app_init ] --END-- [ RunTime:0.002000s ]
ERR: 无法加载模块:Uploads
NOTIC: [2] include(./Application//Public/exception.tpl): failed to open stream: No such file or directory E:\contion\WWW\slh\ThinkPHP\Library\Think\Think.class.php 第 314 行.
NOTIC: [2] include(): Failed opening './Application//Public/exception.tpl' for inclusion (include_path='.;C:\php\pear') E:\contion\WWW\slh\ThinkPHP\Library\Think\Think.class.php 第 314 行.

[ 2018-03-16T16:31:53+08:00 ] 127.0.0.1 /Uploads/20180228/5a965da913b17.jpg
INFO: [ app_init ] --START--
INFO: Run Behavior\BuildLiteBehavior [ RunTime:0.000000s ]
INFO: [ app_init ] --END-- [ RunTime:0.000000s ]
ERR: 无法加载模块:Uploads
NOTIC: [2] include(./Application//Public/exception.tpl): failed to open stream: No such file or directory E:\contion\WWW\slh\ThinkPHP\Library\Think\Think.class.php 第 314 行.
NOTIC: [2] include(): Failed opening './Application//Public/exception.tpl' for inclusion (include_path='.;C:\php\pear') E:\contion\WWW\slh\ThinkPHP\Library\Think\Think.class.php 第 314 行.

[ 2018-03-16T16:32:29+08:00 ] 127.0.0.1 /Uploads/20180228/5a965da913b17.jpg
INFO: [ app_init ] --START--
INFO: Run Behavior\BuildLiteBehavior [ RunTime:0.000000s ]
INFO: [ app_init ] --END-- [ RunTime:0.001000s ]
ERR: 无法加载模块:Uploads
NOTIC: [2] include(./Application//Public/exception.tpl): failed to open stream: No such file or directory E:\contion\WWW\slh\ThinkPHP\Library\Think\Think.class.php 第 314 行.
NOTIC: [2] include(): Failed opening './Application//Public/exception.tpl' for inclusion (include_path='.;C:\php\pear') E:\contion\WWW\slh\ThinkPHP\Library\Think\Think.class.php 第 314 行.

[ 2018-03-16T16:32:37+08:00 ] 127.0.0.1 /Uploads/20180228/5a965da913b17.jpg
INFO: [ app_init ] --START--
INFO: Run Behavior\BuildLiteBehavior [ RunTime:0.000000s ]
INFO: [ app_init ] --END-- [ RunTime:0.001000s ]
ERR: 无法加载模块:Uploads
NOTIC: [2] include(./Application//Public/exception.tpl): failed to open stream: No such file or directory E:\contion\WWW\slh\ThinkPHP\Library\Think\Think.class.php 第 314 行.
NOTIC: [2] include(): Failed opening './Application//Public/exception.tpl' for inclusion (include_path='.;C:\php\pear') E:\contion\WWW\slh\ThinkPHP\Library\Think\Think.class.php 第 314 行.

