[ 2018-03-13T20:27:27+08:00 ] ::1 /slh/index.php
INFO: [ app_init ] --START--
INFO: Run Behavior\BuildLiteBehavior [ RunTime:0.000014s ]
INFO: [ app_init ] --END-- [ RunTime:0.000530s ]
ERR: 无法加载模块:Slh
NOTIC: [2] include(./Application//Public/exception.tpl): failed to open stream: No such file or directory D:\phpStudy\WWW\slh\ThinkPHP\Library\Think\Think.class.php 第 314 行.
NOTIC: [2] include(): Failed opening './Application//Public/exception.tpl' for inclusion (include_path='.;C:\php\pear') D:\phpStudy\WWW\slh\ThinkPHP\Library\Think\Think.class.php 第 314 行.

[ 2018-03-13T20:28:09+08:00 ] ::1 /Public/admin/js/jquery.min.map
INFO: [ app_init ] --START--
INFO: Run Behavior\BuildLiteBehavior [ RunTime:0.000025s ]
INFO: [ app_init ] --END-- [ RunTime:0.000859s ]
ERR: 无法加载模块:Public
NOTIC: [2] include(./Application//Public/exception.tpl): failed to open stream: No such file or directory D:\phpStudy\WWW\slh\ThinkPHP\Library\Think\Think.class.php 第 314 行.
NOTIC: [2] include(): Failed opening './Application//Public/exception.tpl' for inclusion (include_path='.;C:\php\pear') D:\phpStudy\WWW\slh\ThinkPHP\Library\Think\Think.class.php 第 314 行.

[ 2018-03-13T20:28:32+08:00 ] ::1 /Public/admin/js/jquery.min.map
INFO: [ app_init ] --START--
INFO: Run Behavior\BuildLiteBehavior [ RunTime:0.000039s ]
INFO: [ app_init ] --END-- [ RunTime:0.000880s ]
ERR: 无法加载模块:Public
NOTIC: [2] include(./Application//Public/exception.tpl): failed to open stream: No such file or directory D:\phpStudy\WWW\slh\ThinkPHP\Library\Think\Think.class.php 第 314 行.
NOTIC: [2] include(): Failed opening './Application//Public/exception.tpl' for inclusion (include_path='.;C:\php\pear') D:\phpStudy\WWW\slh\ThinkPHP\Library\Think\Think.class.php 第 314 行.

[ 2018-03-13T20:33:27+08:00 ] ::1 /Public/admin/js/jquery.min.map
INFO: [ app_init ] --START--
INFO: Run Behavior\BuildLiteBehavior [ RunTime:0.000019s ]
INFO: [ app_init ] --END-- [ RunTime:0.000768s ]
ERR: 无法加载模块:Public
NOTIC: [2] include(./Application//Public/exception.tpl): failed to open stream: No such file or directory D:\phpStudy\WWW\slh\ThinkPHP\Library\Think\Think.class.php 第 314 行.
NOTIC: [2] include(): Failed opening './Application//Public/exception.tpl' for inclusion (include_path='.;C:\php\pear') D:\phpStudy\WWW\slh\ThinkPHP\Library\Think\Think.class.php 第 314 行.

[ 2018-03-13T20:37:50+08:00 ] ::1 /favicon.ico
INFO: [ app_init ] --START--
INFO: Run Behavior\BuildLiteBehavior [ RunTime:0.000018s ]
INFO: [ app_init ] --END-- [ RunTime:0.000547s ]
ERR: 无法加载模块:Favicon
NOTIC: [2] include(./Application//Public/exception.tpl): failed to open stream: No such file or directory D:\phpStudy\WWW\slh\ThinkPHP\Library\Think\Think.class.php 第 314 行.
NOTIC: [2] include(): Failed opening './Application//Public/exception.tpl' for inclusion (include_path='.;C:\php\pear') D:\phpStudy\WWW\slh\ThinkPHP\Library\Think\Think.class.php 第 314 行.

[ 2018-03-13T20:42:32+08:00 ] ::1 /Public/admin/js/jquery.min.map
INFO: [ app_init ] --START--
INFO: Run Behavior\BuildLiteBehavior [ RunTime:0.000017s ]
INFO: [ app_init ] --END-- [ RunTime:0.000544s ]
ERR: 无法加载模块:Public
NOTIC: [2] include(./Application//Public/exception.tpl): failed to open stream: No such file or directory D:\phpStudy\WWW\slh\ThinkPHP\Library\Think\Think.class.php 第 314 行.
NOTIC: [2] include(): Failed opening './Application//Public/exception.tpl' for inclusion (include_path='.;C:\php\pear') D:\phpStudy\WWW\slh\ThinkPHP\Library\Think\Think.class.php 第 314 行.

[ 2018-03-13T20:43:09+08:00 ] ::1 /Public/admin/js/jquery.min.map
INFO: [ app_init ] --START--
INFO: Run Behavior\BuildLiteBehavior [ RunTime:0.000011s ]
INFO: [ app_init ] --END-- [ RunTime:0.000349s ]
ERR: 无法加载模块:Public
NOTIC: [2] include(./Application//Public/exception.tpl): failed to open stream: No such file or directory D:\phpStudy\WWW\slh\ThinkPHP\Library\Think\Think.class.php 第 314 行.
NOTIC: [2] include(): Failed opening './Application//Public/exception.tpl' for inclusion (include_path='.;C:\php\pear') D:\phpStudy\WWW\slh\ThinkPHP\Library\Think\Think.class.php 第 314 行.

[ 2018-03-13T20:46:50+08:00 ] ::1 /Public/admin/js/jquery.min.map
INFO: [ app_init ] --START--
INFO: Run Behavior\BuildLiteBehavior [ RunTime:0.000047s ]
INFO: [ app_init ] --END-- [ RunTime:0.001197s ]
ERR: 无法加载模块:Public
NOTIC: [2] include(./Application//Public/exception.tpl): failed to open stream: No such file or directory D:\phpStudy\WWW\slh\ThinkPHP\Library\Think\Think.class.php 第 314 行.
NOTIC: [2] include(): Failed opening './Application//Public/exception.tpl' for inclusion (include_path='.;C:\php\pear') D:\phpStudy\WWW\slh\ThinkPHP\Library\Think\Think.class.php 第 314 行.

[ 2018-03-13T20:48:17+08:00 ] ::1 /Public/admin/js/jquery.min.map
INFO: [ app_init ] --START--
INFO: Run Behavior\BuildLiteBehavior [ RunTime:0.000024s ]
INFO: [ app_init ] --END-- [ RunTime:0.000871s ]
ERR: 无法加载模块:Public
NOTIC: [2] include(./Application//Public/exception.tpl): failed to open stream: No such file or directory D:\phpStudy\WWW\slh\ThinkPHP\Library\Think\Think.class.php 第 314 行.
NOTIC: [2] include(): Failed opening './Application//Public/exception.tpl' for inclusion (include_path='.;C:\php\pear') D:\phpStudy\WWW\slh\ThinkPHP\Library\Think\Think.class.php 第 314 行.

[ 2018-03-13T20:54:53+08:00 ] ::1 /Uploads/20170331/58ddf4166dfbb.jpg
INFO: [ app_init ] --START--
INFO: Run Behavior\BuildLiteBehavior [ RunTime:0.000039s ]
INFO: [ app_init ] --END-- [ RunTime:0.001295s ]
ERR: 无法加载模块:Uploads
NOTIC: [2] include(./Application//Public/exception.tpl): failed to open stream: No such file or directory D:\phpStudy\WWW\slh\ThinkPHP\Library\Think\Think.class.php 第 314 行.
NOTIC: [2] include(): Failed opening './Application//Public/exception.tpl' for inclusion (include_path='.;C:\php\pear') D:\phpStudy\WWW\slh\ThinkPHP\Library\Think\Think.class.php 第 314 行.

[ 2018-03-13T20:55:03+08:00 ] ::1 /Uploads/20180228/5a96478f106b5.jpg
INFO: [ app_init ] --START--
INFO: Run Behavior\BuildLiteBehavior [ RunTime:0.000017s ]
INFO: [ app_init ] --END-- [ RunTime:0.000685s ]
ERR: 无法加载模块:Uploads
NOTIC: [2] include(./Application//Public/exception.tpl): failed to open stream: No such file or directory D:\phpStudy\WWW\slh\ThinkPHP\Library\Think\Think.class.php 第 314 行.
NOTIC: [2] include(): Failed opening './Application//Public/exception.tpl' for inclusion (include_path='.;C:\php\pear') D:\phpStudy\WWW\slh\ThinkPHP\Library\Think\Think.class.php 第 314 行.

[ 2018-03-13T20:55:03+08:00 ] ::1 /Uploads/20180228/5a965da913b17.jpg
INFO: [ app_init ] --START--
INFO: Run Behavior\BuildLiteBehavior [ RunTime:0.000017s ]
INFO: [ app_init ] --END-- [ RunTime:0.000633s ]
ERR: 无法加载模块:Uploads
NOTIC: [2] include(./Application//Public/exception.tpl): failed to open stream: No such file or directory D:\phpStudy\WWW\slh\ThinkPHP\Library\Think\Think.class.php 第 314 行.
NOTIC: [2] include(): Failed opening './Application//Public/exception.tpl' for inclusion (include_path='.;C:\php\pear') D:\phpStudy\WWW\slh\ThinkPHP\Library\Think\Think.class.php 第 314 行.

[ 2018-03-13T20:56:48+08:00 ] ::1 /index
INFO: [ app_init ] --START--
INFO: Run Behavior\BuildLiteBehavior [ RunTime:0.000020s ]
INFO: [ app_init ] --END-- [ RunTime:0.000526s ]
ERR: 无法加载模块:Index
NOTIC: [2] include(./Application//Public/exception.tpl): failed to open stream: No such file or directory D:\phpStudy\WWW\slh\ThinkPHP\Library\Think\Think.class.php 第 314 行.
NOTIC: [2] include(): Failed opening './Application//Public/exception.tpl' for inclusion (include_path='.;C:\php\pear') D:\phpStudy\WWW\slh\ThinkPHP\Library\Think\Think.class.php 第 314 行.

[ 2018-03-13T21:01:05+08:00 ] ::1 /Uploads/20180228/5a96478f106b5.jpg
INFO: [ app_init ] --START--
INFO: Run Behavior\BuildLiteBehavior [ RunTime:0.000041s ]
INFO: [ app_init ] --END-- [ RunTime:0.000799s ]
ERR: 无法加载模块:Uploads
NOTIC: [2] include(./Application//Public/exception.tpl): failed to open stream: No such file or directory D:\phpStudy\WWW\slh\ThinkPHP\Library\Think\Think.class.php 第 314 行.
NOTIC: [2] include(): Failed opening './Application//Public/exception.tpl' for inclusion (include_path='.;C:\php\pear') D:\phpStudy\WWW\slh\ThinkPHP\Library\Think\Think.class.php 第 314 行.

[ 2018-03-13T21:01:05+08:00 ] ::1 /Uploads/20180228/5a965da913b17.jpg
INFO: [ app_init ] --START--
INFO: Run Behavior\BuildLiteBehavior [ RunTime:0.000020s ]
INFO: [ app_init ] --END-- [ RunTime:0.000692s ]
ERR: 无法加载模块:Uploads
NOTIC: [2] include(./Application//Public/exception.tpl): failed to open stream: No such file or directory D:\phpStudy\WWW\slh\ThinkPHP\Library\Think\Think.class.php 第 314 行.
NOTIC: [2] include(): Failed opening './Application//Public/exception.tpl' for inclusion (include_path='.;C:\php\pear') D:\phpStudy\WWW\slh\ThinkPHP\Library\Think\Think.class.php 第 314 行.

[ 2018-03-13T21:07:04+08:00 ] ::1 /Uploads/20180228/5a96478f106b5.jpg
INFO: [ app_init ] --START--
INFO: Run Behavior\BuildLiteBehavior [ RunTime:0.000028s ]
INFO: [ app_init ] --END-- [ RunTime:0.001262s ]
ERR: 无法加载模块:Uploads
NOTIC: [2] include(./Application//Public/exception.tpl): failed to open stream: No such file or directory D:\phpStudy\WWW\slh\ThinkPHP\Library\Think\Think.class.php 第 314 行.
NOTIC: [2] include(): Failed opening './Application//Public/exception.tpl' for inclusion (include_path='.;C:\php\pear') D:\phpStudy\WWW\slh\ThinkPHP\Library\Think\Think.class.php 第 314 行.

[ 2018-03-13T21:07:04+08:00 ] ::1 /Uploads/20180228/5a965da913b17.jpg
INFO: [ app_init ] --START--
INFO: Run Behavior\BuildLiteBehavior [ RunTime:0.000017s ]
INFO: [ app_init ] --END-- [ RunTime:0.001035s ]
ERR: 无法加载模块:Uploads
NOTIC: [2] include(./Application//Public/exception.tpl): failed to open stream: No such file or directory D:\phpStudy\WWW\slh\ThinkPHP\Library\Think\Think.class.php 第 314 行.
NOTIC: [2] include(): Failed opening './Application//Public/exception.tpl' for inclusion (include_path='.;C:\php\pear') D:\phpStudy\WWW\slh\ThinkPHP\Library\Think\Think.class.php 第 314 行.

[ 2018-03-13T21:07:07+08:00 ] ::1 /Uploads/20180228/5a96478f106b5.jpg
INFO: [ app_init ] --START--
INFO: Run Behavior\BuildLiteBehavior [ RunTime:0.000028s ]
INFO: [ app_init ] --END-- [ RunTime:0.001000s ]
ERR: 无法加载模块:Uploads
NOTIC: [2] include(./Application//Public/exception.tpl): failed to open stream: No such file or directory D:\phpStudy\WWW\slh\ThinkPHP\Library\Think\Think.class.php 第 314 行.
NOTIC: [2] include(): Failed opening './Application//Public/exception.tpl' for inclusion (include_path='.;C:\php\pear') D:\phpStudy\WWW\slh\ThinkPHP\Library\Think\Think.class.php 第 314 行.

[ 2018-03-13T21:07:07+08:00 ] ::1 /Uploads/20180228/5a965da913b17.jpg
INFO: [ app_init ] --START--
INFO: Run Behavior\BuildLiteBehavior [ RunTime:0.000024s ]
INFO: [ app_init ] --END-- [ RunTime:0.001804s ]
ERR: 无法加载模块:Uploads
NOTIC: [2] include(./Application//Public/exception.tpl): failed to open stream: No such file or directory D:\phpStudy\WWW\slh\ThinkPHP\Library\Think\Think.class.php 第 314 行.
NOTIC: [2] include(): Failed opening './Application//Public/exception.tpl' for inclusion (include_path='.;C:\php\pear') D:\phpStudy\WWW\slh\ThinkPHP\Library\Think\Think.class.php 第 314 行.

[ 2018-03-13T21:09:33+08:00 ] ::1 /Uploads/20170331/58ddf4166dfbb.jpg
INFO: [ app_init ] --START--
INFO: Run Behavior\BuildLiteBehavior [ RunTime:0.000017s ]
INFO: [ app_init ] --END-- [ RunTime:0.000493s ]
ERR: 无法加载模块:Uploads
NOTIC: [2] include(./Application//Public/exception.tpl): failed to open stream: No such file or directory D:\phpStudy\WWW\slh\ThinkPHP\Library\Think\Think.class.php 第 314 行.
NOTIC: [2] include(): Failed opening './Application//Public/exception.tpl' for inclusion (include_path='.;C:\php\pear') D:\phpStudy\WWW\slh\ThinkPHP\Library\Think\Think.class.php 第 314 行.

[ 2018-03-13T21:09:39+08:00 ] ::1 /Uploads/20180228/5a96478f106b5.jpg
INFO: [ app_init ] --START--
INFO: Run Behavior\BuildLiteBehavior [ RunTime:0.000024s ]
INFO: [ app_init ] --END-- [ RunTime:0.000651s ]
ERR: 无法加载模块:Uploads
NOTIC: [2] include(./Application//Public/exception.tpl): failed to open stream: No such file or directory D:\phpStudy\WWW\slh\ThinkPHP\Library\Think\Think.class.php 第 314 行.
NOTIC: [2] include(): Failed opening './Application//Public/exception.tpl' for inclusion (include_path='.;C:\php\pear') D:\phpStudy\WWW\slh\ThinkPHP\Library\Think\Think.class.php 第 314 行.

[ 2018-03-13T21:09:39+08:00 ] ::1 /Uploads/20180228/5a965da913b17.jpg
INFO: [ app_init ] --START--
INFO: Run Behavior\BuildLiteBehavior [ RunTime:0.000015s ]
INFO: [ app_init ] --END-- [ RunTime:0.000491s ]
ERR: 无法加载模块:Uploads
NOTIC: [2] include(./Application//Public/exception.tpl): failed to open stream: No such file or directory D:\phpStudy\WWW\slh\ThinkPHP\Library\Think\Think.class.php 第 314 行.
NOTIC: [2] include(): Failed opening './Application//Public/exception.tpl' for inclusion (include_path='.;C:\php\pear') D:\phpStudy\WWW\slh\ThinkPHP\Library\Think\Think.class.php 第 314 行.

