[ 2018-03-20T08:56:53+08:00 ] ::1 /favicon.ico
INFO: [ app_init ] --START--
INFO: Run Behavior\BuildLiteBehavior [ RunTime:0.000021s ]
INFO: [ app_init ] --END-- [ RunTime:0.000497s ]
ERR: 无法加载模块:Favicon
NOTIC: [2] include(./Application//Public/exception.tpl): failed to open stream: No such file or directory D:\phpStudy\WWW\slh\ThinkPHP\Library\Think\Think.class.php 第 314 行.
NOTIC: [2] include(): Failed opening './Application//Public/exception.tpl' for inclusion (include_path='.;C:\php\pear') D:\phpStudy\WWW\slh\ThinkPHP\Library\Think\Think.class.php 第 314 行.

[ 2018-03-20T11:12:13+08:00 ] ::1 /favicon.ico
INFO: [ app_init ] --START--
INFO: Run Behavior\BuildLiteBehavior [ RunTime:0.000021s ]
INFO: [ app_init ] --END-- [ RunTime:0.000541s ]
ERR: 无法加载模块:Favicon
NOTIC: [2] include(./Application//Public/exception.tpl): failed to open stream: No such file or directory D:\phpStudy\WWW\slh\ThinkPHP\Library\Think\Think.class.php 第 314 行.
NOTIC: [2] include(): Failed opening './Application//Public/exception.tpl' for inclusion (include_path='.;C:\php\pear') D:\phpStudy\WWW\slh\ThinkPHP\Library\Think\Think.class.php 第 314 行.

[ 2018-03-20T11:12:39+08:00 ] ::1 /Uploads/20170331/58ddf4166dfbb.jpg
INFO: [ app_init ] --START--
INFO: Run Behavior\BuildLiteBehavior [ RunTime:0.000019s ]
INFO: [ app_init ] --END-- [ RunTime:0.000414s ]
ERR: 无法加载模块:Uploads
NOTIC: [2] include(./Application//Public/exception.tpl): failed to open stream: No such file or directory D:\phpStudy\WWW\slh\ThinkPHP\Library\Think\Think.class.php 第 314 行.
NOTIC: [2] include(): Failed opening './Application//Public/exception.tpl' for inclusion (include_path='.;C:\php\pear') D:\phpStudy\WWW\slh\ThinkPHP\Library\Think\Think.class.php 第 314 行.

[ 2018-03-20T11:20:26+08:00 ] ::1 /Uploads/20170331/58ddf4166dfbb.jpg
INFO: [ app_init ] --START--
INFO: Run Behavior\BuildLiteBehavior [ RunTime:0.000013s ]
INFO: [ app_init ] --END-- [ RunTime:0.000329s ]
ERR: 无法加载模块:Uploads
NOTIC: [2] include(./Application//Public/exception.tpl): failed to open stream: No such file or directory D:\phpStudy\WWW\slh\ThinkPHP\Library\Think\Think.class.php 第 314 行.
NOTIC: [2] include(): Failed opening './Application//Public/exception.tpl' for inclusion (include_path='.;C:\php\pear') D:\phpStudy\WWW\slh\ThinkPHP\Library\Think\Think.class.php 第 314 行.

[ 2018-03-20T11:21:16+08:00 ] ::1 /Public/admin/img/loading.gif
INFO: [ app_init ] --START--
INFO: Run Behavior\BuildLiteBehavior [ RunTime:0.000013s ]
INFO: [ app_init ] --END-- [ RunTime:0.000352s ]
ERR: 无法加载模块:Public
NOTIC: [2] include(./Application//Public/exception.tpl): failed to open stream: No such file or directory D:\phpStudy\WWW\slh\ThinkPHP\Library\Think\Think.class.php 第 314 行.
NOTIC: [2] include(): Failed opening './Application//Public/exception.tpl' for inclusion (include_path='.;C:\php\pear') D:\phpStudy\WWW\slh\ThinkPHP\Library\Think\Think.class.php 第 314 行.

[ 2018-03-20T11:21:22+08:00 ] ::1 /Uploads/20170331/58ddf4166dfbb.jpg
INFO: [ app_init ] --START--
INFO: Run Behavior\BuildLiteBehavior [ RunTime:0.000016s ]
INFO: [ app_init ] --END-- [ RunTime:0.000351s ]
ERR: 无法加载模块:Uploads
NOTIC: [2] include(./Application//Public/exception.tpl): failed to open stream: No such file or directory D:\phpStudy\WWW\slh\ThinkPHP\Library\Think\Think.class.php 第 314 行.
NOTIC: [2] include(): Failed opening './Application//Public/exception.tpl' for inclusion (include_path='.;C:\php\pear') D:\phpStudy\WWW\slh\ThinkPHP\Library\Think\Think.class.php 第 314 行.

[ 2018-03-20T11:22:30+08:00 ] ::1 /Public/admin/img/loading.gif
INFO: [ app_init ] --START--
INFO: Run Behavior\BuildLiteBehavior [ RunTime:0.000017s ]
INFO: [ app_init ] --END-- [ RunTime:0.000503s ]
ERR: 无法加载模块:Public
NOTIC: [2] include(./Application//Public/exception.tpl): failed to open stream: No such file or directory D:\phpStudy\WWW\slh\ThinkPHP\Library\Think\Think.class.php 第 314 行.
NOTIC: [2] include(): Failed opening './Application//Public/exception.tpl' for inclusion (include_path='.;C:\php\pear') D:\phpStudy\WWW\slh\ThinkPHP\Library\Think\Think.class.php 第 314 行.

[ 2018-03-20T11:22:35+08:00 ] ::1 /Uploads/20170331/58ddf4166dfbb.jpg
INFO: [ app_init ] --START--
INFO: Run Behavior\BuildLiteBehavior [ RunTime:0.000032s ]
INFO: [ app_init ] --END-- [ RunTime:0.000767s ]
ERR: 无法加载模块:Uploads
NOTIC: [2] include(./Application//Public/exception.tpl): failed to open stream: No such file or directory D:\phpStudy\WWW\slh\ThinkPHP\Library\Think\Think.class.php 第 314 行.
NOTIC: [2] include(): Failed opening './Application//Public/exception.tpl' for inclusion (include_path='.;C:\php\pear') D:\phpStudy\WWW\slh\ThinkPHP\Library\Think\Think.class.php 第 314 行.

[ 2018-03-20T11:24:19+08:00 ] ::1 /favicon.ico
INFO: [ app_init ] --START--
INFO: Run Behavior\BuildLiteBehavior [ RunTime:0.000020s ]
INFO: [ app_init ] --END-- [ RunTime:0.000546s ]
ERR: 无法加载模块:Favicon
NOTIC: [2] include(./Application//Public/exception.tpl): failed to open stream: No such file or directory D:\phpStudy\WWW\slh\ThinkPHP\Library\Think\Think.class.php 第 314 行.
NOTIC: [2] include(): Failed opening './Application//Public/exception.tpl' for inclusion (include_path='.;C:\php\pear') D:\phpStudy\WWW\slh\ThinkPHP\Library\Think\Think.class.php 第 314 行.

[ 2018-03-20T11:24:56+08:00 ] ::1 /Public/admin/img/loading.gif
INFO: [ app_init ] --START--
INFO: Run Behavior\BuildLiteBehavior [ RunTime:0.000025s ]
INFO: [ app_init ] --END-- [ RunTime:0.000726s ]
ERR: 无法加载模块:Public
NOTIC: [2] include(./Application//Public/exception.tpl): failed to open stream: No such file or directory D:\phpStudy\WWW\slh\ThinkPHP\Library\Think\Think.class.php 第 314 行.
NOTIC: [2] include(): Failed opening './Application//Public/exception.tpl' for inclusion (include_path='.;C:\php\pear') D:\phpStudy\WWW\slh\ThinkPHP\Library\Think\Think.class.php 第 314 行.

[ 2018-03-20T11:25:12+08:00 ] ::1 /favicon.ico
INFO: [ app_init ] --START--
INFO: Run Behavior\BuildLiteBehavior [ RunTime:0.000024s ]
INFO: [ app_init ] --END-- [ RunTime:0.000760s ]
ERR: 无法加载模块:Favicon
NOTIC: [2] include(./Application//Public/exception.tpl): failed to open stream: No such file or directory D:\phpStudy\WWW\slh\ThinkPHP\Library\Think\Think.class.php 第 314 行.
NOTIC: [2] include(): Failed opening './Application//Public/exception.tpl' for inclusion (include_path='.;C:\php\pear') D:\phpStudy\WWW\slh\ThinkPHP\Library\Think\Think.class.php 第 314 行.

[ 2018-03-20T11:27:18+08:00 ] ::1 /Public/admin/img/loading.gif
INFO: [ app_init ] --START--
INFO: Run Behavior\BuildLiteBehavior [ RunTime:0.000020s ]
INFO: [ app_init ] --END-- [ RunTime:0.000516s ]
ERR: 无法加载模块:Public
NOTIC: [2] include(./Application//Public/exception.tpl): failed to open stream: No such file or directory D:\phpStudy\WWW\slh\ThinkPHP\Library\Think\Think.class.php 第 314 行.
NOTIC: [2] include(): Failed opening './Application//Public/exception.tpl' for inclusion (include_path='.;C:\php\pear') D:\phpStudy\WWW\slh\ThinkPHP\Library\Think\Think.class.php 第 314 行.

[ 2018-03-20T11:28:10+08:00 ] ::1 /favicon.ico
INFO: [ app_init ] --START--
INFO: Run Behavior\BuildLiteBehavior [ RunTime:0.000012s ]
INFO: [ app_init ] --END-- [ RunTime:0.000327s ]
ERR: 无法加载模块:Favicon
NOTIC: [2] include(./Application//Public/exception.tpl): failed to open stream: No such file or directory D:\phpStudy\WWW\slh\ThinkPHP\Library\Think\Think.class.php 第 314 行.
NOTIC: [2] include(): Failed opening './Application//Public/exception.tpl' for inclusion (include_path='.;C:\php\pear') D:\phpStudy\WWW\slh\ThinkPHP\Library\Think\Think.class.php 第 314 行.

[ 2018-03-20T11:29:16+08:00 ] ::1 /Public/admin/img/loading.gif
INFO: [ app_init ] --START--
INFO: Run Behavior\BuildLiteBehavior [ RunTime:0.000027s ]
INFO: [ app_init ] --END-- [ RunTime:0.000726s ]
ERR: 无法加载模块:Public
NOTIC: [2] include(./Application//Public/exception.tpl): failed to open stream: No such file or directory D:\phpStudy\WWW\slh\ThinkPHP\Library\Think\Think.class.php 第 314 行.
NOTIC: [2] include(): Failed opening './Application//Public/exception.tpl' for inclusion (include_path='.;C:\php\pear') D:\phpStudy\WWW\slh\ThinkPHP\Library\Think\Think.class.php 第 314 行.

[ 2018-03-20T11:30:12+08:00 ] ::1 /Public/admin/img/loading.gif
INFO: [ app_init ] --START--
INFO: Run Behavior\BuildLiteBehavior [ RunTime:0.000018s ]
INFO: [ app_init ] --END-- [ RunTime:0.000462s ]
ERR: 无法加载模块:Public
NOTIC: [2] include(./Application//Public/exception.tpl): failed to open stream: No such file or directory D:\phpStudy\WWW\slh\ThinkPHP\Library\Think\Think.class.php 第 314 行.
NOTIC: [2] include(): Failed opening './Application//Public/exception.tpl' for inclusion (include_path='.;C:\php\pear') D:\phpStudy\WWW\slh\ThinkPHP\Library\Think\Think.class.php 第 314 行.

