[ 2018-03-20T09:50:28+08:00 ] 127.0.0.1 /Admin/Shop/good.html
INFO: [ app_init ] --START--
INFO: Run Behavior\BuildLiteBehavior [ RunTime:0.000014s ]
INFO: [ app_init ] --END-- [ RunTime:0.000770s ]
INFO: [ app_begin ] --START--
INFO: Run Behavior\ReadHtmlCacheBehavior [ RunTime:0.001080s ]
INFO: [ app_begin ] --END-- [ RunTime:0.001124s ]
SQL: SHOW COLUMNS FROM `wx_shop_goods` [ RunTime:0.0644s ]
SQL: SHOW COLUMNS FROM `wx_shop_categrey` [ RunTime:0.0293s ]
SQL: SELECT COUNT(*) AS tp_count FROM `wx_shop_goods` LIMIT 1   [ RunTime:0.0006s ]
SQL: SELECT * FROM `wx_shop_goods` ORDER BY good_id desc LIMIT 0,10   [ RunTime:0.0005s ]
SQL: SELECT `cate_name` FROM `wx_shop_categrey` WHERE `cate_id` = 1 LIMIT 1   [ RunTime:0.0003s ]
SQL: SELECT `cate_name` FROM `wx_shop_categrey` WHERE `cate_id` = 3 LIMIT 1   [ RunTime:0.0003s ]
SQL: SELECT `cate_name` FROM `wx_shop_categrey` WHERE `cate_id` = 1 LIMIT 1   [ RunTime:0.0004s ]
SQL: SELECT `cate_name` FROM `wx_shop_categrey` WHERE `cate_id` = 3 LIMIT 1   [ RunTime:0.0003s ]
INFO: [ view_parse ] --START--
INFO: [ template_filter ] --START--
INFO: Run Behavior\ContentReplaceBehavior [ RunTime:0.000085s ]
INFO: [ template_filter ] --END-- [ RunTime:0.000129s ]
INFO: Run Behavior\ParseTemplateBehavior [ RunTime:0.014727s ]
INFO: [ view_parse ] --END-- [ RunTime:0.014781s ]
INFO: [ view_filter ] --START--
INFO: Run Behavior\WriteHtmlCacheBehavior [ RunTime:0.000739s ]
INFO: [ view_filter ] --END-- [ RunTime:0.000773s ]
INFO: [ app_end ] --START--
INFO: Run Behavior\ShowPageTraceBehavior [ RunTime:0.000985s ]
INFO: [ app_end ] --END-- [ RunTime:0.001020s ]

[ 2018-03-20T09:50:37+08:00 ] 127.0.0.1 /Admin/Daili/system.html
INFO: [ app_init ] --START--
INFO: Run Behavior\BuildLiteBehavior [ RunTime:0.000013s ]
INFO: [ app_init ] --END-- [ RunTime:0.000520s ]
INFO: [ app_begin ] --START--
INFO: Run Behavior\ReadHtmlCacheBehavior [ RunTime:0.000807s ]
INFO: [ app_begin ] --END-- [ RunTime:0.000849s ]
SQL: SHOW COLUMNS FROM `wx_bonus_info` [ RunTime:0.0178s ]
SQL: SELECT * FROM `wx_bonus_info`  [ RunTime:0.0007s ]
INFO: [ view_parse ] --START--
INFO: [ template_filter ] --START--
INFO: Run Behavior\ContentReplaceBehavior [ RunTime:0.000112s ]
INFO: [ template_filter ] --END-- [ RunTime:0.000169s ]
INFO: Run Behavior\ParseTemplateBehavior [ RunTime:0.010324s ]
INFO: [ view_parse ] --END-- [ RunTime:0.010382s ]
INFO: [ view_filter ] --START--
INFO: Run Behavior\WriteHtmlCacheBehavior [ RunTime:0.000585s ]
INFO: [ view_filter ] --END-- [ RunTime:0.000623s ]
INFO: [ app_end ] --START--
INFO: Run Behavior\ShowPageTraceBehavior [ RunTime:0.000870s ]
INFO: [ app_end ] --END-- [ RunTime:0.000932s ]

[ 2018-03-20T09:50:43+08:00 ] 127.0.0.1 /Admin/User/recharge.html
INFO: [ app_init ] --START--
INFO: Run Behavior\BuildLiteBehavior [ RunTime:0.000011s ]
INFO: [ app_init ] --END-- [ RunTime:0.000600s ]
INFO: [ app_begin ] --START--
INFO: Run Behavior\ReadHtmlCacheBehavior [ RunTime:0.000705s ]
INFO: [ app_begin ] --END-- [ RunTime:0.000740s ]
SQL: SHOW COLUMNS FROM `wx_admin` [ RunTime:0.0160s ]
SQL: SHOW COLUMNS FROM `wx_role` [ RunTime:0.0084s ]
INFO: [ view_parse ] --START--
INFO: [ template_filter ] --START--
INFO: Run Behavior\ContentReplaceBehavior [ RunTime:0.000054s ]
INFO: [ template_filter ] --END-- [ RunTime:0.000094s ]
INFO: Run Behavior\ParseTemplateBehavior [ RunTime:0.007870s ]
INFO: [ view_parse ] --END-- [ RunTime:0.007923s ]
INFO: [ view_filter ] --START--
INFO: Run Behavior\WriteHtmlCacheBehavior [ RunTime:0.000495s ]
INFO: [ view_filter ] --END-- [ RunTime:0.000526s ]
INFO: [ app_end ] --START--
INFO: Run Behavior\ShowPageTraceBehavior [ RunTime:0.000734s ]
INFO: [ app_end ] --END-- [ RunTime:0.000766s ]

[ 2018-03-20T09:50:46+08:00 ] 127.0.0.1 /Admin/User/wordedit.html
INFO: [ app_init ] --START--
INFO: Run Behavior\BuildLiteBehavior [ RunTime:0.000011s ]
INFO: [ app_init ] --END-- [ RunTime:0.000495s ]
INFO: [ app_begin ] --START--
INFO: Run Behavior\ReadHtmlCacheBehavior [ RunTime:0.000690s ]
INFO: [ app_begin ] --END-- [ RunTime:0.000723s ]
SQL: SHOW COLUMNS FROM `wx_admin` [ RunTime:0.0125s ]
SQL: SHOW COLUMNS FROM `wx_role` [ RunTime:0.0066s ]
INFO: [ view_parse ] --START--
INFO: [ template_filter ] --START--
INFO: Run Behavior\ContentReplaceBehavior [ RunTime:0.000056s ]
INFO: [ template_filter ] --END-- [ RunTime:0.000093s ]
INFO: Run Behavior\ParseTemplateBehavior [ RunTime:0.038403s ]
INFO: [ view_parse ] --END-- [ RunTime:0.038444s ]
INFO: [ view_filter ] --START--
INFO: Run Behavior\WriteHtmlCacheBehavior [ RunTime:0.000485s ]
INFO: [ view_filter ] --END-- [ RunTime:0.000513s ]
INFO: [ app_end ] --START--
INFO: Run Behavior\ShowPageTraceBehavior [ RunTime:0.000680s ]
INFO: [ app_end ] --END-- [ RunTime:0.000708s ]

