[ 2018-03-18T08:53:21+08:00 ] 127.0.0.1 /Admin/Index/index.html
INFO: [ app_init ] --START--
INFO: Run Behavior\BuildLiteBehavior [ RunTime:0.000000s ]
INFO: [ app_init ] --END-- [ RunTime:0.000000s ]
INFO: [ app_begin ] --START--
INFO: Run Behavior\ReadHtmlCacheBehavior [ RunTime:0.001000s ]
INFO: [ app_begin ] --END-- [ RunTime:0.001000s ]
SQL: SHOW COLUMNS FROM `wx_role_user` [ RunTime:0.0120s ]
SQL: SELECT a.rule_name FROM wx_role_user u LEFT JOIN wx_auth_access a on u.role_id=a.role_id  WHERE `user_id` = null  [ RunTime:0.0110s ]
INFO: [ view_parse ] --START--
INFO: [ template_filter ] --START--
INFO: Run Behavior\ContentReplaceBehavior [ RunTime:0.000000s ]
INFO: [ template_filter ] --END-- [ RunTime:0.000000s ]
INFO: Run Behavior\ParseTemplateBehavior [ RunTime:0.019001s ]
INFO: [ view_parse ] --END-- [ RunTime:0.019001s ]
INFO: [ view_filter ] --START--
INFO: Run Behavior\WriteHtmlCacheBehavior [ RunTime:0.001000s ]
INFO: [ view_filter ] --END-- [ RunTime:0.001000s ]

[ 2018-03-18T08:53:25+08:00 ] 127.0.0.1 /Admin/User/index.html
INFO: [ app_init ] --START--
INFO: Run Behavior\BuildLiteBehavior [ RunTime:0.000000s ]
INFO: [ app_init ] --END-- [ RunTime:0.000000s ]
INFO: [ app_begin ] --START--
INFO: Run Behavior\ReadHtmlCacheBehavior [ RunTime:0.001000s ]
INFO: [ app_begin ] --END-- [ RunTime:0.001000s ]
SQL: SHOW COLUMNS FROM `wx_admin` [ RunTime:0.0980s ]
SQL: SHOW COLUMNS FROM `wx_role` [ RunTime:0.0310s ]
INFO: [ view_parse ] --START--
INFO: [ template_filter ] --START--
INFO: Run Behavior\ContentReplaceBehavior [ RunTime:0.000000s ]
INFO: [ template_filter ] --END-- [ RunTime:0.000000s ]
INFO: Run Behavior\ParseTemplateBehavior [ RunTime:0.016001s ]
INFO: [ view_parse ] --END-- [ RunTime:0.016001s ]
INFO: [ view_filter ] --START--
INFO: Run Behavior\WriteHtmlCacheBehavior [ RunTime:0.001000s ]
INFO: [ view_filter ] --END-- [ RunTime:0.001000s ]
INFO: [ app_end ] --START--
INFO: Run Behavior\ShowPageTraceBehavior [ RunTime:0.002001s ]
INFO: [ app_end ] --END-- [ RunTime:0.002001s ]

[ 2018-03-18T08:53:27+08:00 ] 127.0.0.1 /Admin/User/index.html?time=Sun%20Mar%2018%202018%2008:53:27%20GMT+0800%20(%E4%B8%AD%E5%9B%BD%E6%A0%87%E5%87%86%E6%97%B6%E9%97%B4)
INFO: [ app_init ] --START--
INFO: Run Behavior\BuildLiteBehavior [ RunTime:0.000000s ]
INFO: [ app_init ] --END-- [ RunTime:0.000000s ]
INFO: [ app_begin ] --START--
INFO: Run Behavior\ReadHtmlCacheBehavior [ RunTime:0.000000s ]
INFO: [ app_begin ] --END-- [ RunTime:0.000000s ]
SQL: SHOW COLUMNS FROM `wx_admin` [ RunTime:0.0080s ]
SQL: SHOW COLUMNS FROM `wx_role` [ RunTime:0.0050s ]
SQL: SELECT * FROM `wx_admin` WHERE (  username = 'admin'  )  [ RunTime:0.0000s ]
SQL: UPDATE `wx_admin` SET `ip`='127.0.0.1',`last_time`='2018' WHERE (  id = '1'  ) [ RunTime:0.0020s ]
INFO: [ app_end ] --START--
INFO: Run Behavior\ShowPageTraceBehavior [ RunTime:0.001000s ]
INFO: [ app_end ] --END-- [ RunTime:0.001000s ]

[ 2018-03-18T08:53:29+08:00 ] 127.0.0.1 /Admin/Index/index.html
INFO: [ app_init ] --START--
INFO: Run Behavior\BuildLiteBehavior [ RunTime:0.000000s ]
INFO: [ app_init ] --END-- [ RunTime:0.000000s ]
INFO: [ app_begin ] --START--
INFO: Run Behavior\ReadHtmlCacheBehavior [ RunTime:0.001000s ]
INFO: [ app_begin ] --END-- [ RunTime:0.001000s ]
INFO: [ view_parse ] --START--
INFO: [ template_filter ] --START--
INFO: Run Behavior\ContentReplaceBehavior [ RunTime:0.000000s ]
INFO: [ template_filter ] --END-- [ RunTime:0.000000s ]
INFO: Run Behavior\ParseTemplateBehavior [ RunTime:0.006000s ]
INFO: [ view_parse ] --END-- [ RunTime:0.006000s ]
INFO: [ view_filter ] --START--
INFO: Run Behavior\WriteHtmlCacheBehavior [ RunTime:0.000000s ]
INFO: [ view_filter ] --END-- [ RunTime:0.000000s ]
INFO: [ app_end ] --START--
INFO: Run Behavior\ShowPageTraceBehavior [ RunTime:0.001000s ]
INFO: [ app_end ] --END-- [ RunTime:0.001000s ]

[ 2018-03-18T08:53:29+08:00 ] 127.0.0.1 /Admin/Index/newtop.html
INFO: [ app_init ] --START--
INFO: Run Behavior\BuildLiteBehavior [ RunTime:0.000000s ]
INFO: [ app_init ] --END-- [ RunTime:0.001000s ]
INFO: [ app_begin ] --START--
INFO: Run Behavior\ReadHtmlCacheBehavior [ RunTime:0.001000s ]
INFO: [ app_begin ] --END-- [ RunTime:0.001000s ]
INFO: [ view_parse ] --START--
INFO: [ template_filter ] --START--
INFO: Run Behavior\ContentReplaceBehavior [ RunTime:0.000000s ]
INFO: [ template_filter ] --END-- [ RunTime:0.001000s ]
INFO: Run Behavior\ParseTemplateBehavior [ RunTime:0.010000s ]
INFO: [ view_parse ] --END-- [ RunTime:0.010000s ]
INFO: [ view_filter ] --START--
INFO: Run Behavior\WriteHtmlCacheBehavior [ RunTime:0.000000s ]
INFO: [ view_filter ] --END-- [ RunTime:0.000000s ]
INFO: [ app_end ] --START--
INFO: Run Behavior\ShowPageTraceBehavior [ RunTime:0.001001s ]
INFO: [ app_end ] --END-- [ RunTime:0.001001s ]

[ 2018-03-18T08:53:29+08:00 ] 127.0.0.1 /Admin/Index/newleft.html
INFO: [ app_init ] --START--
INFO: Run Behavior\BuildLiteBehavior [ RunTime:0.000000s ]
INFO: [ app_init ] --END-- [ RunTime:0.000000s ]
INFO: [ app_begin ] --START--
INFO: Run Behavior\ReadHtmlCacheBehavior [ RunTime:0.001000s ]
INFO: [ app_begin ] --END-- [ RunTime:0.001000s ]
SQL: SHOW COLUMNS FROM `wx_menu` [ RunTime:0.1150s ]
SQL: SELECT * FROM `wx_menu` WHERE ( parentid = 0 ) ORDER BY `listorder` ASC  [ RunTime:0.0010s ]
SQL: SELECT * FROM `wx_menu` WHERE ( parentid = 187 ) ORDER BY `listorder` ASC  [ RunTime:0.0000s ]
SQL: SELECT * FROM `wx_menu` WHERE ( parentid = 191 ) ORDER BY `listorder` ASC  [ RunTime:0.0010s ]
SQL: SELECT * FROM `wx_menu` WHERE ( parentid = 198 ) ORDER BY `listorder` ASC  [ RunTime:0.0000s ]
SQL: SELECT * FROM `wx_menu` WHERE ( parentid = 203 ) ORDER BY `listorder` ASC  [ RunTime:0.0010s ]
SQL: SELECT * FROM `wx_menu` WHERE ( parentid = 109 ) ORDER BY `listorder` ASC  [ RunTime:0.0000s ]
SQL: SELECT * FROM `wx_menu` WHERE ( parentid = 139 ) ORDER BY `listorder` ASC  [ RunTime:0.0000s ]
INFO: [ view_parse ] --START--
INFO: [ template_filter ] --START--
INFO: Run Behavior\ContentReplaceBehavior [ RunTime:0.001000s ]
INFO: [ template_filter ] --END-- [ RunTime:0.001000s ]
INFO: Run Behavior\ParseTemplateBehavior [ RunTime:0.019001s ]
INFO: [ view_parse ] --END-- [ RunTime:0.019001s ]
INFO: [ view_filter ] --START--
INFO: Run Behavior\WriteHtmlCacheBehavior [ RunTime:0.000000s ]
INFO: [ view_filter ] --END-- [ RunTime:0.000000s ]
INFO: [ app_end ] --START--
INFO: Run Behavior\ShowPageTraceBehavior [ RunTime:0.001000s ]
INFO: [ app_end ] --END-- [ RunTime:0.001000s ]

[ 2018-03-18T08:53:29+08:00 ] 127.0.0.1 /Admin/Index/newmain.html
INFO: [ app_init ] --START--
INFO: Run Behavior\BuildLiteBehavior [ RunTime:0.000000s ]
INFO: [ app_init ] --END-- [ RunTime:0.001000s ]
INFO: [ app_begin ] --START--
INFO: Run Behavior\ReadHtmlCacheBehavior [ RunTime:0.001000s ]
INFO: [ app_begin ] --END-- [ RunTime:0.001000s ]
SQL: SHOW COLUMNS FROM `wx_users` [ RunTime:0.0420s ]
SQL: SELECT * FROM `wx_users` WHERE ( user_id = 1 ) LIMIT 1   [ RunTime:0.0020s ]
SQL: SHOW COLUMNS FROM `wx_bonus` [ RunTime:0.0540s ]
SQL: SELECT sum(b0) as sumb FROM `wx_bonus` WHERE year(bdate) = '2018' AND month(bdate) = '03' AND day(bdate) = '18' LIMIT 1   [ RunTime:0.0000s ]
SQL: SELECT sum(b0) as sumb FROM `wx_bonus` WHERE year(bdate) = '2018' AND month(bdate) = '03' AND day(bdate) = '17' LIMIT 1   [ RunTime:0.0000s ]
SQL: SELECT sum(b0) as sumb FROM `wx_bonus` WHERE year(bdate) = '2018' AND month(bdate) = '03' AND day(bdate) = '16' LIMIT 1   [ RunTime:0.0000s ]
SQL: SELECT sum(b0) as sumb FROM `wx_bonus` WHERE year(bdate) = '2018' AND month(bdate) = '03' AND day(bdate) = '15' LIMIT 1   [ RunTime:0.0010s ]
SQL: SELECT sum(b0) as sumb FROM `wx_bonus` WHERE year(bdate) = '2018' AND month(bdate) = '03' AND day(bdate) = '14' LIMIT 1   [ RunTime:0.0000s ]
SQL: SELECT sum(b0) as sumb FROM `wx_bonus` WHERE year(bdate) = '2018' AND month(bdate) = '03' AND day(bdate) = '13' LIMIT 1   [ RunTime:0.0010s ]
SQL: SELECT sum(b0) as sumb FROM `wx_bonus` WHERE year(bdate) = '2018' AND month(bdate) = '03' AND day(bdate) = '12' LIMIT 1   [ RunTime:0.0000s ]
SQL: SELECT sum(b0) as sumb FROM `wx_bonus` WHERE year(bdate) = '2018' AND month(bdate) = '03' AND day(bdate) = '11' LIMIT 1   [ RunTime:0.0000s ]
SQL: SELECT sum(b0) as sumb FROM `wx_bonus` WHERE year(bdate) = '2018' AND month(bdate) = '03' AND day(bdate) = '10' LIMIT 1   [ RunTime:0.0000s ]
SQL: SELECT sum(b0) as sumb FROM `wx_bonus` WHERE year(bdate) = '2018' AND month(bdate) = '03' AND day(bdate) = '09' LIMIT 1   [ RunTime:0.0000s ]
SQL: SELECT sum(b0) as sumb FROM `wx_bonus` WHERE year(bdate) = '2018' AND month(bdate) = '03' AND day(bdate) = '08' LIMIT 1   [ RunTime:0.0000s ]
SQL: SELECT sum(b0) as sumb FROM `wx_bonus` WHERE year(bdate) = '2018' AND month(bdate) = '03' AND day(bdate) = '07' LIMIT 1   [ RunTime:0.0000s ]
SQL: SELECT sum(b0) as sumb FROM `wx_bonus` WHERE year(bdate) = '2018' AND month(bdate) = '03' AND day(bdate) = '06' LIMIT 1   [ RunTime:0.0010s ]
SQL: SELECT sum(b0) as sumb FROM `wx_bonus` WHERE year(bdate) = '2018' AND month(bdate) = '03' AND day(bdate) = '05' LIMIT 1   [ RunTime:0.0000s ]
SQL: SELECT sum(b0) as sumb FROM `wx_bonus` WHERE year(bdate) = '2018' AND month(bdate) = '03' AND day(bdate) = '04' LIMIT 1   [ RunTime:0.0010s ]
SQL: SELECT sum(b0) as sumb FROM `wx_bonus` WHERE year(bdate) = '2018' AND month(bdate) = '03' AND day(bdate) = '03' LIMIT 1   [ RunTime:0.0000s ]
SQL: SHOW COLUMNS FROM `wx_systemyeji` [ RunTime:0.0370s ]
SQL: SELECT * FROM `wx_systemyeji` WHERE year(ydate) = '2018' AND month(ydate) = '03' AND day(ydate) = '18' ORDER BY id desc LIMIT 1   [ RunTime:0.0010s ]
NOTIC: [2] Division by zero E:\contion\WWW\slh\Application\Admin\Controller\IndexController.class.php 第 109 行.
NOTIC: [2] Division by zero E:\contion\WWW\slh\Application\Admin\Controller\IndexController.class.php 第 111 行.
INFO: [ view_parse ] --START--
INFO: [ template_filter ] --START--
INFO: Run Behavior\ContentReplaceBehavior [ RunTime:0.000000s ]
INFO: [ template_filter ] --END-- [ RunTime:0.000000s ]
INFO: Run Behavior\ParseTemplateBehavior [ RunTime:0.013001s ]
INFO: [ view_parse ] --END-- [ RunTime:0.013001s ]
INFO: [ view_filter ] --START--
INFO: Run Behavior\WriteHtmlCacheBehavior [ RunTime:0.001000s ]
INFO: [ view_filter ] --END-- [ RunTime:0.001000s ]
INFO: [ app_end ] --START--
INFO: Run Behavior\ShowPageTraceBehavior [ RunTime:0.001000s ]
INFO: [ app_end ] --END-- [ RunTime:0.001000s ]

[ 2018-03-18T08:55:42+08:00 ] 127.0.0.1 /Admin/Index/newmain.html
INFO: [ app_init ] --START--
INFO: Run Behavior\BuildLiteBehavior [ RunTime:0.000000s ]
INFO: [ app_init ] --END-- [ RunTime:0.000000s ]
INFO: [ app_begin ] --START--
INFO: Run Behavior\ReadHtmlCacheBehavior [ RunTime:0.001000s ]
INFO: [ app_begin ] --END-- [ RunTime:0.001000s ]
SQL: SHOW COLUMNS FROM `wx_users` [ RunTime:0.0110s ]
SQL: SELECT * FROM `wx_users` WHERE ( user_id = 1 ) LIMIT 1   [ RunTime:0.0010s ]
SQL: SHOW COLUMNS FROM `wx_bonus` [ RunTime:0.0100s ]
SQL: SELECT sum(b0) as sumb FROM `wx_bonus` WHERE year(bdate) = '2018' AND month(bdate) = '03' AND day(bdate) = '18' LIMIT 1   [ RunTime:0.0000s ]
SQL: SELECT sum(b0) as sumb FROM `wx_bonus` WHERE year(bdate) = '2018' AND month(bdate) = '03' AND day(bdate) = '17' LIMIT 1   [ RunTime:0.0000s ]
SQL: SELECT sum(b0) as sumb FROM `wx_bonus` WHERE year(bdate) = '2018' AND month(bdate) = '03' AND day(bdate) = '16' LIMIT 1   [ RunTime:0.0000s ]
SQL: SELECT sum(b0) as sumb FROM `wx_bonus` WHERE year(bdate) = '2018' AND month(bdate) = '03' AND day(bdate) = '15' LIMIT 1   [ RunTime:0.0000s ]
SQL: SELECT sum(b0) as sumb FROM `wx_bonus` WHERE year(bdate) = '2018' AND month(bdate) = '03' AND day(bdate) = '14' LIMIT 1   [ RunTime:0.0000s ]
SQL: SELECT sum(b0) as sumb FROM `wx_bonus` WHERE year(bdate) = '2018' AND month(bdate) = '03' AND day(bdate) = '13' LIMIT 1   [ RunTime:0.0000s ]
SQL: SELECT sum(b0) as sumb FROM `wx_bonus` WHERE year(bdate) = '2018' AND month(bdate) = '03' AND day(bdate) = '12' LIMIT 1   [ RunTime:0.0010s ]
SQL: SELECT sum(b0) as sumb FROM `wx_bonus` WHERE year(bdate) = '2018' AND month(bdate) = '03' AND day(bdate) = '11' LIMIT 1   [ RunTime:0.0000s ]
SQL: SELECT sum(b0) as sumb FROM `wx_bonus` WHERE year(bdate) = '2018' AND month(bdate) = '03' AND day(bdate) = '10' LIMIT 1   [ RunTime:0.0010s ]
SQL: SELECT sum(b0) as sumb FROM `wx_bonus` WHERE year(bdate) = '2018' AND month(bdate) = '03' AND day(bdate) = '09' LIMIT 1   [ RunTime:0.0000s ]
SQL: SELECT sum(b0) as sumb FROM `wx_bonus` WHERE year(bdate) = '2018' AND month(bdate) = '03' AND day(bdate) = '08' LIMIT 1   [ RunTime:0.0010s ]
SQL: SELECT sum(b0) as sumb FROM `wx_bonus` WHERE year(bdate) = '2018' AND month(bdate) = '03' AND day(bdate) = '07' LIMIT 1   [ RunTime:0.0000s ]
SQL: SELECT sum(b0) as sumb FROM `wx_bonus` WHERE year(bdate) = '2018' AND month(bdate) = '03' AND day(bdate) = '06' LIMIT 1   [ RunTime:0.0010s ]
SQL: SELECT sum(b0) as sumb FROM `wx_bonus` WHERE year(bdate) = '2018' AND month(bdate) = '03' AND day(bdate) = '05' LIMIT 1   [ RunTime:0.0000s ]
SQL: SELECT sum(b0) as sumb FROM `wx_bonus` WHERE year(bdate) = '2018' AND month(bdate) = '03' AND day(bdate) = '04' LIMIT 1   [ RunTime:0.0000s ]
SQL: SELECT sum(b0) as sumb FROM `wx_bonus` WHERE year(bdate) = '2018' AND month(bdate) = '03' AND day(bdate) = '03' LIMIT 1   [ RunTime:0.0000s ]
SQL: SHOW COLUMNS FROM `wx_systemyeji` [ RunTime:0.0050s ]
SQL: SELECT * FROM `wx_systemyeji` WHERE year(ydate) = '2018' AND month(ydate) = '03' AND day(ydate) = '18' ORDER BY id desc LIMIT 1   [ RunTime:0.0000s ]
NOTIC: [2] Division by zero E:\contion\WWW\slh\Application\Admin\Controller\IndexController.class.php 第 109 行.
NOTIC: [2] Division by zero E:\contion\WWW\slh\Application\Admin\Controller\IndexController.class.php 第 111 行.
INFO: [ view_parse ] --START--
INFO: [ template_filter ] --START--
INFO: Run Behavior\ContentReplaceBehavior [ RunTime:0.000000s ]
INFO: [ template_filter ] --END-- [ RunTime:0.000000s ]
INFO: Run Behavior\ParseTemplateBehavior [ RunTime:0.013000s ]
INFO: [ view_parse ] --END-- [ RunTime:0.013000s ]
INFO: [ view_filter ] --START--
INFO: Run Behavior\WriteHtmlCacheBehavior [ RunTime:0.001000s ]
INFO: [ view_filter ] --END-- [ RunTime:0.001000s ]
INFO: [ app_end ] --START--
INFO: Run Behavior\ShowPageTraceBehavior [ RunTime:0.001001s ]
INFO: [ app_end ] --END-- [ RunTime:0.001001s ]

[ 2018-03-18T08:56:39+08:00 ] 127.0.0.1 /Admin/User/register.html
INFO: [ app_init ] --START--
INFO: Run Behavior\BuildLiteBehavior [ RunTime:0.000000s ]
INFO: [ app_init ] --END-- [ RunTime:0.000000s ]
INFO: [ app_begin ] --START--
INFO: Run Behavior\ReadHtmlCacheBehavior [ RunTime:0.001000s ]
INFO: [ app_begin ] --END-- [ RunTime:0.001000s ]
SQL: SHOW COLUMNS FROM `wx_admin` [ RunTime:0.0040s ]
SQL: SHOW COLUMNS FROM `wx_role` [ RunTime:0.0040s ]
NOTIC: [8] Undefined index: user_name E:\contion\WWW\slh\Application\Admin\Controller\UserController.class.php 第 57 行.
NOTIC: [8] Undefined index: area E:\contion\WWW\slh\Application\Admin\Controller\UserController.class.php 第 58 行.
SQL: SHOW COLUMNS FROM `wx_users` [ RunTime:0.0050s ]
SQL: SELECT max(user_name) as newno FROM `wx_users` LIMIT 1   [ RunTime:0.0230s ]
SQL: SELECT * FROM `wx_users` WHERE (  user_name = 'M000001' ) LIMIT 1   [ RunTime:0.0010s ]
INFO: [ view_parse ] --START--
INFO: [ template_filter ] --START--
INFO: Run Behavior\ContentReplaceBehavior [ RunTime:0.001000s ]
INFO: [ template_filter ] --END-- [ RunTime:0.001000s ]
INFO: Run Behavior\ParseTemplateBehavior [ RunTime:0.009001s ]
INFO: [ view_parse ] --END-- [ RunTime:0.009001s ]
INFO: [ view_filter ] --START--
INFO: Run Behavior\WriteHtmlCacheBehavior [ RunTime:0.000000s ]
INFO: [ view_filter ] --END-- [ RunTime:0.000000s ]
INFO: [ app_end ] --START--
INFO: Run Behavior\ShowPageTraceBehavior [ RunTime:0.000000s ]
INFO: [ app_end ] --END-- [ RunTime:0.000000s ]

[ 2018-03-18T08:56:44+08:00 ] 127.0.0.1 /Admin/Index/newmain.html
INFO: [ app_init ] --START--
INFO: Run Behavior\BuildLiteBehavior [ RunTime:0.000000s ]
INFO: [ app_init ] --END-- [ RunTime:0.001000s ]
INFO: [ app_begin ] --START--
INFO: Run Behavior\ReadHtmlCacheBehavior [ RunTime:0.001000s ]
INFO: [ app_begin ] --END-- [ RunTime:0.001000s ]
SQL: SHOW COLUMNS FROM `wx_users` [ RunTime:0.0050s ]
SQL: SELECT * FROM `wx_users` WHERE ( user_id = 1 ) LIMIT 1   [ RunTime:0.0010s ]
SQL: SHOW COLUMNS FROM `wx_bonus` [ RunTime:0.0040s ]
SQL: SELECT sum(b0) as sumb FROM `wx_bonus` WHERE year(bdate) = '2018' AND month(bdate) = '03' AND day(bdate) = '18' LIMIT 1   [ RunTime:0.0010s ]
SQL: SELECT sum(b0) as sumb FROM `wx_bonus` WHERE year(bdate) = '2018' AND month(bdate) = '03' AND day(bdate) = '17' LIMIT 1   [ RunTime:0.0000s ]
SQL: SELECT sum(b0) as sumb FROM `wx_bonus` WHERE year(bdate) = '2018' AND month(bdate) = '03' AND day(bdate) = '16' LIMIT 1   [ RunTime:0.0000s ]
SQL: SELECT sum(b0) as sumb FROM `wx_bonus` WHERE year(bdate) = '2018' AND month(bdate) = '03' AND day(bdate) = '15' LIMIT 1   [ RunTime:0.0010s ]
SQL: SELECT sum(b0) as sumb FROM `wx_bonus` WHERE year(bdate) = '2018' AND month(bdate) = '03' AND day(bdate) = '14' LIMIT 1   [ RunTime:0.0000s ]
SQL: SELECT sum(b0) as sumb FROM `wx_bonus` WHERE year(bdate) = '2018' AND month(bdate) = '03' AND day(bdate) = '13' LIMIT 1   [ RunTime:0.0000s ]
SQL: SELECT sum(b0) as sumb FROM `wx_bonus` WHERE year(bdate) = '2018' AND month(bdate) = '03' AND day(bdate) = '12' LIMIT 1   [ RunTime:0.0000s ]
SQL: SELECT sum(b0) as sumb FROM `wx_bonus` WHERE year(bdate) = '2018' AND month(bdate) = '03' AND day(bdate) = '11' LIMIT 1   [ RunTime:0.0000s ]
SQL: SELECT sum(b0) as sumb FROM `wx_bonus` WHERE year(bdate) = '2018' AND month(bdate) = '03' AND day(bdate) = '10' LIMIT 1   [ RunTime:0.0000s ]
SQL: SELECT sum(b0) as sumb FROM `wx_bonus` WHERE year(bdate) = '2018' AND month(bdate) = '03' AND day(bdate) = '09' LIMIT 1   [ RunTime:0.0000s ]
SQL: SELECT sum(b0) as sumb FROM `wx_bonus` WHERE year(bdate) = '2018' AND month(bdate) = '03' AND day(bdate) = '08' LIMIT 1   [ RunTime:0.0000s ]
SQL: SELECT sum(b0) as sumb FROM `wx_bonus` WHERE year(bdate) = '2018' AND month(bdate) = '03' AND day(bdate) = '07' LIMIT 1   [ RunTime:0.0000s ]
SQL: SELECT sum(b0) as sumb FROM `wx_bonus` WHERE year(bdate) = '2018' AND month(bdate) = '03' AND day(bdate) = '06' LIMIT 1   [ RunTime:0.0000s ]
SQL: SELECT sum(b0) as sumb FROM `wx_bonus` WHERE year(bdate) = '2018' AND month(bdate) = '03' AND day(bdate) = '05' LIMIT 1   [ RunTime:0.0010s ]
SQL: SELECT sum(b0) as sumb FROM `wx_bonus` WHERE year(bdate) = '2018' AND month(bdate) = '03' AND day(bdate) = '04' LIMIT 1   [ RunTime:0.0000s ]
SQL: SELECT sum(b0) as sumb FROM `wx_bonus` WHERE year(bdate) = '2018' AND month(bdate) = '03' AND day(bdate) = '03' LIMIT 1   [ RunTime:0.0000s ]
SQL: SHOW COLUMNS FROM `wx_systemyeji` [ RunTime:0.0040s ]
SQL: SELECT * FROM `wx_systemyeji` WHERE year(ydate) = '2018' AND month(ydate) = '03' AND day(ydate) = '18' ORDER BY id desc LIMIT 1   [ RunTime:0.0000s ]
NOTIC: [2] Division by zero E:\contion\WWW\slh\Application\Admin\Controller\IndexController.class.php 第 109 行.
NOTIC: [2] Division by zero E:\contion\WWW\slh\Application\Admin\Controller\IndexController.class.php 第 111 行.
INFO: [ view_parse ] --START--
INFO: [ template_filter ] --START--
INFO: Run Behavior\ContentReplaceBehavior [ RunTime:0.000000s ]
INFO: [ template_filter ] --END-- [ RunTime:0.000000s ]
INFO: Run Behavior\ParseTemplateBehavior [ RunTime:0.009000s ]
INFO: [ view_parse ] --END-- [ RunTime:0.009000s ]
INFO: [ view_filter ] --START--
INFO: Run Behavior\WriteHtmlCacheBehavior [ RunTime:0.000000s ]
INFO: [ view_filter ] --END-- [ RunTime:0.000000s ]
INFO: [ app_end ] --START--
INFO: Run Behavior\ShowPageTraceBehavior [ RunTime:0.001000s ]
INFO: [ app_end ] --END-- [ RunTime:0.001000s ]

[ 2018-03-18T08:56:46+08:00 ] 127.0.0.1 /Admin/User/wordedit.html
INFO: [ app_init ] --START--
INFO: Run Behavior\BuildLiteBehavior [ RunTime:0.000000s ]
INFO: [ app_init ] --END-- [ RunTime:0.001000s ]
INFO: [ app_begin ] --START--
INFO: Run Behavior\ReadHtmlCacheBehavior [ RunTime:0.001000s ]
INFO: [ app_begin ] --END-- [ RunTime:0.001000s ]
SQL: SHOW COLUMNS FROM `wx_admin` [ RunTime:0.0040s ]
SQL: SHOW COLUMNS FROM `wx_role` [ RunTime:0.0030s ]
INFO: [ view_parse ] --START--
INFO: [ template_filter ] --START--
INFO: Run Behavior\ContentReplaceBehavior [ RunTime:0.000000s ]
INFO: [ template_filter ] --END-- [ RunTime:0.000000s ]
INFO: Run Behavior\ParseTemplateBehavior [ RunTime:0.006001s ]
INFO: [ view_parse ] --END-- [ RunTime:0.006001s ]
INFO: [ view_filter ] --START--
INFO: Run Behavior\WriteHtmlCacheBehavior [ RunTime:0.000000s ]
INFO: [ view_filter ] --END-- [ RunTime:0.000000s ]
INFO: [ app_end ] --START--
INFO: Run Behavior\ShowPageTraceBehavior [ RunTime:0.001000s ]
INFO: [ app_end ] --END-- [ RunTime:0.001000s ]

[ 2018-03-18T08:56:52+08:00 ] 127.0.0.1 /Admin/Deal/transfer.html
INFO: [ app_init ] --START--
INFO: Run Behavior\BuildLiteBehavior [ RunTime:0.000000s ]
INFO: [ app_init ] --END-- [ RunTime:0.000000s ]
INFO: [ app_begin ] --START--
INFO: Run Behavior\ReadHtmlCacheBehavior [ RunTime:0.001000s ]
INFO: [ app_begin ] --END-- [ RunTime:0.001000s ]
INFO: [ view_parse ] --START--
INFO: [ template_filter ] --START--
INFO: Run Behavior\ContentReplaceBehavior [ RunTime:0.000000s ]
INFO: [ template_filter ] --END-- [ RunTime:0.000000s ]
INFO: Run Behavior\ParseTemplateBehavior [ RunTime:0.007001s ]
INFO: [ view_parse ] --END-- [ RunTime:0.007001s ]
INFO: [ view_filter ] --START--
INFO: Run Behavior\WriteHtmlCacheBehavior [ RunTime:0.000000s ]
INFO: [ view_filter ] --END-- [ RunTime:0.000000s ]
INFO: [ app_end ] --START--
INFO: Run Behavior\ShowPageTraceBehavior [ RunTime:0.001000s ]
INFO: [ app_end ] --END-- [ RunTime:0.001000s ]

[ 2018-03-18T08:57:01+08:00 ] 127.0.0.1 /Admin/User/register.html
INFO: [ app_init ] --START--
INFO: Run Behavior\BuildLiteBehavior [ RunTime:0.000000s ]
INFO: [ app_init ] --END-- [ RunTime:0.000000s ]
INFO: [ app_begin ] --START--
INFO: Run Behavior\ReadHtmlCacheBehavior [ RunTime:0.000000s ]
INFO: [ app_begin ] --END-- [ RunTime:0.000000s ]
SQL: SHOW COLUMNS FROM `wx_admin` [ RunTime:0.0040s ]
SQL: SHOW COLUMNS FROM `wx_role` [ RunTime:0.0040s ]
NOTIC: [8] Undefined index: user_name E:\contion\WWW\slh\Application\Admin\Controller\UserController.class.php 第 57 行.
NOTIC: [8] Undefined index: area E:\contion\WWW\slh\Application\Admin\Controller\UserController.class.php 第 58 行.
SQL: SHOW COLUMNS FROM `wx_users` [ RunTime:0.0050s ]
SQL: SELECT max(user_name) as newno FROM `wx_users` LIMIT 1   [ RunTime:0.0020s ]
SQL: SELECT * FROM `wx_users` WHERE (  user_name = 'M000001' ) LIMIT 1   [ RunTime:0.0000s ]
INFO: [ view_parse ] --START--
INFO: [ template_filter ] --START--
INFO: Run Behavior\ContentReplaceBehavior [ RunTime:0.000000s ]
INFO: [ template_filter ] --END-- [ RunTime:0.000000s ]
INFO: Run Behavior\ParseTemplateBehavior [ RunTime:0.009001s ]
INFO: [ view_parse ] --END-- [ RunTime:0.009001s ]
INFO: [ view_filter ] --START--
INFO: Run Behavior\WriteHtmlCacheBehavior [ RunTime:0.000000s ]
INFO: [ view_filter ] --END-- [ RunTime:0.000000s ]
INFO: [ app_end ] --START--
INFO: Run Behavior\ShowPageTraceBehavior [ RunTime:0.000000s ]
INFO: [ app_end ] --END-- [ RunTime:0.000000s ]

[ 2018-03-18T08:57:06+08:00 ] 127.0.0.1 /Admin/User/sortlists.html
INFO: [ app_init ] --START--
INFO: Run Behavior\BuildLiteBehavior [ RunTime:0.000000s ]
INFO: [ app_init ] --END-- [ RunTime:0.000000s ]
INFO: [ app_begin ] --START--
INFO: Run Behavior\ReadHtmlCacheBehavior [ RunTime:0.001000s ]
INFO: [ app_begin ] --END-- [ RunTime:0.001000s ]
SQL: SHOW COLUMNS FROM `wx_admin` [ RunTime:0.0040s ]
SQL: SHOW COLUMNS FROM `wx_role` [ RunTime:0.0050s ]
SQL: SHOW COLUMNS FROM `wx_users` [ RunTime:0.0050s ]
SQL: SELECT COUNT(*) AS tp_count FROM `wx_users` LIMIT 1   [ RunTime:0.0010s ]
SQL: SELECT * FROM `wx_users` INNER JOIN wx_memberlevel ON wx_memberlevel.id = wx_users.level  LIMIT 0,10   [ RunTime:0.0010s ]
NOTIC: [8] Use of undefined constant » - assumed '»' E:\contion\WWW\slh\ThinkPHP\Library\Think\Page.class.php 第 179 行.
INFO: [ view_parse ] --START--
INFO: [ template_filter ] --START--
INFO: Run Behavior\ContentReplaceBehavior [ RunTime:0.000000s ]
INFO: [ template_filter ] --END-- [ RunTime:0.000000s ]
INFO: Run Behavior\ParseTemplateBehavior [ RunTime:0.006000s ]
INFO: [ view_parse ] --END-- [ RunTime:0.006000s ]
INFO: [ view_filter ] --START--
INFO: Run Behavior\WriteHtmlCacheBehavior [ RunTime:0.001000s ]
INFO: [ view_filter ] --END-- [ RunTime:0.001000s ]
INFO: [ app_end ] --START--
INFO: Run Behavior\ShowPageTraceBehavior [ RunTime:0.000000s ]
INFO: [ app_end ] --END-- [ RunTime:0.000000s ]

[ 2018-03-18T08:57:06+08:00 ] 127.0.0.1 /Admin/User/sortlists_ajax.html?user_name=&p=1&truename=&start=0&end=0
INFO: [ app_init ] --START--
INFO: Run Behavior\BuildLiteBehavior [ RunTime:0.000000s ]
INFO: [ app_init ] --END-- [ RunTime:0.000000s ]
INFO: [ app_begin ] --START--
INFO: Run Behavior\ReadHtmlCacheBehavior [ RunTime:0.000000s ]
INFO: [ app_begin ] --END-- [ RunTime:0.001000s ]
SQL: SHOW COLUMNS FROM `wx_admin` [ RunTime:0.0040s ]
SQL: SHOW COLUMNS FROM `wx_role` [ RunTime:0.0040s ]
SQL: SHOW COLUMNS FROM `wx_users` [ RunTime:0.0070s ]
SQL: SELECT COUNT(*) AS tp_count FROM `wx_users` LIMIT 1   [ RunTime:0.0000s ]
SQL: SELECT * FROM `wx_users` INNER JOIN wx_memberlevel ON wx_memberlevel.id = wx_users.level  LIMIT 0,10   [ RunTime:0.0020s ]
NOTIC: [8] Use of undefined constant » - assumed '»' E:\contion\WWW\slh\ThinkPHP\Library\Think\Pageajax.class.php 第 209 行.
NOTIC: [8] Undefined variable: down_page E:\contion\WWW\slh\ThinkPHP\Library\Think\Pageajax.class.php 第 215 行.
NOTIC: [8] Undefined variable: the_first E:\contion\WWW\slh\ThinkPHP\Library\Think\Pageajax.class.php 第 215 行.
INFO: [ view_parse ] --START--
INFO: [ template_filter ] --START--
INFO: Run Behavior\ContentReplaceBehavior [ RunTime:0.000000s ]
INFO: [ template_filter ] --END-- [ RunTime:0.000000s ]
INFO: Run Behavior\ParseTemplateBehavior [ RunTime:0.009001s ]
INFO: [ view_parse ] --END-- [ RunTime:0.009001s ]
INFO: [ view_filter ] --START--
INFO: Run Behavior\WriteHtmlCacheBehavior [ RunTime:0.001000s ]
INFO: [ view_filter ] --END-- [ RunTime:0.001000s ]
INFO: [ app_end ] --START--
INFO: Run Behavior\ShowPageTraceBehavior [ RunTime:0.001000s ]
INFO: [ app_end ] --END-- [ RunTime:0.001000s ]

[ 2018-03-18T08:57:08+08:00 ] 127.0.0.1 /Admin/User/memberlists.html
INFO: [ app_init ] --START--
INFO: Run Behavior\BuildLiteBehavior [ RunTime:0.000000s ]
INFO: [ app_init ] --END-- [ RunTime:0.000000s ]
INFO: [ app_begin ] --START--
INFO: Run Behavior\ReadHtmlCacheBehavior [ RunTime:0.000000s ]
INFO: [ app_begin ] --END-- [ RunTime:0.000000s ]
SQL: SHOW COLUMNS FROM `wx_admin` [ RunTime:0.0040s ]
SQL: SHOW COLUMNS FROM `wx_role` [ RunTime:0.0040s ]
NOTIC: [8] Undefined index: user_name E:\contion\WWW\slh\Application\Admin\Controller\UserController.class.php 第 93 行.
SQL: SHOW COLUMNS FROM `wx_users` [ RunTime:0.0050s ]
SQL: SELECT * FROM `wx_users` WHERE (  user_name = 'M000001'  ) LIMIT 1   [ RunTime:0.0010s ]
SQL: SHOW COLUMNS FROM `wx_memberlevel` [ RunTime:0.0040s ]
SQL: SELECT * FROM `wx_memberlevel` WHERE (  id = '3'  ) LIMIT 1   [ RunTime:0.0010s ]
SQL: SELECT * FROM `wx_users` WHERE (  user_id = '2'  ) LIMIT 1   [ RunTime:0.0000s ]
SQL: SELECT * FROM `wx_memberlevel` WHERE (  id = '3'  ) LIMIT 1   [ RunTime:0.0010s ]
SQL: SELECT * FROM `wx_users` WHERE (  user_id = '4'  ) LIMIT 1   [ RunTime:0.0000s ]
SQL: SELECT * FROM `wx_memberlevel` WHERE (  id = '2'  ) LIMIT 1   [ RunTime:0.0000s ]
SQL: SELECT * FROM `wx_users` WHERE (  user_id = '5'  ) LIMIT 1   [ RunTime:0.0010s ]
SQL: SELECT * FROM `wx_memberlevel` WHERE (  id = '1'  ) LIMIT 1   [ RunTime:0.0000s ]
SQL: SELECT * FROM `wx_users` WHERE (  user_id = '3'  ) LIMIT 1   [ RunTime:0.0000s ]
SQL: SELECT * FROM `wx_memberlevel` WHERE (  id = '1'  ) LIMIT 1   [ RunTime:0.0000s ]
SQL: SELECT * FROM `wx_users` WHERE (  user_id = '6'  ) LIMIT 1   [ RunTime:0.0000s ]
SQL: SELECT * FROM `wx_memberlevel` WHERE (  id = '3'  ) LIMIT 1   [ RunTime:0.0010s ]
SQL: SELECT * FROM `wx_users` WHERE (  user_id = '7'  ) LIMIT 1   [ RunTime:0.0000s ]
SQL: SELECT * FROM `wx_memberlevel` WHERE (  id = '2'  ) LIMIT 1   [ RunTime:0.0000s ]
INFO: [ view_parse ] --START--
INFO: [ template_filter ] --START--
INFO: Run Behavior\ContentReplaceBehavior [ RunTime:0.000000s ]
INFO: [ template_filter ] --END-- [ RunTime:0.000000s ]
INFO: Run Behavior\ParseTemplateBehavior [ RunTime:0.014001s ]
INFO: [ view_parse ] --END-- [ RunTime:0.014001s ]
INFO: [ view_filter ] --START--
INFO: Run Behavior\WriteHtmlCacheBehavior [ RunTime:0.000000s ]
INFO: [ view_filter ] --END-- [ RunTime:0.000000s ]
INFO: [ app_end ] --START--
INFO: Run Behavior\ShowPageTraceBehavior [ RunTime:0.001000s ]
INFO: [ app_end ] --END-- [ RunTime:0.001000s ]

[ 2018-03-18T08:57:16+08:00 ] 127.0.0.1 /Admin/User/memberlists/user_name/M000005.html
INFO: [ app_init ] --START--
INFO: Run Behavior\BuildLiteBehavior [ RunTime:0.000000s ]
INFO: [ app_init ] --END-- [ RunTime:0.000000s ]
INFO: [ app_begin ] --START--
INFO: Run Behavior\ReadHtmlCacheBehavior [ RunTime:0.001000s ]
INFO: [ app_begin ] --END-- [ RunTime:0.001000s ]
SQL: SHOW COLUMNS FROM `wx_admin` [ RunTime:0.0040s ]
SQL: SHOW COLUMNS FROM `wx_role` [ RunTime:0.0040s ]
SQL: SHOW COLUMNS FROM `wx_users` [ RunTime:0.0040s ]
SQL: SELECT * FROM `wx_users` WHERE (  user_name = 'M000005'  ) LIMIT 1   [ RunTime:0.0010s ]
SQL: SHOW COLUMNS FROM `wx_memberlevel` [ RunTime:0.0040s ]
SQL: SELECT * FROM `wx_memberlevel` WHERE (  id = '1'  ) LIMIT 1   [ RunTime:0.0000s ]
SQL: SELECT * FROM `wx_users` WHERE (  user_id = '10'  ) LIMIT 1   [ RunTime:0.0010s ]
SQL: SELECT * FROM `wx_memberlevel` WHERE (  id = '2'  ) LIMIT 1   [ RunTime:0.0000s ]
SQL: SELECT * FROM `wx_users` WHERE (  user_id = '20'  ) LIMIT 1   [ RunTime:0.0010s ]
SQL: SELECT * FROM `wx_memberlevel` WHERE (  id = '1'  ) LIMIT 1   [ RunTime:0.0000s ]
SQL: SELECT * FROM `wx_users` WHERE (  user_id = '21'  ) LIMIT 1   [ RunTime:0.0000s ]
SQL: SELECT * FROM `wx_memberlevel` WHERE (  id = '1'  ) LIMIT 1   [ RunTime:0.0000s ]
SQL: SELECT * FROM `wx_users` WHERE (  user_id = '11'  ) LIMIT 1   [ RunTime:0.0000s ]
SQL: SELECT * FROM `wx_memberlevel` WHERE (  id = '3'  ) LIMIT 1   [ RunTime:0.0010s ]
SQL: SELECT * FROM `wx_users` WHERE (  user_id = '22'  ) LIMIT 1   [ RunTime:0.0000s ]
SQL: SELECT * FROM `wx_memberlevel` WHERE (  id = '1'  ) LIMIT 1   [ RunTime:0.0000s ]
SQL: SELECT * FROM `wx_users` WHERE (  user_id = '23'  ) LIMIT 1   [ RunTime:0.0010s ]
SQL: SELECT * FROM `wx_memberlevel` WHERE (  id = '1'  ) LIMIT 1   [ RunTime:0.0000s ]
INFO: [ view_parse ] --START--
INFO: [ template_filter ] --START--
INFO: Run Behavior\ContentReplaceBehavior [ RunTime:0.000000s ]
INFO: [ template_filter ] --END-- [ RunTime:0.000000s ]
INFO: Run Behavior\ParseTemplateBehavior [ RunTime:0.014001s ]
INFO: [ view_parse ] --END-- [ RunTime:0.014001s ]
INFO: [ view_filter ] --START--
INFO: Run Behavior\WriteHtmlCacheBehavior [ RunTime:0.000000s ]
INFO: [ view_filter ] --END-- [ RunTime:0.000000s ]
INFO: [ app_end ] --START--
INFO: Run Behavior\ShowPageTraceBehavior [ RunTime:0.000000s ]
INFO: [ app_end ] --END-- [ RunTime:0.000000s ]

[ 2018-03-18T08:57:19+08:00 ] 127.0.0.1 /Admin/User/memberlists/user_name/M000010.html
INFO: [ app_init ] --START--
INFO: Run Behavior\BuildLiteBehavior [ RunTime:0.000000s ]
INFO: [ app_init ] --END-- [ RunTime:0.000000s ]
INFO: [ app_begin ] --START--
INFO: Run Behavior\ReadHtmlCacheBehavior [ RunTime:0.000000s ]
INFO: [ app_begin ] --END-- [ RunTime:0.000000s ]
SQL: SHOW COLUMNS FROM `wx_admin` [ RunTime:0.0030s ]
SQL: SHOW COLUMNS FROM `wx_role` [ RunTime:0.0040s ]
SQL: SHOW COLUMNS FROM `wx_users` [ RunTime:0.0050s ]
SQL: SELECT * FROM `wx_users` WHERE (  user_name = 'M000010'  ) LIMIT 1   [ RunTime:0.0010s ]
SQL: SHOW COLUMNS FROM `wx_memberlevel` [ RunTime:0.0040s ]
SQL: SELECT * FROM `wx_memberlevel` WHERE (  id = '2'  ) LIMIT 1   [ RunTime:0.0000s ]
SQL: SELECT * FROM `wx_users` WHERE (  user_id = '20'  ) LIMIT 1   [ RunTime:0.0010s ]
SQL: SELECT * FROM `wx_memberlevel` WHERE (  id = '1'  ) LIMIT 1   [ RunTime:0.0000s ]
SQL: SELECT * FROM `wx_users` WHERE (  user_id = '40'  ) LIMIT 1   [ RunTime:0.0010s ]
SQL: SELECT * FROM `wx_memberlevel` WHERE (  id = '3'  ) LIMIT 1   [ RunTime:0.0000s ]
SQL: SELECT * FROM `wx_users` WHERE (  user_id = '41'  ) LIMIT 1   [ RunTime:0.0010s ]
SQL: SELECT * FROM `wx_memberlevel` WHERE (  id = '1'  ) LIMIT 1   [ RunTime:0.0000s ]
SQL: SELECT * FROM `wx_users` WHERE (  user_id = '21'  ) LIMIT 1   [ RunTime:0.0000s ]
SQL: SELECT * FROM `wx_memberlevel` WHERE (  id = '1'  ) LIMIT 1   [ RunTime:0.0000s ]
SQL: SELECT * FROM `wx_users` WHERE (  user_id = '42'  ) LIMIT 1   [ RunTime:0.0000s ]
SQL: SELECT * FROM `wx_memberlevel` WHERE (  id = '1'  ) LIMIT 1   [ RunTime:0.0010s ]
SQL: SELECT * FROM `wx_users` WHERE (  user_id = '43'  ) LIMIT 1   [ RunTime:0.0000s ]
SQL: SELECT * FROM `wx_memberlevel` WHERE (  id = '2'  ) LIMIT 1   [ RunTime:0.0000s ]
INFO: [ view_parse ] --START--
INFO: [ template_filter ] --START--
INFO: Run Behavior\ContentReplaceBehavior [ RunTime:0.000000s ]
INFO: [ template_filter ] --END-- [ RunTime:0.000000s ]
INFO: Run Behavior\ParseTemplateBehavior [ RunTime:0.013001s ]
INFO: [ view_parse ] --END-- [ RunTime:0.013001s ]
INFO: [ view_filter ] --START--
INFO: Run Behavior\WriteHtmlCacheBehavior [ RunTime:0.001000s ]
INFO: [ view_filter ] --END-- [ RunTime:0.001000s ]
INFO: [ app_end ] --START--
INFO: Run Behavior\ShowPageTraceBehavior [ RunTime:0.000000s ]
INFO: [ app_end ] --END-- [ RunTime:0.000000s ]

[ 2018-03-18T08:57:22+08:00 ] 127.0.0.1 /Admin/User/sortlists.html
INFO: [ app_init ] --START--
INFO: Run Behavior\BuildLiteBehavior [ RunTime:0.000000s ]
INFO: [ app_init ] --END-- [ RunTime:0.001000s ]
INFO: [ app_begin ] --START--
INFO: Run Behavior\ReadHtmlCacheBehavior [ RunTime:0.001000s ]
INFO: [ app_begin ] --END-- [ RunTime:0.001000s ]
SQL: SHOW COLUMNS FROM `wx_admin` [ RunTime:0.0040s ]
SQL: SHOW COLUMNS FROM `wx_role` [ RunTime:0.0040s ]
SQL: SHOW COLUMNS FROM `wx_users` [ RunTime:0.0040s ]
SQL: SELECT COUNT(*) AS tp_count FROM `wx_users` LIMIT 1   [ RunTime:0.0000s ]
SQL: SELECT * FROM `wx_users` INNER JOIN wx_memberlevel ON wx_memberlevel.id = wx_users.level  LIMIT 0,10   [ RunTime:0.0010s ]
NOTIC: [8] Use of undefined constant » - assumed '»' E:\contion\WWW\slh\ThinkPHP\Library\Think\Page.class.php 第 179 行.
INFO: [ view_parse ] --START--
INFO: [ template_filter ] --START--
INFO: Run Behavior\ContentReplaceBehavior [ RunTime:0.001000s ]
INFO: [ template_filter ] --END-- [ RunTime:0.001000s ]
INFO: Run Behavior\ParseTemplateBehavior [ RunTime:0.005000s ]
INFO: [ view_parse ] --END-- [ RunTime:0.006000s ]
INFO: [ view_filter ] --START--
INFO: Run Behavior\WriteHtmlCacheBehavior [ RunTime:0.000000s ]
INFO: [ view_filter ] --END-- [ RunTime:0.000000s ]
INFO: [ app_end ] --START--
INFO: Run Behavior\ShowPageTraceBehavior [ RunTime:0.000000s ]
INFO: [ app_end ] --END-- [ RunTime:0.000000s ]

[ 2018-03-18T08:57:22+08:00 ] 127.0.0.1 /Admin/User/sortlists_ajax.html?user_name=&p=1&truename=&start=0&end=0
INFO: [ app_init ] --START--
INFO: Run Behavior\BuildLiteBehavior [ RunTime:0.000000s ]
INFO: [ app_init ] --END-- [ RunTime:0.000000s ]
INFO: [ app_begin ] --START--
INFO: Run Behavior\ReadHtmlCacheBehavior [ RunTime:0.001000s ]
INFO: [ app_begin ] --END-- [ RunTime:0.001000s ]
SQL: SHOW COLUMNS FROM `wx_admin` [ RunTime:0.0040s ]
SQL: SHOW COLUMNS FROM `wx_role` [ RunTime:0.0050s ]
SQL: SHOW COLUMNS FROM `wx_users` [ RunTime:0.0050s ]
SQL: SELECT COUNT(*) AS tp_count FROM `wx_users` LIMIT 1   [ RunTime:0.0010s ]
SQL: SELECT * FROM `wx_users` INNER JOIN wx_memberlevel ON wx_memberlevel.id = wx_users.level  LIMIT 0,10   [ RunTime:0.0000s ]
NOTIC: [8] Use of undefined constant » - assumed '»' E:\contion\WWW\slh\ThinkPHP\Library\Think\Pageajax.class.php 第 209 行.
NOTIC: [8] Undefined variable: down_page E:\contion\WWW\slh\ThinkPHP\Library\Think\Pageajax.class.php 第 215 行.
NOTIC: [8] Undefined variable: the_first E:\contion\WWW\slh\ThinkPHP\Library\Think\Pageajax.class.php 第 215 行.
INFO: [ view_parse ] --START--
INFO: [ template_filter ] --START--
INFO: Run Behavior\ContentReplaceBehavior [ RunTime:0.000000s ]
INFO: [ template_filter ] --END-- [ RunTime:0.000000s ]
INFO: Run Behavior\ParseTemplateBehavior [ RunTime:0.000000s ]
INFO: [ view_parse ] --END-- [ RunTime:0.000000s ]
INFO: [ view_filter ] --START--
INFO: Run Behavior\WriteHtmlCacheBehavior [ RunTime:0.000000s ]
INFO: [ view_filter ] --END-- [ RunTime:0.000000s ]
INFO: [ app_end ] --START--
INFO: Run Behavior\ShowPageTraceBehavior [ RunTime:0.000000s ]
INFO: [ app_end ] --END-- [ RunTime:0.000000s ]

[ 2018-03-18T08:57:24+08:00 ] 127.0.0.1 /Admin/User/memberlists.html
INFO: [ app_init ] --START--
INFO: Run Behavior\BuildLiteBehavior [ RunTime:0.000000s ]
INFO: [ app_init ] --END-- [ RunTime:0.001000s ]
INFO: [ app_begin ] --START--
INFO: Run Behavior\ReadHtmlCacheBehavior [ RunTime:0.001000s ]
INFO: [ app_begin ] --END-- [ RunTime:0.001000s ]
SQL: SHOW COLUMNS FROM `wx_admin` [ RunTime:0.0040s ]
SQL: SHOW COLUMNS FROM `wx_role` [ RunTime:0.0040s ]
NOTIC: [8] Undefined index: user_name E:\contion\WWW\slh\Application\Admin\Controller\UserController.class.php 第 93 行.
SQL: SHOW COLUMNS FROM `wx_users` [ RunTime:0.0040s ]
SQL: SELECT * FROM `wx_users` WHERE (  user_name = 'M000001'  ) LIMIT 1   [ RunTime:0.0010s ]
SQL: SHOW COLUMNS FROM `wx_memberlevel` [ RunTime:0.0030s ]
SQL: SELECT * FROM `wx_memberlevel` WHERE (  id = '3'  ) LIMIT 1   [ RunTime:0.0000s ]
SQL: SELECT * FROM `wx_users` WHERE (  user_id = '2'  ) LIMIT 1   [ RunTime:0.0010s ]
SQL: SELECT * FROM `wx_memberlevel` WHERE (  id = '3'  ) LIMIT 1   [ RunTime:0.0000s ]
SQL: SELECT * FROM `wx_users` WHERE (  user_id = '4'  ) LIMIT 1   [ RunTime:0.0000s ]
SQL: SELECT * FROM `wx_memberlevel` WHERE (  id = '2'  ) LIMIT 1   [ RunTime:0.0000s ]
SQL: SELECT * FROM `wx_users` WHERE (  user_id = '5'  ) LIMIT 1   [ RunTime:0.0000s ]
SQL: SELECT * FROM `wx_memberlevel` WHERE (  id = '1'  ) LIMIT 1   [ RunTime:0.0000s ]
SQL: SELECT * FROM `wx_users` WHERE (  user_id = '3'  ) LIMIT 1   [ RunTime:0.0000s ]
SQL: SELECT * FROM `wx_memberlevel` WHERE (  id = '1'  ) LIMIT 1   [ RunTime:0.0000s ]
SQL: SELECT * FROM `wx_users` WHERE (  user_id = '6'  ) LIMIT 1   [ RunTime:0.0010s ]
SQL: SELECT * FROM `wx_memberlevel` WHERE (  id = '3'  ) LIMIT 1   [ RunTime:0.0000s ]
SQL: SELECT * FROM `wx_users` WHERE (  user_id = '7'  ) LIMIT 1   [ RunTime:0.0000s ]
SQL: SELECT * FROM `wx_memberlevel` WHERE (  id = '2'  ) LIMIT 1   [ RunTime:0.0000s ]
INFO: [ view_parse ] --START--
INFO: [ template_filter ] --START--
INFO: Run Behavior\ContentReplaceBehavior [ RunTime:0.000000s ]
INFO: [ template_filter ] --END-- [ RunTime:0.000000s ]
INFO: Run Behavior\ParseTemplateBehavior [ RunTime:0.014000s ]
INFO: [ view_parse ] --END-- [ RunTime:0.014000s ]
INFO: [ view_filter ] --START--
INFO: Run Behavior\WriteHtmlCacheBehavior [ RunTime:0.000000s ]
INFO: [ view_filter ] --END-- [ RunTime:0.000000s ]
INFO: [ app_end ] --START--
INFO: Run Behavior\ShowPageTraceBehavior [ RunTime:0.001000s ]
INFO: [ app_end ] --END-- [ RunTime:0.001000s ]

[ 2018-03-18T08:57:25+08:00 ] 127.0.0.1 /Admin/User/netchart.html
INFO: [ app_init ] --START--
INFO: Run Behavior\BuildLiteBehavior [ RunTime:0.000000s ]
INFO: [ app_init ] --END-- [ RunTime:0.000000s ]
INFO: [ app_begin ] --START--
INFO: Run Behavior\ReadHtmlCacheBehavior [ RunTime:0.000000s ]
INFO: [ app_begin ] --END-- [ RunTime:0.000000s ]
SQL: SHOW COLUMNS FROM `wx_admin` [ RunTime:0.0040s ]
SQL: SHOW COLUMNS FROM `wx_role` [ RunTime:0.0030s ]
NOTIC: [8] Undefined index: rootid E:\contion\WWW\slh\Application\Admin\Controller\UserController.class.php 第 438 行.
SQL: SHOW COLUMNS FROM `wx_users` [ RunTime:0.0060s ]
SQL: SELECT * FROM `wx_users` WHERE (  user_name = 'M000001'  ) LIMIT 1   [ RunTime:0.0010s ]
SQL: SHOW COLUMNS FROM `wx_memberlevel` [ RunTime:0.0040s ]
SQL: SELECT * FROM `wx_memberlevel` WHERE (  id = '3'  ) LIMIT 1   [ RunTime:0.0010s ]
SQL: SELECT * FROM `wx_users` WHERE (  user_id = '2'  ) LIMIT 1   [ RunTime:0.0000s ]
SQL: SELECT * FROM `wx_memberlevel` WHERE (  id = '3'  ) LIMIT 1   [ RunTime:0.0010s ]
SQL: SELECT * FROM `wx_users` WHERE (  user_id = '4'  ) LIMIT 1   [ RunTime:0.0000s ]
SQL: SELECT * FROM `wx_memberlevel` WHERE (  id = '2'  ) LIMIT 1   [ RunTime:0.0000s ]
SQL: SELECT * FROM `wx_users` WHERE (  user_id = '5'  ) LIMIT 1   [ RunTime:0.0000s ]
SQL: SELECT * FROM `wx_memberlevel` WHERE (  id = '1'  ) LIMIT 1   [ RunTime:0.0000s ]
SQL: SELECT * FROM `wx_users` WHERE (  user_id = '3'  ) LIMIT 1   [ RunTime:0.0000s ]
SQL: SELECT * FROM `wx_memberlevel` WHERE (  id = '1'  ) LIMIT 1   [ RunTime:0.0000s ]
SQL: SELECT * FROM `wx_users` WHERE (  user_id = '6'  ) LIMIT 1   [ RunTime:0.0010s ]
SQL: SELECT * FROM `wx_memberlevel` WHERE (  id = '3'  ) LIMIT 1   [ RunTime:0.0000s ]
SQL: SELECT * FROM `wx_users` WHERE (  user_id = '7'  ) LIMIT 1   [ RunTime:0.0000s ]
SQL: SELECT * FROM `wx_memberlevel` WHERE (  id = '2'  ) LIMIT 1   [ RunTime:0.0000s ]
INFO: [ view_parse ] --START--
INFO: [ template_filter ] --START--
INFO: Run Behavior\ContentReplaceBehavior [ RunTime:0.000000s ]
INFO: [ template_filter ] --END-- [ RunTime:0.001000s ]
INFO: Run Behavior\ParseTemplateBehavior [ RunTime:0.063003s ]
INFO: [ view_parse ] --END-- [ RunTime:0.063003s ]
INFO: [ view_filter ] --START--
INFO: Run Behavior\WriteHtmlCacheBehavior [ RunTime:0.001000s ]
INFO: [ view_filter ] --END-- [ RunTime:0.001000s ]
INFO: [ app_end ] --START--
INFO: Run Behavior\ShowPageTraceBehavior [ RunTime:0.001000s ]
INFO: [ app_end ] --END-- [ RunTime:0.002000s ]

[ 2018-03-18T08:57:27+08:00 ] 127.0.0.1 /Admin/Daili/centerlists.html
INFO: [ app_init ] --START--
INFO: Run Behavior\BuildLiteBehavior [ RunTime:0.000000s ]
INFO: [ app_init ] --END-- [ RunTime:0.001000s ]
INFO: [ app_begin ] --START--
INFO: Run Behavior\ReadHtmlCacheBehavior [ RunTime:0.001000s ]
INFO: [ app_begin ] --END-- [ RunTime:0.001000s ]
SQL: SHOW COLUMNS FROM `wx_users` [ RunTime:0.0050s ]
SQL: SHOW COLUMNS FROM `wx_centerlists` [ RunTime:0.1010s ]
SQL: SELECT COUNT(*) AS tp_count FROM `wx_centerlists` GROUP BY user_name LIMIT 1   [ RunTime:0.0010s ]
SQL: SELECT * FROM `wx_centerlists` GROUP BY user_name LIMIT 0,10   [ RunTime:0.0010s ]
SQL: SELECT * FROM `wx_users` WHERE ( user_name = 'M000001' ) LIMIT 1   [ RunTime:0.0010s ]
NOTIC: [8] Undefined index: level E:\contion\WWW\slh\Application\Admin\Controller\DailiController.class.php 第 31 行.
SQL: SHOW COLUMNS FROM `wx_memberlevel` [ RunTime:0.0100s ]
SQL: SELECT * FROM `wx_memberlevel` WHERE (  id = ''  ) LIMIT 1   [ RunTime:0.0000s ]
INFO: [ view_parse ] --START--
INFO: [ template_filter ] --START--
INFO: Run Behavior\ContentReplaceBehavior [ RunTime:0.001000s ]
INFO: [ template_filter ] --END-- [ RunTime:0.001000s ]
INFO: Run Behavior\ParseTemplateBehavior [ RunTime:0.028002s ]
INFO: [ view_parse ] --END-- [ RunTime:0.028002s ]
INFO: [ view_filter ] --START--
INFO: Run Behavior\WriteHtmlCacheBehavior [ RunTime:0.001000s ]
INFO: [ view_filter ] --END-- [ RunTime:0.001000s ]
INFO: [ app_end ] --START--
INFO: Run Behavior\ShowPageTraceBehavior [ RunTime:0.001000s ]
INFO: [ app_end ] --END-- [ RunTime:0.001000s ]

[ 2018-03-18T08:57:39+08:00 ] 127.0.0.1 /Admin/User/recmlists.html
INFO: [ app_init ] --START--
INFO: Run Behavior\BuildLiteBehavior [ RunTime:0.000000s ]
INFO: [ app_init ] --END-- [ RunTime:0.000000s ]
INFO: [ app_begin ] --START--
INFO: Run Behavior\ReadHtmlCacheBehavior [ RunTime:0.001000s ]
INFO: [ app_begin ] --END-- [ RunTime:0.001000s ]
SQL: SHOW COLUMNS FROM `wx_admin` [ RunTime:0.0040s ]
SQL: SHOW COLUMNS FROM `wx_role` [ RunTime:0.0040s ]
SQL: SHOW COLUMNS FROM `wx_users` [ RunTime:0.0060s ]
SQL: SELECT COUNT(*) AS tp_count FROM `wx_users` WHERE (  pid = '1' ) LIMIT 1   [ RunTime:0.0010s ]
SQL: SELECT * FROM `wx_users` INNER JOIN wx_memberlevel ON wx_memberlevel.id = wx_users.level  WHERE ( wx_users.pid = '1' ) ORDER BY wx_users.user_id desc LIMIT 0,10   [ RunTime:0.0090s ]
INFO: [ view_parse ] --START--
INFO: [ template_filter ] --START--
INFO: Run Behavior\ContentReplaceBehavior [ RunTime:0.000000s ]
INFO: [ template_filter ] --END-- [ RunTime:0.000000s ]
INFO: Run Behavior\ParseTemplateBehavior [ RunTime:0.029002s ]
INFO: [ view_parse ] --END-- [ RunTime:0.029002s ]
INFO: [ view_filter ] --START--
INFO: Run Behavior\WriteHtmlCacheBehavior [ RunTime:0.000000s ]
INFO: [ view_filter ] --END-- [ RunTime:0.000000s ]
INFO: [ app_end ] --START--
INFO: Run Behavior\ShowPageTraceBehavior [ RunTime:0.000000s ]
INFO: [ app_end ] --END-- [ RunTime:0.001000s ]

[ 2018-03-18T08:57:52+08:00 ] 127.0.0.1 /Admin/Deal/main.html
INFO: [ app_init ] --START--
INFO: Run Behavior\BuildLiteBehavior [ RunTime:0.000000s ]
INFO: [ app_init ] --END-- [ RunTime:0.000000s ]
INFO: [ app_begin ] --START--
INFO: Run Behavior\ReadHtmlCacheBehavior [ RunTime:0.001000s ]
INFO: [ app_begin ] --END-- [ RunTime:0.001000s ]
SQL: SHOW COLUMNS FROM `wx_broke_record` [ RunTime:0.0230s ]
NOTIC: [8] Undefined index: user_name E:\contion\WWW\slh\Application\Admin\Controller\DealController.class.php 第 22 行.
SQL: SELECT COUNT(*) AS tp_count FROM `wx_broke_record` LIMIT 1   [ RunTime:0.0000s ]
SQL: SELECT * FROM `wx_broke_record` ORDER BY id desc LIMIT 0,10   [ RunTime:0.0000s ]
INFO: [ view_parse ] --START--
INFO: [ template_filter ] --START--
INFO: Run Behavior\ContentReplaceBehavior [ RunTime:0.000000s ]
INFO: [ template_filter ] --END-- [ RunTime:0.000000s ]
INFO: Run Behavior\ParseTemplateBehavior [ RunTime:0.018001s ]
INFO: [ view_parse ] --END-- [ RunTime:0.018001s ]
INFO: [ view_filter ] --START--
INFO: Run Behavior\WriteHtmlCacheBehavior [ RunTime:0.001000s ]
INFO: [ view_filter ] --END-- [ RunTime:0.001000s ]
INFO: [ app_end ] --START--
INFO: Run Behavior\ShowPageTraceBehavior [ RunTime:0.001000s ]
INFO: [ app_end ] --END-- [ RunTime:0.001000s ]

[ 2018-03-18T08:57:52+08:00 ] 127.0.0.1 /Admin/Deal/main_ajax.html?user_name=&p=1&type=&truename=&start=0&end=0
INFO: [ app_init ] --START--
INFO: Run Behavior\BuildLiteBehavior [ RunTime:0.000000s ]
INFO: [ app_init ] --END-- [ RunTime:0.000000s ]
INFO: [ app_begin ] --START--
INFO: Run Behavior\ReadHtmlCacheBehavior [ RunTime:0.001000s ]
INFO: [ app_begin ] --END-- [ RunTime:0.001000s ]
SQL: SHOW COLUMNS FROM `wx_broke_record` [ RunTime:0.0040s ]
SQL: SELECT COUNT(*) AS tp_count FROM `wx_broke_record` LIMIT 1   [ RunTime:0.0000s ]
SQL: SELECT * FROM `wx_broke_record` ORDER BY bdate desc LIMIT 0,13   [ RunTime:0.0000s ]
NOTIC: [8] Undefined variable: down_page E:\contion\WWW\slh\ThinkPHP\Library\Think\Pageajax.class.php 第 215 行.
NOTIC: [8] Undefined variable: the_first E:\contion\WWW\slh\ThinkPHP\Library\Think\Pageajax.class.php 第 215 行.
INFO: [ view_parse ] --START--
INFO: [ template_filter ] --START--
INFO: Run Behavior\ContentReplaceBehavior [ RunTime:0.000000s ]
INFO: [ template_filter ] --END-- [ RunTime:0.000000s ]
INFO: Run Behavior\ParseTemplateBehavior [ RunTime:0.022001s ]
INFO: [ view_parse ] --END-- [ RunTime:0.022001s ]
INFO: [ view_filter ] --START--
INFO: Run Behavior\WriteHtmlCacheBehavior [ RunTime:0.000000s ]
INFO: [ view_filter ] --END-- [ RunTime:0.000000s ]
INFO: [ app_end ] --START--
INFO: Run Behavior\ShowPageTraceBehavior [ RunTime:0.001001s ]
INFO: [ app_end ] --END-- [ RunTime:0.001001s ]

[ 2018-03-18T08:57:54+08:00 ] 127.0.0.1 /Admin/Shop/good.html
INFO: [ app_init ] --START--
INFO: Run Behavior\BuildLiteBehavior [ RunTime:0.000000s ]
INFO: [ app_init ] --END-- [ RunTime:0.001000s ]
INFO: [ app_begin ] --START--
INFO: Run Behavior\ReadHtmlCacheBehavior [ RunTime:0.001000s ]
INFO: [ app_begin ] --END-- [ RunTime:0.001000s ]
SQL: SHOW COLUMNS FROM `wx_shop_goods` [ RunTime:0.0230s ]
SQL: SHOW COLUMNS FROM `wx_shop_categrey` [ RunTime:0.0050s ]
SQL: SELECT COUNT(*) AS tp_count FROM `wx_shop_goods` LIMIT 1   [ RunTime:0.0000s ]
SQL: SELECT * FROM `wx_shop_goods` ORDER BY good_id desc LIMIT 0,10   [ RunTime:0.0000s ]
SQL: SELECT `cate_name` FROM `wx_shop_categrey` WHERE `cate_id` = 7 LIMIT 1   [ RunTime:0.0000s ]
SQL: SELECT `cate_name` FROM `wx_shop_categrey` WHERE `cate_id` = 0 LIMIT 1   [ RunTime:0.0000s ]
SQL: SELECT `cate_name` FROM `wx_shop_categrey` WHERE `cate_id` = 6 LIMIT 1   [ RunTime:0.0010s ]
SQL: SELECT `cate_name` FROM `wx_shop_categrey` WHERE `cate_id` = 0 LIMIT 1   [ RunTime:0.0000s ]
SQL: SELECT `cate_name` FROM `wx_shop_categrey` WHERE `cate_id` = 5 LIMIT 1   [ RunTime:0.0000s ]
SQL: SELECT `cate_name` FROM `wx_shop_categrey` WHERE `cate_id` = 0 LIMIT 1   [ RunTime:0.0010s ]
SQL: SELECT `cate_name` FROM `wx_shop_categrey` WHERE `cate_id` = 5 LIMIT 1   [ RunTime:0.0000s ]
SQL: SELECT `cate_name` FROM `wx_shop_categrey` WHERE `cate_id` = 0 LIMIT 1   [ RunTime:0.0000s ]
SQL: SELECT `cate_name` FROM `wx_shop_categrey` WHERE `cate_id` = 4 LIMIT 1   [ RunTime:0.0000s ]
SQL: SELECT `cate_name` FROM `wx_shop_categrey` WHERE `cate_id` = 0 LIMIT 1   [ RunTime:0.0000s ]
INFO: [ view_parse ] --START--
INFO: [ template_filter ] --START--
INFO: Run Behavior\ContentReplaceBehavior [ RunTime:0.000000s ]
INFO: [ template_filter ] --END-- [ RunTime:0.000000s ]
INFO: Run Behavior\ParseTemplateBehavior [ RunTime:0.008001s ]
INFO: [ view_parse ] --END-- [ RunTime:0.008001s ]
INFO: [ view_filter ] --START--
INFO: Run Behavior\WriteHtmlCacheBehavior [ RunTime:0.001000s ]
INFO: [ view_filter ] --END-- [ RunTime:0.001000s ]
INFO: [ app_end ] --START--
INFO: Run Behavior\ShowPageTraceBehavior [ RunTime:0.000000s ]
INFO: [ app_end ] --END-- [ RunTime:0.000000s ]

[ 2018-03-18T08:57:57+08:00 ] 127.0.0.1 /Admin/Shop/order.html
INFO: [ app_init ] --START--
INFO: Run Behavior\BuildLiteBehavior [ RunTime:0.000000s ]
INFO: [ app_init ] --END-- [ RunTime:0.000000s ]
INFO: [ app_begin ] --START--
INFO: Run Behavior\ReadHtmlCacheBehavior [ RunTime:0.000000s ]
INFO: [ app_begin ] --END-- [ RunTime:0.000000s ]
SQL: SHOW COLUMNS FROM `wx_shop_order` [ RunTime:0.0360s ]
SQL: SELECT * FROM `wx_shop_order`  [ RunTime:0.0000s ]
INFO: [ view_parse ] --START--
INFO: [ template_filter ] --START--
INFO: Run Behavior\ContentReplaceBehavior [ RunTime:0.000000s ]
INFO: [ template_filter ] --END-- [ RunTime:0.000000s ]
INFO: Run Behavior\ParseTemplateBehavior [ RunTime:0.006000s ]
INFO: [ view_parse ] --END-- [ RunTime:0.006000s ]
INFO: [ view_filter ] --START--
INFO: Run Behavior\WriteHtmlCacheBehavior [ RunTime:0.001000s ]
INFO: [ view_filter ] --END-- [ RunTime:0.001000s ]
INFO: [ app_end ] --START--
INFO: Run Behavior\ShowPageTraceBehavior [ RunTime:0.000000s ]
INFO: [ app_end ] --END-- [ RunTime:0.000000s ]

[ 2018-03-18T08:57:57+08:00 ] 127.0.0.1 /Admin/Shop/order_ajax.html?order_sn=&p=1&is_true=&state=&start=0&end=-2209104000
INFO: [ app_init ] --START--
INFO: Run Behavior\BuildLiteBehavior [ RunTime:0.000000s ]
INFO: [ app_init ] --END-- [ RunTime:0.000000s ]
INFO: [ app_begin ] --START--
INFO: Run Behavior\ReadHtmlCacheBehavior [ RunTime:0.000000s ]
INFO: [ app_begin ] --END-- [ RunTime:0.000000s ]
SQL: SHOW COLUMNS FROM `wx_shop_order` [ RunTime:0.0060s ]
SQL: SHOW COLUMNS FROM `wx_address` [ RunTime:0.0270s ]
SQL: SELECT COUNT(*) AS tp_count FROM `wx_shop_order` LIMIT 1   [ RunTime:0.0010s ]
SQL: SELECT * FROM `wx_shop_order` ORDER BY time desc LIMIT 0,10   [ RunTime:0.0000s ]
INFO: [ view_parse ] --START--
INFO: [ template_filter ] --START--
INFO: Run Behavior\ContentReplaceBehavior [ RunTime:0.000000s ]
INFO: [ template_filter ] --END-- [ RunTime:0.000000s ]
INFO: Run Behavior\ParseTemplateBehavior [ RunTime:0.007000s ]
INFO: [ view_parse ] --END-- [ RunTime:0.007000s ]
INFO: [ view_filter ] --START--
INFO: Run Behavior\WriteHtmlCacheBehavior [ RunTime:0.001000s ]
INFO: [ view_filter ] --END-- [ RunTime:0.001000s ]
INFO: [ app_end ] --START--
INFO: Run Behavior\ShowPageTraceBehavior [ RunTime:0.000000s ]
INFO: [ app_end ] --END-- [ RunTime:0.000000s ]

[ 2018-03-18T08:58:50+08:00 ] 127.0.0.1 /Admin/Daili/eliminate.html
INFO: [ app_init ] --START--
INFO: Run Behavior\BuildLiteBehavior [ RunTime:0.000000s ]
INFO: [ app_init ] --END-- [ RunTime:0.000000s ]
INFO: [ app_begin ] --START--
INFO: Run Behavior\ReadHtmlCacheBehavior [ RunTime:0.001000s ]
INFO: [ app_begin ] --END-- [ RunTime:0.001000s ]
INFO: [ view_parse ] --START--
INFO: [ template_filter ] --START--
INFO: Run Behavior\ContentReplaceBehavior [ RunTime:0.000000s ]
INFO: [ template_filter ] --END-- [ RunTime:0.001000s ]
INFO: Run Behavior\ParseTemplateBehavior [ RunTime:0.025001s ]
INFO: [ view_parse ] --END-- [ RunTime:0.025001s ]
INFO: [ view_filter ] --START--
INFO: Run Behavior\WriteHtmlCacheBehavior [ RunTime:0.001000s ]
INFO: [ view_filter ] --END-- [ RunTime:0.001000s ]
INFO: [ app_end ] --START--
INFO: Run Behavior\ShowPageTraceBehavior [ RunTime:0.000000s ]
INFO: [ app_end ] --END-- [ RunTime:0.000000s ]

[ 2018-03-18T08:58:51+08:00 ] 127.0.0.1 /Admin/Daili/builder_verify_img.html
INFO: [ app_init ] --START--
INFO: Run Behavior\BuildLiteBehavior [ RunTime:0.000000s ]
INFO: [ app_init ] --END-- [ RunTime:0.000000s ]
INFO: [ app_begin ] --START--
INFO: Run Behavior\ReadHtmlCacheBehavior [ RunTime:0.001000s ]
INFO: [ app_begin ] --END-- [ RunTime:0.001000s ]

[ 2018-03-18T08:58:52+08:00 ] 127.0.0.1 /Admin/Daili/memberlevel.html
INFO: [ app_init ] --START--
INFO: Run Behavior\BuildLiteBehavior [ RunTime:0.000000s ]
INFO: [ app_init ] --END-- [ RunTime:0.000000s ]
INFO: [ app_begin ] --START--
INFO: Run Behavior\ReadHtmlCacheBehavior [ RunTime:0.000000s ]
INFO: [ app_begin ] --END-- [ RunTime:0.000000s ]
SQL: SHOW COLUMNS FROM `wx_memberlevel` [ RunTime:0.0040s ]
SQL: SELECT * FROM `wx_memberlevel`  [ RunTime:0.0000s ]
INFO: [ view_parse ] --START--
INFO: [ template_filter ] --START--
INFO: Run Behavior\ContentReplaceBehavior [ RunTime:0.000000s ]
INFO: [ template_filter ] --END-- [ RunTime:0.000000s ]
INFO: Run Behavior\ParseTemplateBehavior [ RunTime:0.009000s ]
INFO: [ view_parse ] --END-- [ RunTime:0.009000s ]
INFO: [ view_filter ] --START--
INFO: Run Behavior\WriteHtmlCacheBehavior [ RunTime:0.000000s ]
INFO: [ view_filter ] --END-- [ RunTime:0.000000s ]
INFO: [ app_end ] --START--
INFO: Run Behavior\ShowPageTraceBehavior [ RunTime:0.001000s ]
INFO: [ app_end ] --END-- [ RunTime:0.001000s ]

[ 2018-03-18T08:58:53+08:00 ] 127.0.0.1 /Admin/Daili/system.html
INFO: [ app_init ] --START--
INFO: Run Behavior\BuildLiteBehavior [ RunTime:0.000000s ]
INFO: [ app_init ] --END-- [ RunTime:0.001001s ]
INFO: [ app_begin ] --START--
INFO: Run Behavior\ReadHtmlCacheBehavior [ RunTime:0.001000s ]
INFO: [ app_begin ] --END-- [ RunTime:0.001000s ]
SQL: SHOW COLUMNS FROM `wx_bonus_info` [ RunTime:0.0760s ]
SQL: SELECT * FROM `wx_bonus_info`  [ RunTime:0.0000s ]
INFO: [ view_parse ] --START--
INFO: [ template_filter ] --START--
INFO: Run Behavior\ContentReplaceBehavior [ RunTime:0.000000s ]
INFO: [ template_filter ] --END-- [ RunTime:0.000000s ]
INFO: Run Behavior\ParseTemplateBehavior [ RunTime:0.009000s ]
INFO: [ view_parse ] --END-- [ RunTime:0.009000s ]
INFO: [ view_filter ] --START--
INFO: Run Behavior\WriteHtmlCacheBehavior [ RunTime:0.000000s ]
INFO: [ view_filter ] --END-- [ RunTime:0.000000s ]
INFO: [ app_end ] --START--
INFO: Run Behavior\ShowPageTraceBehavior [ RunTime:0.001000s ]
INFO: [ app_end ] --END-- [ RunTime:0.001000s ]

[ 2018-03-18T08:58:55+08:00 ] 127.0.0.1 /Admin/User/manage.html
INFO: [ app_init ] --START--
INFO: Run Behavior\BuildLiteBehavior [ RunTime:0.000000s ]
INFO: [ app_init ] --END-- [ RunTime:0.000000s ]
INFO: [ app_begin ] --START--
INFO: Run Behavior\ReadHtmlCacheBehavior [ RunTime:0.000000s ]
INFO: [ app_begin ] --END-- [ RunTime:0.000000s ]
SQL: SHOW COLUMNS FROM `wx_admin` [ RunTime:0.0040s ]
SQL: SHOW COLUMNS FROM `wx_role` [ RunTime:0.0040s ]
SQL: SELECT * FROM `wx_admin`  [ RunTime:0.0000s ]
INFO: [ view_parse ] --START--
INFO: [ template_filter ] --START--
INFO: Run Behavior\ContentReplaceBehavior [ RunTime:0.000000s ]
INFO: [ template_filter ] --END-- [ RunTime:0.000000s ]
NOTIC: [8] Undefined index: user_status E:\contion\WWW\slh\Application\Runtime\Cache\Admin\2cfe8db935ef79f32f2cabbe2b7c7d38.php 第 58 行.
NOTIC: [8] Undefined variable: user_statuses E:\contion\WWW\slh\Application\Runtime\Cache\Admin\2cfe8db935ef79f32f2cabbe2b7c7d38.php 第 58 行.
NOTIC: [8] Undefined index: user_status E:\contion\WWW\slh\Application\Runtime\Cache\Admin\2cfe8db935ef79f32f2cabbe2b7c7d38.php 第 58 行.
NOTIC: [8] Undefined variable: user_statuses E:\contion\WWW\slh\Application\Runtime\Cache\Admin\2cfe8db935ef79f32f2cabbe2b7c7d38.php 第 58 行.
NOTIC: [8] Undefined index: user_status E:\contion\WWW\slh\Application\Runtime\Cache\Admin\2cfe8db935ef79f32f2cabbe2b7c7d38.php 第 58 行.
NOTIC: [8] Undefined variable: user_statuses E:\contion\WWW\slh\Application\Runtime\Cache\Admin\2cfe8db935ef79f32f2cabbe2b7c7d38.php 第 58 行.
NOTIC: [8] Undefined index: user_status E:\contion\WWW\slh\Application\Runtime\Cache\Admin\2cfe8db935ef79f32f2cabbe2b7c7d38.php 第 58 行.
NOTIC: [8] Undefined variable: user_statuses E:\contion\WWW\slh\Application\Runtime\Cache\Admin\2cfe8db935ef79f32f2cabbe2b7c7d38.php 第 58 行.
NOTIC: [8] Undefined index: user_status E:\contion\WWW\slh\Application\Runtime\Cache\Admin\2cfe8db935ef79f32f2cabbe2b7c7d38.php 第 58 行.
NOTIC: [8] Undefined variable: user_statuses E:\contion\WWW\slh\Application\Runtime\Cache\Admin\2cfe8db935ef79f32f2cabbe2b7c7d38.php 第 58 行.
INFO: Run Behavior\ParseTemplateBehavior [ RunTime:0.031002s ]
INFO: [ view_parse ] --END-- [ RunTime:0.031002s ]
INFO: [ view_filter ] --START--
INFO: Run Behavior\WriteHtmlCacheBehavior [ RunTime:0.000000s ]
INFO: [ view_filter ] --END-- [ RunTime:0.000000s ]
INFO: [ app_end ] --START--
INFO: Run Behavior\ShowPageTraceBehavior [ RunTime:0.001000s ]
INFO: [ app_end ] --END-- [ RunTime:0.001000s ]

[ 2018-03-18T08:58:56+08:00 ] 127.0.0.1 /Admin/Rbac/index.html
INFO: [ app_init ] --START--
INFO: Run Behavior\BuildLiteBehavior [ RunTime:0.000000s ]
INFO: [ app_init ] --END-- [ RunTime:0.000000s ]
INFO: [ app_begin ] --START--
INFO: Run Behavior\ReadHtmlCacheBehavior [ RunTime:0.000000s ]
INFO: [ app_begin ] --END-- [ RunTime:0.000000s ]
SQL: SHOW COLUMNS FROM `wx_role` [ RunTime:0.0040s ]
SQL: SELECT * FROM `wx_role` ORDER BY `listorder` ASC,`id` DESC  [ RunTime:0.0000s ]
INFO: [ view_parse ] --START--
INFO: [ template_filter ] --START--
INFO: Run Behavior\ContentReplaceBehavior [ RunTime:0.000000s ]
INFO: [ template_filter ] --END-- [ RunTime:0.001000s ]
INFO: Run Behavior\ParseTemplateBehavior [ RunTime:0.020001s ]
INFO: [ view_parse ] --END-- [ RunTime:0.020001s ]
INFO: [ view_filter ] --START--
INFO: Run Behavior\WriteHtmlCacheBehavior [ RunTime:0.000000s ]
INFO: [ view_filter ] --END-- [ RunTime:0.000000s ]
INFO: [ app_end ] --START--
INFO: Run Behavior\ShowPageTraceBehavior [ RunTime:0.001000s ]
INFO: [ app_end ] --END-- [ RunTime:0.001000s ]

[ 2018-03-18T17:03:47+08:00 ] 127.0.0.1 /Admin/Shop/good.html
INFO: [ app_init ] --START--
INFO: Run Behavior\BuildLiteBehavior [ RunTime:0.000000s ]
INFO: [ app_init ] --END-- [ RunTime:0.001000s ]
INFO: [ app_begin ] --START--
INFO: Run Behavior\ReadHtmlCacheBehavior [ RunTime:0.020001s ]
INFO: [ app_begin ] --END-- [ RunTime:0.021001s ]
SQL: SHOW COLUMNS FROM `wx_shop_goods` [ RunTime:0.1930s ]
SQL: SHOW COLUMNS FROM `wx_shop_categrey` [ RunTime:0.0190s ]
SQL: SELECT COUNT(*) AS tp_count FROM `wx_shop_goods` LIMIT 1   [ RunTime:0.0920s ]
SQL: SELECT * FROM `wx_shop_goods` ORDER BY good_id desc LIMIT 0,10   [ RunTime:0.0010s ]
SQL: SELECT `cate_name` FROM `wx_shop_categrey` WHERE `cate_id` = 7 LIMIT 1   [ RunTime:0.0190s ]
SQL: SELECT `cate_name` FROM `wx_shop_categrey` WHERE `cate_id` = 0 LIMIT 1   [ RunTime:0.0010s ]
SQL: SELECT `cate_name` FROM `wx_shop_categrey` WHERE `cate_id` = 6 LIMIT 1   [ RunTime:0.0000s ]
SQL: SELECT `cate_name` FROM `wx_shop_categrey` WHERE `cate_id` = 0 LIMIT 1   [ RunTime:0.0000s ]
SQL: SELECT `cate_name` FROM `wx_shop_categrey` WHERE `cate_id` = 5 LIMIT 1   [ RunTime:0.0000s ]
SQL: SELECT `cate_name` FROM `wx_shop_categrey` WHERE `cate_id` = 0 LIMIT 1   [ RunTime:0.0010s ]
SQL: SELECT `cate_name` FROM `wx_shop_categrey` WHERE `cate_id` = 5 LIMIT 1   [ RunTime:0.0000s ]
SQL: SELECT `cate_name` FROM `wx_shop_categrey` WHERE `cate_id` = 0 LIMIT 1   [ RunTime:0.0000s ]
SQL: SELECT `cate_name` FROM `wx_shop_categrey` WHERE `cate_id` = 4 LIMIT 1   [ RunTime:0.0000s ]
SQL: SELECT `cate_name` FROM `wx_shop_categrey` WHERE `cate_id` = 0 LIMIT 1   [ RunTime:0.0000s ]
INFO: [ view_parse ] --START--
INFO: [ template_filter ] --START--
INFO: Run Behavior\ContentReplaceBehavior [ RunTime:0.000000s ]
INFO: [ template_filter ] --END-- [ RunTime:0.000000s ]
INFO: Run Behavior\ParseTemplateBehavior [ RunTime:0.066004s ]
INFO: [ view_parse ] --END-- [ RunTime:0.066004s ]
INFO: [ view_filter ] --START--
INFO: Run Behavior\WriteHtmlCacheBehavior [ RunTime:0.001000s ]
INFO: [ view_filter ] --END-- [ RunTime:0.001000s ]
INFO: [ app_end ] --START--
INFO: Run Behavior\ShowPageTraceBehavior [ RunTime:0.001000s ]
INFO: [ app_end ] --END-- [ RunTime:0.001000s ]

[ 2018-03-18T17:34:28+08:00 ] 127.0.0.1 /Admin/Daili/eliminate.html
INFO: [ app_init ] --START--
INFO: Run Behavior\BuildLiteBehavior [ RunTime:0.000000s ]
INFO: [ app_init ] --END-- [ RunTime:0.000000s ]
INFO: [ app_begin ] --START--
INFO: Run Behavior\ReadHtmlCacheBehavior [ RunTime:0.001000s ]
INFO: [ app_begin ] --END-- [ RunTime:0.001000s ]
INFO: [ view_parse ] --START--
INFO: [ template_filter ] --START--
INFO: Run Behavior\ContentReplaceBehavior [ RunTime:0.000000s ]
INFO: [ template_filter ] --END-- [ RunTime:0.000000s ]
INFO: Run Behavior\ParseTemplateBehavior [ RunTime:0.019001s ]
INFO: [ view_parse ] --END-- [ RunTime:0.019001s ]
INFO: [ view_filter ] --START--
INFO: Run Behavior\WriteHtmlCacheBehavior [ RunTime:0.000000s ]
INFO: [ view_filter ] --END-- [ RunTime:0.000000s ]
INFO: [ app_end ] --START--
INFO: Run Behavior\ShowPageTraceBehavior [ RunTime:0.001000s ]
INFO: [ app_end ] --END-- [ RunTime:0.002000s ]

[ 2018-03-18T17:34:28+08:00 ] 127.0.0.1 /Admin/Daili/builder_verify_img.html
INFO: [ app_init ] --START--
INFO: Run Behavior\BuildLiteBehavior [ RunTime:0.000000s ]
INFO: [ app_init ] --END-- [ RunTime:0.000000s ]
INFO: [ app_begin ] --START--
INFO: Run Behavior\ReadHtmlCacheBehavior [ RunTime:0.001000s ]
INFO: [ app_begin ] --END-- [ RunTime:0.001000s ]

[ 2018-03-18T17:34:30+08:00 ] 127.0.0.1 /Admin/User/manage.html
INFO: [ app_init ] --START--
INFO: Run Behavior\BuildLiteBehavior [ RunTime:0.000000s ]
INFO: [ app_init ] --END-- [ RunTime:0.000000s ]
INFO: [ app_begin ] --START--
INFO: Run Behavior\ReadHtmlCacheBehavior [ RunTime:0.000000s ]
INFO: [ app_begin ] --END-- [ RunTime:0.000000s ]
SQL: SHOW COLUMNS FROM `wx_admin` [ RunTime:0.0510s ]
SQL: SHOW COLUMNS FROM `wx_role` [ RunTime:0.0480s ]
SQL: SELECT * FROM `wx_admin`  [ RunTime:0.0010s ]
INFO: [ view_parse ] --START--
INFO: [ template_filter ] --START--
INFO: Run Behavior\ContentReplaceBehavior [ RunTime:0.001000s ]
INFO: [ template_filter ] --END-- [ RunTime:0.001000s ]
NOTIC: [8] Undefined index: user_status E:\contion\WWW\slh\Application\Runtime\Cache\Admin\2cfe8db935ef79f32f2cabbe2b7c7d38.php 第 58 行.
NOTIC: [8] Undefined variable: user_statuses E:\contion\WWW\slh\Application\Runtime\Cache\Admin\2cfe8db935ef79f32f2cabbe2b7c7d38.php 第 58 行.
NOTIC: [8] Undefined index: user_status E:\contion\WWW\slh\Application\Runtime\Cache\Admin\2cfe8db935ef79f32f2cabbe2b7c7d38.php 第 58 行.
NOTIC: [8] Undefined variable: user_statuses E:\contion\WWW\slh\Application\Runtime\Cache\Admin\2cfe8db935ef79f32f2cabbe2b7c7d38.php 第 58 行.
NOTIC: [8] Undefined index: user_status E:\contion\WWW\slh\Application\Runtime\Cache\Admin\2cfe8db935ef79f32f2cabbe2b7c7d38.php 第 58 行.
NOTIC: [8] Undefined variable: user_statuses E:\contion\WWW\slh\Application\Runtime\Cache\Admin\2cfe8db935ef79f32f2cabbe2b7c7d38.php 第 58 行.
NOTIC: [8] Undefined index: user_status E:\contion\WWW\slh\Application\Runtime\Cache\Admin\2cfe8db935ef79f32f2cabbe2b7c7d38.php 第 58 行.
NOTIC: [8] Undefined variable: user_statuses E:\contion\WWW\slh\Application\Runtime\Cache\Admin\2cfe8db935ef79f32f2cabbe2b7c7d38.php 第 58 行.
NOTIC: [8] Undefined index: user_status E:\contion\WWW\slh\Application\Runtime\Cache\Admin\2cfe8db935ef79f32f2cabbe2b7c7d38.php 第 58 行.
NOTIC: [8] Undefined variable: user_statuses E:\contion\WWW\slh\Application\Runtime\Cache\Admin\2cfe8db935ef79f32f2cabbe2b7c7d38.php 第 58 行.
INFO: Run Behavior\ParseTemplateBehavior [ RunTime:0.021001s ]
INFO: [ view_parse ] --END-- [ RunTime:0.021001s ]
INFO: [ view_filter ] --START--
INFO: Run Behavior\WriteHtmlCacheBehavior [ RunTime:0.001001s ]
INFO: [ view_filter ] --END-- [ RunTime:0.001001s ]
INFO: [ app_end ] --START--
INFO: Run Behavior\ShowPageTraceBehavior [ RunTime:0.001000s ]
INFO: [ app_end ] --END-- [ RunTime:0.001000s ]

[ 2018-03-18T17:34:58+08:00 ] 127.0.0.1 /Admin/Shop/categrey.html
INFO: [ app_init ] --START--
INFO: Run Behavior\BuildLiteBehavior [ RunTime:0.000000s ]
INFO: [ app_init ] --END-- [ RunTime:0.000000s ]
INFO: [ app_begin ] --START--
INFO: Run Behavior\ReadHtmlCacheBehavior [ RunTime:0.000000s ]
INFO: [ app_begin ] --END-- [ RunTime:0.000000s ]
SQL: SHOW COLUMNS FROM `wx_shop_categrey` [ RunTime:0.0050s ]
SQL: SELECT * FROM `wx_shop_categrey` WHERE (  pid = 0  ) ORDER BY code desc  [ RunTime:0.0420s ]
SQL: SELECT * FROM `wx_shop_categrey` WHERE (  pid = '5'  ) ORDER BY code desc  [ RunTime:0.0010s ]
SQL: SELECT * FROM `wx_shop_categrey` WHERE (  pid = '4'  ) ORDER BY code desc  [ RunTime:0.0000s ]
SQL: SELECT * FROM `wx_shop_categrey` WHERE (  pid = '6'  ) ORDER BY code desc  [ RunTime:0.0000s ]
SQL: SELECT * FROM `wx_shop_categrey` WHERE (  pid = '7'  ) ORDER BY code desc  [ RunTime:0.0010s ]
INFO: [ view_parse ] --START--
INFO: [ template_filter ] --START--
INFO: Run Behavior\ContentReplaceBehavior [ RunTime:0.000000s ]
INFO: [ template_filter ] --END-- [ RunTime:0.000000s ]
NOTIC: [8] Undefined variable: empty E:\contion\WWW\slh\Application\Runtime\Cache\Admin\5455a4524ad63cc33acfc5d8ebb1fc25.php 第 74 行.
NOTIC: [8] Undefined variable: empty E:\contion\WWW\slh\Application\Runtime\Cache\Admin\5455a4524ad63cc33acfc5d8ebb1fc25.php 第 74 行.
NOTIC: [8] Undefined variable: empty E:\contion\WWW\slh\Application\Runtime\Cache\Admin\5455a4524ad63cc33acfc5d8ebb1fc25.php 第 74 行.
NOTIC: [8] Undefined variable: empty E:\contion\WWW\slh\Application\Runtime\Cache\Admin\5455a4524ad63cc33acfc5d8ebb1fc25.php 第 74 行.
INFO: Run Behavior\ParseTemplateBehavior [ RunTime:0.045002s ]
INFO: [ view_parse ] --END-- [ RunTime:0.045002s ]
INFO: [ view_filter ] --START--
INFO: Run Behavior\WriteHtmlCacheBehavior [ RunTime:0.001000s ]
INFO: [ view_filter ] --END-- [ RunTime:0.001000s ]
INFO: [ app_end ] --START--
INFO: Run Behavior\ShowPageTraceBehavior [ RunTime:0.001001s ]
INFO: [ app_end ] --END-- [ RunTime:0.002001s ]

[ 2018-03-18T17:35:20+08:00 ] 127.0.0.1 /Admin/Shop/categrey.html
INFO: [ app_init ] --START--
INFO: Run Behavior\BuildLiteBehavior [ RunTime:0.000000s ]
INFO: [ app_init ] --END-- [ RunTime:0.001000s ]
INFO: [ app_begin ] --START--
INFO: Run Behavior\ReadHtmlCacheBehavior [ RunTime:0.001000s ]
INFO: [ app_begin ] --END-- [ RunTime:0.001000s ]
SQL: SHOW COLUMNS FROM `wx_shop_categrey` [ RunTime:0.0050s ]
SQL: SELECT * FROM `wx_shop_categrey` WHERE (  pid = 0  ) ORDER BY code desc  [ RunTime:0.0000s ]
SQL: SELECT * FROM `wx_shop_categrey` WHERE (  pid = '5'  ) ORDER BY code desc  [ RunTime:0.0000s ]
SQL: SELECT * FROM `wx_shop_categrey` WHERE (  pid = '4'  ) ORDER BY code desc  [ RunTime:0.0000s ]
SQL: SELECT * FROM `wx_shop_categrey` WHERE (  pid = '6'  ) ORDER BY code desc  [ RunTime:0.0000s ]
SQL: SELECT * FROM `wx_shop_categrey` WHERE (  pid = '7'  ) ORDER BY code desc  [ RunTime:0.0000s ]
INFO: [ view_parse ] --START--
INFO: [ template_filter ] --START--
INFO: Run Behavior\ContentReplaceBehavior [ RunTime:0.000000s ]
INFO: [ template_filter ] --END-- [ RunTime:0.001000s ]
NOTIC: [8] Undefined variable: empty E:\contion\WWW\slh\Application\Runtime\Cache\Admin\5455a4524ad63cc33acfc5d8ebb1fc25.php 第 74 行.
NOTIC: [8] Undefined variable: empty E:\contion\WWW\slh\Application\Runtime\Cache\Admin\5455a4524ad63cc33acfc5d8ebb1fc25.php 第 74 行.
NOTIC: [8] Undefined variable: empty E:\contion\WWW\slh\Application\Runtime\Cache\Admin\5455a4524ad63cc33acfc5d8ebb1fc25.php 第 74 行.
NOTIC: [8] Undefined variable: empty E:\contion\WWW\slh\Application\Runtime\Cache\Admin\5455a4524ad63cc33acfc5d8ebb1fc25.php 第 74 行.
INFO: Run Behavior\ParseTemplateBehavior [ RunTime:0.014001s ]
INFO: [ view_parse ] --END-- [ RunTime:0.014001s ]
INFO: [ view_filter ] --START--
INFO: Run Behavior\WriteHtmlCacheBehavior [ RunTime:0.001000s ]
INFO: [ view_filter ] --END-- [ RunTime:0.001000s ]
INFO: [ app_end ] --START--
INFO: Run Behavior\ShowPageTraceBehavior [ RunTime:0.002000s ]
INFO: [ app_end ] --END-- [ RunTime:0.002000s ]

[ 2018-03-18T17:35:22+08:00 ] 127.0.0.1 /Admin/Shop/setting.html
INFO: [ app_init ] --START--
INFO: Run Behavior\BuildLiteBehavior [ RunTime:0.000000s ]
INFO: [ app_init ] --END-- [ RunTime:0.001000s ]
INFO: [ app_begin ] --START--
INFO: Run Behavior\ReadHtmlCacheBehavior [ RunTime:0.002000s ]
INFO: [ app_begin ] --END-- [ RunTime:0.002000s ]
SQL: SHOW COLUMNS FROM `wx_shop_bannar` [ RunTime:0.1150s ]
SQL: SHOW COLUMNS FROM `wx_shop_ad` [ RunTime:0.1940s ]
NOTIC: [8] Undefined index: uplode E:\contion\WWW\slh\Application\Admin\Controller\ShopController.class.php 第 18 行.
NOTIC: [8] Undefined index: ad E:\contion\WWW\slh\Application\Admin\Controller\ShopController.class.php 第 38 行.
SQL: SELECT * FROM `wx_shop_bannar` ORDER BY code desc  [ RunTime:0.0020s ]
SQL: SELECT * FROM `wx_shop_ad` ORDER BY code desc  [ RunTime:0.0000s ]
INFO: [ view_parse ] --START--
INFO: [ template_filter ] --START--
INFO: Run Behavior\ContentReplaceBehavior [ RunTime:0.000000s ]
INFO: [ template_filter ] --END-- [ RunTime:0.000000s ]
INFO: Run Behavior\ParseTemplateBehavior [ RunTime:0.050003s ]
INFO: [ view_parse ] --END-- [ RunTime:0.050003s ]
INFO: [ view_filter ] --START--
INFO: Run Behavior\WriteHtmlCacheBehavior [ RunTime:0.002000s ]
INFO: [ view_filter ] --END-- [ RunTime:0.002000s ]
INFO: [ app_end ] --START--
INFO: Run Behavior\ShowPageTraceBehavior [ RunTime:0.003000s ]
INFO: [ app_end ] --END-- [ RunTime:0.003000s ]

[ 2018-03-18T17:37:11+08:00 ] 127.0.0.1 /Admin/Index/newmain.html
INFO: [ app_init ] --START--
INFO: Run Behavior\BuildLiteBehavior [ RunTime:0.000000s ]
INFO: [ app_init ] --END-- [ RunTime:0.001000s ]
INFO: [ app_begin ] --START--
INFO: Run Behavior\ReadHtmlCacheBehavior [ RunTime:0.003001s ]
INFO: [ app_begin ] --END-- [ RunTime:0.003001s ]
SQL: SHOW COLUMNS FROM `wx_users` [ RunTime:0.0450s ]
SQL: SELECT * FROM `wx_users` WHERE ( user_id = 1 ) LIMIT 1   [ RunTime:0.0180s ]
SQL: SHOW COLUMNS FROM `wx_bonus` [ RunTime:0.0210s ]
SQL: SELECT sum(b0) as sumb FROM `wx_bonus` WHERE year(bdate) = '2018' AND month(bdate) = '03' AND day(bdate) = '18' LIMIT 1   [ RunTime:0.0160s ]
SQL: SELECT sum(b0) as sumb FROM `wx_bonus` WHERE year(bdate) = '2018' AND month(bdate) = '03' AND day(bdate) = '17' LIMIT 1   [ RunTime:0.0010s ]
SQL: SELECT sum(b0) as sumb FROM `wx_bonus` WHERE year(bdate) = '2018' AND month(bdate) = '03' AND day(bdate) = '16' LIMIT 1   [ RunTime:0.0010s ]
SQL: SELECT sum(b0) as sumb FROM `wx_bonus` WHERE year(bdate) = '2018' AND month(bdate) = '03' AND day(bdate) = '15' LIMIT 1   [ RunTime:0.0010s ]
SQL: SELECT sum(b0) as sumb FROM `wx_bonus` WHERE year(bdate) = '2018' AND month(bdate) = '03' AND day(bdate) = '14' LIMIT 1   [ RunTime:0.0010s ]
SQL: SELECT sum(b0) as sumb FROM `wx_bonus` WHERE year(bdate) = '2018' AND month(bdate) = '03' AND day(bdate) = '13' LIMIT 1   [ RunTime:0.0010s ]
SQL: SELECT sum(b0) as sumb FROM `wx_bonus` WHERE year(bdate) = '2018' AND month(bdate) = '03' AND day(bdate) = '12' LIMIT 1   [ RunTime:0.0010s ]
SQL: SELECT sum(b0) as sumb FROM `wx_bonus` WHERE year(bdate) = '2018' AND month(bdate) = '03' AND day(bdate) = '11' LIMIT 1   [ RunTime:0.0010s ]
SQL: SELECT sum(b0) as sumb FROM `wx_bonus` WHERE year(bdate) = '2018' AND month(bdate) = '03' AND day(bdate) = '10' LIMIT 1   [ RunTime:0.0010s ]
SQL: SELECT sum(b0) as sumb FROM `wx_bonus` WHERE year(bdate) = '2018' AND month(bdate) = '03' AND day(bdate) = '09' LIMIT 1   [ RunTime:0.0010s ]
SQL: SELECT sum(b0) as sumb FROM `wx_bonus` WHERE year(bdate) = '2018' AND month(bdate) = '03' AND day(bdate) = '08' LIMIT 1   [ RunTime:0.0010s ]
SQL: SELECT sum(b0) as sumb FROM `wx_bonus` WHERE year(bdate) = '2018' AND month(bdate) = '03' AND day(bdate) = '07' LIMIT 1   [ RunTime:0.0000s ]
SQL: SELECT sum(b0) as sumb FROM `wx_bonus` WHERE year(bdate) = '2018' AND month(bdate) = '03' AND day(bdate) = '06' LIMIT 1   [ RunTime:0.0000s ]
SQL: SELECT sum(b0) as sumb FROM `wx_bonus` WHERE year(bdate) = '2018' AND month(bdate) = '03' AND day(bdate) = '05' LIMIT 1   [ RunTime:0.0000s ]
SQL: SELECT sum(b0) as sumb FROM `wx_bonus` WHERE year(bdate) = '2018' AND month(bdate) = '03' AND day(bdate) = '04' LIMIT 1   [ RunTime:0.0000s ]
SQL: SELECT sum(b0) as sumb FROM `wx_bonus` WHERE year(bdate) = '2018' AND month(bdate) = '03' AND day(bdate) = '03' LIMIT 1   [ RunTime:0.0000s ]
SQL: SHOW COLUMNS FROM `wx_systemyeji` [ RunTime:0.0660s ]
SQL: SELECT * FROM `wx_systemyeji` WHERE year(ydate) = '2018' AND month(ydate) = '03' AND day(ydate) = '18' ORDER BY id desc LIMIT 1   [ RunTime:0.0010s ]
NOTIC: [2] Division by zero E:\contion\WWW\slh\Application\Admin\Controller\IndexController.class.php 第 109 行.
NOTIC: [2] Division by zero E:\contion\WWW\slh\Application\Admin\Controller\IndexController.class.php 第 111 行.
INFO: [ view_parse ] --START--
INFO: [ template_filter ] --START--
INFO: Run Behavior\ContentReplaceBehavior [ RunTime:0.000000s ]
INFO: [ template_filter ] --END-- [ RunTime:0.000000s ]
INFO: Run Behavior\ParseTemplateBehavior [ RunTime:0.041003s ]
INFO: [ view_parse ] --END-- [ RunTime:0.041003s ]
INFO: [ view_filter ] --START--
INFO: Run Behavior\WriteHtmlCacheBehavior [ RunTime:0.003000s ]
INFO: [ view_filter ] --END-- [ RunTime:0.003000s ]
INFO: [ app_end ] --START--
INFO: Run Behavior\ShowPageTraceBehavior [ RunTime:0.003000s ]
INFO: [ app_end ] --END-- [ RunTime:0.003000s ]

[ 2018-03-18T17:37:14+08:00 ] 127.0.0.1 /Admin/User/wordedit.html
INFO: [ app_init ] --START--
INFO: Run Behavior\BuildLiteBehavior [ RunTime:0.000000s ]
INFO: [ app_init ] --END-- [ RunTime:0.000000s ]
INFO: [ app_begin ] --START--
INFO: Run Behavior\ReadHtmlCacheBehavior [ RunTime:0.002000s ]
INFO: [ app_begin ] --END-- [ RunTime:0.002000s ]
SQL: SHOW COLUMNS FROM `wx_admin` [ RunTime:0.0040s ]
SQL: SHOW COLUMNS FROM `wx_role` [ RunTime:0.0050s ]
INFO: [ view_parse ] --START--
INFO: [ template_filter ] --START--
INFO: Run Behavior\ContentReplaceBehavior [ RunTime:0.000000s ]
INFO: [ template_filter ] --END-- [ RunTime:0.000000s ]
INFO: Run Behavior\ParseTemplateBehavior [ RunTime:0.031002s ]
INFO: [ view_parse ] --END-- [ RunTime:0.032002s ]
INFO: [ view_filter ] --START--
INFO: Run Behavior\WriteHtmlCacheBehavior [ RunTime:0.000000s ]
INFO: [ view_filter ] --END-- [ RunTime:0.000000s ]
INFO: [ app_end ] --START--
INFO: Run Behavior\ShowPageTraceBehavior [ RunTime:0.001000s ]
INFO: [ app_end ] --END-- [ RunTime:0.001000s ]

[ 2018-03-18T17:37:17+08:00 ] 127.0.0.1 /Admin/User/recharge.html
INFO: [ app_init ] --START--
INFO: Run Behavior\BuildLiteBehavior [ RunTime:0.000000s ]
INFO: [ app_init ] --END-- [ RunTime:0.000000s ]
INFO: [ app_begin ] --START--
INFO: Run Behavior\ReadHtmlCacheBehavior [ RunTime:0.001000s ]
INFO: [ app_begin ] --END-- [ RunTime:0.002000s ]
SQL: SHOW COLUMNS FROM `wx_admin` [ RunTime:0.0050s ]
SQL: SHOW COLUMNS FROM `wx_role` [ RunTime:0.0040s ]
INFO: [ view_parse ] --START--
INFO: [ template_filter ] --START--
INFO: Run Behavior\ContentReplaceBehavior [ RunTime:0.000000s ]
INFO: [ template_filter ] --END-- [ RunTime:0.001000s ]
INFO: Run Behavior\ParseTemplateBehavior [ RunTime:0.026001s ]
INFO: [ view_parse ] --END-- [ RunTime:0.026001s ]
INFO: [ view_filter ] --START--
INFO: Run Behavior\WriteHtmlCacheBehavior [ RunTime:0.001000s ]
INFO: [ view_filter ] --END-- [ RunTime:0.001000s ]
INFO: [ app_end ] --START--
INFO: Run Behavior\ShowPageTraceBehavior [ RunTime:0.001000s ]
INFO: [ app_end ] --END-- [ RunTime:0.001000s ]

[ 2018-03-18T17:37:19+08:00 ] 127.0.0.1 /Admin/Deal/transfer.html
INFO: [ app_init ] --START--
INFO: Run Behavior\BuildLiteBehavior [ RunTime:0.000000s ]
INFO: [ app_init ] --END-- [ RunTime:0.000000s ]
INFO: [ app_begin ] --START--
INFO: Run Behavior\ReadHtmlCacheBehavior [ RunTime:0.002000s ]
INFO: [ app_begin ] --END-- [ RunTime:0.002000s ]
INFO: [ view_parse ] --START--
INFO: [ template_filter ] --START--
INFO: Run Behavior\ContentReplaceBehavior [ RunTime:0.000000s ]
INFO: [ template_filter ] --END-- [ RunTime:0.000000s ]
INFO: Run Behavior\ParseTemplateBehavior [ RunTime:0.073004s ]
INFO: [ view_parse ] --END-- [ RunTime:0.073004s ]
INFO: [ view_filter ] --START--
INFO: Run Behavior\WriteHtmlCacheBehavior [ RunTime:0.001000s ]
INFO: [ view_filter ] --END-- [ RunTime:0.001000s ]
INFO: [ app_end ] --START--
INFO: Run Behavior\ShowPageTraceBehavior [ RunTime:0.001000s ]
INFO: [ app_end ] --END-- [ RunTime:0.001000s ]

[ 2018-03-18T17:37:21+08:00 ] 127.0.0.1 /Admin/Deal/detaillists.html
INFO: [ app_init ] --START--
INFO: Run Behavior\BuildLiteBehavior [ RunTime:0.000000s ]
INFO: [ app_init ] --END-- [ RunTime:0.001001s ]
INFO: [ app_begin ] --START--
INFO: Run Behavior\ReadHtmlCacheBehavior [ RunTime:0.002000s ]
INFO: [ app_begin ] --END-- [ RunTime:0.002000s ]
SQL: SHOW COLUMNS FROM `wx_transfer` [ RunTime:0.0500s ]
NOTIC: [8] Undefined index: user_name E:\contion\WWW\slh\Application\Admin\Controller\DealController.class.php 第 304 行.
SQL: SELECT COUNT(*) AS tp_count FROM `wx_transfer` LIMIT 1   [ RunTime:0.0000s ]
SQL: SELECT * FROM `wx_transfer` ORDER BY id desc LIMIT 0,10   [ RunTime:0.0000s ]
INFO: [ view_parse ] --START--
INFO: [ template_filter ] --START--
INFO: Run Behavior\ContentReplaceBehavior [ RunTime:0.000000s ]
INFO: [ template_filter ] --END-- [ RunTime:0.000000s ]
INFO: Run Behavior\ParseTemplateBehavior [ RunTime:0.014001s ]
INFO: [ view_parse ] --END-- [ RunTime:0.014001s ]
INFO: [ view_filter ] --START--
INFO: Run Behavior\WriteHtmlCacheBehavior [ RunTime:0.001000s ]
INFO: [ view_filter ] --END-- [ RunTime:0.001000s ]
INFO: [ app_end ] --START--
INFO: Run Behavior\ShowPageTraceBehavior [ RunTime:0.001000s ]
INFO: [ app_end ] --END-- [ RunTime:0.001000s ]

[ 2018-03-18T17:37:21+08:00 ] 127.0.0.1 /Admin/Deal/detaillists_ajax.html?user_name=&p=1&type=undefined&truename=&start=0&end=0
INFO: [ app_init ] --START--
INFO: Run Behavior\BuildLiteBehavior [ RunTime:0.000000s ]
INFO: [ app_init ] --END-- [ RunTime:0.001000s ]
INFO: [ app_begin ] --START--
INFO: Run Behavior\ReadHtmlCacheBehavior [ RunTime:0.001000s ]
INFO: [ app_begin ] --END-- [ RunTime:0.001000s ]
SQL: SHOW COLUMNS FROM `wx_transfer` [ RunTime:0.0060s ]
SQL: SELECT COUNT(*) AS tp_count FROM `wx_transfer` LIMIT 1   [ RunTime:0.0000s ]
SQL: SELECT * FROM `wx_transfer` ORDER BY createtime desc LIMIT 0,10   [ RunTime:0.0000s ]
NOTIC: [8] Undefined variable: down_page E:\contion\WWW\slh\ThinkPHP\Library\Think\Pageajax.class.php 第 215 行.
NOTIC: [8] Undefined variable: the_first E:\contion\WWW\slh\ThinkPHP\Library\Think\Pageajax.class.php 第 215 行.
INFO: [ view_parse ] --START--
INFO: [ template_filter ] --START--
INFO: Run Behavior\ContentReplaceBehavior [ RunTime:0.000000s ]
INFO: [ template_filter ] --END-- [ RunTime:0.000000s ]
INFO: Run Behavior\ParseTemplateBehavior [ RunTime:0.016001s ]
INFO: [ view_parse ] --END-- [ RunTime:0.016001s ]
INFO: [ view_filter ] --START--
INFO: Run Behavior\WriteHtmlCacheBehavior [ RunTime:0.002000s ]
INFO: [ view_filter ] --END-- [ RunTime:0.002000s ]
INFO: [ app_end ] --START--
INFO: Run Behavior\ShowPageTraceBehavior [ RunTime:0.002000s ]
INFO: [ app_end ] --END-- [ RunTime:0.002000s ]

[ 2018-03-18T17:37:22+08:00 ] 127.0.0.1 /Admin/Deal/recordlists.html
INFO: [ app_init ] --START--
INFO: Run Behavior\BuildLiteBehavior [ RunTime:0.000000s ]
INFO: [ app_init ] --END-- [ RunTime:0.000000s ]
INFO: [ app_begin ] --START--
INFO: Run Behavior\ReadHtmlCacheBehavior [ RunTime:0.001000s ]
INFO: [ app_begin ] --END-- [ RunTime:0.001000s ]
SQL: SHOW COLUMNS FROM `wx_bonus` [ RunTime:0.0050s ]
SQL: SELECT COUNT(*) AS tp_count FROM ( SELECT DATE_FORMAT(bdate,'%Y-%m-%d') days,count(*) counts FROM `wx_bonus` GROUP BY days  ) b LIMIT 1   [ RunTime:0.0460s ]
SQL: SELECT DATE_FORMAT(bdate,'%Y-%m-%d') days,sum(b0) as b0,sum(b1) as b1,sum(b2) as b2,sum(b3) as b3,sum(b4) as b4,sum(b5) as b5,sum(b6) as b6,sum(b7) as b7,sum(b8) as b8,sum(ax) as ax,sum(jf) as jf,sum(tx) as tx,sum(sh) as sh FROM `wx_bonus` GROUP BY days ORDER BY id desc LIMIT 0,10   [ RunTime:0.0020s ]
NOTIC: [8] Undefined variable: down_page E:\contion\WWW\slh\ThinkPHP\Library\Think\Pageajax.class.php 第 215 行.
NOTIC: [8] Undefined variable: the_first E:\contion\WWW\slh\ThinkPHP\Library\Think\Pageajax.class.php 第 215 行.
INFO: [ view_parse ] --START--
INFO: [ template_filter ] --START--
INFO: Run Behavior\ContentReplaceBehavior [ RunTime:0.000000s ]
INFO: [ template_filter ] --END-- [ RunTime:0.000000s ]
INFO: Run Behavior\ParseTemplateBehavior [ RunTime:0.036002s ]
INFO: [ view_parse ] --END-- [ RunTime:0.036002s ]
INFO: [ view_filter ] --START--
INFO: Run Behavior\WriteHtmlCacheBehavior [ RunTime:0.001000s ]
INFO: [ view_filter ] --END-- [ RunTime:0.001000s ]
INFO: [ app_end ] --START--
INFO: Run Behavior\ShowPageTraceBehavior [ RunTime:0.002000s ]
INFO: [ app_end ] --END-- [ RunTime:0.002000s ]

[ 2018-03-18T17:37:23+08:00 ] 127.0.0.1 /Admin/Deal/withdraw.html
INFO: [ app_init ] --START--
INFO: Run Behavior\BuildLiteBehavior [ RunTime:0.000000s ]
INFO: [ app_init ] --END-- [ RunTime:0.000000s ]
INFO: [ app_begin ] --START--
INFO: Run Behavior\ReadHtmlCacheBehavior [ RunTime:0.002000s ]
INFO: [ app_begin ] --END-- [ RunTime:0.002000s ]
SQL: SHOW COLUMNS FROM `wx_withdraw` [ RunTime:0.0450s ]
NOTIC: [8] Undefined index: user_name E:\contion\WWW\slh\Application\Admin\Controller\DealController.class.php 第 170 行.
SQL: SELECT COUNT(*) AS tp_count FROM `wx_withdraw` LIMIT 1   [ RunTime:0.0000s ]
SQL: SELECT * FROM `wx_withdraw` ORDER BY id desc LIMIT 0,5   [ RunTime:0.0010s ]
INFO: [ view_parse ] --START--
INFO: [ template_filter ] --START--
INFO: Run Behavior\ContentReplaceBehavior [ RunTime:0.000000s ]
INFO: [ template_filter ] --END-- [ RunTime:0.000000s ]
INFO: Run Behavior\ParseTemplateBehavior [ RunTime:0.021001s ]
INFO: [ view_parse ] --END-- [ RunTime:0.021001s ]
INFO: [ view_filter ] --START--
INFO: Run Behavior\WriteHtmlCacheBehavior [ RunTime:0.001000s ]
INFO: [ view_filter ] --END-- [ RunTime:0.001000s ]
INFO: [ app_end ] --START--
INFO: Run Behavior\ShowPageTraceBehavior [ RunTime:0.001000s ]
INFO: [ app_end ] --END-- [ RunTime:0.001000s ]

[ 2018-03-18T17:37:24+08:00 ] 127.0.0.1 /Admin/Deal/withdraw_ajax.html?user_name=&p=1&type=undefined&truename=&start=0&end=0
INFO: [ app_init ] --START--
INFO: Run Behavior\BuildLiteBehavior [ RunTime:0.000000s ]
INFO: [ app_init ] --END-- [ RunTime:0.000000s ]
INFO: [ app_begin ] --START--
INFO: Run Behavior\ReadHtmlCacheBehavior [ RunTime:0.001000s ]
INFO: [ app_begin ] --END-- [ RunTime:0.001000s ]
SQL: SHOW COLUMNS FROM `wx_withdraw` [ RunTime:0.0050s ]
SQL: SHOW COLUMNS FROM `wx_users` [ RunTime:0.0070s ]
SQL: SHOW COLUMNS FROM `wx_bank` [ RunTime:0.0380s ]
SQL: SELECT COUNT(*) AS tp_count FROM `wx_withdraw` LIMIT 1   [ RunTime:0.0000s ]
SQL: SELECT * FROM `wx_withdraw` ORDER BY createtime desc LIMIT 0,10   [ RunTime:0.0000s ]
SQL: SELECT `name` FROM `wx_bank` WHERE ( id = '2' ) LIMIT 1   [ RunTime:0.0010s ]
SQL: SELECT `moblie` FROM `wx_users` WHERE ( user_name = 'M000022' ) LIMIT 1   [ RunTime:0.0150s ]
SQL: SELECT `name` FROM `wx_bank` WHERE ( id = '2' ) LIMIT 1   [ RunTime:0.0010s ]
SQL: SELECT `moblie` FROM `wx_users` WHERE ( user_name = 'M000016' ) LIMIT 1   [ RunTime:0.0000s ]
SQL: SELECT `name` FROM `wx_bank` WHERE ( id = '2' ) LIMIT 1   [ RunTime:0.0000s ]
SQL: SELECT `moblie` FROM `wx_users` WHERE ( user_name = 'M000016' ) LIMIT 1   [ RunTime:0.0000s ]
SQL: SELECT `name` FROM `wx_bank` WHERE ( id = '1' ) LIMIT 1   [ RunTime:0.0000s ]
SQL: SELECT `moblie` FROM `wx_users` WHERE ( user_name = 'M000054' ) LIMIT 1   [ RunTime:0.0060s ]
SQL: SELECT `name` FROM `wx_bank` WHERE ( id = '1' ) LIMIT 1   [ RunTime:0.0000s ]
SQL: SELECT `moblie` FROM `wx_users` WHERE ( user_name = 'M000054' ) LIMIT 1   [ RunTime:0.0000s ]
SQL: SELECT `name` FROM `wx_bank` WHERE ( id = '1' ) LIMIT 1   [ RunTime:0.0000s ]
SQL: SELECT `moblie` FROM `wx_users` WHERE ( user_name = 'M000054' ) LIMIT 1   [ RunTime:0.0000s ]
SQL: SELECT `name` FROM `wx_bank` WHERE ( id = '1' ) LIMIT 1   [ RunTime:0.0000s ]
SQL: SELECT `moblie` FROM `wx_users` WHERE ( user_name = 'M000054' ) LIMIT 1   [ RunTime:0.0000s ]
SQL: SELECT `name` FROM `wx_bank` WHERE ( id = '1' ) LIMIT 1   [ RunTime:0.0000s ]
SQL: SELECT `moblie` FROM `wx_users` WHERE ( user_name = 'M000054' ) LIMIT 1   [ RunTime:0.0010s ]
SQL: SELECT `name` FROM `wx_bank` WHERE ( id = '1' ) LIMIT 1   [ RunTime:0.0010s ]
SQL: SELECT `moblie` FROM `wx_users` WHERE ( user_name = 'M000054' ) LIMIT 1   [ RunTime:0.0010s ]
SQL: SELECT `name` FROM `wx_bank` WHERE ( id = '1' ) LIMIT 1   [ RunTime:0.0000s ]
SQL: SELECT `moblie` FROM `wx_users` WHERE ( user_name = 'M000054' ) LIMIT 1   [ RunTime:0.0010s ]
NOTIC: [8] Undefined variable: down_page E:\contion\WWW\slh\ThinkPHP\Library\Think\Pageajax.class.php 第 215 行.
NOTIC: [8] Undefined variable: the_first E:\contion\WWW\slh\ThinkPHP\Library\Think\Pageajax.class.php 第 215 行.
INFO: [ view_parse ] --START--
INFO: [ template_filter ] --START--
INFO: Run Behavior\ContentReplaceBehavior [ RunTime:0.000000s ]
INFO: [ template_filter ] --END-- [ RunTime:0.001000s ]
INFO: Run Behavior\ParseTemplateBehavior [ RunTime:0.022001s ]
INFO: [ view_parse ] --END-- [ RunTime:0.022001s ]
INFO: [ view_filter ] --START--
INFO: Run Behavior\WriteHtmlCacheBehavior [ RunTime:0.001000s ]
INFO: [ view_filter ] --END-- [ RunTime:0.001000s ]
INFO: [ app_end ] --START--
INFO: Run Behavior\ShowPageTraceBehavior [ RunTime:0.002000s ]
INFO: [ app_end ] --END-- [ RunTime:0.002000s ]

[ 2018-03-18T17:37:26+08:00 ] 127.0.0.1 /Admin/Daili/system.html
INFO: [ app_init ] --START--
INFO: Run Behavior\BuildLiteBehavior [ RunTime:0.000000s ]
INFO: [ app_init ] --END-- [ RunTime:0.000000s ]
INFO: [ app_begin ] --START--
INFO: Run Behavior\ReadHtmlCacheBehavior [ RunTime:0.001000s ]
INFO: [ app_begin ] --END-- [ RunTime:0.001000s ]
SQL: SHOW COLUMNS FROM `wx_bonus_info` [ RunTime:0.0900s ]
SQL: SELECT * FROM `wx_bonus_info`  [ RunTime:0.0010s ]
INFO: [ view_parse ] --START--
INFO: [ template_filter ] --START--
INFO: Run Behavior\ContentReplaceBehavior [ RunTime:0.000000s ]
INFO: [ template_filter ] --END-- [ RunTime:0.001000s ]
INFO: Run Behavior\ParseTemplateBehavior [ RunTime:0.036002s ]
INFO: [ view_parse ] --END-- [ RunTime:0.037002s ]
INFO: [ view_filter ] --START--
INFO: Run Behavior\WriteHtmlCacheBehavior [ RunTime:0.001000s ]
INFO: [ view_filter ] --END-- [ RunTime:0.001000s ]
INFO: [ app_end ] --START--
INFO: Run Behavior\ShowPageTraceBehavior [ RunTime:0.001000s ]
INFO: [ app_end ] --END-- [ RunTime:0.001000s ]

