[ 2018-03-15T09:53:11+08:00 ] 127.0.0.1 /admin/index
INFO: [ app_init ] --START--
INFO: Run Behavior\BuildLiteBehavior [ RunTime:0.000011s ]
INFO: [ app_init ] --END-- [ RunTime:0.000535s ]
INFO: [ app_begin ] --START--
INFO: Run Behavior\ReadHtmlCacheBehavior [ RunTime:0.002047s ]
INFO: [ app_begin ] --END-- [ RunTime:0.002098s ]
SQL: SHOW COLUMNS FROM `wx_role_user` [ RunTime:0.0146s ]
SQL: SELECT a.rule_name FROM wx_role_user u LEFT JOIN wx_auth_access a on u.role_id=a.role_id  WHERE `user_id` = null  [ RunTime:0.0172s ]
INFO: [ view_parse ] --START--
INFO: [ template_filter ] --START--
INFO: Run Behavior\ContentReplaceBehavior [ RunTime:0.000047s ]
INFO: [ template_filter ] --END-- [ RunTime:0.000094s ]
INFO: Run Behavior\ParseTemplateBehavior [ RunTime:0.038367s ]
INFO: [ view_parse ] --END-- [ RunTime:0.038430s ]
INFO: [ view_filter ] --START--
INFO: Run Behavior\WriteHtmlCacheBehavior [ RunTime:0.000674s ]
INFO: [ view_filter ] --END-- [ RunTime:0.000705s ]

[ 2018-03-15T09:53:18+08:00 ] 127.0.0.1 /Admin/User/index.html
INFO: [ app_init ] --START--
INFO: Run Behavior\BuildLiteBehavior [ RunTime:0.000010s ]
INFO: [ app_init ] --END-- [ RunTime:0.000501s ]
INFO: [ app_begin ] --START--
INFO: Run Behavior\ReadHtmlCacheBehavior [ RunTime:0.000636s ]
INFO: [ app_begin ] --END-- [ RunTime:0.000669s ]
SQL: SHOW COLUMNS FROM `wx_admin` [ RunTime:0.0640s ]
SQL: SHOW COLUMNS FROM `wx_role` [ RunTime:0.0277s ]
INFO: [ view_parse ] --START--
INFO: [ template_filter ] --START--
INFO: Run Behavior\ContentReplaceBehavior [ RunTime:0.000137s ]
INFO: [ template_filter ] --END-- [ RunTime:0.000240s ]
INFO: Run Behavior\ParseTemplateBehavior [ RunTime:0.022456s ]
INFO: [ view_parse ] --END-- [ RunTime:0.022592s ]
INFO: [ view_filter ] --START--
INFO: Run Behavior\WriteHtmlCacheBehavior [ RunTime:0.001395s ]
INFO: [ view_filter ] --END-- [ RunTime:0.001475s ]
INFO: [ app_end ] --START--
INFO: Run Behavior\ShowPageTraceBehavior [ RunTime:0.012808s ]
INFO: [ app_end ] --END-- [ RunTime:0.012921s ]

[ 2018-03-15T09:53:52+08:00 ] 127.0.0.1 /Admin/User/index.html?time=Thu%20Mar%2015%202018%2009:53:51%20GMT+0800%20(%E4%B8%AD%E5%9B%BD%E6%A0%87%E5%87%86%E6%97%B6%E9%97%B4)
INFO: [ app_init ] --START--
INFO: Run Behavior\BuildLiteBehavior [ RunTime:0.000016s ]
INFO: [ app_init ] --END-- [ RunTime:0.000867s ]
INFO: [ app_begin ] --START--
INFO: Run Behavior\ReadHtmlCacheBehavior [ RunTime:0.000943s ]
INFO: [ app_begin ] --END-- [ RunTime:0.000985s ]
SQL: SHOW COLUMNS FROM `wx_admin` [ RunTime:0.0211s ]
SQL: SHOW COLUMNS FROM `wx_role` [ RunTime:0.0075s ]
SQL: SELECT * FROM `wx_admin` WHERE (  username = 'admin'  )  [ RunTime:0.0007s ]
SQL: UPDATE `wx_admin` SET `ip`='127.0.0.1',`last_time`='2018' WHERE (  id = '1'  ) [ RunTime:0.1068s ]
INFO: [ app_end ] --START--
INFO: Run Behavior\ShowPageTraceBehavior [ RunTime:0.003591s ]
INFO: [ app_end ] --END-- [ RunTime:0.003743s ]

[ 2018-03-15T09:53:54+08:00 ] 127.0.0.1 /Admin/Index/index.html
INFO: [ app_init ] --START--
INFO: Run Behavior\BuildLiteBehavior [ RunTime:0.000011s ]
INFO: [ app_init ] --END-- [ RunTime:0.000511s ]
INFO: [ app_begin ] --START--
INFO: Run Behavior\ReadHtmlCacheBehavior [ RunTime:0.000676s ]
INFO: [ app_begin ] --END-- [ RunTime:0.000710s ]
INFO: [ view_parse ] --START--
INFO: [ template_filter ] --START--
INFO: Run Behavior\ContentReplaceBehavior [ RunTime:0.000116s ]
INFO: [ template_filter ] --END-- [ RunTime:0.000191s ]
INFO: Run Behavior\ParseTemplateBehavior [ RunTime:0.036961s ]
INFO: [ view_parse ] --END-- [ RunTime:0.037188s ]
INFO: [ view_filter ] --START--
INFO: Run Behavior\WriteHtmlCacheBehavior [ RunTime:0.001598s ]
INFO: [ view_filter ] --END-- [ RunTime:0.001674s ]
INFO: [ app_end ] --START--
INFO: Run Behavior\ShowPageTraceBehavior [ RunTime:0.001757s ]
INFO: [ app_end ] --END-- [ RunTime:0.001836s ]

[ 2018-03-15T09:53:55+08:00 ] 127.0.0.1 /Admin/Index/newtop.html
INFO: [ app_init ] --START--
INFO: Run Behavior\BuildLiteBehavior [ RunTime:0.000011s ]
INFO: [ app_init ] --END-- [ RunTime:0.000440s ]
INFO: [ app_begin ] --START--
INFO: Run Behavior\ReadHtmlCacheBehavior [ RunTime:0.000630s ]
INFO: [ app_begin ] --END-- [ RunTime:0.000670s ]
INFO: [ view_parse ] --START--
INFO: [ template_filter ] --START--
INFO: Run Behavior\ContentReplaceBehavior [ RunTime:0.000103s ]
INFO: [ template_filter ] --END-- [ RunTime:0.000209s ]
INFO: Run Behavior\ParseTemplateBehavior [ RunTime:0.021806s ]
INFO: [ view_parse ] --END-- [ RunTime:0.021969s ]
INFO: [ view_filter ] --START--
INFO: Run Behavior\WriteHtmlCacheBehavior [ RunTime:0.000988s ]
INFO: [ view_filter ] --END-- [ RunTime:0.001048s ]
INFO: [ app_end ] --START--
INFO: Run Behavior\ShowPageTraceBehavior [ RunTime:0.001579s ]
INFO: [ app_end ] --END-- [ RunTime:0.001640s ]

[ 2018-03-15T09:53:56+08:00 ] 127.0.0.1 /Admin/Index/newleft.html
INFO: [ app_init ] --START--
INFO: Run Behavior\BuildLiteBehavior [ RunTime:0.000014s ]
INFO: [ app_init ] --END-- [ RunTime:0.000563s ]
INFO: [ app_begin ] --START--
INFO: Run Behavior\ReadHtmlCacheBehavior [ RunTime:0.000854s ]
INFO: [ app_begin ] --END-- [ RunTime:0.000902s ]
SQL: SHOW COLUMNS FROM `wx_menu` [ RunTime:0.0533s ]
SQL: SELECT * FROM `wx_menu` WHERE ( parentid = 0 ) ORDER BY `listorder` ASC  [ RunTime:0.0017s ]
SQL: SELECT * FROM `wx_menu` WHERE ( parentid = 187 ) ORDER BY `listorder` ASC  [ RunTime:0.0006s ]
SQL: SELECT * FROM `wx_menu` WHERE ( parentid = 191 ) ORDER BY `listorder` ASC  [ RunTime:0.0004s ]
SQL: SELECT * FROM `wx_menu` WHERE ( parentid = 198 ) ORDER BY `listorder` ASC  [ RunTime:0.0004s ]
SQL: SELECT * FROM `wx_menu` WHERE ( parentid = 203 ) ORDER BY `listorder` ASC  [ RunTime:0.0004s ]
SQL: SELECT * FROM `wx_menu` WHERE ( parentid = 109 ) ORDER BY `listorder` ASC  [ RunTime:0.0004s ]
SQL: SELECT * FROM `wx_menu` WHERE ( parentid = 139 ) ORDER BY `listorder` ASC  [ RunTime:0.0006s ]
INFO: [ view_parse ] --START--
INFO: [ template_filter ] --START--
INFO: Run Behavior\ContentReplaceBehavior [ RunTime:0.000101s ]
INFO: [ template_filter ] --END-- [ RunTime:0.000146s ]
INFO: Run Behavior\ParseTemplateBehavior [ RunTime:0.020932s ]
INFO: [ view_parse ] --END-- [ RunTime:0.020991s ]
INFO: [ view_filter ] --START--
INFO: Run Behavior\WriteHtmlCacheBehavior [ RunTime:0.000427s ]
INFO: [ view_filter ] --END-- [ RunTime:0.000455s ]
INFO: [ app_end ] --START--
INFO: Run Behavior\ShowPageTraceBehavior [ RunTime:0.000878s ]
INFO: [ app_end ] --END-- [ RunTime:0.000929s ]

[ 2018-03-15T09:53:57+08:00 ] 127.0.0.1 /Admin/Index/newmain.html
INFO: [ app_init ] --START--
INFO: Run Behavior\BuildLiteBehavior [ RunTime:0.000012s ]
INFO: [ app_init ] --END-- [ RunTime:0.000518s ]
INFO: [ app_begin ] --START--
INFO: Run Behavior\ReadHtmlCacheBehavior [ RunTime:0.000869s ]
INFO: [ app_begin ] --END-- [ RunTime:0.000910s ]
SQL: SHOW COLUMNS FROM `wx_users` [ RunTime:0.0444s ]
SQL: SELECT * FROM `wx_users` WHERE ( user_id = 1 ) LIMIT 1   [ RunTime:0.0015s ]
SQL: SHOW COLUMNS FROM `wx_bonus` [ RunTime:0.0104s ]
SQL: SELECT sum(b0) as sumb FROM `wx_bonus` WHERE year(bdate) = '2018' AND month(bdate) = '03' AND day(bdate) = '15' LIMIT 1   [ RunTime:0.0008s ]
SQL: SELECT sum(b0) as sumb FROM `wx_bonus` WHERE year(bdate) = '2018' AND month(bdate) = '03' AND day(bdate) = '14' LIMIT 1   [ RunTime:0.0003s ]
SQL: SELECT sum(b0) as sumb FROM `wx_bonus` WHERE year(bdate) = '2018' AND month(bdate) = '03' AND day(bdate) = '13' LIMIT 1   [ RunTime:0.0002s ]
SQL: SELECT sum(b0) as sumb FROM `wx_bonus` WHERE year(bdate) = '2018' AND month(bdate) = '03' AND day(bdate) = '12' LIMIT 1   [ RunTime:0.0002s ]
SQL: SELECT sum(b0) as sumb FROM `wx_bonus` WHERE year(bdate) = '2018' AND month(bdate) = '03' AND day(bdate) = '11' LIMIT 1   [ RunTime:0.0002s ]
SQL: SELECT sum(b0) as sumb FROM `wx_bonus` WHERE year(bdate) = '2018' AND month(bdate) = '03' AND day(bdate) = '10' LIMIT 1   [ RunTime:0.0002s ]
SQL: SELECT sum(b0) as sumb FROM `wx_bonus` WHERE year(bdate) = '2018' AND month(bdate) = '03' AND day(bdate) = '09' LIMIT 1   [ RunTime:0.0002s ]
SQL: SELECT sum(b0) as sumb FROM `wx_bonus` WHERE year(bdate) = '2018' AND month(bdate) = '03' AND day(bdate) = '08' LIMIT 1   [ RunTime:0.0002s ]
SQL: SELECT sum(b0) as sumb FROM `wx_bonus` WHERE year(bdate) = '2018' AND month(bdate) = '03' AND day(bdate) = '07' LIMIT 1   [ RunTime:0.0002s ]
SQL: SELECT sum(b0) as sumb FROM `wx_bonus` WHERE year(bdate) = '2018' AND month(bdate) = '03' AND day(bdate) = '06' LIMIT 1   [ RunTime:0.0002s ]
SQL: SELECT sum(b0) as sumb FROM `wx_bonus` WHERE year(bdate) = '2018' AND month(bdate) = '03' AND day(bdate) = '05' LIMIT 1   [ RunTime:0.0002s ]
SQL: SELECT sum(b0) as sumb FROM `wx_bonus` WHERE year(bdate) = '2018' AND month(bdate) = '03' AND day(bdate) = '04' LIMIT 1   [ RunTime:0.0002s ]
SQL: SELECT sum(b0) as sumb FROM `wx_bonus` WHERE year(bdate) = '2018' AND month(bdate) = '03' AND day(bdate) = '03' LIMIT 1   [ RunTime:0.0002s ]
SQL: SELECT sum(b0) as sumb FROM `wx_bonus` WHERE year(bdate) = '2018' AND month(bdate) = '03' AND day(bdate) = '02' LIMIT 1   [ RunTime:0.0002s ]
SQL: SELECT sum(b0) as sumb FROM `wx_bonus` WHERE year(bdate) = '2018' AND month(bdate) = '03' AND day(bdate) = '01' LIMIT 1   [ RunTime:0.0002s ]
SQL: SELECT sum(b0) as sumb FROM `wx_bonus` WHERE year(bdate) = '2018' AND month(bdate) = '02' AND day(bdate) = '28' LIMIT 1   [ RunTime:0.0002s ]
SQL: SHOW COLUMNS FROM `wx_systemyeji` [ RunTime:0.0097s ]
SQL: SELECT * FROM `wx_systemyeji` WHERE year(ydate) = '2018' AND month(ydate) = '03' AND day(ydate) = '15' ORDER BY id desc LIMIT 1   [ RunTime:0.0004s ]
NOTIC: [2] Division by zero D:\phpStudy\WWW\slh\Application\Admin\Controller\IndexController.class.php 第 109 行.
NOTIC: [2] Division by zero D:\phpStudy\WWW\slh\Application\Admin\Controller\IndexController.class.php 第 111 行.
INFO: [ view_parse ] --START--
INFO: [ template_filter ] --START--
INFO: Run Behavior\ContentReplaceBehavior [ RunTime:0.000127s ]
INFO: [ template_filter ] --END-- [ RunTime:0.000176s ]
INFO: Run Behavior\ParseTemplateBehavior [ RunTime:0.012621s ]
INFO: [ view_parse ] --END-- [ RunTime:0.012680s ]
INFO: [ view_filter ] --START--
INFO: Run Behavior\WriteHtmlCacheBehavior [ RunTime:0.000629s ]
INFO: [ view_filter ] --END-- [ RunTime:0.000665s ]
INFO: [ app_end ] --START--
INFO: Run Behavior\ShowPageTraceBehavior [ RunTime:0.001000s ]
INFO: [ app_end ] --END-- [ RunTime:0.001050s ]

[ 2018-03-15T09:54:11+08:00 ] 127.0.0.1 /Admin/User/sortlists.html
INFO: [ app_init ] --START--
INFO: Run Behavior\BuildLiteBehavior [ RunTime:0.000010s ]
INFO: [ app_init ] --END-- [ RunTime:0.000500s ]
INFO: [ app_begin ] --START--
INFO: Run Behavior\ReadHtmlCacheBehavior [ RunTime:0.000745s ]
INFO: [ app_begin ] --END-- [ RunTime:0.000785s ]
SQL: SHOW COLUMNS FROM `wx_admin` [ RunTime:0.0076s ]
SQL: SHOW COLUMNS FROM `wx_role` [ RunTime:0.0053s ]
SQL: SHOW COLUMNS FROM `wx_users` [ RunTime:0.0238s ]
SQL: SELECT COUNT(*) AS tp_count FROM `wx_users` LIMIT 1   [ RunTime:0.0005s ]
SQL: SELECT * FROM `wx_users` INNER JOIN wx_memberlevel ON wx_memberlevel.id = wx_users.level  LIMIT 0,10   [ RunTime:0.0355s ]
NOTIC: [8] Use of undefined constant » - assumed '»' D:\phpStudy\WWW\slh\ThinkPHP\Library\Think\Page.class.php 第 179 行.
INFO: [ view_parse ] --START--
INFO: [ template_filter ] --START--
INFO: Run Behavior\ContentReplaceBehavior [ RunTime:0.000058s ]
INFO: [ template_filter ] --END-- [ RunTime:0.000094s ]
INFO: Run Behavior\ParseTemplateBehavior [ RunTime:0.027001s ]
INFO: [ view_parse ] --END-- [ RunTime:0.027053s ]
INFO: [ view_filter ] --START--
INFO: Run Behavior\WriteHtmlCacheBehavior [ RunTime:0.000526s ]
INFO: [ view_filter ] --END-- [ RunTime:0.000553s ]
INFO: [ app_end ] --START--
INFO: Run Behavior\ShowPageTraceBehavior [ RunTime:0.000668s ]
INFO: [ app_end ] --END-- [ RunTime:0.000695s ]

[ 2018-03-15T09:54:12+08:00 ] 127.0.0.1 /Admin/User/sortlists_ajax.html?user_name=&p=1&truename=&start=0&end=0
INFO: [ app_init ] --START--
INFO: Run Behavior\BuildLiteBehavior [ RunTime:0.000013s ]
INFO: [ app_init ] --END-- [ RunTime:0.000492s ]
INFO: [ app_begin ] --START--
INFO: Run Behavior\ReadHtmlCacheBehavior [ RunTime:0.000807s ]
INFO: [ app_begin ] --END-- [ RunTime:0.000863s ]
SQL: SHOW COLUMNS FROM `wx_admin` [ RunTime:0.0080s ]
SQL: SHOW COLUMNS FROM `wx_role` [ RunTime:0.0064s ]
SQL: SHOW COLUMNS FROM `wx_users` [ RunTime:0.0091s ]
SQL: SELECT COUNT(*) AS tp_count FROM `wx_users` LIMIT 1   [ RunTime:0.0006s ]
SQL: SELECT * FROM `wx_users` INNER JOIN wx_memberlevel ON wx_memberlevel.id = wx_users.level  LIMIT 0,10   [ RunTime:0.0012s ]
NOTIC: [8] Use of undefined constant » - assumed '»' D:\phpStudy\WWW\slh\ThinkPHP\Library\Think\Pageajax.class.php 第 209 行.
NOTIC: [8] Undefined variable: down_page D:\phpStudy\WWW\slh\ThinkPHP\Library\Think\Pageajax.class.php 第 215 行.
NOTIC: [8] Undefined variable: the_first D:\phpStudy\WWW\slh\ThinkPHP\Library\Think\Pageajax.class.php 第 215 行.
INFO: [ view_parse ] --START--
INFO: [ template_filter ] --START--
INFO: Run Behavior\ContentReplaceBehavior [ RunTime:0.000038s ]
INFO: [ template_filter ] --END-- [ RunTime:0.000072s ]
INFO: Run Behavior\ParseTemplateBehavior [ RunTime:0.028257s ]
INFO: [ view_parse ] --END-- [ RunTime:0.028315s ]
INFO: [ view_filter ] --START--
INFO: Run Behavior\WriteHtmlCacheBehavior [ RunTime:0.000542s ]
INFO: [ view_filter ] --END-- [ RunTime:0.000579s ]
INFO: [ app_end ] --START--
INFO: Run Behavior\ShowPageTraceBehavior [ RunTime:0.000928s ]
INFO: [ app_end ] --END-- [ RunTime:0.000991s ]

