[ 2018-03-19T08:54:07+08:00 ] 127.0.0.1 /Admin/Index/index.html
INFO: [ app_init ] --START--
INFO: Run Behavior\BuildLiteBehavior [ RunTime:0.000000s ]
INFO: [ app_init ] --END-- [ RunTime:0.001000s ]
INFO: [ app_begin ] --START--
INFO: Run Behavior\ReadHtmlCacheBehavior [ RunTime:0.002000s ]
INFO: [ app_begin ] --END-- [ RunTime:0.002000s ]
SQL: SHOW COLUMNS FROM `wx_role_user` [ RunTime:0.0530s ]
SQL: SELECT a.rule_name FROM wx_role_user u LEFT JOIN wx_auth_access a on u.role_id=a.role_id  WHERE `user_id` = null  [ RunTime:0.0280s ]
INFO: [ view_parse ] --START--
INFO: [ template_filter ] --START--
INFO: Run Behavior\ContentReplaceBehavior [ RunTime:0.000000s ]
INFO: [ template_filter ] --END-- [ RunTime:0.000000s ]
INFO: Run Behavior\ParseTemplateBehavior [ RunTime:0.080004s ]
INFO: [ view_parse ] --END-- [ RunTime:0.080004s ]
INFO: [ view_filter ] --START--
INFO: Run Behavior\WriteHtmlCacheBehavior [ RunTime:0.001000s ]
INFO: [ view_filter ] --END-- [ RunTime:0.001000s ]

[ 2018-03-19T08:54:11+08:00 ] 127.0.0.1 /Admin/User/index.html
INFO: [ app_init ] --START--
INFO: Run Behavior\BuildLiteBehavior [ RunTime:0.000000s ]
INFO: [ app_init ] --END-- [ RunTime:0.002000s ]
INFO: [ app_begin ] --START--
INFO: Run Behavior\ReadHtmlCacheBehavior [ RunTime:0.001000s ]
INFO: [ app_begin ] --END-- [ RunTime:0.001000s ]
SQL: SHOW COLUMNS FROM `wx_admin` [ RunTime:0.0590s ]
SQL: SHOW COLUMNS FROM `wx_role` [ RunTime:0.0380s ]
INFO: [ view_parse ] --START--
INFO: [ template_filter ] --START--
INFO: Run Behavior\ContentReplaceBehavior [ RunTime:0.000000s ]
INFO: [ template_filter ] --END-- [ RunTime:0.000000s ]
INFO: Run Behavior\ParseTemplateBehavior [ RunTime:0.038002s ]
INFO: [ view_parse ] --END-- [ RunTime:0.038002s ]
INFO: [ view_filter ] --START--
INFO: Run Behavior\WriteHtmlCacheBehavior [ RunTime:0.001000s ]
INFO: [ view_filter ] --END-- [ RunTime:0.001000s ]
INFO: [ app_end ] --START--
INFO: Run Behavior\ShowPageTraceBehavior [ RunTime:0.002000s ]
INFO: [ app_end ] --END-- [ RunTime:0.002000s ]

[ 2018-03-19T08:54:14+08:00 ] 127.0.0.1 /Admin/User/index.html?time=Mon%20Mar%2019%202018%2008:54:13%20GMT+0800%20(%E4%B8%AD%E5%9B%BD%E6%A0%87%E5%87%86%E6%97%B6%E9%97%B4)
INFO: [ app_init ] --START--
INFO: Run Behavior\BuildLiteBehavior [ RunTime:0.000000s ]
INFO: [ app_init ] --END-- [ RunTime:0.001000s ]
INFO: [ app_begin ] --START--
INFO: Run Behavior\ReadHtmlCacheBehavior [ RunTime:0.002000s ]
INFO: [ app_begin ] --END-- [ RunTime:0.002000s ]
SQL: SHOW COLUMNS FROM `wx_admin` [ RunTime:0.0080s ]
SQL: SHOW COLUMNS FROM `wx_role` [ RunTime:0.0110s ]
SQL: SELECT * FROM `wx_admin` WHERE (  username = 'admin'  )  [ RunTime:0.0010s ]
SQL: UPDATE `wx_admin` SET `ip`='127.0.0.1',`last_time`='2018' WHERE (  id = '1'  ) [ RunTime:0.0020s ]
INFO: [ app_end ] --START--
INFO: Run Behavior\ShowPageTraceBehavior [ RunTime:0.001000s ]
INFO: [ app_end ] --END-- [ RunTime:0.002001s ]

[ 2018-03-19T08:54:16+08:00 ] 127.0.0.1 /Admin/Index/index.html
INFO: [ app_init ] --START--
INFO: Run Behavior\BuildLiteBehavior [ RunTime:0.001000s ]
INFO: [ app_init ] --END-- [ RunTime:0.002000s ]
INFO: [ app_begin ] --START--
INFO: Run Behavior\ReadHtmlCacheBehavior [ RunTime:0.002001s ]
INFO: [ app_begin ] --END-- [ RunTime:0.002001s ]
INFO: [ view_parse ] --START--
INFO: [ template_filter ] --START--
INFO: Run Behavior\ContentReplaceBehavior [ RunTime:0.000000s ]
INFO: [ template_filter ] --END-- [ RunTime:0.000000s ]
INFO: Run Behavior\ParseTemplateBehavior [ RunTime:0.014001s ]
INFO: [ view_parse ] --END-- [ RunTime:0.015001s ]
INFO: [ view_filter ] --START--
INFO: Run Behavior\WriteHtmlCacheBehavior [ RunTime:0.000000s ]
INFO: [ view_filter ] --END-- [ RunTime:0.000000s ]
INFO: [ app_end ] --START--
INFO: Run Behavior\ShowPageTraceBehavior [ RunTime:0.001000s ]
INFO: [ app_end ] --END-- [ RunTime:0.002000s ]

[ 2018-03-19T08:54:17+08:00 ] 127.0.0.1 /Admin/Index/newtop.html
INFO: [ app_init ] --START--
INFO: Run Behavior\BuildLiteBehavior [ RunTime:0.000000s ]
INFO: [ app_init ] --END-- [ RunTime:0.001000s ]
INFO: [ app_begin ] --START--
INFO: Run Behavior\ReadHtmlCacheBehavior [ RunTime:0.001000s ]
INFO: [ app_begin ] --END-- [ RunTime:0.002000s ]
INFO: [ view_parse ] --START--
INFO: [ template_filter ] --START--
INFO: Run Behavior\ContentReplaceBehavior [ RunTime:0.000000s ]
INFO: [ template_filter ] --END-- [ RunTime:0.000000s ]
INFO: Run Behavior\ParseTemplateBehavior [ RunTime:0.017001s ]
INFO: [ view_parse ] --END-- [ RunTime:0.017001s ]
INFO: [ view_filter ] --START--
INFO: Run Behavior\WriteHtmlCacheBehavior [ RunTime:0.001000s ]
INFO: [ view_filter ] --END-- [ RunTime:0.001000s ]
INFO: [ app_end ] --START--
INFO: Run Behavior\ShowPageTraceBehavior [ RunTime:0.002000s ]
INFO: [ app_end ] --END-- [ RunTime:0.003000s ]

[ 2018-03-19T08:54:17+08:00 ] 127.0.0.1 /Admin/Index/newleft.html
INFO: [ app_init ] --START--
INFO: Run Behavior\BuildLiteBehavior [ RunTime:0.000000s ]
INFO: [ app_init ] --END-- [ RunTime:0.002000s ]
INFO: [ app_begin ] --START--
INFO: Run Behavior\ReadHtmlCacheBehavior [ RunTime:0.003000s ]
INFO: [ app_begin ] --END-- [ RunTime:0.003000s ]
SQL: SHOW COLUMNS FROM `wx_menu` [ RunTime:0.0490s ]
SQL: SELECT * FROM `wx_menu` WHERE ( parentid = 0 ) ORDER BY `listorder` ASC  [ RunTime:0.0010s ]
SQL: SELECT * FROM `wx_menu` WHERE ( parentid = 187 ) ORDER BY `listorder` ASC  [ RunTime:0.0010s ]
SQL: SELECT * FROM `wx_menu` WHERE ( parentid = 191 ) ORDER BY `listorder` ASC  [ RunTime:0.0010s ]
SQL: SELECT * FROM `wx_menu` WHERE ( parentid = 198 ) ORDER BY `listorder` ASC  [ RunTime:0.0020s ]
SQL: SELECT * FROM `wx_menu` WHERE ( parentid = 203 ) ORDER BY `listorder` ASC  [ RunTime:0.0010s ]
SQL: SELECT * FROM `wx_menu` WHERE ( parentid = 109 ) ORDER BY `listorder` ASC  [ RunTime:0.0000s ]
SQL: SELECT * FROM `wx_menu` WHERE ( parentid = 139 ) ORDER BY `listorder` ASC  [ RunTime:0.0010s ]
INFO: [ view_parse ] --START--
INFO: [ template_filter ] --START--
INFO: Run Behavior\ContentReplaceBehavior [ RunTime:0.001000s ]
INFO: [ template_filter ] --END-- [ RunTime:0.001000s ]
INFO: Run Behavior\ParseTemplateBehavior [ RunTime:0.053003s ]
INFO: [ view_parse ] --END-- [ RunTime:0.053003s ]
INFO: [ view_filter ] --START--
INFO: Run Behavior\WriteHtmlCacheBehavior [ RunTime:0.002000s ]
INFO: [ view_filter ] --END-- [ RunTime:0.002000s ]
INFO: [ app_end ] --START--
INFO: Run Behavior\ShowPageTraceBehavior [ RunTime:0.003000s ]
INFO: [ app_end ] --END-- [ RunTime:0.003000s ]

[ 2018-03-19T08:54:17+08:00 ] 127.0.0.1 /Admin/Index/newmain.html
INFO: [ app_init ] --START--
INFO: Run Behavior\BuildLiteBehavior [ RunTime:0.000000s ]
INFO: [ app_init ] --END-- [ RunTime:0.001000s ]
INFO: [ app_begin ] --START--
INFO: Run Behavior\ReadHtmlCacheBehavior [ RunTime:0.004000s ]
INFO: [ app_begin ] --END-- [ RunTime:0.005000s ]
SQL: SHOW COLUMNS FROM `wx_users` [ RunTime:0.1530s ]
SQL: SELECT * FROM `wx_users` WHERE ( user_id = 1 ) LIMIT 1   [ RunTime:0.0020s ]
SQL: SHOW COLUMNS FROM `wx_bonus` [ RunTime:0.0300s ]
SQL: SELECT sum(b0) as sumb FROM `wx_bonus` WHERE year(bdate) = '2018' AND month(bdate) = '03' AND day(bdate) = '19' LIMIT 1   [ RunTime:0.0010s ]
SQL: SELECT sum(b0) as sumb FROM `wx_bonus` WHERE year(bdate) = '2018' AND month(bdate) = '03' AND day(bdate) = '18' LIMIT 1   [ RunTime:0.0010s ]
SQL: SELECT sum(b0) as sumb FROM `wx_bonus` WHERE year(bdate) = '2018' AND month(bdate) = '03' AND day(bdate) = '17' LIMIT 1   [ RunTime:0.0000s ]
SQL: SELECT sum(b0) as sumb FROM `wx_bonus` WHERE year(bdate) = '2018' AND month(bdate) = '03' AND day(bdate) = '16' LIMIT 1   [ RunTime:0.0010s ]
SQL: SELECT sum(b0) as sumb FROM `wx_bonus` WHERE year(bdate) = '2018' AND month(bdate) = '03' AND day(bdate) = '15' LIMIT 1   [ RunTime:0.0000s ]
SQL: SELECT sum(b0) as sumb FROM `wx_bonus` WHERE year(bdate) = '2018' AND month(bdate) = '03' AND day(bdate) = '14' LIMIT 1   [ RunTime:0.0010s ]
SQL: SELECT sum(b0) as sumb FROM `wx_bonus` WHERE year(bdate) = '2018' AND month(bdate) = '03' AND day(bdate) = '13' LIMIT 1   [ RunTime:0.0010s ]
SQL: SELECT sum(b0) as sumb FROM `wx_bonus` WHERE year(bdate) = '2018' AND month(bdate) = '03' AND day(bdate) = '12' LIMIT 1   [ RunTime:0.0010s ]
SQL: SELECT sum(b0) as sumb FROM `wx_bonus` WHERE year(bdate) = '2018' AND month(bdate) = '03' AND day(bdate) = '11' LIMIT 1   [ RunTime:0.0010s ]
SQL: SELECT sum(b0) as sumb FROM `wx_bonus` WHERE year(bdate) = '2018' AND month(bdate) = '03' AND day(bdate) = '10' LIMIT 1   [ RunTime:0.0000s ]
SQL: SELECT sum(b0) as sumb FROM `wx_bonus` WHERE year(bdate) = '2018' AND month(bdate) = '03' AND day(bdate) = '09' LIMIT 1   [ RunTime:0.0000s ]
SQL: SELECT sum(b0) as sumb FROM `wx_bonus` WHERE year(bdate) = '2018' AND month(bdate) = '03' AND day(bdate) = '08' LIMIT 1   [ RunTime:0.0010s ]
SQL: SELECT sum(b0) as sumb FROM `wx_bonus` WHERE year(bdate) = '2018' AND month(bdate) = '03' AND day(bdate) = '07' LIMIT 1   [ RunTime:0.0010s ]
SQL: SELECT sum(b0) as sumb FROM `wx_bonus` WHERE year(bdate) = '2018' AND month(bdate) = '03' AND day(bdate) = '06' LIMIT 1   [ RunTime:0.0000s ]
SQL: SELECT sum(b0) as sumb FROM `wx_bonus` WHERE year(bdate) = '2018' AND month(bdate) = '03' AND day(bdate) = '05' LIMIT 1   [ RunTime:0.0010s ]
SQL: SELECT sum(b0) as sumb FROM `wx_bonus` WHERE year(bdate) = '2018' AND month(bdate) = '03' AND day(bdate) = '04' LIMIT 1   [ RunTime:0.0000s ]
SQL: SHOW COLUMNS FROM `wx_systemyeji` [ RunTime:0.0330s ]
SQL: SELECT * FROM `wx_systemyeji` WHERE year(ydate) = '2018' AND month(ydate) = '03' AND day(ydate) = '19' ORDER BY id desc LIMIT 1   [ RunTime:0.0020s ]
NOTIC: [2] Division by zero E:\contion\WWW\slh\Application\Admin\Controller\IndexController.class.php 第 109 行.
NOTIC: [2] Division by zero E:\contion\WWW\slh\Application\Admin\Controller\IndexController.class.php 第 111 行.
INFO: [ view_parse ] --START--
INFO: [ template_filter ] --START--
INFO: Run Behavior\ContentReplaceBehavior [ RunTime:0.000000s ]
INFO: [ template_filter ] --END-- [ RunTime:0.000000s ]
INFO: Run Behavior\ParseTemplateBehavior [ RunTime:0.036002s ]
INFO: [ view_parse ] --END-- [ RunTime:0.036002s ]
INFO: [ view_filter ] --START--
INFO: Run Behavior\WriteHtmlCacheBehavior [ RunTime:0.001000s ]
INFO: [ view_filter ] --END-- [ RunTime:0.001000s ]
INFO: [ app_end ] --START--
INFO: Run Behavior\ShowPageTraceBehavior [ RunTime:0.002000s ]
INFO: [ app_end ] --END-- [ RunTime:0.002000s ]

[ 2018-03-19T08:57:10+08:00 ] 127.0.0.1 /Admin/User/wordedit.html
INFO: [ app_init ] --START--
INFO: Run Behavior\BuildLiteBehavior [ RunTime:0.000000s ]
INFO: [ app_init ] --END-- [ RunTime:0.002000s ]
INFO: [ app_begin ] --START--
INFO: Run Behavior\ReadHtmlCacheBehavior [ RunTime:0.002000s ]
INFO: [ app_begin ] --END-- [ RunTime:0.002000s ]
SQL: SHOW COLUMNS FROM `wx_admin` [ RunTime:0.0110s ]
SQL: SHOW COLUMNS FROM `wx_role` [ RunTime:0.0100s ]
INFO: [ view_parse ] --START--
INFO: [ template_filter ] --START--
INFO: Run Behavior\ContentReplaceBehavior [ RunTime:0.000000s ]
INFO: [ template_filter ] --END-- [ RunTime:0.001000s ]
INFO: Run Behavior\ParseTemplateBehavior [ RunTime:0.021001s ]
INFO: [ view_parse ] --END-- [ RunTime:0.021001s ]
INFO: [ view_filter ] --START--
INFO: Run Behavior\WriteHtmlCacheBehavior [ RunTime:0.002000s ]
INFO: [ view_filter ] --END-- [ RunTime:0.002000s ]
INFO: [ app_end ] --START--
INFO: Run Behavior\ShowPageTraceBehavior [ RunTime:0.002000s ]
INFO: [ app_end ] --END-- [ RunTime:0.002000s ]

[ 2018-03-19T09:46:18+08:00 ] 127.0.0.1 /Admin/User/sortlists.html
INFO: [ app_init ] --START--
INFO: Run Behavior\BuildLiteBehavior [ RunTime:0.000000s ]
INFO: [ app_init ] --END-- [ RunTime:0.001000s ]
INFO: [ app_begin ] --START--
INFO: Run Behavior\ReadHtmlCacheBehavior [ RunTime:0.001000s ]
INFO: [ app_begin ] --END-- [ RunTime:0.001000s ]
SQL: SHOW COLUMNS FROM `wx_admin` [ RunTime:0.0110s ]
SQL: SHOW COLUMNS FROM `wx_role` [ RunTime:0.0130s ]
SQL: SHOW COLUMNS FROM `wx_users` [ RunTime:0.0140s ]
SQL: SELECT COUNT(*) AS tp_count FROM `wx_users` LIMIT 1   [ RunTime:0.0010s ]
SQL: SELECT * FROM `wx_users` INNER JOIN wx_memberlevel ON wx_memberlevel.id = wx_users.level  LIMIT 0,10   [ RunTime:0.0030s ]
NOTIC: [8] Use of undefined constant » - assumed '»' E:\contion\WWW\slh\ThinkPHP\Library\Think\Page.class.php 第 179 行.
INFO: [ view_parse ] --START--
INFO: [ template_filter ] --START--
INFO: Run Behavior\ContentReplaceBehavior [ RunTime:0.000000s ]
INFO: [ template_filter ] --END-- [ RunTime:0.000000s ]
INFO: Run Behavior\ParseTemplateBehavior [ RunTime:0.022002s ]
INFO: [ view_parse ] --END-- [ RunTime:0.022002s ]
INFO: [ view_filter ] --START--
INFO: Run Behavior\WriteHtmlCacheBehavior [ RunTime:0.001000s ]
INFO: [ view_filter ] --END-- [ RunTime:0.001000s ]
INFO: [ app_end ] --START--
INFO: Run Behavior\ShowPageTraceBehavior [ RunTime:0.002000s ]
INFO: [ app_end ] --END-- [ RunTime:0.002000s ]

[ 2018-03-19T09:46:18+08:00 ] 127.0.0.1 /Admin/User/register.html
INFO: [ app_init ] --START--
INFO: Run Behavior\BuildLiteBehavior [ RunTime:0.000000s ]
INFO: [ app_init ] --END-- [ RunTime:0.001001s ]
INFO: [ app_begin ] --START--
INFO: Run Behavior\ReadHtmlCacheBehavior [ RunTime:0.001000s ]
INFO: [ app_begin ] --END-- [ RunTime:0.001000s ]
SQL: SHOW COLUMNS FROM `wx_admin` [ RunTime:0.0100s ]
SQL: SHOW COLUMNS FROM `wx_role` [ RunTime:0.0100s ]
NOTIC: [8] Undefined index: user_name E:\contion\WWW\slh\Application\Admin\Controller\UserController.class.php 第 57 行.
NOTIC: [8] Undefined index: area E:\contion\WWW\slh\Application\Admin\Controller\UserController.class.php 第 58 行.
SQL: SHOW COLUMNS FROM `wx_users` [ RunTime:0.0180s ]
SQL: SELECT max(user_name) as newno FROM `wx_users` LIMIT 1   [ RunTime:0.0090s ]
SQL: SELECT * FROM `wx_users` WHERE (  user_name = 'M000001' ) LIMIT 1   [ RunTime:0.0030s ]
INFO: [ view_parse ] --START--
INFO: [ template_filter ] --START--
INFO: Run Behavior\ContentReplaceBehavior [ RunTime:0.001000s ]
INFO: [ template_filter ] --END-- [ RunTime:0.001000s ]
INFO: Run Behavior\ParseTemplateBehavior [ RunTime:0.047003s ]
INFO: [ view_parse ] --END-- [ RunTime:0.047003s ]
INFO: [ view_filter ] --START--
INFO: Run Behavior\WriteHtmlCacheBehavior [ RunTime:0.001000s ]
INFO: [ view_filter ] --END-- [ RunTime:0.001000s ]
INFO: [ app_end ] --START--
INFO: Run Behavior\ShowPageTraceBehavior [ RunTime:0.002000s ]
INFO: [ app_end ] --END-- [ RunTime:0.002000s ]

